#
# A fatal error has been detected by the Java Runtime Environment:
#
#  SIGSEGV (0xb) at pc=0x00007f88f44eb3a6, pid=13486, tid=0x00007f88d47df700
#
# JRE version: OpenJDK Runtime Environment (8.0_252-b09) (build 1.8.0_252-8u252-b09-1~16.04-b09)
# Java VM: OpenJDK 64-Bit Server VM (25.252-b09 mixed mode linux-amd64 compressed oops)
# Problematic frame:
# V  [libjvm.so+0x7653a6]
#
# Failed to write core dump. Core dumps have been disabled. To enable core dumping, try "ulimit -c unlimited" before starting Java again
#
# If you would like to submit a bug report, please visit:
#   http://bugreport.java.com/bugreport/crash.jsp
#

---------------  T H R E A D  ---------------

Current thread (0x00007f8888002800):  JavaThread "restartedMain" [_thread_in_vm, id=13515, stack(0x00007f88d46df000,0x00007f88d47e0000)]

siginfo: si_signo: 11 (SIGSEGV), si_code: 1 (SEGV_MAPERR), si_addr: 0x0000000000000008

Registers:
RAX=0x00000000000001a8, RBX=0x00007f889816eee0, RCX=0x000000000000001f, RDX=0x00000007c031df50
RSP=0x00007f88d47dce80, RBP=0x00007f88d47dcfb0, RSI=0x0000000000000000, RDI=0x00000007c031df40
R8 =0x00007f88cfa52338, R9 =0x00007f8888002cc0, R10=0x00007f888c0f7090, R11=0x000000000000000c
R12=0x0000000705f27620, R13=0x0000000000000000, R14=0x0000000000000010, R15=0x0000000000000002
RIP=0x00007f88f44eb3a6, EFLAGS=0x0000000000010206, CSGSFS=0x002b000000000033, ERR=0x0000000000000004
  TRAPNO=0x000000000000000e

Top of Stack: (sp=0x00007f88d47dce80)
0x00007f88d47dce80:   00007f8888001ac0 00007f88d47dcf50
0x00007f88d47dce90:   00000007c031df40 ffffffffffffffff
0x00007f88d47dcea0:   00007f88d47dcef0 00007f88cf609130
0x00007f88d47dceb0:   00007f88d47dcec0 00007f88f47ab366
0x00007f88d47dcec0:   00007f88d47dcf60 00007f888c600890
0x00007f88d47dced0:   00007f88801b61d0 00000000000003d8
0x00007f88d47dcee0:   00007f889816f2b8 00007f889816ef00
0x00007f88d47dcef0:   00000007c01319d0 00000007c031df40
0x00007f88d47dcf00:   01007f889816eed0 0000000000000000
0x00007f88d47dcf10:   00007f889816eed0 00007f8888002cb8
0x00007f88d47dcf20:   00007f88d47dd000 00007f88f46e9600
0x00007f88d47dcf30:   00007f8888002800 00007f88d47dd020
0x00007f88d47dcf40:   00007f88801b61a0 0000000000000005
0x00007f88d47dcf50:   00007f88cfa52338 00007f8888002800
0x00007f88d47dcf60:   00007f88cf608ad0 00000007c01319d0
0x00007f88d47dcf70:   0000000000000005 5534fe66f1084d00
0x00007f88d47dcf80:   00007f88d47dcfa0 00007f8888002800
0x00007f88d47dcf90:   00007f88cf609138 00007f88d47dd030
0x00007f88d47dcfa0:   00007f88cf6093a0 00007f889816eee0
0x00007f88d47dcfb0:   00007f88d47dd0a0 00007f88f44ed32a
0x00007f88d47dcfc0:   00007f8888002800 00007f88f44ed2ab
0x00007f88d47dcfd0:   00007f880000000b 5534fe66f1084d00
0x00007f88d47dcfe0:   00007f8800000054 0000000000000000
0x00007f88d47dcff0:   00007f8888002800 00000001d47dd050
0x00007f88d47dd000:   00007f88cf609198 00007f8800000001
0x00007f88d47dd010:   00007f88d47dd020 0000000500000005
0x00007f88d47dd020:   00007f88cf6093a0 00007f8888002800
0x00007f88d47dd030:   00007f8888002800 00007f8888001b00
0x00007f88d47dd040:   00007f8888002c60 00007f8888002cb8
0x00007f88d47dd050:   00007f8888002d48 00000000000000d8
0x00007f88d47dd060:   00007f88d47dd220 5534fe66f1084d00
0x00007f88d47dd070:   0000000000000005 00007f8888002800 

Instructions: (pc=0x00007f88f44eb3a6)
0x00007f88f44eb386:   48 8d 45 b0 48 89 85 10 ff ff ff eb 40 0f 1f 44
0x00007f88f44eb396:   00 00 48 63 43 08 4c 89 f2 48 03 13 4c 8b 2c 02
0x00007f88f44eb3a6:   49 8b 45 08 48 8b 7d 90 0f b7 48 22 48 8b 50 08
0x00007f88f44eb3b6:   48 3b 7c ca 50 0f 84 0f 01 00 00 41 83 c7 01 49 

Register to memory mapping:

RAX=0x00000000000001a8 is an unknown value
RBX=0x00007f889816eee0 is an unknown value
RCX=0x000000000000001f is an unknown value
RDX=0x00000007c031df50 is pointing into metadata
RSP=0x00007f88d47dce80 is pointing into the stack for thread: 0x00007f8888002800
RBP=0x00007f88d47dcfb0 is pointing into the stack for thread: 0x00007f8888002800
RSI=0x0000000000000000 is an unknown value
RDI=0x00000007c031df40 is pointing into metadata
R8 ={method} {0x00007f88cfa52338} 'authenticationManagerBean' '()Lorg/springframework/security/authentication/AuthenticationManager;' in 'com/kisokolab/authserver/config/SecurityConfig'
R9 =0x00007f8888002cc0 is an unknown value
R10=0x00007f888c0f7090 is an unknown value
R11=0x000000000000000c is an unknown value
R12=0x0000000705f27620 is an oop
org.springframework.boot.devtools.restart.classloader.RestartClassLoader 
 - klass: 'org/springframework/boot/devtools/restart/classloader/RestartClassLoader'
R13=0x0000000000000000 is an unknown value
R14=0x0000000000000010 is an unknown value
R15=0x0000000000000002 is an unknown value


Stack: [0x00007f88d46df000,0x00007f88d47e0000],  sp=0x00007f88d47dce80,  free space=1015k
Native frames: (J=compiled Java code, j=interpreted, Vv=VM code, C=native code)
V  [libjvm.so+0x7653a6]
V  [libjvm.so+0x76732a]
V  [libjvm.so+0x622d33]
V  [libjvm.so+0x6294ff]
V  [libjvm.so+0x629a80]
V  [libjvm.so+0x6b7c26]
V  [libjvm.so+0x6b7fbc]  JVM_FindClassFromCaller+0x17c
C  [libjava.so+0xd660]  Java_java_lang_Class_forName0+0x140
J 653  java.lang.Class.forName0(Ljava/lang/String;ZLjava/lang/ClassLoader;Ljava/lang/Class;)Ljava/lang/Class; (0 bytes) @ 0x00007f88dd205334 [0x00007f88dd205240+0xf4]
J 705 C1 java.lang.Class.forName(Ljava/lang/String;ZLjava/lang/ClassLoader;)Ljava/lang/Class; (53 bytes) @ 0x00007f88dd219844 [0x00007f88dd219720+0x124]
j  org.springframework.cglib.core.ReflectUtils.defineClass(Ljava/lang/String;[BLjava/lang/ClassLoader;Ljava/security/ProtectionDomain;Ljava/lang/Class;)Ljava/lang/Class;+390
j  org.springframework.cglib.core.AbstractClassGenerator.generate(Lorg/springframework/cglib/core/AbstractClassGenerator$ClassLoaderData;)Ljava/lang/Class;+184
j  org.springframework.cglib.proxy.Enhancer.generate(Lorg/springframework/cglib/core/AbstractClassGenerator$ClassLoaderData;)Ljava/lang/Class;+53
j  org.springframework.cglib.core.AbstractClassGenerator$ClassLoaderData$3.apply(Lorg/springframework/cglib/core/AbstractClassGenerator;)Ljava/lang/Object;+5
j  org.springframework.cglib.core.AbstractClassGenerator$ClassLoaderData$3.apply(Ljava/lang/Object;)Ljava/lang/Object;+5
j  org.springframework.cglib.core.internal.LoadingCache$2.call()Ljava/lang/Object;+11
j  java.util.concurrent.FutureTask.run()V+42
j  org.springframework.cglib.core.internal.LoadingCache.createEntry(Ljava/lang/Object;Ljava/lang/Object;Ljava/lang/Object;)Ljava/lang/Object;+58
j  org.springframework.cglib.core.internal.LoadingCache.get(Ljava/lang/Object;)Ljava/lang/Object;+39
j  org.springframework.cglib.core.AbstractClassGenerator$ClassLoaderData.get(Lorg/springframework/cglib/core/AbstractClassGenerator;Z)Ljava/lang/Object;+15
j  org.springframework.cglib.core.AbstractClassGenerator.create(Ljava/lang/Object;)Ljava/lang/Object;+115
j  org.springframework.cglib.proxy.Enhancer.createHelper()Ljava/lang/Object;+86
j  org.springframework.cglib.proxy.Enhancer.createClass()Ljava/lang/Class;+6
j  org.springframework.context.annotation.ConfigurationClassEnhancer.createClass(Lorg/springframework/cglib/proxy/Enhancer;)Ljava/lang/Class;+1
j  org.springframework.context.annotation.ConfigurationClassEnhancer.enhance(Ljava/lang/Class;Ljava/lang/ClassLoader;)Ljava/lang/Class;+53
j  org.springframework.context.annotation.ConfigurationClassPostProcessor.enhanceConfigurationClasses(Lorg/springframework/beans/factory/config/ConfigurableListableBeanFactory;)V+381
j  org.springframework.context.annotation.ConfigurationClassPostProcessor.postProcessBeanFactory(Lorg/springframework/beans/factory/config/ConfigurableListableBeanFactory;)V+88
j  org.springframework.context.support.PostProcessorRegistrationDelegate.invokeBeanFactoryPostProcessors(Ljava/util/Collection;Lorg/springframework/beans/factory/config/ConfigurableListableBeanFactory;)V+28
j  org.springframework.context.support.PostProcessorRegistrationDelegate.invokeBeanFactoryPostProcessors(Lorg/springframework/beans/factory/config/ConfigurableListableBeanFactory;Ljava/util/List;)V+494
j  org.springframework.context.support.AbstractApplicationContext.invokeBeanFactoryPostProcessors(Lorg/springframework/beans/factory/config/ConfigurableListableBeanFactory;)V+5
j  org.springframework.context.support.AbstractApplicationContext.refresh()V+28
j  org.springframework.boot.web.servlet.context.ServletWebServerApplicationContext.refresh()V+1
j  org.springframework.boot.SpringApplication.refresh(Lorg/springframework/context/ConfigurableApplicationContext;)V+1
j  org.springframework.boot.SpringApplication.refresh(Lorg/springframework/context/ApplicationContext;)V+11
j  org.springframework.boot.SpringApplication.refreshContext(Lorg/springframework/context/ConfigurableApplicationContext;)V+2
j  org.springframework.boot.SpringApplication.run([Ljava/lang/String;)Lorg/springframework/context/ConfigurableApplicationContext;+118
j  org.springframework.boot.SpringApplication.run([Ljava/lang/Class;[Ljava/lang/String;)Lorg/springframework/context/ConfigurableApplicationContext;+9
j  org.springframework.boot.SpringApplication.run(Ljava/lang/Class;[Ljava/lang/String;)Lorg/springframework/context/ConfigurableApplicationContext;+9
j  com.kisokolab.authserver.AuthserverApplication.main([Ljava/lang/String;)V+3
v  ~StubRoutines::call_stub
V  [libjvm.so+0x66abf0]
V  [libjvm.so+0x94b309]
V  [libjvm.so+0x94d02f]
V  [libjvm.so+0x6b87f7]  JVM_InvokeMethod+0x137
j  sun.reflect.NativeMethodAccessorImpl.invoke0(Ljava/lang/reflect/Method;Ljava/lang/Object;[Ljava/lang/Object;)Ljava/lang/Object;+0
j  sun.reflect.NativeMethodAccessorImpl.invoke(Ljava/lang/Object;[Ljava/lang/Object;)Ljava/lang/Object;+100
j  sun.reflect.DelegatingMethodAccessorImpl.invoke(Ljava/lang/Object;[Ljava/lang/Object;)Ljava/lang/Object;+6
j  java.lang.reflect.Method.invoke(Ljava/lang/Object;[Ljava/lang/Object;)Ljava/lang/Object;+56
j  org.springframework.boot.devtools.restart.RestartLauncher.run()V+42
v  ~StubRoutines::call_stub
V  [libjvm.so+0x66abf0]
V  [libjvm.so+0x6680d4]
V  [libjvm.so+0x6686b7]
V  [libjvm.so+0x6acad4]
V  [libjvm.so+0xa1ff87]
V  [libjvm.so+0xa20370]
V  [libjvm.so+0x8c6042]
C  [libpthread.so.0+0x76ba]  start_thread+0xca

Java frames: (J=compiled Java code, j=interpreted, Vv=VM code)
J 653  java.lang.Class.forName0(Ljava/lang/String;ZLjava/lang/ClassLoader;Ljava/lang/Class;)Ljava/lang/Class; (0 bytes) @ 0x00007f88dd2052ba [0x00007f88dd205240+0x7a]
J 705 C1 java.lang.Class.forName(Ljava/lang/String;ZLjava/lang/ClassLoader;)Ljava/lang/Class; (53 bytes) @ 0x00007f88dd219844 [0x00007f88dd219720+0x124]
j  org.springframework.cglib.core.ReflectUtils.defineClass(Ljava/lang/String;[BLjava/lang/ClassLoader;Ljava/security/ProtectionDomain;Ljava/lang/Class;)Ljava/lang/Class;+390
j  org.springframework.cglib.core.AbstractClassGenerator.generate(Lorg/springframework/cglib/core/AbstractClassGenerator$ClassLoaderData;)Ljava/lang/Class;+184
j  org.springframework.cglib.proxy.Enhancer.generate(Lorg/springframework/cglib/core/AbstractClassGenerator$ClassLoaderData;)Ljava/lang/Class;+53
j  org.springframework.cglib.core.AbstractClassGenerator$ClassLoaderData$3.apply(Lorg/springframework/cglib/core/AbstractClassGenerator;)Ljava/lang/Object;+5
j  org.springframework.cglib.core.AbstractClassGenerator$ClassLoaderData$3.apply(Ljava/lang/Object;)Ljava/lang/Object;+5
j  org.springframework.cglib.core.internal.LoadingCache$2.call()Ljava/lang/Object;+11
j  java.util.concurrent.FutureTask.run()V+42
j  org.springframework.cglib.core.internal.LoadingCache.createEntry(Ljava/lang/Object;Ljava/lang/Object;Ljava/lang/Object;)Ljava/lang/Object;+58
j  org.springframework.cglib.core.internal.LoadingCache.get(Ljava/lang/Object;)Ljava/lang/Object;+39
j  org.springframework.cglib.core.AbstractClassGenerator$ClassLoaderData.get(Lorg/springframework/cglib/core/AbstractClassGenerator;Z)Ljava/lang/Object;+15
j  org.springframework.cglib.core.AbstractClassGenerator.create(Ljava/lang/Object;)Ljava/lang/Object;+115
j  org.springframework.cglib.proxy.Enhancer.createHelper()Ljava/lang/Object;+86
j  org.springframework.cglib.proxy.Enhancer.createClass()Ljava/lang/Class;+6
j  org.springframework.context.annotation.ConfigurationClassEnhancer.createClass(Lorg/springframework/cglib/proxy/Enhancer;)Ljava/lang/Class;+1
j  org.springframework.context.annotation.ConfigurationClassEnhancer.enhance(Ljava/lang/Class;Ljava/lang/ClassLoader;)Ljava/lang/Class;+53
j  org.springframework.context.annotation.ConfigurationClassPostProcessor.enhanceConfigurationClasses(Lorg/springframework/beans/factory/config/ConfigurableListableBeanFactory;)V+381
j  org.springframework.context.annotation.ConfigurationClassPostProcessor.postProcessBeanFactory(Lorg/springframework/beans/factory/config/ConfigurableListableBeanFactory;)V+88
j  org.springframework.context.support.PostProcessorRegistrationDelegate.invokeBeanFactoryPostProcessors(Ljava/util/Collection;Lorg/springframework/beans/factory/config/ConfigurableListableBeanFactory;)V+28
j  org.springframework.context.support.PostProcessorRegistrationDelegate.invokeBeanFactoryPostProcessors(Lorg/springframework/beans/factory/config/ConfigurableListableBeanFactory;Ljava/util/List;)V+494
j  org.springframework.context.support.AbstractApplicationContext.invokeBeanFactoryPostProcessors(Lorg/springframework/beans/factory/config/ConfigurableListableBeanFactory;)V+5
j  org.springframework.context.support.AbstractApplicationContext.refresh()V+28
j  org.springframework.boot.web.servlet.context.ServletWebServerApplicationContext.refresh()V+1
j  org.springframework.boot.SpringApplication.refresh(Lorg/springframework/context/ConfigurableApplicationContext;)V+1
j  org.springframework.boot.SpringApplication.refresh(Lorg/springframework/context/ApplicationContext;)V+11
j  org.springframework.boot.SpringApplication.refreshContext(Lorg/springframework/context/ConfigurableApplicationContext;)V+2
j  org.springframework.boot.SpringApplication.run([Ljava/lang/String;)Lorg/springframework/context/ConfigurableApplicationContext;+118
j  org.springframework.boot.SpringApplication.run([Ljava/lang/Class;[Ljava/lang/String;)Lorg/springframework/context/ConfigurableApplicationContext;+9
j  org.springframework.boot.SpringApplication.run(Ljava/lang/Class;[Ljava/lang/String;)Lorg/springframework/context/ConfigurableApplicationContext;+9
j  com.kisokolab.authserver.AuthserverApplication.main([Ljava/lang/String;)V+3
v  ~StubRoutines::call_stub
j  sun.reflect.NativeMethodAccessorImpl.invoke0(Ljava/lang/reflect/Method;Ljava/lang/Object;[Ljava/lang/Object;)Ljava/lang/Object;+0
j  sun.reflect.NativeMethodAccessorImpl.invoke(Ljava/lang/Object;[Ljava/lang/Object;)Ljava/lang/Object;+100
j  sun.reflect.DelegatingMethodAccessorImpl.invoke(Ljava/lang/Object;[Ljava/lang/Object;)Ljava/lang/Object;+6
j  java.lang.reflect.Method.invoke(Ljava/lang/Object;[Ljava/lang/Object;)Ljava/lang/Object;+56
j  org.springframework.boot.devtools.restart.RestartLauncher.run()V+42
v  ~StubRoutines::call_stub

---------------  P R O C E S S  ---------------

Java Threads: ( => current thread )
  0x00007f887800b000 JavaThread "RMI Scheduler(0)" daemon [_thread_blocked, id=13522, stack(0x00007f88d40db000,0x00007f88d41dc000)]
  0x00007f8890001800 JavaThread "RMI TCP Connection(1)-127.0.0.1" daemon [_thread_in_native, id=13521, stack(0x00007f88d41dc000,0x00007f88d42dd000)]
  0x00007f88a8001000 JavaThread "Attach Listener" daemon [_thread_blocked, id=13519, stack(0x00007f88d42dd000,0x00007f88d43de000)]
=>0x00007f8888002800 JavaThread "restartedMain" [_thread_in_vm, id=13515, stack(0x00007f88d46df000,0x00007f88d47e0000)]
  0x00007f88ec915000 JavaThread "Thread-1" [_thread_blocked, id=13514, stack(0x00007f88d47e0000,0x00007f88d48e1000)]
  0x00007f88ec75e000 JavaThread "RMI TCP Accept-0" daemon [_thread_in_native, id=13511, stack(0x00007f88d4be2000,0x00007f88d4ce3000)]
  0x00007f88ec68d000 JavaThread "Service Thread" daemon [_thread_blocked, id=13509, stack(0x00007f88d4ef2000,0x00007f88d4ff3000)]
  0x00007f88ec689000 JavaThread "C1 CompilerThread2" daemon [_thread_in_native, id=13508, stack(0x00007f88d4ff3000,0x00007f88d50f4000)]
  0x00007f88ec687000 JavaThread "C2 CompilerThread1" daemon [_thread_blocked, id=13507, stack(0x00007f88d50f4000,0x00007f88d51f5000)]
  0x00007f88ec685000 JavaThread "C2 CompilerThread0" daemon [_thread_blocked, id=13506, stack(0x00007f88d51f5000,0x00007f88d52f6000)]
  0x00007f88ec683000 JavaThread "Monitor Ctrl-Break" daemon [_thread_in_native, id=13505, stack(0x00007f88d52f6000,0x00007f88d53f7000)]
  0x00007f88ec185000 JavaThread "Signal Dispatcher" daemon [_thread_blocked, id=13504, stack(0x00007f88d5bd4000,0x00007f88d5cd5000)]
  0x00007f88ec154000 JavaThread "Finalizer" daemon [_thread_blocked, id=13497, stack(0x00007f88d60de000,0x00007f88d61df000)]
  0x00007f88ec14f800 JavaThread "Reference Handler" daemon [_thread_blocked, id=13496, stack(0x00007f88d61df000,0x00007f88d62e0000)]
  0x00007f88ec011000 JavaThread "main" [_thread_blocked, id=13488, stack(0x00007f88f59f1000,0x00007f88f5af2000)]

Other Threads:
  0x00007f88ec146000 VMThread [stack: 0x00007f88d62e0000,0x00007f88d63e1000] [id=13495]
  0x00007f88ec772800 WatcherThread [stack: 0x00007f88d4ae1000,0x00007f88d4be2000] [id=13512]

VM state:not at safepoint (normal execution)

VM Mutex/Monitor currently owned by a thread: None

heap address: 0x0000000705e00000, size: 2978 MB, Compressed Oops mode: Zero based, Oop shift amount: 3
Narrow klass base: 0x0000000000000000, Narrow klass shift: 3
Compressed class space size: 1073741824 Address: 0x00000007c0000000

Heap:
 PSYoungGen      total 205824K, used 91221K [0x0000000781f80000, 0x000000078f380000, 0x00000007c0000000)
  eden space 194560K, 46% used [0x0000000781f80000,0x00000007878956d0,0x000000078dd80000)
  from space 11264K, 0% used [0x000000078e880000,0x000000078e880000,0x000000078f380000)
  to   space 11264K, 0% used [0x000000078dd80000,0x000000078dd80000,0x000000078e880000)
 ParOldGen       total 74240K, used 8334K [0x0000000705e00000, 0x000000070a680000, 0x0000000781f80000)
  object space 74240K, 11% used [0x0000000705e00000,0x00000007066238b8,0x000000070a680000)
 Metaspace       used 23842K, capacity 25050K, committed 25216K, reserved 1071104K
  class space    used 3161K, capacity 3445K, committed 3456K, reserved 1048576K

Card table byte_map: [0x00007f88f18ba000,0x00007f88f1e8c000] byte_map_base: 0x00007f88ee08b000

Marking Bits: (ParMarkBitMap*) 0x00007f88f4cbe5a0
 Begin Bits: [0x00007f88d72f0000, 0x00007f88da178000)
 End Bits:   [0x00007f88da178000, 0x00007f88dd000000)

Polling page: 0x00007f88f5b12000

CodeCache: size=245760Kb used=5590Kb max_used=5590Kb free=240169Kb
 bounds [0x00007f88dd000000, 0x00007f88dd580000, 0x00007f88ec000000]
 total_blobs=3111 nmethods=2718 adapters=307
 compilation: enabled

Compilation events (10 events):
Event: 3.569 Thread 0x00007f88ec689000 nmethod 2712 0x00007f88dd572350 code [0x00007f88dd572540, 0x00007f88dd572ca8]
Event: 3.569 Thread 0x00007f88ec689000 2714       1       org.springframework.cglib.core.ReflectUtils$6::getSignature (5 bytes)
Event: 3.570 Thread 0x00007f88ec689000 nmethod 2714 0x00007f88dd5732d0 code [0x00007f88dd573420, 0x00007f88dd573530]
Event: 3.570 Thread 0x00007f88ec689000 2715       1       org.springframework.asm.ClassVisitor::visitField (24 bytes)
Event: 3.570 Thread 0x00007f88ec689000 nmethod 2715 0x00007f88dd573590 code [0x00007f88dd573700, 0x00007f88dd573868]
Event: 3.570 Thread 0x00007f88ec689000 2716       1       org.springframework.asm.Frame::push (59 bytes)
Event: 3.570 Thread 0x00007f88ec689000 nmethod 2716 0x00007f88dd573910 code [0x00007f88dd573ac0, 0x00007f88dd573d48]
Event: 3.570 Thread 0x00007f88ec689000 2717       1       org.springframework.asm.Type::getOpcode (284 bytes)
Event: 3.571 Thread 0x00007f88ec689000 nmethod 2717 0x00007f88dd573f90 code [0x00007f88dd574180, 0x00007f88dd5746d8]
Event: 3.571 Thread 0x00007f88ec689000 2719       1       org.springframework.asm.Type::getArgumentTypes (154 bytes)

GC Heap History (10 events):
Event: 1.388 GC heap before
{Heap before GC invocations=3 (full 0):
 PSYoungGen      total 56320K, used 55157K [0x0000000781f80000, 0x0000000788d80000, 0x00000007c0000000)
  eden space 48640K, 100% used [0x0000000781f80000,0x0000000784f00000,0x0000000784f00000)
  from space 7680K, 84% used [0x0000000785680000,0x0000000785cdd668,0x0000000785e00000)
  to   space 7680K, 0% used [0x0000000784f00000,0x0000000784f00000,0x0000000785680000)
 ParOldGen       total 128512K, used 16K [0x0000000705e00000, 0x000000070db80000, 0x0000000781f80000)
  object space 128512K, 0% used [0x0000000705e00000,0x0000000705e04000,0x000000070db80000)
 Metaspace       used 15446K, capacity 15976K, committed 16256K, reserved 1062912K
  class space    used 1894K, capacity 2067K, committed 2176K, reserved 1048576K
Event: 1.397 GC heap after
Heap after GC invocations=3 (full 0):
 PSYoungGen      total 56320K, used 6988K [0x0000000781f80000, 0x0000000788d80000, 0x00000007c0000000)
  eden space 48640K, 0% used [0x0000000781f80000,0x0000000781f80000,0x0000000784f00000)
  from space 7680K, 91% used [0x0000000784f00000,0x00000007855d3378,0x0000000785680000)
  to   space 7680K, 0% used [0x0000000788600000,0x0000000788600000,0x0000000788d80000)
 ParOldGen       total 128512K, used 24K [0x0000000705e00000, 0x000000070db80000, 0x0000000781f80000)
  object space 128512K, 0% used [0x0000000705e00000,0x0000000705e06000,0x000000070db80000)
 Metaspace       used 15446K, capacity 15976K, committed 16256K, reserved 1062912K
  class space    used 1894K, capacity 2067K, committed 2176K, reserved 1048576K
}
Event: 1.974 GC heap before
{Heap before GC invocations=4 (full 0):
 PSYoungGen      total 56320K, used 55628K [0x0000000781f80000, 0x0000000788d80000, 0x00000007c0000000)
  eden space 48640K, 100% used [0x0000000781f80000,0x0000000784f00000,0x0000000784f00000)
  from space 7680K, 91% used [0x0000000784f00000,0x00000007855d3378,0x0000000785680000)
  to   space 7680K, 0% used [0x0000000788600000,0x0000000788600000,0x0000000788d80000)
 ParOldGen       total 128512K, used 24K [0x0000000705e00000, 0x000000070db80000, 0x0000000781f80000)
  object space 128512K, 0% used [0x0000000705e00000,0x0000000705e06000,0x000000070db80000)
 Metaspace       used 18800K, capacity 19540K, committed 19840K, reserved 1067008K
  class space    used 2381K, capacity 2561K, committed 2688K, reserved 1048576K
Event: 1.984 GC heap after
Heap after GC invocations=4 (full 0):
 PSYoungGen      total 104960K, used 7651K [0x0000000781f80000, 0x0000000788d80000, 0x00000007c0000000)
  eden space 97280K, 0% used [0x0000000781f80000,0x0000000781f80000,0x0000000787e80000)
  from space 7680K, 99% used [0x0000000788600000,0x0000000788d78c40,0x0000000788d80000)
  to   space 7680K, 0% used [0x0000000787e80000,0x0000000787e80000,0x0000000788600000)
 ParOldGen       total 128512K, used 826K [0x0000000705e00000, 0x000000070db80000, 0x0000000781f80000)
  object space 128512K, 0% used [0x0000000705e00000,0x0000000705ece968,0x000000070db80000)
 Metaspace       used 18800K, capacity 19540K, committed 19840K, reserved 1067008K
  class space    used 2381K, capacity 2561K, committed 2688K, reserved 1048576K
}
Event: 2.432 GC heap before
{Heap before GC invocations=5 (full 0):
 PSYoungGen      total 104960K, used 104931K [0x0000000781f80000, 0x0000000788d80000, 0x00000007c0000000)
  eden space 97280K, 100% used [0x0000000781f80000,0x0000000787e80000,0x0000000787e80000)
  from space 7680K, 99% used [0x0000000788600000,0x0000000788d78c40,0x0000000788d80000)
  to   space 7680K, 0% used [0x0000000787e80000,0x0000000787e80000,0x0000000788600000)
 ParOldGen       total 128512K, used 826K [0x0000000705e00000, 0x000000070db80000, 0x0000000781f80000)
  object space 128512K, 0% used [0x0000000705e00000,0x0000000705ece968,0x000000070db80000)
 Metaspace       used 20197K, capacity 21112K, committed 21248K, reserved 1067008K
  class space    used 2573K, capacity 2768K, committed 2816K, reserved 1048576K
Event: 2.441 GC heap after
Heap after GC invocations=5 (full 0):
 PSYoungGen      total 104960K, used 7671K [0x0000000781f80000, 0x000000078f380000, 0x00000007c0000000)
  eden space 97280K, 0% used [0x0000000781f80000,0x0000000781f80000,0x0000000787e80000)
  from space 7680K, 99% used [0x0000000787e80000,0x00000007885fdf00,0x0000000788600000)
  to   space 11264K, 0% used [0x000000078e880000,0x000000078e880000,0x000000078f380000)
 ParOldGen       total 128512K, used 2922K [0x0000000705e00000, 0x000000070db80000, 0x0000000781f80000)
  object space 128512K, 2% used [0x0000000705e00000,0x00000007060daa38,0x000000070db80000)
 Metaspace       used 20197K, capacity 21112K, committed 21248K, reserved 1067008K
  class space    used 2573K, capacity 2768K, committed 2816K, reserved 1048576K
}
Event: 2.533 GC heap before
{Heap before GC invocations=6 (full 0):
 PSYoungGen      total 104960K, used 25180K [0x0000000781f80000, 0x000000078f380000, 0x00000007c0000000)
  eden space 97280K, 17% used [0x0000000781f80000,0x00000007830992e0,0x0000000787e80000)
  from space 7680K, 99% used [0x0000000787e80000,0x00000007885fdf00,0x0000000788600000)
  to   space 11264K, 0% used [0x000000078e880000,0x000000078e880000,0x000000078f380000)
 ParOldGen       total 128512K, used 2922K [0x0000000705e00000, 0x000000070db80000, 0x0000000781f80000)
  object space 128512K, 2% used [0x0000000705e00000,0x00000007060daa38,0x000000070db80000)
 Metaspace       used 20342K, capacity 21238K, committed 21248K, reserved 1067008K
  class space    used 2598K, capacity 2809K, committed 2816K, reserved 1048576K
Event: 2.555 GC heap after
Heap after GC invocations=6 (full 0):
 PSYoungGen      total 205824K, used 8465K [0x0000000781f80000, 0x000000078f380000, 0x00000007c0000000)
  eden space 194560K, 0% used [0x0000000781f80000,0x0000000781f80000,0x000000078dd80000)
  from space 11264K, 75% used [0x000000078e880000,0x000000078f0c46b0,0x000000078f380000)
  to   space 11264K, 0% used [0x000000078dd80000,0x000000078dd80000,0x000000078e880000)
 ParOldGen       total 128512K, used 2930K [0x0000000705e00000, 0x000000070db80000, 0x0000000781f80000)
  object space 128512K, 2% used [0x0000000705e00000,0x00000007060dca38,0x000000070db80000)
 Metaspace       used 20342K, capacity 21238K, committed 21248K, reserved 1067008K
  class space    used 2598K, capacity 2809K, committed 2816K, reserved 1048576K
}
Event: 2.555 GC heap before
{Heap before GC invocations=7 (full 1):
 PSYoungGen      total 205824K, used 8465K [0x0000000781f80000, 0x000000078f380000, 0x00000007c0000000)
  eden space 194560K, 0% used [0x0000000781f80000,0x0000000781f80000,0x000000078dd80000)
  from space 11264K, 75% used [0x000000078e880000,0x000000078f0c46b0,0x000000078f380000)
  to   space 11264K, 0% used [0x000000078dd80000,0x000000078dd80000,0x000000078e880000)
 ParOldGen       total 128512K, used 2930K [0x0000000705e00000, 0x000000070db80000, 0x0000000781f80000)
  object space 128512K, 2% used [0x0000000705e00000,0x00000007060dca38,0x000000070db80000)
 Metaspace       used 20342K, capacity 21238K, committed 21248K, reserved 1067008K
  class space    used 2598K, capacity 2809K, committed 2816K, reserved 1048576K
Event: 2.635 GC heap after
Heap after GC invocations=7 (full 1):
 PSYoungGen      total 205824K, used 0K [0x0000000781f80000, 0x000000078f380000, 0x00000007c0000000)
  eden space 194560K, 0% used [0x0000000781f80000,0x0000000781f80000,0x000000078dd80000)
  from space 11264K, 0% used [0x000000078e880000,0x000000078e880000,0x000000078f380000)
  to   space 11264K, 0% used [0x000000078dd80000,0x000000078dd80000,0x000000078e880000)
 ParOldGen       total 74240K, used 8334K [0x0000000705e00000, 0x000000070a680000, 0x0000000781f80000)
  object space 74240K, 11% used [0x0000000705e00000,0x00000007066238b8,0x000000070a680000)
 Metaspace       used 20340K, capacity 21232K, committed 21248K, reserved 1067008K
  class space    used 2598K, capacity 2808K, committed 2816K, reserved 1048576K
}

Deoptimization events (0 events):
No events

Classes redefined (0 events):
No events

Internal exceptions (10 events):
Event: 3.364 Thread 0x00007f8888002800 Exception <a 'java/lang/ArrayIndexOutOfBoundsException'> (0x0000000785f53fa0) thrown at [/build/openjdk-8-uwNjBd/openjdk-8-8u252-b09/src/hotspot/src/share/vm/runtime/sharedRuntime.cpp, line 605]
Event: 3.365 Thread 0x00007f8888002800 Exception <a 'java/lang/ArrayIndexOutOfBoundsException'> (0x0000000785f62e80) thrown at [/build/openjdk-8-uwNjBd/openjdk-8-8u252-b09/src/hotspot/src/share/vm/runtime/sharedRuntime.cpp, line 605]
Event: 3.365 Thread 0x00007f8888002800 Exception <a 'java/lang/ArrayIndexOutOfBoundsException'> (0x0000000785f65840) thrown at [/build/openjdk-8-uwNjBd/openjdk-8-8u252-b09/src/hotspot/src/share/vm/runtime/sharedRuntime.cpp, line 605]
Event: 3.365 Thread 0x00007f8888002800 Exception <a 'java/lang/ArrayIndexOutOfBoundsException'> (0x0000000785f6a0e0) thrown at [/build/openjdk-8-uwNjBd/openjdk-8-8u252-b09/src/hotspot/src/share/vm/runtime/sharedRuntime.cpp, line 605]
Event: 3.365 Thread 0x00007f8888002800 Exception <a 'java/lang/ArrayIndexOutOfBoundsException'> (0x0000000785f6b700) thrown at [/build/openjdk-8-uwNjBd/openjdk-8-8u252-b09/src/hotspot/src/share/vm/runtime/sharedRuntime.cpp, line 605]
Event: 3.367 Thread 0x00007f8888002800 Exception <a 'java/lang/ArrayIndexOutOfBoundsException'> (0x0000000785fce218) thrown at [/build/openjdk-8-uwNjBd/openjdk-8-8u252-b09/src/hotspot/src/share/vm/runtime/sharedRuntime.cpp, line 605]
Event: 3.387 Thread 0x00007f8888002800 Exception <a 'java/lang/ArrayIndexOutOfBoundsException'> (0x0000000786423958) thrown at [/build/openjdk-8-uwNjBd/openjdk-8-8u252-b09/src/hotspot/src/share/vm/runtime/sharedRuntime.cpp, line 605]
Event: 3.408 Thread 0x00007f8888002800 Exception <a 'java/lang/ArrayIndexOutOfBoundsException'> (0x000000078663bc78) thrown at [/build/openjdk-8-uwNjBd/openjdk-8-8u252-b09/src/hotspot/src/share/vm/runtime/sharedRuntime.cpp, line 605]
Event: 3.428 Thread 0x00007f8888002800 Exception <a 'java/lang/ArrayIndexOutOfBoundsException'> (0x000000078688e988) thrown at [/build/openjdk-8-uwNjBd/openjdk-8-8u252-b09/src/hotspot/src/share/vm/runtime/sharedRuntime.cpp, line 605]
Event: 3.438 Thread 0x00007f8888002800 Exception <a 'java/lang/ArrayIndexOutOfBoundsException'> (0x00000007869b1690) thrown at [/build/openjdk-8-uwNjBd/openjdk-8-8u252-b09/src/hotspot/src/share/vm/runtime/sharedRuntime.cpp, line 605]

Events (10 events):
Event: 3.560 loading class org/springframework/cglib/core/ReflectUtils$7
Event: 3.560 loading class org/springframework/cglib/core/ReflectUtils$7 done
Event: 3.561 loading class org/springframework/cglib/core/ClassEmitter$2
Event: 3.561 loading class org/springframework/cglib/core/ClassEmitter$2 done
Event: 3.563 loading class org/springframework/cglib/proxy/MethodProxy
Event: 3.563 loading class org/springframework/cglib/proxy/MethodProxy done
Event: 3.564 loading class org/springframework/cglib/proxy/MethodProxy$CreateInfo
Event: 3.564 loading class org/springframework/cglib/proxy/MethodProxy$CreateInfo done
Event: 3.564 loading class org/springframework/cglib/proxy/Enhancer$EnhancerFactoryData
Event: 3.564 loading class org/springframework/cglib/proxy/Enhancer$EnhancerFactoryData done


Dynamic libraries:
705e00000-70a680000 rw-p 00000000 00:00 0 
70a680000-781f80000 ---p 00000000 00:00 0 
781f80000-78f380000 rw-p 00000000 00:00 0 
78f380000-7c0000000 ---p 00000000 00:00 0 
7c0000000-7c0360000 rw-p 00000000 00:00 0 
7c0360000-800000000 ---p 00000000 00:00 0 
56543cb35000-56543cb36000 r-xp 00000000 08:02 24643205                   /usr/lib/jvm/java-8-openjdk-amd64/jre/bin/java
56543cd35000-56543cd36000 r--p 00000000 08:02 24643205                   /usr/lib/jvm/java-8-openjdk-amd64/jre/bin/java
56543cd36000-56543cd37000 rw-p 00001000 08:02 24643205                   /usr/lib/jvm/java-8-openjdk-amd64/jre/bin/java
56543e872000-56543e893000 rw-p 00000000 00:00 0                          [heap]
7f8870000000-7f8870021000 rw-p 00000000 00:00 0 
7f8870021000-7f8874000000 ---p 00000000 00:00 0 
7f8878000000-7f8878038000 rw-p 00000000 00:00 0 
7f8878038000-7f887c000000 ---p 00000000 00:00 0 
7f887c000000-7f887c021000 rw-p 00000000 00:00 0 
7f887c021000-7f8880000000 ---p 00000000 00:00 0 
7f8880000000-7f88801c2000 rw-p 00000000 00:00 0 
7f88801c2000-7f8884000000 ---p 00000000 00:00 0 
7f8884000000-7f8884021000 rw-p 00000000 00:00 0 
7f8884021000-7f8888000000 ---p 00000000 00:00 0 
7f8888000000-7f8888021000 rw-p 00000000 00:00 0 
7f8888021000-7f888c000000 ---p 00000000 00:00 0 
7f888c000000-7f888c616000 rw-p 00000000 00:00 0 
7f888c616000-7f8890000000 ---p 00000000 00:00 0 
7f8890000000-7f8890021000 rw-p 00000000 00:00 0 
7f8890021000-7f8894000000 ---p 00000000 00:00 0 
7f8894000000-7f8894021000 rw-p 00000000 00:00 0 
7f8894021000-7f8898000000 ---p 00000000 00:00 0 
7f8898000000-7f88983e1000 rw-p 00000000 00:00 0 
7f88983e1000-7f889c000000 ---p 00000000 00:00 0 
7f889c000000-7f889c021000 rw-p 00000000 00:00 0 
7f889c021000-7f88a0000000 ---p 00000000 00:00 0 
7f88a0000000-7f88a004e000 rw-p 00000000 00:00 0 
7f88a004e000-7f88a4000000 ---p 00000000 00:00 0 
7f88a4000000-7f88a4021000 rw-p 00000000 00:00 0 
7f88a4021000-7f88a8000000 ---p 00000000 00:00 0 
7f88a8000000-7f88a8021000 rw-p 00000000 00:00 0 
7f88a8021000-7f88ac000000 ---p 00000000 00:00 0 
7f88ac000000-7f88ac021000 rw-p 00000000 00:00 0 
7f88ac021000-7f88b0000000 ---p 00000000 00:00 0 
7f88b0000000-7f88b0021000 rw-p 00000000 00:00 0 
7f88b0021000-7f88b4000000 ---p 00000000 00:00 0 
7f88b4000000-7f88b4021000 rw-p 00000000 00:00 0 
7f88b4021000-7f88b8000000 ---p 00000000 00:00 0 
7f88b8000000-7f88b8021000 rw-p 00000000 00:00 0 
7f88b8021000-7f88bc000000 ---p 00000000 00:00 0 
7f88bc000000-7f88bc021000 rw-p 00000000 00:00 0 
7f88bc021000-7f88c0000000 ---p 00000000 00:00 0 
7f88c0000000-7f88c0021000 rw-p 00000000 00:00 0 
7f88c0021000-7f88c4000000 ---p 00000000 00:00 0 
7f88c8000000-7f88c8021000 rw-p 00000000 00:00 0 
7f88c8021000-7f88cc000000 ---p 00000000 00:00 0 
7f88cf4ff000-7f88cf63f000 rw-p 00000000 00:00 0 
7f88cf63f000-7f88cf6ff000 ---p 00000000 00:00 0 
7f88cf6ff000-7f88cf8ff000 rw-p 00000000 00:00 0 
7f88cf8ff000-7f88cfaff000 rw-p 00000000 00:00 0 
7f88cfaff000-7f88cfcff000 rw-p 00000000 00:00 0 
7f88cfcff000-7f88cfd02000 ---p 00000000 00:00 0 
7f88cfd02000-7f88d0000000 rw-p 00000000 00:00 0 
7f88d0000000-7f88d0021000 rw-p 00000000 00:00 0 
7f88d0021000-7f88d4000000 ---p 00000000 00:00 0 
7f88d40db000-7f88d40de000 ---p 00000000 00:00 0 
7f88d40de000-7f88d41dc000 rw-p 00000000 00:00 0 
7f88d41dc000-7f88d41df000 ---p 00000000 00:00 0 
7f88d41df000-7f88d42dd000 rw-p 00000000 00:00 0 
7f88d42dd000-7f88d42e0000 ---p 00000000 00:00 0 
7f88d42e0000-7f88d45de000 rw-p 00000000 00:00 0 
7f88d45de000-7f88d45e1000 ---p 00000000 00:00 0 
7f88d45e1000-7f88d46df000 rw-p 00000000 00:00 0 
7f88d46df000-7f88d46e2000 ---p 00000000 00:00 0 
7f88d46e2000-7f88d47e0000 rw-p 00000000 00:00 0 
7f88d47e0000-7f88d47e3000 ---p 00000000 00:00 0 
7f88d47e3000-7f88d4ae1000 rw-p 00000000 00:00 0 
7f88d4ae1000-7f88d4ae2000 ---p 00000000 00:00 0 
7f88d4ae2000-7f88d4be2000 rw-p 00000000 00:00 0 
7f88d4be2000-7f88d4be5000 ---p 00000000 00:00 0 
7f88d4be5000-7f88d4ce3000 rw-p 00000000 00:00 0 
7f88d4ce3000-7f88d4ce8000 r--s 000a7000 08:02 24643174                   /usr/lib/jvm/java-8-openjdk-amd64/jre/lib/jsse.jar
7f88d4ce8000-7f88d4cf1000 r-xp 00000000 08:02 24643150                   /usr/lib/jvm/java-8-openjdk-amd64/jre/lib/amd64/libmanagement.so
7f88d4cf1000-7f88d4ef0000 ---p 00009000 08:02 24643150                   /usr/lib/jvm/java-8-openjdk-amd64/jre/lib/amd64/libmanagement.so
7f88d4ef0000-7f88d4ef1000 r--p 00008000 08:02 24643150                   /usr/lib/jvm/java-8-openjdk-amd64/jre/lib/amd64/libmanagement.so
7f88d4ef1000-7f88d4ef2000 rw-p 00009000 08:02 24643150                   /usr/lib/jvm/java-8-openjdk-amd64/jre/lib/amd64/libmanagement.so
7f88d4ef2000-7f88d4ef5000 ---p 00000000 00:00 0 
7f88d4ef5000-7f88d4ff3000 rw-p 00000000 00:00 0 
7f88d4ff3000-7f88d4ff6000 ---p 00000000 00:00 0 
7f88d4ff6000-7f88d50f4000 rw-p 00000000 00:00 0 
7f88d50f4000-7f88d50f7000 ---p 00000000 00:00 0 
7f88d50f7000-7f88d51f5000 rw-p 00000000 00:00 0 
7f88d51f5000-7f88d51f8000 ---p 00000000 00:00 0 
7f88d51f8000-7f88d52f6000 rw-p 00000000 00:00 0 
7f88d52f6000-7f88d52f9000 ---p 00000000 00:00 0 
7f88d52f9000-7f88d53f7000 rw-p 00000000 00:00 0 
7f88d53f7000-7f88d540e000 r-xp 00000000 08:02 24643152                   /usr/lib/jvm/java-8-openjdk-amd64/jre/lib/amd64/libnet.so
7f88d540e000-7f88d560e000 ---p 00017000 08:02 24643152                   /usr/lib/jvm/java-8-openjdk-amd64/jre/lib/amd64/libnet.so
7f88d560e000-7f88d560f000 r--p 00017000 08:02 24643152                   /usr/lib/jvm/java-8-openjdk-amd64/jre/lib/amd64/libnet.so
7f88d560f000-7f88d5610000 rw-p 00018000 08:02 24643152                   /usr/lib/jvm/java-8-openjdk-amd64/jre/lib/amd64/libnet.so
7f88d5610000-7f88d5622000 r-xp 00000000 08:02 24643148                   /usr/lib/jvm/java-8-openjdk-amd64/jre/lib/amd64/libnio.so
7f88d5622000-7f88d5821000 ---p 00012000 08:02 24643148                   /usr/lib/jvm/java-8-openjdk-amd64/jre/lib/amd64/libnio.so
7f88d5821000-7f88d5822000 r--p 00011000 08:02 24643148                   /usr/lib/jvm/java-8-openjdk-amd64/jre/lib/amd64/libnio.so
7f88d5822000-7f88d5823000 rw-p 00012000 08:02 24643148                   /usr/lib/jvm/java-8-openjdk-amd64/jre/lib/amd64/libnio.so
7f88d5823000-7f88d5826000 r--s 0001c000 08:02 22557241                   /home/njenga/Downloads/idea-IU-201.7846.76/lib/idea_rt.jar
7f88d5826000-7f88d5835000 r--s 0007c000 08:02 1056824                    /home/njenga/.m2/repository/org/springframework/security/spring-security-web/5.3.3.RELEASE/spring-security-web-5.3.3.RELEASE.jar
7f88d5835000-7f88d5842000 r--s 00060000 08:02 1056827                    /home/njenga/.m2/repository/org/springframework/security/spring-security-core/5.3.3.RELEASE/spring-security-core-5.3.3.RELEASE.jar
7f88d5842000-7f88d5843000 r--s 00005000 08:02 3284240                    /home/njenga/.m2/repository/org/springframework/spring-jcl/5.2.8.RELEASE/spring-jcl-5.2.8.RELEASE.jar
7f88d5843000-7f88d585e000 r--s 00146000 08:02 3029473                    /home/njenga/.m2/repository/org/springframework/spring-core/5.2.8.RELEASE/spring-core-5.2.8.RELEASE.jar
7f88d585e000-7f88d5860000 r--s 0000a000 08:02 4722996                    /home/njenga/.m2/repository/jakarta/activation/jakarta.activation-api/1.2.2/jakarta.activation-api-1.2.2.jar
7f88d5860000-7f88d5864000 r--s 00019000 08:02 4722979                    /home/njenga/.m2/repository/jakarta/xml/bind/jakarta.xml.bind-api/2.3.3/jakarta.xml.bind-api-2.3.3.jar
7f88d5864000-7f88d5869000 r--s 00012000 08:02 4589591                    /home/njenga/.m2/repository/jakarta/validation/jakarta.validation-api/2.0.2/jakarta.validation-api-2.0.2.jar
7f88d5869000-7f88d58b4000 r--s 002ff000 08:02 5773763                    /home/njenga/.m2/repository/org/bouncycastle/bcprov-jdk15on/1.56/bcprov-jdk15on-1.56.jar
7f88d58b4000-7f88d58c5000 r--s 00097000 08:02 5773761                    /home/njenga/.m2/repository/org/bouncycastle/bcpkix-jdk15on/1.56/bcpkix-jdk15on-1.56.jar
7f88d58c5000-7f88d58c7000 r--s 00008000 08:02 1184405                    /home/njenga/.m2/repository/org/springframework/security/spring-security-jwt/1.0.9.RELEASE/spring-security-jwt-1.0.9.RELEASE.jar
7f88d58c7000-7f88d58cb000 r--s 00035000 08:02 5511966                    /home/njenga/.m2/repository/org/codehaus/jackson/jackson-core-asl/1.9.13/jackson-core-asl-1.9.13.jar
7f88d58cb000-7f88d58d9000 r--s 000b1000 08:02 5382080                    /home/njenga/.m2/repository/org/codehaus/jackson/jackson-mapper-asl/1.9.13/jackson-mapper-asl-1.9.13.jar
7f88d58d9000-7f88d58e0000 r--s 0004e000 08:02 5249494                    /home/njenga/.m2/repository/commons-codec/commons-codec/1.14/commons-codec-1.14.jar
7f88d58e0000-7f88d58f2000 r--s 000f7000 08:02 1056819                    /home/njenga/.m2/repository/org/springframework/security/spring-security-config/5.3.3.RELEASE/spring-security-config-5.3.3.RELEASE.jar
7f88d58f2000-7f88d58ff000 r--s 0006c000 08:02 1058052                    /home/njenga/.m2/repository/org/springframework/security/oauth/spring-security-oauth2/2.3.4.RELEASE/spring-security-oauth2-2.3.4.RELEASE.jar
7f88d58ff000-7f88d5901000 r--s 0000c000 08:02 4589812                    /home/njenga/.m2/repository/javax/activation/javax.activation-api/1.2.0/javax.activation-api-1.2.0.jar
7f88d5901000-7f88d5905000 r--s 0001c000 08:02 4589799                    /home/njenga/.m2/repository/javax/xml/bind/jaxb-api/2.3.1/jaxb-api-2.3.1.jar
7f88d5905000-7f88d5917000 r--s 000d9000 08:02 5382074                    /home/njenga/.m2/repository/com/sun/xml/bind/jaxb-impl/2.3.0.1/jaxb-impl-2.3.0.1.jar
7f88d5917000-7f88d591e000 r--s 00038000 08:02 5249623                    /home/njenga/.m2/repository/com/sun/xml/bind/jaxb-core/2.3.0.1/jaxb-core-2.3.0.1.jar
7f88d591e000-7f88d5922000 r--s 00052000 08:02 4722965                    /home/njenga/.m2/repository/com/fasterxml/jackson/core/jackson-core/2.11.1/jackson-core-2.11.1.jar
7f88d5922000-7f88d5937000 r--s 00146000 08:02 4722962                    /home/njenga/.m2/repository/com/fasterxml/jackson/core/jackson-databind/2.11.1/jackson-databind-2.11.1.jar
7f88d5937000-7f88d593a000 r--s 0000e000 08:02 4722971                    /home/njenga/.m2/repository/com/fasterxml/jackson/core/jackson-annotations/2.11.1/jackson-annotations-2.11.1.jar
7f88d593a000-7f88d593f000 r--s 00013000 08:02 1058050                    /home/njenga/.m2/repository/org/springframework/security/oauth/boot/spring-security-oauth2-autoconfigure/2.1.2.RELEASE/spring-security-oauth2-autoconfigure-2.1.2.RELEASE.jar
7f88d593f000-7f88d5957000 r--s 0019f000 08:02 4722985                    /home/njenga/.m2/repository/org/projectlombok/lombok/1.18.12/lombok-1.18.12.jar
7f88d5957000-7f88d595a000 r--s 0001a000 08:02 29901429                   /home/njenga/.m2/repository/org/springframework/boot/spring-boot-configuration-processor/2.3.2.RELEASE/spring-boot-configuration-processor-2.3.2.RELEASE.jar
7f88d595a000-7f88d5984000 r--s 0013e000 08:02 4590772                    /home/njenga/.m2/repository/org/springframework/boot/spring-boot-autoconfigure/2.3.2.RELEASE/spring-boot-autoconfigure-2.3.2.RELEASE.jar
7f88d5984000-7f88d599d000 r--s 000f9000 08:02 2757950                    /home/njenga/.m2/repository/org/springframework/boot/spring-boot/2.3.2.RELEASE/spring-boot-2.3.2.RELEASE.jar
7f88d599d000-7f88d59a3000 r--s 00031000 08:02 4722983                    /home/njenga/.m2/repository/org/springframework/boot/spring-boot-devtools/2.3.2.RELEASE/spring-boot-devtools-2.3.2.RELEASE.jar
7f88d59a3000-7f88d59bd000 r--s 0022d000 08:02 5249500                    /home/njenga/.m2/repository/mysql/mysql-connector-java/8.0.20/mysql-connector-java-8.0.20.jar
7f88d59bd000-7f88d59bf000 r--s 00006000 08:02 4589616                    /home/njenga/.m2/repository/org/latencyutils/LatencyUtils/2.0.3/LatencyUtils-2.0.3.jar
7f88d59bf000-7f88d59c3000 r--s 00027000 08:02 5249524                    /home/njenga/.m2/repository/org/hdrhistogram/HdrHistogram/2.1.12/HdrHistogram-2.1.12.jar
7f88d59c3000-7f88d59ce000 r--s 00084000 08:02 5249522                    /home/njenga/.m2/repository/io/micrometer/micrometer-core/1.5.3/micrometer-core-1.5.3.jar
7f88d59ce000-7f88d59df000 r--s 00080000 08:02 5249520                    /home/njenga/.m2/repository/org/springframework/boot/spring-boot-actuator/2.3.2.RELEASE/spring-boot-actuator-2.3.2.RELEASE.jar
7f88d59df000-7f88d59f0000 r--s 0006d000 08:02 5249518                    /home/njenga/.m2/repository/org/springframework/boot/spring-boot-actuator-autoconfigure/2.3.2.RELEASE/spring-boot-actuator-autoconfigure-2.3.2.RELEASE.jar
7f88d59f0000-7f88d59f1000 r--s 00000000 08:02 4589574                    /home/njenga/.m2/repository/org/springframework/boot/spring-boot-starter-actuator/2.2.2.RELEASE/spring-boot-starter-actuator-2.2.2.RELEASE.jar
7f88d59f1000-7f88d59f6000 r--s 00040000 08:02 4331066                    /home/njenga/.m2/repository/org/springframework/spring-expression/5.2.8.RELEASE/spring-expression-5.2.8.RELEASE.jar
7f88d59f6000-7f88d5a08000 r--s 000d8000 08:02 4722981                    /home/njenga/.m2/repository/org/springframework/spring-webmvc/5.2.8.RELEASE/spring-webmvc-5.2.8.RELEASE.jar
7f88d5a08000-7f88d5a24000 r--s 00144000 08:02 4722961                    /home/njenga/.m2/repository/org/springframework/spring-web/5.2.8.RELEASE/spring-web-5.2.8.RELEASE.jar
7f88d5a24000-7f88d5a2a000 r--s 0003c000 08:02 4722978                    /home/njenga/.m2/repository/org/apache/tomcat/embed/tomcat-embed-websocket/9.0.37/tomcat-embed-websocket-9.0.37.jar
7f88d5a2a000-7f88d5a2f000 r--s 00036000 08:02 4589645                    /home/njenga/.m2/repository/org/glassfish/jakarta.el/3.0.3/jakarta.el-3.0.3.jar
7f88d5a2f000-7f88d5a5b000 r--s 0030f000 08:02 4722974                    /home/njenga/.m2/repository/org/apache/tomcat/embed/tomcat-embed-core/9.0.37/tomcat-embed-core-9.0.37.jar
7f88d5a5b000-7f88d5a5c000 r--s 00001000 08:02 4722963                    /home/njenga/.m2/repository/org/springframework/boot/spring-boot-starter-tomcat/2.3.2.RELEASE/spring-boot-starter-tomcat-2.3.2.RELEASE.jar
7f88d5a5c000-7f88d5a5e000 r--s 00001000 08:02 4722964                    /home/njenga/.m2/repository/com/fasterxml/jackson/module/jackson-module-parameter-names/2.11.1/jackson-module-parameter-names-2.11.1.jar
7f88d5a5e000-7f88d5a62000 r--s 00018000 08:02 4722969                    /home/njenga/.m2/repository/com/fasterxml/jackson/datatype/jackson-datatype-jsr310/2.11.1/jackson-datatype-jsr310-2.11.1.jar
7f88d5a62000-7f88d5a64000 r--s 00007000 08:02 4722968                    /home/njenga/.m2/repository/com/fasterxml/jackson/datatype/jackson-datatype-jdk8/2.11.1/jackson-datatype-jdk8-2.11.1.jar
7f88d5a64000-7f88d5a65000 r--s 00001000 08:02 4722959                    /home/njenga/.m2/repository/org/springframework/boot/spring-boot-starter-json/2.3.2.RELEASE/spring-boot-starter-json-2.3.2.RELEASE.jar
7f88d5a65000-7f88d5a6c000 r--s 00045000 08:02 4722864                    /home/njenga/.m2/repository/org/yaml/snakeyaml/1.26/snakeyaml-1.26.jar
7f88d5a6c000-7f88d5a6e000 r--s 00005000 08:02 4589603                    /home/njenga/.m2/repository/jakarta/annotation/jakarta.annotation-api/1.3.5/jakarta.annotation-api-1.3.5.jar
7f88d5a6e000-7f88d5a70000 r--s 00000000 08:02 4589570                    /home/njenga/.m2/repository/org/slf4j/jul-to-slf4j/1.7.30/jul-to-slf4j-1.7.30.jar
7f88d5a70000-7f88d5a76000 r--s 00042000 08:02 4722862                    /home/njenga/.m2/repository/org/apache/logging/log4j/log4j-api/2.13.3/log4j-api-2.13.3.jar
7f88d5a76000-7f88d5a78000 r--s 00003000 08:02 4590780                    /home/njenga/.m2/repository/org/apache/logging/log4j/log4j-to-slf4j/2.13.3/log4j-to-slf4j-2.13.3.jar
7f88d5a78000-7f88d5a83000 r--s 00069000 08:02 4589556                    /home/njenga/.m2/repository/ch/qos/logback/logback-core/1.2.3/logback-core-1.2.3.jar
7f88d5a83000-7f88d5a89000 r--s 00041000 08:02 4589551                    /home/njenga/.m2/repository/ch/qos/logback/logback-classic/1.2.3/logback-classic-1.2.3.jar
7f88d5a89000-7f88d5a8a000 r--s 00001000 08:02 4590778                    /home/njenga/.m2/repository/org/springframework/boot/spring-boot-starter-logging/2.3.2.RELEASE/spring-boot-starter-logging-2.3.2.RELEASE.jar
7f88d5a8a000-7f88d5a8b000 r--s 00001000 08:02 2500913                    /home/njenga/.m2/repository/org/springframework/boot/spring-boot-starter/2.3.2.RELEASE/spring-boot-starter-2.3.2.RELEASE.jar
7f88d5a8b000-7f88d5a8d000 r--s 0000a000 08:02 5381905                    /home/njenga/.m2/repository/org/springframework/spring-aspects/5.2.8.RELEASE/spring-aspects-5.2.8.RELEASE.jar
7f88d5a8d000-7f88d5a8f000 r--s 00009000 08:02 4589809                    /home/njenga/.m2/repository/org/slf4j/slf4j-api/1.7.30/slf4j-api-1.7.30.jar
7f88d5a8f000-7f88d5a9c000 r--s 0009c000 08:02 4069223                    /home/njenga/.m2/repository/org/springframework/spring-beans/5.2.8.RELEASE/spring-beans-5.2.8.RELEASE.jar
7f88d5a9c000-7f88d5aa5000 r--s 00044000 08:02 4722866                    /home/njenga/.m2/repository/org/springframework/spring-tx/5.2.8.RELEASE/spring-tx-5.2.8.RELEASE.jar
7f88d5aa5000-7f88d5ac0000 r--s 00111000 08:02 3547383                    /home/njenga/.m2/repository/org/springframework/spring-context/5.2.8.RELEASE/spring-context-5.2.8.RELEASE.jar
7f88d5ac0000-7f88d5ac5000 r--s 0002d000 08:02 5249545                    /home/njenga/.m2/repository/org/springframework/spring-orm/5.2.8.RELEASE/spring-orm-5.2.8.RELEASE.jar
7f88d5ac5000-7f88d5add000 r--s 00110000 08:02 4722868                    /home/njenga/.m2/repository/org/springframework/data/spring-data-commons/2.3.2.RELEASE/spring-data-commons-2.3.2.RELEASE.jar
7f88d5add000-7f88d5ae5000 r--s 00052000 08:02 5249543                    /home/njenga/.m2/repository/org/springframework/data/spring-data-jpa/2.3.2.RELEASE/spring-data-jpa-2.3.2.RELEASE.jar
7f88d5ae5000-7f88d5ae7000 r--s 0000f000 08:02 5381904                    /home/njenga/.m2/repository/com/sun/activation/jakarta.activation/1.2.2/jakarta.activation-1.2.2.jar
7f88d5ae7000-7f88d5ae9000 r--s 00006000 08:02 5381901                    /home/njenga/.m2/repository/com/sun/istack/istack-commons-runtime/3.0.11/istack-commons-runtime-3.0.11.jar
7f88d5ae9000-7f88d5aeb000 r--s 00010000 08:02 5381899                    /home/njenga/.m2/repository/org/glassfish/jaxb/txw2/2.3.3/txw2-2.3.3.jar
7f88d5aeb000-7f88d5b00000 r--s 000e8000 08:02 5249573                    /home/njenga/.m2/repository/org/glassfish/jaxb/jaxb-runtime/2.3.3/jaxb-runtime-2.3.3.jar
7f88d5b00000-7f88d5b03000 r--s 00010000 08:02 4589506                    /home/njenga/.m2/repository/org/hibernate/common/hibernate-commons-annotations/5.1.0.Final/hibernate-commons-annotations-5.1.0.Final.jar
7f88d5b03000-7f88d5b4d000 r--s 00308000 08:02 4856647                    /home/njenga/.m2/repository/net/bytebuddy/byte-buddy/1.10.13/byte-buddy-1.10.13.jar
7f88d5b4d000-7f88d5bd4000 r--s 00670000 08:02 4987693                    /home/njenga/.m2/repository/org/hibernate/hibernate-core/5.4.18.Final/hibernate-core-5.4.18.Final.jar
7f88d5bd4000-7f88d5bd7000 ---p 00000000 00:00 0 
7f88d5bd7000-7f88d5cd5000 rw-p 00000000 00:00 0 
7f88d5cd5000-7f88d60de000 r--p 00000000 08:02 21896633                   /usr/lib/locale/locale-archive
7f88d60de000-7f88d60e1000 ---p 00000000 00:00 0 
7f88d60e1000-7f88d61df000 rw-p 00000000 00:00 0 
7f88d61df000-7f88d61e2000 ---p 00000000 00:00 0 
7f88d61e2000-7f88d62e0000 rw-p 00000000 00:00 0 
7f88d62e0000-7f88d62e1000 ---p 00000000 00:00 0 
7f88d62e1000-7f88dd000000 rw-p 00000000 00:00 0 
7f88dd000000-7f88dd580000 rwxp 00000000 00:00 0 
7f88dd580000-7f88ec000000 ---p 00000000 00:00 0 
7f88ec000000-7f88ec925000 rw-p 00000000 00:00 0 
7f88ec925000-7f88f0000000 ---p 00000000 00:00 0 
7f88f0000000-7f88f0001000 r--s 00001000 08:02 4722954                    /home/njenga/.m2/repository/org/springframework/boot/spring-boot-starter-web/2.3.2.RELEASE/spring-boot-starter-web-2.3.2.RELEASE.jar
7f88f0001000-7f88f0006000 r--s 0004b000 08:02 5249571                    /home/njenga/.m2/repository/org/dom4j/dom4j/2.1.3/dom4j-2.1.3.jar
7f88f0006000-7f88f0008000 r--s 0000f000 08:02 4589596                    /home/njenga/.m2/repository/com/fasterxml/classmate/1.5.1/classmate-1.5.1.jar
7f88f0008000-7f88f000b000 r--s 0002d000 08:02 5119726                    /home/njenga/.m2/repository/org/jboss/jandex/2.1.3.Final/jandex-2.1.3.Final.jar
7f88f000b000-7f88f0010000 r--s 00068000 08:02 4589498                    /home/njenga/.m2/repository/antlr/antlr/2.7.7/antlr-2.7.7.jar
7f88f0010000-7f88f001a000 r--s 000b4000 08:02 4589494                    /home/njenga/.m2/repository/org/javassist/javassist/3.24.0-GA/javassist-3.24.0-GA.jar
7f88f001a000-7f88f001c000 r--s 0000d000 08:02 4589595                    /home/njenga/.m2/repository/org/jboss/logging/jboss-logging/3.4.1.Final/jboss-logging-3.4.1.Final.jar
7f88f001c000-7f88f0022000 r--s 00023000 08:02 4589486                    /home/njenga/.m2/repository/jakarta/persistence/jakarta.persistence-api/2.2.3/jakarta.persistence-api-2.2.3.jar
7f88f0022000-7f88f0023000 r--s 00003000 08:02 4589489                    /home/njenga/.m2/repository/jakarta/transaction/jakarta.transaction-api/1.3.3/jakarta.transaction-api-1.3.3.jar
7f88f0023000-7f88f002c000 r--s 0005b000 08:02 5249547                    /home/njenga/.m2/repository/org/springframework/spring-jdbc/5.2.8.RELEASE/spring-jdbc-5.2.8.RELEASE.jar
7f88f002c000-7f88f0030000 r--s 00023000 08:02 4856808                    /home/njenga/.m2/repository/com/zaxxer/HikariCP/3.4.5/HikariCP-3.4.5.jar
7f88f0030000-7f88f0031000 r--s 00001000 08:02 4723003                    /home/njenga/.m2/repository/org/springframework/boot/spring-boot-starter-jdbc/2.3.2.RELEASE/spring-boot-starter-jdbc-2.3.2.RELEASE.jar
7f88f0031000-7f88f004a000 r--s 001dc000 08:02 4590788                    /home/njenga/.m2/repository/org/aspectj/aspectjweaver/1.9.6/aspectjweaver-1.9.6.jar
7f88f004a000-7f88f0053000 r--s 00052000 08:02 3807445                    /home/njenga/.m2/repository/org/springframework/spring-aop/5.2.8.RELEASE/spring-aop-5.2.8.RELEASE.jar
7f88f0053000-7f88f0054000 r--s 00001000 08:02 2233427                    /home/njenga/.m2/repository/org/springframework/boot/spring-boot-starter-aop/2.3.2.RELEASE/spring-boot-starter-aop-2.3.2.RELEASE.jar
7f88f0054000-7f88f0067000 r--s 00346000 08:02 24643175                   /usr/lib/jvm/java-8-openjdk-amd64/jre/lib/resources.jar
7f88f0067000-7f88f006c000 r--s 000a7000 08:02 24643174                   /usr/lib/jvm/java-8-openjdk-amd64/jre/lib/jsse.jar
7f88f006c000-7f88f006e000 r--s 00016000 08:02 24643113                   /usr/lib/jvm/java-8-openjdk-amd64/jre/lib/jce.jar
7f88f006e000-7f88f00bc000 rw-p 00000000 00:00 0 
7f88f00bc000-7f88f028e000 r--s 03ca5000 08:02 24643171                   /usr/lib/jvm/java-8-openjdk-amd64/jre/lib/rt.jar
7f88f028e000-7f88f10d5000 rw-p 00000000 00:00 0 
7f88f10d5000-7f88f10d6000 ---p 00000000 00:00 0 
7f88f10d6000-7f88f11d6000 rw-p 00000000 00:00 0 
7f88f11d6000-7f88f11d7000 ---p 00000000 00:00 0 
7f88f11d7000-7f88f12d7000 rw-p 00000000 00:00 0 
7f88f12d7000-7f88f12d8000 ---p 00000000 00:00 0 
7f88f12d8000-7f88f13d8000 rw-p 00000000 00:00 0 
7f88f13d8000-7f88f13d9000 ---p 00000000 00:00 0 
7f88f13d9000-7f88f14fe000 rw-p 00000000 00:00 0 
7f88f14fe000-7f88f18ba000 ---p 00000000 00:00 0 
7f88f18ba000-7f88f18df000 rw-p 00000000 00:00 0 
7f88f18df000-7f88f1c9a000 ---p 00000000 00:00 0 
7f88f1c9a000-7f88f1d05000 rw-p 00000000 00:00 0 
7f88f1d05000-7f88f1e8b000 ---p 00000000 00:00 0 
7f88f1e8b000-7f88f1ea2000 rw-p 00000000 00:00 0 
7f88f1ea2000-7f88f224c000 ---p 00000000 00:00 0 
7f88f224c000-7f88f2254000 r-xp 00000000 08:02 24643141                   /usr/lib/jvm/java-8-openjdk-amd64/jre/lib/amd64/libzip.so
7f88f2254000-7f88f2453000 ---p 00008000 08:02 24643141                   /usr/lib/jvm/java-8-openjdk-amd64/jre/lib/amd64/libzip.so
7f88f2453000-7f88f2454000 r--p 00007000 08:02 24643141                   /usr/lib/jvm/java-8-openjdk-amd64/jre/lib/amd64/libzip.so
7f88f2454000-7f88f2455000 rw-p 00008000 08:02 24643141                   /usr/lib/jvm/java-8-openjdk-amd64/jre/lib/amd64/libzip.so
7f88f2455000-7f88f2460000 r-xp 00000000 08:02 3546248                    /lib/x86_64-linux-gnu/libnss_files-2.23.so
7f88f2460000-7f88f265f000 ---p 0000b000 08:02 3546248                    /lib/x86_64-linux-gnu/libnss_files-2.23.so
7f88f265f000-7f88f2660000 r--p 0000a000 08:02 3546248                    /lib/x86_64-linux-gnu/libnss_files-2.23.so
7f88f2660000-7f88f2661000 rw-p 0000b000 08:02 3546248                    /lib/x86_64-linux-gnu/libnss_files-2.23.so
7f88f2661000-7f88f2667000 rw-p 00000000 00:00 0 
7f88f2667000-7f88f2672000 r-xp 00000000 08:02 3546252                    /lib/x86_64-linux-gnu/libnss_nis-2.23.so
7f88f2672000-7f88f2871000 ---p 0000b000 08:02 3546252                    /lib/x86_64-linux-gnu/libnss_nis-2.23.so
7f88f2871000-7f88f2872000 r--p 0000a000 08:02 3546252                    /lib/x86_64-linux-gnu/libnss_nis-2.23.so
7f88f2872000-7f88f2873000 rw-p 0000b000 08:02 3546252                    /lib/x86_64-linux-gnu/libnss_nis-2.23.so
7f88f2873000-7f88f2889000 r-xp 00000000 08:02 3546238                    /lib/x86_64-linux-gnu/libnsl-2.23.so
7f88f2889000-7f88f2a88000 ---p 00016000 08:02 3546238                    /lib/x86_64-linux-gnu/libnsl-2.23.so
7f88f2a88000-7f88f2a89000 r--p 00015000 08:02 3546238                    /lib/x86_64-linux-gnu/libnsl-2.23.so
7f88f2a89000-7f88f2a8a000 rw-p 00016000 08:02 3546238                    /lib/x86_64-linux-gnu/libnsl-2.23.so
7f88f2a8a000-7f88f2a8c000 rw-p 00000000 00:00 0 
7f88f2a8c000-7f88f2a94000 r-xp 00000000 08:02 3546250                    /lib/x86_64-linux-gnu/libnss_compat-2.23.so
7f88f2a94000-7f88f2c93000 ---p 00008000 08:02 3546250                    /lib/x86_64-linux-gnu/libnss_compat-2.23.so
7f88f2c93000-7f88f2c94000 r--p 00007000 08:02 3546250                    /lib/x86_64-linux-gnu/libnss_compat-2.23.so
7f88f2c94000-7f88f2c95000 rw-p 00008000 08:02 3546250                    /lib/x86_64-linux-gnu/libnss_compat-2.23.so
7f88f2c95000-7f88f2c9f000 r-xp 00000000 08:02 24643145                   /usr/lib/jvm/java-8-openjdk-amd64/jre/lib/amd64/libinstrument.so
7f88f2c9f000-7f88f2e9e000 ---p 0000a000 08:02 24643145                   /usr/lib/jvm/java-8-openjdk-amd64/jre/lib/amd64/libinstrument.so
7f88f2e9e000-7f88f2e9f000 r--p 00009000 08:02 24643145                   /usr/lib/jvm/java-8-openjdk-amd64/jre/lib/amd64/libinstrument.so
7f88f2e9f000-7f88f2ea0000 rw-p 0000a000 08:02 24643145                   /usr/lib/jvm/java-8-openjdk-amd64/jre/lib/amd64/libinstrument.so
7f88f2ea0000-7f88f2ec9000 r-xp 00000000 08:02 24643133                   /usr/lib/jvm/java-8-openjdk-amd64/jre/lib/amd64/libjava.so
7f88f2ec9000-7f88f30c9000 ---p 00029000 08:02 24643133                   /usr/lib/jvm/java-8-openjdk-amd64/jre/lib/amd64/libjava.so
7f88f30c9000-7f88f30ca000 r--p 00029000 08:02 24643133                   /usr/lib/jvm/java-8-openjdk-amd64/jre/lib/amd64/libjava.so
7f88f30ca000-7f88f30cc000 rw-p 0002a000 08:02 24643133                   /usr/lib/jvm/java-8-openjdk-amd64/jre/lib/amd64/libjava.so
7f88f30cc000-7f88f30db000 r-xp 00000000 08:02 24643155                   /usr/lib/jvm/java-8-openjdk-amd64/jre/lib/amd64/libverify.so
7f88f30db000-7f88f32da000 ---p 0000f000 08:02 24643155                   /usr/lib/jvm/java-8-openjdk-amd64/jre/lib/amd64/libverify.so
7f88f32da000-7f88f32dc000 r--p 0000e000 08:02 24643155                   /usr/lib/jvm/java-8-openjdk-amd64/jre/lib/amd64/libverify.so
7f88f32dc000-7f88f32dd000 rw-p 00010000 08:02 24643155                   /usr/lib/jvm/java-8-openjdk-amd64/jre/lib/amd64/libverify.so
7f88f32dd000-7f88f32e4000 r-xp 00000000 08:02 3546255                    /lib/x86_64-linux-gnu/librt-2.23.so
7f88f32e4000-7f88f34e3000 ---p 00007000 08:02 3546255                    /lib/x86_64-linux-gnu/librt-2.23.so
7f88f34e3000-7f88f34e4000 r--p 00006000 08:02 3546255                    /lib/x86_64-linux-gnu/librt-2.23.so
7f88f34e4000-7f88f34e5000 rw-p 00007000 08:02 3546255                    /lib/x86_64-linux-gnu/librt-2.23.so
7f88f34e5000-7f88f34fb000 r-xp 00000000 08:02 3543525                    /lib/x86_64-linux-gnu/libgcc_s.so.1
7f88f34fb000-7f88f36fa000 ---p 00016000 08:02 3543525                    /lib/x86_64-linux-gnu/libgcc_s.so.1
7f88f36fa000-7f88f36fb000 rw-p 00015000 08:02 3543525                    /lib/x86_64-linux-gnu/libgcc_s.so.1
7f88f36fb000-7f88f3803000 r-xp 00000000 08:02 3546239                    /lib/x86_64-linux-gnu/libm-2.23.so
7f88f3803000-7f88f3a02000 ---p 00108000 08:02 3546239                    /lib/x86_64-linux-gnu/libm-2.23.so
7f88f3a02000-7f88f3a03000 r--p 00107000 08:02 3546239                    /lib/x86_64-linux-gnu/libm-2.23.so
7f88f3a03000-7f88f3a04000 rw-p 00108000 08:02 3546239                    /lib/x86_64-linux-gnu/libm-2.23.so
7f88f3a04000-7f88f3b76000 r-xp 00000000 08:02 21890876                   /usr/lib/x86_64-linux-gnu/libstdc++.so.6.0.21
7f88f3b76000-7f88f3d76000 ---p 00172000 08:02 21890876                   /usr/lib/x86_64-linux-gnu/libstdc++.so.6.0.21
7f88f3d76000-7f88f3d80000 r--p 00172000 08:02 21890876                   /usr/lib/x86_64-linux-gnu/libstdc++.so.6.0.21
7f88f3d80000-7f88f3d82000 rw-p 0017c000 08:02 21890876                   /usr/lib/x86_64-linux-gnu/libstdc++.so.6.0.21
7f88f3d82000-7f88f3d86000 rw-p 00000000 00:00 0 
7f88f3d86000-7f88f49ee000 r-xp 00000000 08:02 24643135                   /usr/lib/jvm/java-8-openjdk-amd64/jre/lib/amd64/server/libjvm.so
7f88f49ee000-7f88f4bee000 ---p 00c68000 08:02 24643135                   /usr/lib/jvm/java-8-openjdk-amd64/jre/lib/amd64/server/libjvm.so
7f88f4bee000-7f88f4c82000 r--p 00c68000 08:02 24643135                   /usr/lib/jvm/java-8-openjdk-amd64/jre/lib/amd64/server/libjvm.so
7f88f4c82000-7f88f4cab000 rw-p 00cfc000 08:02 24643135                   /usr/lib/jvm/java-8-openjdk-amd64/jre/lib/amd64/server/libjvm.so
7f88f4cab000-7f88f4cdb000 rw-p 00000000 00:00 0 
7f88f4cdb000-7f88f4cf3000 r-xp 00000000 08:02 3546236                    /lib/x86_64-linux-gnu/libpthread-2.23.so
7f88f4cf3000-7f88f4ef2000 ---p 00018000 08:02 3546236                    /lib/x86_64-linux-gnu/libpthread-2.23.so
7f88f4ef2000-7f88f4ef3000 r--p 00017000 08:02 3546236                    /lib/x86_64-linux-gnu/libpthread-2.23.so
7f88f4ef3000-7f88f4ef4000 rw-p 00018000 08:02 3546236                    /lib/x86_64-linux-gnu/libpthread-2.23.so
7f88f4ef4000-7f88f4ef8000 rw-p 00000000 00:00 0 
7f88f4ef8000-7f88f4efb000 r-xp 00000000 08:02 3546233                    /lib/x86_64-linux-gnu/libdl-2.23.so
7f88f4efb000-7f88f50fa000 ---p 00003000 08:02 3546233                    /lib/x86_64-linux-gnu/libdl-2.23.so
7f88f50fa000-7f88f50fb000 r--p 00002000 08:02 3546233                    /lib/x86_64-linux-gnu/libdl-2.23.so
7f88f50fb000-7f88f50fc000 rw-p 00003000 08:02 3546233                    /lib/x86_64-linux-gnu/libdl-2.23.so
7f88f50fc000-7f88f5115000 r-xp 00000000 08:02 3543678                    /lib/x86_64-linux-gnu/libz.so.1.2.8
7f88f5115000-7f88f5314000 ---p 00019000 08:02 3543678                    /lib/x86_64-linux-gnu/libz.so.1.2.8
7f88f5314000-7f88f5315000 r--p 00018000 08:02 3543678                    /lib/x86_64-linux-gnu/libz.so.1.2.8
7f88f5315000-7f88f5316000 rw-p 00019000 08:02 3543678                    /lib/x86_64-linux-gnu/libz.so.1.2.8
7f88f5316000-7f88f54d6000 r-xp 00000000 08:02 3546235                    /lib/x86_64-linux-gnu/libc-2.23.so
7f88f54d6000-7f88f56d6000 ---p 001c0000 08:02 3546235                    /lib/x86_64-linux-gnu/libc-2.23.so
7f88f56d6000-7f88f56da000 r--p 001c0000 08:02 3546235                    /lib/x86_64-linux-gnu/libc-2.23.so
7f88f56da000-7f88f56dc000 rw-p 001c4000 08:02 3546235                    /lib/x86_64-linux-gnu/libc-2.23.so
7f88f56dc000-7f88f56e0000 rw-p 00000000 00:00 0 
7f88f56e0000-7f88f56ed000 r-xp 00000000 08:02 24643132                   /usr/lib/jvm/java-8-openjdk-amd64/jre/lib/amd64/jli/libjli.so
7f88f56ed000-7f88f58ed000 ---p 0000d000 08:02 24643132                   /usr/lib/jvm/java-8-openjdk-amd64/jre/lib/amd64/jli/libjli.so
7f88f58ed000-7f88f58ee000 r--p 0000d000 08:02 24643132                   /usr/lib/jvm/java-8-openjdk-amd64/jre/lib/amd64/jli/libjli.so
7f88f58ee000-7f88f58ef000 rw-p 0000e000 08:02 24643132                   /usr/lib/jvm/java-8-openjdk-amd64/jre/lib/amd64/jli/libjli.so
7f88f58ef000-7f88f5915000 r-xp 00000000 08:02 3546246                    /lib/x86_64-linux-gnu/ld-2.23.so
7f88f5915000-7f88f5916000 r--s 00001000 08:02 29106031                   /home/njenga/.m2/repository/org/springframework/boot/spring-boot-starter-data-jpa/2.3.2.RELEASE/spring-boot-starter-data-jpa-2.3.2.RELEASE.jar
7f88f5916000-7f88f591b000 r--s 002f9000 08:02 24643112                   /usr/lib/jvm/java-8-openjdk-amd64/jre/lib/charsets.jar
7f88f591b000-7f88f5925000 r--s 00116000 08:02 24643191                   /usr/lib/jvm/java-8-openjdk-amd64/jre/lib/ext/localedata.jar
7f88f5925000-7f88f5940000 r--s 001d6000 08:02 24643188                   /usr/lib/jvm/java-8-openjdk-amd64/jre/lib/ext/nashorn.jar
7f88f5940000-7f88f595b000 r--s 00394000 08:02 24643193                   /usr/lib/jvm/java-8-openjdk-amd64/jre/lib/ext/cldrdata.jar
7f88f595b000-7f88f59f1000 rw-p 00000000 00:00 0 
7f88f59f1000-7f88f59f4000 ---p 00000000 00:00 0 
7f88f59f4000-7f88f5af6000 rw-p 00000000 00:00 0 
7f88f5af6000-7f88f5af7000 r--s 00000000 08:02 24643170                   /usr/lib/jvm/java-8-openjdk-amd64/jre/lib/management-agent.jar
7f88f5af7000-7f88f5af9000 r--s 00001000 08:02 24643190                   /usr/lib/jvm/java-8-openjdk-amd64/jre/lib/ext/dnsns.jar
7f88f5af9000-7f88f5aff000 r--s 0003d000 08:02 24643187                   /usr/lib/jvm/java-8-openjdk-amd64/jre/lib/ext/sunjce_provider.jar
7f88f5aff000-7f88f5b02000 r--s 0000f000 08:02 24643194                   /usr/lib/jvm/java-8-openjdk-amd64/jre/lib/ext/icedtea-sound.jar
7f88f5b02000-7f88f5b03000 r--s 0000a000 08:02 24643192                   /usr/lib/jvm/java-8-openjdk-amd64/jre/lib/ext/jaccess.jar
7f88f5b03000-7f88f5b04000 r--s 0000d000 08:02 24643189                   /usr/lib/jvm/java-8-openjdk-amd64/jre/lib/ext/sunec.jar
7f88f5b04000-7f88f5b08000 r--s 0003a000 08:02 24643196                   /usr/lib/jvm/java-8-openjdk-amd64/jre/lib/ext/sunpkcs11.jar
7f88f5b08000-7f88f5b09000 r--s 00010000 08:02 24643195                   /usr/lib/jvm/java-8-openjdk-amd64/jre/lib/ext/zipfs.jar
7f88f5b09000-7f88f5b11000 rw-s 00000000 08:02 10627073                   /tmp/hsperfdata_njenga/13486
7f88f5b11000-7f88f5b12000 rw-p 00000000 00:00 0 
7f88f5b12000-7f88f5b13000 r--p 00000000 00:00 0 
7f88f5b13000-7f88f5b14000 rw-p 00000000 00:00 0 
7f88f5b14000-7f88f5b15000 r--p 00025000 08:02 3546246                    /lib/x86_64-linux-gnu/ld-2.23.so
7f88f5b15000-7f88f5b16000 rw-p 00026000 08:02 3546246                    /lib/x86_64-linux-gnu/ld-2.23.so
7f88f5b16000-7f88f5b17000 rw-p 00000000 00:00 0 
7ffd2099e000-7ffd209c2000 rw-p 00000000 00:00 0                          [stack]
7ffd209c3000-7ffd209c5000 r--p 00000000 00:00 0                          [vvar]
7ffd209c5000-7ffd209c7000 r-xp 00000000 00:00 0                          [vdso]
ffffffffff600000-ffffffffff601000 r-xp 00000000 00:00 0                  [vsyscall]

VM Arguments:
jvm_args: -XX:TieredStopAtLevel=1 -Xverify:none -Dspring.output.ansi.enabled=always -Dcom.sun.management.jmxremote -Dspring.jmx.enabled=true -Dspring.liveBeansView.mbeanDomain -Dspring.application.admin.enabled=true -javaagent:/home/njenga/Downloads/idea-IU-201.7846.76/lib/idea_rt.jar=34163:/home/njenga/Downloads/idea-IU-201.7846.76/bin -Dfile.encoding=UTF-8 
java_command: com.kisokolab.authserver.AuthserverApplication
java_class_path (initial): /usr/lib/jvm/java-1.8.0-openjdk-amd64/jre/lib/charsets.jar:/usr/lib/jvm/java-1.8.0-openjdk-amd64/jre/lib/ext/cldrdata.jar:/usr/lib/jvm/java-1.8.0-openjdk-amd64/jre/lib/ext/dnsns.jar:/usr/lib/jvm/java-1.8.0-openjdk-amd64/jre/lib/ext/icedtea-sound.jar:/usr/lib/jvm/java-1.8.0-openjdk-amd64/jre/lib/ext/jaccess.jar:/usr/lib/jvm/java-1.8.0-openjdk-amd64/jre/lib/ext/localedata.jar:/usr/lib/jvm/java-1.8.0-openjdk-amd64/jre/lib/ext/nashorn.jar:/usr/lib/jvm/java-1.8.0-openjdk-amd64/jre/lib/ext/sunec.jar:/usr/lib/jvm/java-1.8.0-openjdk-amd64/jre/lib/ext/sunjce_provider.jar:/usr/lib/jvm/java-1.8.0-openjdk-amd64/jre/lib/ext/sunpkcs11.jar:/usr/lib/jvm/java-1.8.0-openjdk-amd64/jre/lib/ext/zipfs.jar:/usr/lib/jvm/java-1.8.0-openjdk-amd64/jre/lib/jce.jar:/usr/lib/jvm/java-1.8.0-openjdk-amd64/jre/lib/jsse.jar:/usr/lib/jvm/java-1.8.0-openjdk-amd64/jre/lib/management-agent.jar:/usr/lib/jvm/java-1.8.0-openjdk-amd64/jre/lib/resources.jar:/usr/lib/jvm/java-1.8.0-openjdk-amd64/jre/lib/rt.jar:/home/njenga/Desktop/project/kisokolab/authserver/target/classes:/home/njenga/.m2/repository/org/springframework/boot/spring-boot-starter-data-jpa/2.3.2.RELEASE/spring-boot-starter-data-jpa-2.3.2.RELEASE.jar:/home/njenga/.m2/repository/org/springframework/boot/spring-boot-starter-aop/2.3.2.RELEASE/spring-boot-starter-aop-2.3.2.RELEASE.jar:/home/njenga/.m2/repository/org/springframework/spring-aop/5.2.8.RELEASE/spring-aop-5.2.8.RELEASE.jar:/home/njenga/.m2/repository/org/aspectj/aspectjweaver/1.9.6/aspectjweaver-1.9.6.jar:/home/njenga/.m2/repository/org/springframework/boot/spring-boot-starter-jdbc/2.3.2.RELEASE/spring-boot-starter-jdbc-2.3.2.RELEASE.jar:/home/njenga/.m2/repository/com/zaxxer/HikariCP/3.4.5/HikariCP-3.4.5.jar:/home/njenga/.m2/repository/org/springframework/spring-jdbc/5.2.8.RELEASE/spring-jdbc-5.2.8.RELEASE.jar:/home/njenga/.m2/repository/jakarta/transaction/jakarta.transaction-api/1.3.3/jakarta.transaction-api-1.3.3.jar:/home/njenga/.m2/repository/jakarta/pe
Launcher Type: SUN_STANDARD

Environment Variables:
JAVA_HOME=/usr/lib/jvm/jdk1.8.0_251
PATH=/home/njenga/bin:/home/njenga/.local/bin:/usr/local/sbin:/usr/local/bin:/usr/sbin:/usr/bin:/sbin:/bin:/usr/games:/usr/local/games
SHELL=/usr/bin/zsh
DISPLAY=:0

Signal Handlers:
SIGSEGV: [libjvm.so+0xa7bb00], sa_mask[0]=11111111011111111101111111111110, sa_flags=SA_RESTART|SA_SIGINFO
SIGBUS: [libjvm.so+0xa7bb00], sa_mask[0]=11111111011111111101111111111110, sa_flags=SA_RESTART|SA_SIGINFO
SIGFPE: [libjvm.so+0x8c3d50], sa_mask[0]=11111111011111111101111111111110, sa_flags=SA_RESTART|SA_SIGINFO
SIGPIPE: [libjvm.so+0x8c3d50], sa_mask[0]=11111111011111111101111111111110, sa_flags=SA_RESTART|SA_SIGINFO
SIGXFSZ: [libjvm.so+0x8c3d50], sa_mask[0]=11111111011111111101111111111110, sa_flags=SA_RESTART|SA_SIGINFO
SIGILL: [libjvm.so+0x8c3d50], sa_mask[0]=11111111011111111101111111111110, sa_flags=SA_RESTART|SA_SIGINFO
SIGUSR1: SIG_DFL, sa_mask[0]=00000000000000000000000000000000, sa_flags=none
SIGUSR2: [libjvm.so+0x8c3c00], sa_mask[0]=00100000000000000000000000000000, sa_flags=SA_RESTART|SA_SIGINFO
SIGHUP: [libjvm.so+0x8c4290], sa_mask[0]=11111111011111111101111111111110, sa_flags=SA_RESTART|SA_SIGINFO
SIGINT: [libjvm.so+0x8c4290], sa_mask[0]=11111111011111111101111111111110, sa_flags=SA_RESTART|SA_SIGINFO
SIGTERM: [libjvm.so+0x8c4290], sa_mask[0]=11111111011111111101111111111110, sa_flags=SA_RESTART|SA_SIGINFO
SIGQUIT: [libjvm.so+0x8c4290], sa_mask[0]=11111111011111111101111111111110, sa_flags=SA_RESTART|SA_SIGINFO


---------------  S Y S T E M  ---------------

OS:DISTRIB_ID=LinuxMint
DISTRIB_RELEASE=18.2
DISTRIB_CODENAME=sonya
DISTRIB_DESCRIPTION="Linux Mint 18.2 Sonya"

uname:Linux 4.8.0-53-generic #56~16.04.1-Ubuntu SMP Tue May 16 01:18:56 UTC 2017 x86_64
libc:glibc 2.23 NPTL 2.23 
rlimit: STACK 8192k, CORE 0k, NPROC 47183, NOFILE 65536, AS infinity
load average:1.66 1.08 0.98

/proc/meminfo:
MemTotal:       12192948 kB
MemFree:          152652 kB
MemAvailable:    1164564 kB
Buffers:          531892 kB
Cached:          1331116 kB
SwapCached:        22296 kB
Active:          9566252 kB
Inactive:        2017616 kB
Active(anon):    8828728 kB
Inactive(anon):  1554324 kB
Active(file):     737524 kB
Inactive(file):   463292 kB
Unevictable:         120 kB
Mlocked:             120 kB
SwapTotal:       4083708 kB
SwapFree:        2611172 kB
Dirty:             16340 kB
Writeback:             0 kB
AnonPages:       9646588 kB
Mapped:           796052 kB
Shmem:            662192 kB
Slab:             211812 kB
SReclaimable:      99208 kB
SUnreclaim:       112604 kB
KernelStack:       25056 kB
PageTables:       113800 kB
NFS_Unstable:          0 kB
Bounce:                0 kB
WritebackTmp:          0 kB
CommitLimit:    10180180 kB
Committed_AS:   23626428 kB
VmallocTotal:   34359738367 kB
VmallocUsed:           0 kB
VmallocChunk:          0 kB
HardwareCorrupted:     0 kB
AnonHugePages:   4966400 kB
ShmemHugePages:        0 kB
ShmemPmdMapped:        0 kB
CmaTotal:              0 kB
CmaFree:               0 kB
HugePages_Total:       0
HugePages_Free:        0
HugePages_Rsvd:        0
HugePages_Surp:        0
Hugepagesize:       2048 kB
DirectMap4k:      402176 kB
DirectMap2M:    12070912 kB
DirectMap1G:     1048576 kB

container (cgroup) information:
container_type: cgroupv1
cpu_cpuset_cpus: 0-3
cpu_memory_nodes: 0
active_processor_count: 4
cpu_quota: -1
cpu_period: 100000
cpu_shares: -1
memory_limit_in_bytes: -1
memory_and_swap_limit_in_bytes: -2
memory_soft_limit_in_bytes: -1
memory_usage_in_bytes: 9514205184
memory_max_usage_in_bytes: 9876430848


CPU:total 4 (initial active 4) (2 cores per cpu, 2 threads per core) family 6 model 69 stepping 1, cmov, cx8, fxsr, mmx, sse, sse2, sse3, ssse3, sse4.1, sse4.2, popcnt, avx, avx2, aes, clmul, erms, lzcnt, ht, tsc, tscinvbit, bmi1, bmi2

/proc/cpuinfo:
processor	: 0
vendor_id	: GenuineIntel
cpu family	: 6
model		: 69
model name	: Intel(R) Core(TM) i5-4210U CPU @ 1.70GHz
stepping	: 1
microcode	: 0x26
cpu MHz		: 2400.000
cache size	: 3072 KB
physical id	: 0
siblings	: 4
core id		: 0
cpu cores	: 2
apicid		: 0
initial apicid	: 0
fpu		: yes
fpu_exception	: yes
cpuid level	: 13
wp		: yes
flags		: fpu vme de pse tsc msr pae mce cx8 apic sep mtrr pge mca cmov pat pse36 clflush dts acpi mmx fxsr sse sse2 ss ht tm pbe syscall nx pdpe1gb rdtscp lm constant_tsc arch_perfmon pebs bts rep_good nopl xtopology nonstop_tsc aperfmperf eagerfpu pni pclmulqdq dtes64 monitor ds_cpl vmx est tm2 ssse3 sdbg fma cx16 xtpr pdcm pcid sse4_1 sse4_2 movbe popcnt tsc_deadline_timer aes xsave avx f16c rdrand lahf_lm abm epb tpr_shadow vnmi flexpriority ept vpid fsgsbase tsc_adjust bmi1 avx2 smep bmi2 erms invpcid xsaveopt dtherm ida arat pln pts
bugs		:
bogomips	: 4788.85
clflush size	: 64
cache_alignment	: 64
address sizes	: 39 bits physical, 48 bits virtual
power management:

processor	: 1
vendor_id	: GenuineIntel
cpu family	: 6
model		: 69
model name	: Intel(R) Core(TM) i5-4210U CPU @ 1.70GHz
stepping	: 1
microcode	: 0x26
cpu MHz		: 2400.000
cache size	: 3072 KB
physical id	: 0
siblings	: 4
core id		: 0
cpu cores	: 2
apicid		: 1
initial apicid	: 1
fpu		: yes
fpu_exception	: yes
cpuid level	: 13
wp		: yes
flags		: fpu vme de pse tsc msr pae mce cx8 apic sep mtrr pge mca cmov pat pse36 clflush dts acpi mmx fxsr sse sse2 ss ht tm pbe syscall nx pdpe1gb rdtscp lm constant_tsc arch_perfmon pebs bts rep_good nopl xtopology nonstop_tsc aperfmperf eagerfpu pni pclmulqdq dtes64 monitor ds_cpl vmx est tm2 ssse3 sdbg fma cx16 xtpr pdcm pcid sse4_1 sse4_2 movbe popcnt tsc_deadline_timer aes xsave avx f16c rdrand lahf_lm abm epb tpr_shadow vnmi flexpriority ept vpid fsgsbase tsc_adjust bmi1 avx2 smep bmi2 erms invpcid xsaveopt dtherm ida arat pln pts
bugs		:
bogomips	: 4788.85
clflush size	: 64
cache_alignment	: 64
address sizes	: 39 bits physical, 48 bits virtual
power management:

processor	: 2
vendor_id	: GenuineIntel
cpu family	: 6
model		: 69
model name	: Intel(R) Core(TM) i5-4210U CPU @ 1.70GHz
stepping	: 1
microcode	: 0x26
cpu MHz		: 2408.935
cache size	: 3072 KB
physical id	: 0
siblings	: 4
core id		: 1
cpu cores	: 2
apicid		: 2
initial apicid	: 2
fpu		: yes
fpu_exception	: yes
cpuid level	: 13
wp		: yes
flags		: fpu vme de pse tsc msr pae mce cx8 apic sep mtrr pge mca cmov pat pse36 clflush dts acpi mmx fxsr sse sse2 ss ht tm pbe syscall nx pdpe1gb rdtscp lm constant_tsc arch_perfmon pebs bts rep_good nopl xtopology nonstop_tsc aperfmperf eagerfpu pni pclmulqdq dtes64 monitor ds_cpl vmx est tm2 ssse3 sdbg fma cx16 xtpr pdcm pcid sse4_1 sse4_2 movbe popcnt tsc_deadline_timer aes xsave avx f16c rdrand lahf_lm abm epb tpr_shadow vnmi flexpriority ept vpid fsgsbase tsc_adjust bmi1 avx2 smep bmi2 erms invpcid xsaveopt dtherm ida arat pln pts
bugs		:
bogomips	: 4788.85
clflush size	: 64
cache_alignment	: 64
address sizes	: 39 bits physical, 48 bits virtual
power management:

processor	: 3
vendor_id	: GenuineIntel
cpu family	: 6
model		: 69
model name	: Intel(R) Core(TM) i5-4210U CPU @ 1.70GHz
stepping	: 1
microcode	: 0x26
cpu MHz		: 2411.718
cache size	: 3072 KB
physical id	: 0
siblings	: 4
core id		: 1
cpu cores	: 2
apicid		: 3
initial apicid	: 3
fpu		: yes
fpu_exception	: yes
cpuid level	: 13
wp		: yes
flags		: fpu vme de pse tsc msr pae mce cx8 apic sep mtrr pge mca cmov pat pse36 clflush dts acpi mmx fxsr sse sse2 ss ht tm pbe syscall nx pdpe1gb rdtscp lm constant_tsc arch_perfmon pebs bts rep_good nopl xtopology nonstop_tsc aperfmperf eagerfpu pni pclmulqdq dtes64 monitor ds_cpl vmx est tm2 ssse3 sdbg fma cx16 xtpr pdcm pcid sse4_1 sse4_2 movbe popcnt tsc_deadline_timer aes xsave avx f16c rdrand lahf_lm abm epb tpr_shadow vnmi flexpriority ept vpid fsgsbase tsc_adjust bmi1 avx2 smep bmi2 erms invpcid xsaveopt dtherm ida arat pln pts
bugs		:
bogomips	: 4788.85
clflush size	: 64
cache_alignment	: 64
address sizes	: 39 bits physical, 48 bits virtual
power management:



Memory: 4k page, physical 12192948k(152652k free), swap 4083708k(2611172k free)

vm_info: OpenJDK 64-Bit Server VM (25.252-b09) for linux-amd64 JRE (1.8.0_252-8u252-b09-1~16.04-b09), built on Apr 15 2020 21:06:51 by "buildd" with gcc 5.4.0 20160609

time: Mon Aug 10 13:56:23 2020
timezone: EAT
elapsed time: 3 seconds (0d 0h 0m 3s)

