#
# A fatal error has been detected by the Java Runtime Environment:
#
#  SIGSEGV (0xb) at pc=0x00007fd426a603a6, pid=11055, tid=0x00007fd3e954c700
#
# JRE version: OpenJDK Runtime Environment (8.0_252-b09) (build 1.8.0_252-8u252-b09-1~16.04-b09)
# Java VM: OpenJDK 64-Bit Server VM (25.252-b09 mixed mode linux-amd64 compressed oops)
# Problematic frame:
# V  [libjvm.so+0x7653a6]
#
# Failed to write core dump. Core dumps have been disabled. To enable core dumping, try "ulimit -c unlimited" before starting Java again
#
# If you would like to submit a bug report, please visit:
#   http://bugreport.java.com/bugreport/crash.jsp
#

---------------  T H R E A D  ---------------

Current thread (0x00007fd3c0010000):  JavaThread "restartedMain" [_thread_in_vm, id=12098, stack(0x00007fd3e944c000,0x00007fd3e954d000)]

siginfo: si_signo: 11 (SIGSEGV), si_code: 1 (SEGV_MAPERR), si_addr: 0x0000000000000008

Registers:
RAX=0x00000000000001a8, RBX=0x00007fd3d04cff40, RCX=0x0000000000000033, RDX=0x00000007c08bb558
RSP=0x00007fd3e9549de0, RBP=0x00007fd3e9549f10, RSI=0x0000000000000000, RDI=0x00000007c08bb538
R8 =0x00007fd39649d078, R9 =0x00007fd3c4b06de0, R10=0x00007fd3ac000df0, R11=0x000000000000000c
R12=0x0000000781f80cd0, R13=0x0000000000000000, R14=0x0000000000000020, R15=0x0000000000000004
RIP=0x00007fd426a603a6, EFLAGS=0x0000000000010202, CSGSFS=0x002b000000000033, ERR=0x0000000000000004
  TRAPNO=0x000000000000000e

Top of Stack: (sp=0x00007fd3e9549de0)
0x00007fd3e9549de0:   00007fd3c000f0f0 00007fd3e9549eb0
0x00007fd3e9549df0:   00000007c08bb538 ffffffffffffffff
0x00007fd3e9549e00:   00007fd3e9549e50 00007fd3964b4988
0x00007fd3e9549e10:   00007fd3e9549e20 00007fd426d20366
0x00007fd3e9549e20:   00007fd3e9549ec0 00007fd3c4626740
0x00007fd3e9549e30:   00007fd3c43595b0 00000000000003d8
0x00007fd3e9549e40:   00007fd3d04d0318 00007fd3d04cff60
0x00007fd3e9549e50:   00000007c08b77f8 00000007c08bb538
0x00007fd3e9549e60:   01007fd3d04cff30 0000000000000000
0x00007fd3e9549e70:   00007fd3d04cff30 00007fd3c4b06dd8
0x00007fd3e9549e80:   00007fd3e9549f00 00007fd426c5e600
0x00007fd3e9549e90:   00007fd3c0010000 00007fd3e9549f80
0x00007fd3e9549ea0:   00007fd3c4353620 0000000000000005
0x00007fd3e9549eb0:   00007fd39649d078 00007fd3c0010000
0x00007fd3e9549ec0:   00007fd3964b4338 00000007c08b77f8
0x00007fd3e9549ed0:   0000000000000005 8c71f5d516993a00
0x00007fd3e9549ee0:   00007fd3e9549f00 00007fd3c0010000
0x00007fd3e9549ef0:   00007fd3964b49a0 00007fd3e9549f90
0x00007fd3e9549f00:   00007fd3964b4be8 00007fd3d04cff40
0x00007fd3e9549f10:   00007fd3e954a000 00007fd426a6232a
0x00007fd3e9549f20:   00007fd3c0010000 00007fd426a622ab
0x00007fd3e9549f30:   00007fd30000000b 8c71f5d516993a00
0x00007fd3e9549f40:   0000000000000053 0000000000000000
0x00007fd3e9549f50:   00007fd3c0010000 00000001e9549fb0
0x00007fd3e9549f60:   00007fd3964b49f0 00007fd300000001
0x00007fd3e9549f70:   00007fd3e9549f80 0000000500000005
0x00007fd3e9549f80:   00007fd3964b4be8 00007fd3c0010000
0x00007fd3e9549f90:   00007fd3c0010000 00007fd3c000f6e0
0x00007fd3e9549fa0:   00007fd3c4b06d80 00007fd3c4b06dd8
0x00007fd3e9549fb0:   00007fd3c4b06e68 00000000000000d8
0x00007fd3e9549fc0:   00007fd3e954a180 8c71f5d516993a00
0x00007fd3e9549fd0:   0000000000000005 00007fd3c0010000 

Instructions: (pc=0x00007fd426a603a6)
0x00007fd426a60386:   48 8d 45 b0 48 89 85 10 ff ff ff eb 40 0f 1f 44
0x00007fd426a60396:   00 00 48 63 43 08 4c 89 f2 48 03 13 4c 8b 2c 02
0x00007fd426a603a6:   49 8b 45 08 48 8b 7d 90 0f b7 48 22 48 8b 50 08
0x00007fd426a603b6:   48 3b 7c ca 50 0f 84 0f 01 00 00 41 83 c7 01 49 

Register to memory mapping:

RAX=0x00000000000001a8 is an unknown value
RBX=0x00007fd3d04cff40 is an unknown value
RCX=0x0000000000000033 is an unknown value
RDX=0x00000007c08bb558 is pointing into metadata
RSP=0x00007fd3e9549de0 is pointing into the stack for thread: 0x00007fd3c0010000
RBP=0x00007fd3e9549f10 is pointing into the stack for thread: 0x00007fd3c0010000
RSI=0x0000000000000000 is an unknown value
RDI=0x00000007c08bb538 is pointing into metadata
R8 ={method} {0x00007fd39649d078} 'tokenStore' '()Lorg/springframework/security/oauth2/provider/token/TokenStore;' in 'com/kisokolab/authserver/config/OAuth2AuthorizationServer'
R9 =0x00007fd3c4b06de0 is an unknown value
R10=0x00007fd3ac000df0 is an unknown value
R11=0x000000000000000c is an unknown value
R12=0x0000000781f80cd0 is an oop
org.springframework.boot.devtools.restart.classloader.RestartClassLoader 
 - klass: 'org/springframework/boot/devtools/restart/classloader/RestartClassLoader'
R13=0x0000000000000000 is an unknown value
R14=0x0000000000000020 is an unknown value
R15=0x0000000000000004 is an unknown value


Stack: [0x00007fd3e944c000,0x00007fd3e954d000],  sp=0x00007fd3e9549de0,  free space=1015k
Native frames: (J=compiled Java code, j=interpreted, Vv=VM code, C=native code)
V  [libjvm.so+0x7653a6]
V  [libjvm.so+0x76732a]
V  [libjvm.so+0x622d33]
V  [libjvm.so+0x6294ff]
V  [libjvm.so+0x629a80]
V  [libjvm.so+0x6b7c26]
V  [libjvm.so+0x6b7fbc]  JVM_FindClassFromCaller+0x17c
C  [libjava.so+0xd660]  Java_java_lang_Class_forName0+0x140
J 723  java.lang.Class.forName0(Ljava/lang/String;ZLjava/lang/ClassLoader;Ljava/lang/Class;)Ljava/lang/Class; (0 bytes) @ 0x00007fd411223e74 [0x00007fd411223d80+0xf4]
J 766 C1 java.lang.Class.forName(Ljava/lang/String;ZLjava/lang/ClassLoader;)Ljava/lang/Class; (53 bytes) @ 0x00007fd411235644 [0x00007fd411235520+0x124]
j  org.springframework.cglib.core.ReflectUtils.defineClass(Ljava/lang/String;[BLjava/lang/ClassLoader;Ljava/security/ProtectionDomain;Ljava/lang/Class;)Ljava/lang/Class;+390
j  org.springframework.cglib.core.AbstractClassGenerator.generate(Lorg/springframework/cglib/core/AbstractClassGenerator$ClassLoaderData;)Ljava/lang/Class;+184
j  org.springframework.cglib.proxy.Enhancer.generate(Lorg/springframework/cglib/core/AbstractClassGenerator$ClassLoaderData;)Ljava/lang/Class;+53
j  org.springframework.cglib.core.AbstractClassGenerator$ClassLoaderData$3.apply(Lorg/springframework/cglib/core/AbstractClassGenerator;)Ljava/lang/Object;+5
j  org.springframework.cglib.core.AbstractClassGenerator$ClassLoaderData$3.apply(Ljava/lang/Object;)Ljava/lang/Object;+5
j  org.springframework.cglib.core.internal.LoadingCache$2.call()Ljava/lang/Object;+11
j  java.util.concurrent.FutureTask.run()V+42
j  org.springframework.cglib.core.internal.LoadingCache.createEntry(Ljava/lang/Object;Ljava/lang/Object;Ljava/lang/Object;)Ljava/lang/Object;+58
j  org.springframework.cglib.core.internal.LoadingCache.get(Ljava/lang/Object;)Ljava/lang/Object;+39
j  org.springframework.cglib.core.AbstractClassGenerator$ClassLoaderData.get(Lorg/springframework/cglib/core/AbstractClassGenerator;Z)Ljava/lang/Object;+15
j  org.springframework.cglib.core.AbstractClassGenerator.create(Ljava/lang/Object;)Ljava/lang/Object;+115
j  org.springframework.cglib.proxy.Enhancer.createHelper()Ljava/lang/Object;+86
j  org.springframework.cglib.proxy.Enhancer.createClass()Ljava/lang/Class;+6
j  org.springframework.context.annotation.ConfigurationClassEnhancer.createClass(Lorg/springframework/cglib/proxy/Enhancer;)Ljava/lang/Class;+1
j  org.springframework.context.annotation.ConfigurationClassEnhancer.enhance(Ljava/lang/Class;Ljava/lang/ClassLoader;)Ljava/lang/Class;+53
j  org.springframework.context.annotation.ConfigurationClassPostProcessor.enhanceConfigurationClasses(Lorg/springframework/beans/factory/config/ConfigurableListableBeanFactory;)V+381
j  org.springframework.context.annotation.ConfigurationClassPostProcessor.postProcessBeanFactory(Lorg/springframework/beans/factory/config/ConfigurableListableBeanFactory;)V+88
j  org.springframework.context.support.PostProcessorRegistrationDelegate.invokeBeanFactoryPostProcessors(Ljava/util/Collection;Lorg/springframework/beans/factory/config/ConfigurableListableBeanFactory;)V+28
j  org.springframework.context.support.PostProcessorRegistrationDelegate.invokeBeanFactoryPostProcessors(Lorg/springframework/beans/factory/config/ConfigurableListableBeanFactory;Ljava/util/List;)V+494
j  org.springframework.context.support.AbstractApplicationContext.invokeBeanFactoryPostProcessors(Lorg/springframework/beans/factory/config/ConfigurableListableBeanFactory;)V+5
j  org.springframework.context.support.AbstractApplicationContext.refresh()V+28
j  org.springframework.boot.web.servlet.context.ServletWebServerApplicationContext.refresh()V+1
j  org.springframework.boot.SpringApplication.refresh(Lorg/springframework/context/ConfigurableApplicationContext;)V+1
j  org.springframework.boot.SpringApplication.refresh(Lorg/springframework/context/ApplicationContext;)V+11
j  org.springframework.boot.SpringApplication.refreshContext(Lorg/springframework/context/ConfigurableApplicationContext;)V+2
j  org.springframework.boot.SpringApplication.run([Ljava/lang/String;)Lorg/springframework/context/ConfigurableApplicationContext;+118
j  org.springframework.boot.SpringApplication.run([Ljava/lang/Class;[Ljava/lang/String;)Lorg/springframework/context/ConfigurableApplicationContext;+9
j  org.springframework.boot.SpringApplication.run(Ljava/lang/Class;[Ljava/lang/String;)Lorg/springframework/context/ConfigurableApplicationContext;+9
j  com.kisokolab.authserver.AuthserverApplication.main([Ljava/lang/String;)V+3
v  ~StubRoutines::call_stub
V  [libjvm.so+0x66abf0]
V  [libjvm.so+0x94b309]
V  [libjvm.so+0x94d02f]
V  [libjvm.so+0x6b87f7]  JVM_InvokeMethod+0x137
J 1873  sun.reflect.NativeMethodAccessorImpl.invoke0(Ljava/lang/reflect/Method;Ljava/lang/Object;[Ljava/lang/Object;)Ljava/lang/Object; (0 bytes) @ 0x00007fd4113e8e6d [0x00007fd4113e8d80+0xed]
J 2265 C1 sun.reflect.NativeMethodAccessorImpl.invoke(Ljava/lang/Object;[Ljava/lang/Object;)Ljava/lang/Object; (104 bytes) @ 0x00007fd4114a26cc [0x00007fd4114a2320+0x3ac]
J 1937 C1 sun.reflect.DelegatingMethodAccessorImpl.invoke(Ljava/lang/Object;[Ljava/lang/Object;)Ljava/lang/Object; (10 bytes) @ 0x00007fd4114075c4 [0x00007fd411407580+0x44]
J 1751 C1 java.lang.reflect.Method.invoke(Ljava/lang/Object;[Ljava/lang/Object;)Ljava/lang/Object; (62 bytes) @ 0x00007fd4113b5fa4 [0x00007fd4113b5ea0+0x104]
j  org.springframework.boot.devtools.restart.RestartLauncher.run()V+42
v  ~StubRoutines::call_stub
V  [libjvm.so+0x66abf0]
V  [libjvm.so+0x6680d4]
V  [libjvm.so+0x6686b7]
V  [libjvm.so+0x6acad4]
V  [libjvm.so+0xa1ff87]
V  [libjvm.so+0xa20370]
V  [libjvm.so+0x8c6042]
C  [libpthread.so.0+0x76ba]  start_thread+0xca

Java frames: (J=compiled Java code, j=interpreted, Vv=VM code)
J 723  java.lang.Class.forName0(Ljava/lang/String;ZLjava/lang/ClassLoader;Ljava/lang/Class;)Ljava/lang/Class; (0 bytes) @ 0x00007fd411223dfa [0x00007fd411223d80+0x7a]
J 766 C1 java.lang.Class.forName(Ljava/lang/String;ZLjava/lang/ClassLoader;)Ljava/lang/Class; (53 bytes) @ 0x00007fd411235644 [0x00007fd411235520+0x124]
j  org.springframework.cglib.core.ReflectUtils.defineClass(Ljava/lang/String;[BLjava/lang/ClassLoader;Ljava/security/ProtectionDomain;Ljava/lang/Class;)Ljava/lang/Class;+390
j  org.springframework.cglib.core.AbstractClassGenerator.generate(Lorg/springframework/cglib/core/AbstractClassGenerator$ClassLoaderData;)Ljava/lang/Class;+184
j  org.springframework.cglib.proxy.Enhancer.generate(Lorg/springframework/cglib/core/AbstractClassGenerator$ClassLoaderData;)Ljava/lang/Class;+53
j  org.springframework.cglib.core.AbstractClassGenerator$ClassLoaderData$3.apply(Lorg/springframework/cglib/core/AbstractClassGenerator;)Ljava/lang/Object;+5
j  org.springframework.cglib.core.AbstractClassGenerator$ClassLoaderData$3.apply(Ljava/lang/Object;)Ljava/lang/Object;+5
j  org.springframework.cglib.core.internal.LoadingCache$2.call()Ljava/lang/Object;+11
j  java.util.concurrent.FutureTask.run()V+42
j  org.springframework.cglib.core.internal.LoadingCache.createEntry(Ljava/lang/Object;Ljava/lang/Object;Ljava/lang/Object;)Ljava/lang/Object;+58
j  org.springframework.cglib.core.internal.LoadingCache.get(Ljava/lang/Object;)Ljava/lang/Object;+39
j  org.springframework.cglib.core.AbstractClassGenerator$ClassLoaderData.get(Lorg/springframework/cglib/core/AbstractClassGenerator;Z)Ljava/lang/Object;+15
j  org.springframework.cglib.core.AbstractClassGenerator.create(Ljava/lang/Object;)Ljava/lang/Object;+115
j  org.springframework.cglib.proxy.Enhancer.createHelper()Ljava/lang/Object;+86
j  org.springframework.cglib.proxy.Enhancer.createClass()Ljava/lang/Class;+6
j  org.springframework.context.annotation.ConfigurationClassEnhancer.createClass(Lorg/springframework/cglib/proxy/Enhancer;)Ljava/lang/Class;+1
j  org.springframework.context.annotation.ConfigurationClassEnhancer.enhance(Ljava/lang/Class;Ljava/lang/ClassLoader;)Ljava/lang/Class;+53
j  org.springframework.context.annotation.ConfigurationClassPostProcessor.enhanceConfigurationClasses(Lorg/springframework/beans/factory/config/ConfigurableListableBeanFactory;)V+381
j  org.springframework.context.annotation.ConfigurationClassPostProcessor.postProcessBeanFactory(Lorg/springframework/beans/factory/config/ConfigurableListableBeanFactory;)V+88
j  org.springframework.context.support.PostProcessorRegistrationDelegate.invokeBeanFactoryPostProcessors(Ljava/util/Collection;Lorg/springframework/beans/factory/config/ConfigurableListableBeanFactory;)V+28
j  org.springframework.context.support.PostProcessorRegistrationDelegate.invokeBeanFactoryPostProcessors(Lorg/springframework/beans/factory/config/ConfigurableListableBeanFactory;Ljava/util/List;)V+494
j  org.springframework.context.support.AbstractApplicationContext.invokeBeanFactoryPostProcessors(Lorg/springframework/beans/factory/config/ConfigurableListableBeanFactory;)V+5
j  org.springframework.context.support.AbstractApplicationContext.refresh()V+28
j  org.springframework.boot.web.servlet.context.ServletWebServerApplicationContext.refresh()V+1
j  org.springframework.boot.SpringApplication.refresh(Lorg/springframework/context/ConfigurableApplicationContext;)V+1
j  org.springframework.boot.SpringApplication.refresh(Lorg/springframework/context/ApplicationContext;)V+11
j  org.springframework.boot.SpringApplication.refreshContext(Lorg/springframework/context/ConfigurableApplicationContext;)V+2
j  org.springframework.boot.SpringApplication.run([Ljava/lang/String;)Lorg/springframework/context/ConfigurableApplicationContext;+118
j  org.springframework.boot.SpringApplication.run([Ljava/lang/Class;[Ljava/lang/String;)Lorg/springframework/context/ConfigurableApplicationContext;+9
j  org.springframework.boot.SpringApplication.run(Ljava/lang/Class;[Ljava/lang/String;)Lorg/springframework/context/ConfigurableApplicationContext;+9
j  com.kisokolab.authserver.AuthserverApplication.main([Ljava/lang/String;)V+3
v  ~StubRoutines::call_stub
J 1873  sun.reflect.NativeMethodAccessorImpl.invoke0(Ljava/lang/reflect/Method;Ljava/lang/Object;[Ljava/lang/Object;)Ljava/lang/Object; (0 bytes) @ 0x00007fd4113e8df7 [0x00007fd4113e8d80+0x77]
J 2265 C1 sun.reflect.NativeMethodAccessorImpl.invoke(Ljava/lang/Object;[Ljava/lang/Object;)Ljava/lang/Object; (104 bytes) @ 0x00007fd4114a26cc [0x00007fd4114a2320+0x3ac]
J 1937 C1 sun.reflect.DelegatingMethodAccessorImpl.invoke(Ljava/lang/Object;[Ljava/lang/Object;)Ljava/lang/Object; (10 bytes) @ 0x00007fd4114075c4 [0x00007fd411407580+0x44]
J 1751 C1 java.lang.reflect.Method.invoke(Ljava/lang/Object;[Ljava/lang/Object;)Ljava/lang/Object; (62 bytes) @ 0x00007fd4113b5fa4 [0x00007fd4113b5ea0+0x104]
j  org.springframework.boot.devtools.restart.RestartLauncher.run()V+42
v  ~StubRoutines::call_stub

---------------  P R O C E S S  ---------------

Java Threads: ( => current thread )
=>0x00007fd3c0010000 JavaThread "restartedMain" [_thread_in_vm, id=12098, stack(0x00007fd3e944c000,0x00007fd3e954d000)]
  0x00007fd38416d800 JavaThread "Thread-14" [_thread_blocked, id=12093, stack(0x00007fd3eaa52000,0x00007fd3eab53000)]
  0x00007fd3c8001800 JavaThread "RMI TCP Connection(idle)" daemon [_thread_blocked, id=11328, stack(0x00007fd3eac54000,0x00007fd3ead55000)]
  0x00007fd420011000 JavaThread "DestroyJavaVM" [_thread_blocked, id=11057, stack(0x00007fd427f66000,0x00007fd428067000)]
  0x00007fd39000b000 JavaThread "Live Reload Server" daemon [_thread_in_native, id=11128, stack(0x00007fd3e8041000,0x00007fd3e8142000)]
  0x00007fd3c4b33800 JavaThread "mysql-cj-abandoned-connection-cleanup" daemon [_thread_blocked, id=11114, stack(0x00007fd3e934b000,0x00007fd3e944c000)]
  0x00007fd3bc011800 JavaThread "RMI Scheduler(0)" daemon [_thread_blocked, id=11094, stack(0x00007fd3ea850000,0x00007fd3ea951000)]
  0x00007fd3e4001000 JavaThread "Attach Listener" daemon [_thread_blocked, id=11090, stack(0x00007fd3eab53000,0x00007fd3eac54000)]
  0x00007fd42076f000 JavaThread "RMI TCP Accept-0" daemon [_thread_in_native, id=11083, stack(0x00007fd3eb157000,0x00007fd3eb258000)]
  0x00007fd42068d000 JavaThread "Service Thread" daemon [_thread_blocked, id=11082, stack(0x00007fd3eb467000,0x00007fd3eb568000)]
  0x00007fd420689000 JavaThread "C1 CompilerThread2" daemon [_thread_blocked, id=11081, stack(0x00007fd3eb568000,0x00007fd3eb669000)]
  0x00007fd420687000 JavaThread "C2 CompilerThread1" daemon [_thread_blocked, id=11080, stack(0x00007fd3eb669000,0x00007fd3eb76a000)]
  0x00007fd420685000 JavaThread "C2 CompilerThread0" daemon [_thread_blocked, id=11079, stack(0x00007fd3eb76a000,0x00007fd3eb86b000)]
  0x00007fd420683000 JavaThread "Monitor Ctrl-Break" daemon [_thread_in_native, id=11078, stack(0x00007fd3eb86b000,0x00007fd3eb96c000)]
  0x00007fd420185000 JavaThread "Signal Dispatcher" daemon [_thread_blocked, id=11077, stack(0x00007fd408197000,0x00007fd408298000)]
  0x00007fd420154000 JavaThread "Finalizer" daemon [_thread_blocked, id=11070, stack(0x00007fd4086a1000,0x00007fd4087a2000)]
  0x00007fd42014f800 JavaThread "Reference Handler" daemon [_thread_blocked, id=11069, stack(0x00007fd4087a2000,0x00007fd4088a3000)]

Other Threads:
  0x00007fd420146000 VMThread [stack: 0x00007fd4088a3000,0x00007fd4089a4000] [id=11068]
  0x00007fd420783800 WatcherThread [stack: 0x00007fd3eb056000,0x00007fd3eb157000] [id=11084]

VM state:not at safepoint (normal execution)

VM Mutex/Monitor currently owned by a thread: None

heap address: 0x0000000705e00000, size: 2978 MB, Compressed Oops mode: Zero based, Oop shift amount: 3
Narrow klass base: 0x0000000000000000, Narrow klass shift: 3
Compressed class space size: 1073741824 Address: 0x00000007c0000000

Heap:
 PSYoungGen      total 427520K, used 113065K [0x0000000781f80000, 0x00000007a3100000, 0x00000007c0000000)
  eden space 405504K, 27% used [0x0000000781f80000,0x0000000788dea440,0x000000079ab80000)
  from space 22016K, 0% used [0x000000079ab80000,0x000000079ab80000,0x000000079c100000)
  to   space 22016K, 0% used [0x00000007a1b80000,0x00000007a1b80000,0x00000007a3100000)
 ParOldGen       total 163328K, used 28465K [0x0000000705e00000, 0x000000070fd80000, 0x0000000781f80000)
  object space 163328K, 17% used [0x0000000705e00000,0x00000007079cc698,0x000000070fd80000)
 Metaspace       used 59122K, capacity 63078K, committed 63360K, reserved 1103872K
  class space    used 8246K, capacity 8969K, committed 9088K, reserved 1048576K

Card table byte_map: [0x00007fd410a2e000,0x00007fd411000000] byte_map_base: 0x00007fd40d1ff000

Marking Bits: (ParMarkBitMap*) 0x00007fd4272335a0
 Begin Bits: [0x00007fd40a91a000, 0x00007fd40d7a2000)
 End Bits:   [0x00007fd40d7a2000, 0x00007fd41062a000)

Polling page: 0x00007fd428087000

CodeCache: size=245760Kb used=10304Kb max_used=10304Kb free=235455Kb
 bounds [0x00007fd411000000, 0x00007fd411a20000, 0x00007fd420000000]
 total_blobs=6002 nmethods=5431 adapters=484
 compilation: enabled

Compilation events (10 events):
Event: 225.322 Thread 0x00007fd420689000 nmethod 5536 0x00007fd411a0ef90 code [0x00007fd411a0f180, 0x00007fd411a0f618]
Event: 225.322 Thread 0x00007fd420689000 5537       1       java.lang.Integer::toHexString (6 bytes)
Event: 225.322 Thread 0x00007fd420689000 nmethod 5537 0x00007fd411a0f990 code [0x00007fd411a0fb00, 0x00007fd411a0fc08]
Event: 225.322 Thread 0x00007fd420689000 5539       1       org.springframework.asm.ClassWriter::visitField (53 bytes)
Event: 225.323 Thread 0x00007fd420689000 nmethod 5539 0x00007fd411a0fc90 code [0x00007fd411a0fe00, 0x00007fd411a10048]
Event: 225.323 Thread 0x00007fd420689000 5538       1       java.lang.Integer::toUnsignedString0 (46 bytes)
Event: 225.323 Thread 0x00007fd420689000 nmethod 5538 0x00007fd411a10150 code [0x00007fd411a102c0, 0x00007fd411a10538]
Event: 225.323 Thread 0x00007fd420689000 5540       1       org.springframework.cglib.proxy.Enhancer::getCallbackField (21 bytes)
Event: 225.323 Thread 0x00007fd420689000 nmethod 5540 0x00007fd411a10650 code [0x00007fd411a107e0, 0x00007fd411a10aa8]
Event: 225.323 Thread 0x00007fd420689000 5541       1       org.springframework.asm.FieldWriter::computeFieldInfoSize (86 bytes)

GC Heap History (10 events):
Event: 6.038 GC heap before
{Heap before GC invocations=11 (full 2):
 PSYoungGen      total 330752K, used 316416K [0x0000000781f80000, 0x0000000797580000, 0x00000007c0000000)
  eden space 316416K, 100% used [0x0000000781f80000,0x0000000795480000,0x0000000795480000)
  from space 14336K, 0% used [0x0000000796780000,0x0000000796780000,0x0000000797580000)
  to   space 16384K, 0% used [0x0000000795580000,0x0000000795580000,0x0000000796580000)
 ParOldGen       total 118272K, used 20485K [0x0000000705e00000, 0x000000070d180000, 0x0000000781f80000)
  object space 118272K, 17% used [0x0000000705e00000,0x0000000707201710,0x000000070d180000)
 Metaspace       used 53944K, capacity 57378K, committed 57600K, reserved 1099776K
  class space    used 7519K, capacity 8140K, committed 8192K, reserved 1048576K
Event: 6.061 GC heap after
Heap after GC invocations=11 (full 2):
 PSYoungGen      total 333824K, used 16379K [0x0000000781f80000, 0x000000079d800000, 0x00000007c0000000)
  eden space 317440K, 0% used [0x0000000781f80000,0x0000000781f80000,0x0000000795580000)
  from space 16384K, 99% used [0x0000000795580000,0x000000079657edc0,0x0000000796580000)
  to   space 23040K, 0% used [0x000000079c180000,0x000000079c180000,0x000000079d800000)
 ParOldGen       total 118272K, used 31099K [0x0000000705e00000, 0x000000070d180000, 0x0000000781f80000)
  object space 118272K, 26% used [0x0000000705e00000,0x0000000707c5ed30,0x000000070d180000)
 Metaspace       used 53944K, capacity 57378K, committed 57600K, reserved 1099776K
  class space    used 7519K, capacity 8140K, committed 8192K, reserved 1048576K
}
Event: 6.471 GC heap before
{Heap before GC invocations=12 (full 2):
 PSYoungGen      total 333824K, used 72649K [0x0000000781f80000, 0x000000079d800000, 0x00000007c0000000)
  eden space 317440K, 17% used [0x0000000781f80000,0x0000000785673728,0x0000000795580000)
  from space 16384K, 99% used [0x0000000795580000,0x000000079657edc0,0x0000000796580000)
  to   space 23040K, 0% used [0x000000079c180000,0x000000079c180000,0x000000079d800000)
 ParOldGen       total 118272K, used 31099K [0x0000000705e00000, 0x000000070d180000, 0x0000000781f80000)
  object space 118272K, 26% used [0x0000000705e00000,0x0000000707c5ed30,0x000000070d180000)
 Metaspace       used 55276K, capacity 58904K, committed 59028K, reserved 1099776K
  class space    used 7719K, capacity 8345K, committed 8448K, reserved 1048576K
Event: 6.485 GC heap after
Heap after GC invocations=12 (full 2):
 PSYoungGen      total 427008K, used 11039K [0x0000000781f80000, 0x000000079d680000, 0x00000007c0000000)
  eden space 405504K, 0% used [0x0000000781f80000,0x0000000781f80000,0x000000079ab80000)
  from space 21504K, 51% used [0x000000079c180000,0x000000079cc47f60,0x000000079d680000)
  to   space 22016K, 0% used [0x000000079ab80000,0x000000079ab80000,0x000000079c100000)
 ParOldGen       total 118272K, used 31107K [0x0000000705e00000, 0x000000070d180000, 0x0000000781f80000)
  object space 118272K, 26% used [0x0000000705e00000,0x0000000707c60d30,0x000000070d180000)
 Metaspace       used 55276K, capacity 58904K, committed 59028K, reserved 1099776K
  class space    used 7719K, capacity 8345K, committed 8448K, reserved 1048576K
}
Event: 6.485 GC heap before
{Heap before GC invocations=13 (full 3):
 PSYoungGen      total 427008K, used 11039K [0x0000000781f80000, 0x000000079d680000, 0x00000007c0000000)
  eden space 405504K, 0% used [0x0000000781f80000,0x0000000781f80000,0x000000079ab80000)
  from space 21504K, 51% used [0x000000079c180000,0x000000079cc47f60,0x000000079d680000)
  to   space 22016K, 0% used [0x000000079ab80000,0x000000079ab80000,0x000000079c100000)
 ParOldGen       total 118272K, used 31107K [0x0000000705e00000, 0x000000070d180000, 0x0000000781f80000)
  object space 118272K, 26% used [0x0000000705e00000,0x0000000707c60d30,0x000000070d180000)
 Metaspace       used 55276K, capacity 58904K, committed 59028K, reserved 1099776K
  class space    used 7719K, capacity 8345K, committed 8448K, reserved 1048576K
Event: 6.678 GC heap after
Heap after GC invocations=13 (full 3):
 PSYoungGen      total 427008K, used 0K [0x0000000781f80000, 0x000000079d680000, 0x00000007c0000000)
  eden space 405504K, 0% used [0x0000000781f80000,0x0000000781f80000,0x000000079ab80000)
  from space 21504K, 0% used [0x000000079c180000,0x000000079c180000,0x000000079d680000)
  to   space 22016K, 0% used [0x000000079ab80000,0x000000079ab80000,0x000000079c100000)
 ParOldGen       total 163328K, used 26469K [0x0000000705e00000, 0x000000070fd80000, 0x0000000781f80000)
  object space 163328K, 16% used [0x0000000705e00000,0x00000007077d9770,0x000000070fd80000)
 Metaspace       used 55272K, capacity 58898K, committed 59028K, reserved 1099776K
  class space    used 7719K, capacity 8344K, committed 8448K, reserved 1048576K
}
Event: 224.452 GC heap before
{Heap before GC invocations=14 (full 3):
 PSYoungGen      total 427008K, used 138779K [0x0000000781f80000, 0x000000079d680000, 0x00000007c0000000)
  eden space 405504K, 34% used [0x0000000781f80000,0x000000078a706fe0,0x000000079ab80000)
  from space 21504K, 0% used [0x000000079c180000,0x000000079c180000,0x000000079d680000)
  to   space 22016K, 0% used [0x000000079ab80000,0x000000079ab80000,0x000000079c100000)
 ParOldGen       total 163328K, used 26469K [0x0000000705e00000, 0x000000070fd80000, 0x0000000781f80000)
  object space 163328K, 16% used [0x0000000705e00000,0x00000007077d9770,0x000000070fd80000)
 Metaspace       used 58977K, capacity 62862K, committed 62976K, reserved 1103872K
  class space    used 8229K, capacity 8925K, committed 8960K, reserved 1048576K
Event: 224.458 GC heap after
Heap after GC invocations=14 (full 3):
 PSYoungGen      total 427520K, used 4378K [0x0000000781f80000, 0x00000007a3100000, 0x00000007c0000000)
  eden space 405504K, 0% used [0x0000000781f80000,0x0000000781f80000,0x000000079ab80000)
  from space 22016K, 19% used [0x000000079ab80000,0x000000079afc6a38,0x000000079c100000)
  to   space 22016K, 0% used [0x00000007a1b80000,0x00000007a1b80000,0x00000007a3100000)
 ParOldGen       total 163328K, used 26477K [0x0000000705e00000, 0x000000070fd80000, 0x0000000781f80000)
  object space 163328K, 16% used [0x0000000705e00000,0x00000007077db770,0x000000070fd80000)
 Metaspace       used 58977K, capacity 62862K, committed 62976K, reserved 1103872K
  class space    used 8229K, capacity 8925K, committed 8960K, reserved 1048576K
}
Event: 224.458 GC heap before
{Heap before GC invocations=15 (full 4):
 PSYoungGen      total 427520K, used 4378K [0x0000000781f80000, 0x00000007a3100000, 0x00000007c0000000)
  eden space 405504K, 0% used [0x0000000781f80000,0x0000000781f80000,0x000000079ab80000)
  from space 22016K, 19% used [0x000000079ab80000,0x000000079afc6a38,0x000000079c100000)
  to   space 22016K, 0% used [0x00000007a1b80000,0x00000007a1b80000,0x00000007a3100000)
 ParOldGen       total 163328K, used 26477K [0x0000000705e00000, 0x000000070fd80000, 0x0000000781f80000)
  object space 163328K, 16% used [0x0000000705e00000,0x00000007077db770,0x000000070fd80000)
 Metaspace       used 58977K, capacity 62862K, committed 62976K, reserved 1103872K
  class space    used 8229K, capacity 8925K, committed 8960K, reserved 1048576K
Event: 224.814 GC heap after
Heap after GC invocations=15 (full 4):
 PSYoungGen      total 427520K, used 0K [0x0000000781f80000, 0x00000007a3100000, 0x00000007c0000000)
  eden space 405504K, 0% used [0x0000000781f80000,0x0000000781f80000,0x000000079ab80000)
  from space 22016K, 0% used [0x000000079ab80000,0x000000079ab80000,0x000000079c100000)
  to   space 22016K, 0% used [0x00000007a1b80000,0x00000007a1b80000,0x00000007a3100000)
 ParOldGen       total 163328K, used 28465K [0x0000000705e00000, 0x000000070fd80000, 0x0000000781f80000)
  object space 163328K, 17% used [0x0000000705e00000,0x00000007079cc698,0x000000070fd80000)
 Metaspace       used 58977K, capacity 62862K, committed 62976K, reserved 1103872K
  class space    used 8229K, capacity 8925K, committed 8960K, reserved 1048576K
}

Deoptimization events (0 events):
No events

Classes redefined (0 events):
No events

Internal exceptions (10 events):
Event: 225.273 Thread 0x00007fd3c0010000 Exception <a 'java/lang/ArrayIndexOutOfBoundsException'> (0x000000078870ff28) thrown at [/build/openjdk-8-uwNjBd/openjdk-8-8u252-b09/src/hotspot/src/share/vm/runtime/sharedRuntime.cpp, line 605]
Event: 225.275 Thread 0x00007fd3c0010000 Exception <a 'java/lang/ArrayIndexOutOfBoundsException'> (0x000000078876e340) thrown at [/build/openjdk-8-uwNjBd/openjdk-8-8u252-b09/src/hotspot/src/share/vm/runtime/sharedRuntime.cpp, line 605]
Event: 225.277 Thread 0x00007fd3c0010000 Exception <a 'java/lang/ArrayIndexOutOfBoundsException'> (0x00000007887c6708) thrown at [/build/openjdk-8-uwNjBd/openjdk-8-8u252-b09/src/hotspot/src/share/vm/runtime/sharedRuntime.cpp, line 605]
Event: 225.279 Thread 0x00007fd3c0010000 Exception <a 'java/lang/ArrayIndexOutOfBoundsException'> (0x0000000788822d28) thrown at [/build/openjdk-8-uwNjBd/openjdk-8-8u252-b09/src/hotspot/src/share/vm/runtime/sharedRuntime.cpp, line 605]
Event: 225.286 Thread 0x00007fd3c0010000 Exception <a 'java/lang/ArrayIndexOutOfBoundsException'> (0x00000007888fc480) thrown at [/build/openjdk-8-uwNjBd/openjdk-8-8u252-b09/src/hotspot/src/share/vm/runtime/sharedRuntime.cpp, line 605]
Event: 225.287 Thread 0x00007fd3c0010000 Exception <a 'java/lang/ArrayIndexOutOfBoundsException'> (0x0000000788920ce8) thrown at [/build/openjdk-8-uwNjBd/openjdk-8-8u252-b09/src/hotspot/src/share/vm/runtime/sharedRuntime.cpp, line 605]
Event: 225.296 Thread 0x00007fd3c0010000 Exception <a 'java/lang/ArrayIndexOutOfBoundsException'> (0x0000000788aa48d8) thrown at [/build/openjdk-8-uwNjBd/openjdk-8-8u252-b09/src/hotspot/src/share/vm/runtime/sharedRuntime.cpp, line 605]
Event: 225.301 Thread 0x00007fd3c0010000 Exception <a 'java/lang/ArrayIndexOutOfBoundsException'> (0x0000000788b29338) thrown at [/build/openjdk-8-uwNjBd/openjdk-8-8u252-b09/src/hotspot/src/share/vm/runtime/sharedRuntime.cpp, line 605]
Event: 225.308 Thread 0x00007fd3c0010000 Exception <a 'java/lang/ArrayIndexOutOfBoundsException'> (0x0000000788ba9e00) thrown at [/build/openjdk-8-uwNjBd/openjdk-8-8u252-b09/src/hotspot/src/share/vm/runtime/sharedRuntime.cpp, line 605]
Event: 225.311 Thread 0x00007fd3c0010000 Exception <a 'java/lang/ArrayIndexOutOfBoundsException'> (0x0000000788bfea90) thrown at [/build/openjdk-8-uwNjBd/openjdk-8-8u252-b09/src/hotspot/src/share/vm/runtime/sharedRuntime.cpp, line 605]

Events (10 events):
Event: 225.291 loading class org/springframework/web/reactive/HandlerResult
Event: 225.291 loading class org/springframework/web/reactive/HandlerResult done
Event: 225.291 loading class org/springframework/messaging/rsocket/annotation/support/RSocketMessageHandler
Event: 225.291 loading class org/springframework/messaging/rsocket/annotation/support/RSocketMessageHandler done
Event: 225.295 loading class org/springframework/security/oauth2/jwt/JwtDecoder
Event: 225.295 loading class org/springframework/security/oauth2/jwt/JwtDecoder done
Event: 225.295 loading class org/springframework/security/oauth2/server/resource/introspection/OpaqueTokenIntrospector
Event: 225.295 loading class org/springframework/security/oauth2/server/resource/introspection/OpaqueTokenIntrospector done
Event: 225.320 Executing VM operation: ForceSafepoint
Event: 225.320 Executing VM operation: ForceSafepoint done


Dynamic libraries:
705e00000-70fd80000 rw-p 00000000 00:00 0 
70fd80000-781f80000 ---p 00000000 00:00 0 
781f80000-7a3100000 rw-p 00000000 00:00 0 
7a3100000-7c0000000 ---p 00000000 00:00 0 
7c0000000-7c08e0000 rw-p 00000000 00:00 0 
7c08e0000-800000000 ---p 00000000 00:00 0 
5627b4bcd000-5627b4bce000 r-xp 00000000 08:02 24643205                   /usr/lib/jvm/java-8-openjdk-amd64/jre/bin/java
5627b4dcd000-5627b4dce000 r--p 00000000 08:02 24643205                   /usr/lib/jvm/java-8-openjdk-amd64/jre/bin/java
5627b4dce000-5627b4dcf000 rw-p 00001000 08:02 24643205                   /usr/lib/jvm/java-8-openjdk-amd64/jre/bin/java
5627b5294000-5627b52b5000 rw-p 00000000 00:00 0                          [heap]
7fd384000000-7fd38417e000 rw-p 00000000 00:00 0 
7fd38417e000-7fd388000000 ---p 00000000 00:00 0 
7fd38c000000-7fd38c021000 rw-p 00000000 00:00 0 
7fd38c021000-7fd390000000 ---p 00000000 00:00 0 
7fd390000000-7fd390027000 rw-p 00000000 00:00 0 
7fd390027000-7fd394000000 ---p 00000000 00:00 0 
7fd3963f0000-7fd3964f0000 rw-p 00000000 00:00 0 
7fd3964f0000-7fd3965f0000 ---p 00000000 00:00 0 
7fd3965f0000-7fd3967f0000 rw-p 00000000 00:00 0 
7fd3967f0000-7fd3967f3000 ---p 00000000 00:00 0 
7fd3967f3000-7fd396af1000 rw-p 00000000 00:00 0 
7fd396af1000-7fd396af4000 ---p 00000000 00:00 0 
7fd396af4000-7fd396df2000 rw-p 00000000 00:00 0 
7fd396df2000-7fd396df5000 ---p 00000000 00:00 0 
7fd396df5000-7fd396ef3000 rw-p 00000000 00:00 0 
7fd396ef3000-7fd396ef6000 ---p 00000000 00:00 0 
7fd396ef6000-7fd396ff4000 rw-p 00000000 00:00 0 
7fd396ff4000-7fd396ff7000 ---p 00000000 00:00 0 
7fd396ff7000-7fd3970f5000 rw-p 00000000 00:00 0 
7fd3970f5000-7fd3970f8000 ---p 00000000 00:00 0 
7fd3970f8000-7fd3971f6000 rw-p 00000000 00:00 0 
7fd3971f6000-7fd3971f9000 ---p 00000000 00:00 0 
7fd3971f9000-7fd3972f7000 rw-p 00000000 00:00 0 
7fd3972f7000-7fd3972fa000 ---p 00000000 00:00 0 
7fd3972fa000-7fd3973f8000 rw-p 00000000 00:00 0 
7fd3973f8000-7fd3973fb000 ---p 00000000 00:00 0 
7fd3973fb000-7fd3974f9000 rw-p 00000000 00:00 0 
7fd3974f9000-7fd3974fc000 ---p 00000000 00:00 0 
7fd3974fc000-7fd3975fa000 rw-p 00000000 00:00 0 
7fd3975fa000-7fd3975fd000 ---p 00000000 00:00 0 
7fd3975fd000-7fd3976fb000 rw-p 00000000 00:00 0 
7fd3976fb000-7fd3976fe000 ---p 00000000 00:00 0 
7fd3976fe000-7fd3977fc000 rw-p 00000000 00:00 0 
7fd3977fc000-7fd3977ff000 ---p 00000000 00:00 0 
7fd3977ff000-7fd3978fd000 rw-p 00000000 00:00 0 
7fd3978fd000-7fd397900000 ---p 00000000 00:00 0 
7fd397900000-7fd3979fe000 rw-p 00000000 00:00 0 
7fd3979fe000-7fd397a01000 ---p 00000000 00:00 0 
7fd397a01000-7fd397aff000 rw-p 00000000 00:00 0 
7fd397aff000-7fd397b02000 ---p 00000000 00:00 0 
7fd397b02000-7fd397e00000 rw-p 00000000 00:00 0 
7fd397e00000-7fd398000000 rw-p 00000000 00:00 0 
7fd398000000-7fd398021000 rw-p 00000000 00:00 0 
7fd398021000-7fd39c000000 ---p 00000000 00:00 0 
7fd39c000000-7fd39c47a000 rw-p 00000000 00:00 0 
7fd39c47a000-7fd3a0000000 ---p 00000000 00:00 0 
7fd3a0000000-7fd3a002c000 rw-p 00000000 00:00 0 
7fd3a002c000-7fd3a4000000 ---p 00000000 00:00 0 
7fd3a4000000-7fd3a4021000 rw-p 00000000 00:00 0 
7fd3a4021000-7fd3a8000000 ---p 00000000 00:00 0 
7fd3a8000000-7fd3a802c000 rw-p 00000000 00:00 0 
7fd3a802c000-7fd3ac000000 ---p 00000000 00:00 0 
7fd3ac000000-7fd3ac077000 rw-p 00000000 00:00 0 
7fd3ac077000-7fd3b0000000 ---p 00000000 00:00 0 
7fd3b0000000-7fd3b0207000 rw-p 00000000 00:00 0 
7fd3b0207000-7fd3b4000000 ---p 00000000 00:00 0 
7fd3b4000000-7fd3b4021000 rw-p 00000000 00:00 0 
7fd3b4021000-7fd3b8000000 ---p 00000000 00:00 0 
7fd3b8000000-7fd3b8021000 rw-p 00000000 00:00 0 
7fd3b8021000-7fd3bc000000 ---p 00000000 00:00 0 
7fd3bc000000-7fd3bc06f000 rw-p 00000000 00:00 0 
7fd3bc06f000-7fd3c0000000 ---p 00000000 00:00 0 
7fd3c0000000-7fd3c0021000 rw-p 00000000 00:00 0 
7fd3c0021000-7fd3c4000000 ---p 00000000 00:00 0 
7fd3c4000000-7fd3c5192000 rw-p 00000000 00:00 0 
7fd3c5192000-7fd3c8000000 ---p 00000000 00:00 0 
7fd3c8000000-7fd3c8021000 rw-p 00000000 00:00 0 
7fd3c8021000-7fd3cc000000 ---p 00000000 00:00 0 
7fd3cc000000-7fd3cc021000 rw-p 00000000 00:00 0 
7fd3cc021000-7fd3d0000000 ---p 00000000 00:00 0 
7fd3d0000000-7fd3d064f000 rw-p 00000000 00:00 0 
7fd3d064f000-7fd3d4000000 ---p 00000000 00:00 0 
7fd3d4000000-7fd3d4021000 rw-p 00000000 00:00 0 
7fd3d4021000-7fd3d8000000 ---p 00000000 00:00 0 
7fd3d8000000-7fd3d803e000 rw-p 00000000 00:00 0 
7fd3d803e000-7fd3dc000000 ---p 00000000 00:00 0 
7fd3dc000000-7fd3dc021000 rw-p 00000000 00:00 0 
7fd3dc021000-7fd3e0000000 ---p 00000000 00:00 0 
7fd3e0000000-7fd3e0028000 rw-p 00000000 00:00 0 
7fd3e0028000-7fd3e4000000 ---p 00000000 00:00 0 
7fd3e4000000-7fd3e4021000 rw-p 00000000 00:00 0 
7fd3e4021000-7fd3e8000000 ---p 00000000 00:00 0 
7fd3e8041000-7fd3e8044000 ---p 00000000 00:00 0 
7fd3e8044000-7fd3e8342000 rw-p 00000000 00:00 0 
7fd3e8342000-7fd3e8542000 rw-p 00000000 00:00 0 
7fd3e8542000-7fd3e8742000 rw-p 00000000 00:00 0 
7fd3e8742000-7fd3e8745000 ---p 00000000 00:00 0 
7fd3e8745000-7fd3e8a43000 rw-p 00000000 00:00 0 
7fd3e8a43000-7fd3e8c43000 rw-p 00000000 00:00 0 
7fd3e8c43000-7fd3e8c46000 ---p 00000000 00:00 0 
7fd3e8c46000-7fd3e8f44000 rw-p 00000000 00:00 0 
7fd3e8f44000-7fd3e8f47000 ---p 00000000 00:00 0 
7fd3e8f47000-7fd3e9045000 rw-p 00000000 00:00 0 
7fd3e9045000-7fd3e9048000 ---p 00000000 00:00 0 
7fd3e9048000-7fd3e9146000 rw-p 00000000 00:00 0 
7fd3e9146000-7fd3e914b000 r--s 002f9000 08:02 24643112                   /usr/lib/jvm/java-8-openjdk-amd64/jre/lib/charsets.jar
7fd3e914b000-7fd3e934b000 rw-p 00000000 00:00 0 
7fd3e934b000-7fd3e934e000 ---p 00000000 00:00 0 
7fd3e934e000-7fd3e944c000 rw-p 00000000 00:00 0 
7fd3e944c000-7fd3e944f000 ---p 00000000 00:00 0 
7fd3e944f000-7fd3e974d000 rw-p 00000000 00:00 0 
7fd3e974d000-7fd3e974f000 r--s 00016000 08:02 24643113                   /usr/lib/jvm/java-8-openjdk-amd64/jre/lib/jce.jar
7fd3e974f000-7fd3e994f000 rw-p 00000000 00:00 0 
7fd3e994f000-7fd3e9b4f000 rw-p 00000000 00:00 0 
7fd3e9b4f000-7fd3e9d4f000 rw-p 00000000 00:00 0 
7fd3e9d4f000-7fd3e9f4f000 rw-p 00000000 00:00 0 
7fd3e9f4f000-7fd3ea14f000 rw-p 00000000 00:00 0 
7fd3ea14f000-7fd3ea34f000 rw-p 00000000 00:00 0 
7fd3ea34f000-7fd3ea54f000 rw-p 00000000 00:00 0 
7fd3ea54f000-7fd3ea74f000 rw-p 00000000 00:00 0 
7fd3ea74f000-7fd3ea752000 ---p 00000000 00:00 0 
7fd3ea752000-7fd3ea850000 rw-p 00000000 00:00 0 
7fd3ea850000-7fd3ea853000 ---p 00000000 00:00 0 
7fd3ea853000-7fd3ea951000 rw-p 00000000 00:00 0 
7fd3ea951000-7fd3ea954000 ---p 00000000 00:00 0 
7fd3ea954000-7fd3eaa52000 rw-p 00000000 00:00 0 
7fd3eaa52000-7fd3eaa55000 ---p 00000000 00:00 0 
7fd3eaa55000-7fd3eab53000 rw-p 00000000 00:00 0 
7fd3eab53000-7fd3eab56000 ---p 00000000 00:00 0 
7fd3eab56000-7fd3eac54000 rw-p 00000000 00:00 0 
7fd3eac54000-7fd3eac57000 ---p 00000000 00:00 0 
7fd3eac57000-7fd3ead55000 rw-p 00000000 00:00 0 
7fd3ead55000-7fd3ead58000 ---p 00000000 00:00 0 
7fd3ead58000-7fd3eb056000 rw-p 00000000 00:00 0 
7fd3eb056000-7fd3eb057000 ---p 00000000 00:00 0 
7fd3eb057000-7fd3eb157000 rw-p 00000000 00:00 0 
7fd3eb157000-7fd3eb15a000 ---p 00000000 00:00 0 
7fd3eb15a000-7fd3eb258000 rw-p 00000000 00:00 0 
7fd3eb258000-7fd3eb25d000 r--s 000a7000 08:02 24643174                   /usr/lib/jvm/java-8-openjdk-amd64/jre/lib/jsse.jar
7fd3eb25d000-7fd3eb266000 r-xp 00000000 08:02 24643150                   /usr/lib/jvm/java-8-openjdk-amd64/jre/lib/amd64/libmanagement.so
7fd3eb266000-7fd3eb465000 ---p 00009000 08:02 24643150                   /usr/lib/jvm/java-8-openjdk-amd64/jre/lib/amd64/libmanagement.so
7fd3eb465000-7fd3eb466000 r--p 00008000 08:02 24643150                   /usr/lib/jvm/java-8-openjdk-amd64/jre/lib/amd64/libmanagement.so
7fd3eb466000-7fd3eb467000 rw-p 00009000 08:02 24643150                   /usr/lib/jvm/java-8-openjdk-amd64/jre/lib/amd64/libmanagement.so
7fd3eb467000-7fd3eb46a000 ---p 00000000 00:00 0 
7fd3eb46a000-7fd3eb568000 rw-p 00000000 00:00 0 
7fd3eb568000-7fd3eb56b000 ---p 00000000 00:00 0 
7fd3eb56b000-7fd3eb669000 rw-p 00000000 00:00 0 
7fd3eb669000-7fd3eb66c000 ---p 00000000 00:00 0 
7fd3eb66c000-7fd3eb76a000 rw-p 00000000 00:00 0 
7fd3eb76a000-7fd3eb76d000 ---p 00000000 00:00 0 
7fd3eb76d000-7fd3eb86b000 rw-p 00000000 00:00 0 
7fd3eb86b000-7fd3eb86e000 ---p 00000000 00:00 0 
7fd3eb86e000-7fd3eb96c000 rw-p 00000000 00:00 0 
7fd3eb96c000-7fd3eb983000 r-xp 00000000 08:02 24643152                   /usr/lib/jvm/java-8-openjdk-amd64/jre/lib/amd64/libnet.so
7fd3eb983000-7fd3ebb83000 ---p 00017000 08:02 24643152                   /usr/lib/jvm/java-8-openjdk-amd64/jre/lib/amd64/libnet.so
7fd3ebb83000-7fd3ebb84000 r--p 00017000 08:02 24643152                   /usr/lib/jvm/java-8-openjdk-amd64/jre/lib/amd64/libnet.so
7fd3ebb84000-7fd3ebb85000 rw-p 00018000 08:02 24643152                   /usr/lib/jvm/java-8-openjdk-amd64/jre/lib/amd64/libnet.so
7fd3ebb85000-7fd3ebb97000 r-xp 00000000 08:02 24643148                   /usr/lib/jvm/java-8-openjdk-amd64/jre/lib/amd64/libnio.so
7fd3ebb97000-7fd3ebd96000 ---p 00012000 08:02 24643148                   /usr/lib/jvm/java-8-openjdk-amd64/jre/lib/amd64/libnio.so
7fd3ebd96000-7fd3ebd97000 r--p 00011000 08:02 24643148                   /usr/lib/jvm/java-8-openjdk-amd64/jre/lib/amd64/libnio.so
7fd3ebd97000-7fd3ebd98000 rw-p 00012000 08:02 24643148                   /usr/lib/jvm/java-8-openjdk-amd64/jre/lib/amd64/libnio.so
7fd3ebd98000-7fd3ebd9b000 r--s 0001c000 08:02 22557241                   /home/njenga/Downloads/idea-IU-201.7846.76/lib/idea_rt.jar
7fd3ebd9b000-7fd3ebdaa000 r--s 0007c000 08:02 1056824                    /home/njenga/.m2/repository/org/springframework/security/spring-security-web/5.3.3.RELEASE/spring-security-web-5.3.3.RELEASE.jar
7fd3ebdaa000-7fd3ebdb7000 r--s 00060000 08:02 1056827                    /home/njenga/.m2/repository/org/springframework/security/spring-security-core/5.3.3.RELEASE/spring-security-core-5.3.3.RELEASE.jar
7fd3ebdb7000-7fd3ebdb8000 r--s 00005000 08:02 3284240                    /home/njenga/.m2/repository/org/springframework/spring-jcl/5.2.8.RELEASE/spring-jcl-5.2.8.RELEASE.jar
7fd3ebdb8000-7fd3ebdd3000 r--s 00146000 08:02 3029473                    /home/njenga/.m2/repository/org/springframework/spring-core/5.2.8.RELEASE/spring-core-5.2.8.RELEASE.jar
7fd3ebdd3000-7fd3ebdd5000 r--s 0000a000 08:02 4722996                    /home/njenga/.m2/repository/jakarta/activation/jakarta.activation-api/1.2.2/jakarta.activation-api-1.2.2.jar
7fd3ebdd5000-7fd3ebdd9000 r--s 00019000 08:02 4722979                    /home/njenga/.m2/repository/jakarta/xml/bind/jakarta.xml.bind-api/2.3.3/jakarta.xml.bind-api-2.3.3.jar
7fd3ebdd9000-7fd3ebdde000 r--s 00012000 08:02 4589591                    /home/njenga/.m2/repository/jakarta/validation/jakarta.validation-api/2.0.2/jakarta.validation-api-2.0.2.jar
7fd3ebdde000-7fd3ebe29000 r--s 002ff000 08:02 5773763                    /home/njenga/.m2/repository/org/bouncycastle/bcprov-jdk15on/1.56/bcprov-jdk15on-1.56.jar
7fd3ebe29000-7fd3ebe3a000 r--s 00097000 08:02 5773761                    /home/njenga/.m2/repository/org/bouncycastle/bcpkix-jdk15on/1.56/bcpkix-jdk15on-1.56.jar
7fd3ebe3a000-7fd3ebe3c000 r--s 00008000 08:02 1184405                    /home/njenga/.m2/repository/org/springframework/security/spring-security-jwt/1.0.9.RELEASE/spring-security-jwt-1.0.9.RELEASE.jar
7fd3ebe3c000-7fd3ebe40000 r--s 00035000 08:02 5511966                    /home/njenga/.m2/repository/org/codehaus/jackson/jackson-core-asl/1.9.13/jackson-core-asl-1.9.13.jar
7fd3ebe40000-7fd3ebe4e000 r--s 000b1000 08:02 5382080                    /home/njenga/.m2/repository/org/codehaus/jackson/jackson-mapper-asl/1.9.13/jackson-mapper-asl-1.9.13.jar
7fd3ebe4e000-7fd3ebe55000 r--s 0004e000 08:02 5249494                    /home/njenga/.m2/repository/commons-codec/commons-codec/1.14/commons-codec-1.14.jar
7fd3ebe55000-7fd3ebe67000 r--s 000f7000 08:02 1056819                    /home/njenga/.m2/repository/org/springframework/security/spring-security-config/5.3.3.RELEASE/spring-security-config-5.3.3.RELEASE.jar
7fd3ebe67000-7fd3ebe74000 r--s 0006c000 08:02 1058052                    /home/njenga/.m2/repository/org/springframework/security/oauth/spring-security-oauth2/2.3.4.RELEASE/spring-security-oauth2-2.3.4.RELEASE.jar
7fd3ebe74000-7fd3ebe76000 r--s 0000c000 08:02 4589812                    /home/njenga/.m2/repository/javax/activation/javax.activation-api/1.2.0/javax.activation-api-1.2.0.jar
7fd3ebe76000-7fd3ebe7a000 r--s 0001c000 08:02 4589799                    /home/njenga/.m2/repository/javax/xml/bind/jaxb-api/2.3.1/jaxb-api-2.3.1.jar
7fd3ebe7a000-7fd3ebe8c000 r--s 000d9000 08:02 5382074                    /home/njenga/.m2/repository/com/sun/xml/bind/jaxb-impl/2.3.0.1/jaxb-impl-2.3.0.1.jar
7fd3ebe8c000-7fd3ebe93000 r--s 00038000 08:02 5249623                    /home/njenga/.m2/repository/com/sun/xml/bind/jaxb-core/2.3.0.1/jaxb-core-2.3.0.1.jar
7fd3ebe93000-7fd3ebe97000 r--s 00052000 08:02 4722965                    /home/njenga/.m2/repository/com/fasterxml/jackson/core/jackson-core/2.11.1/jackson-core-2.11.1.jar
7fd3ebe97000-7fd3ebeac000 r--s 00146000 08:02 4722962                    /home/njenga/.m2/repository/com/fasterxml/jackson/core/jackson-databind/2.11.1/jackson-databind-2.11.1.jar
7fd3ebeac000-7fd3ebeaf000 r--s 0000e000 08:02 4722971                    /home/njenga/.m2/repository/com/fasterxml/jackson/core/jackson-annotations/2.11.1/jackson-annotations-2.11.1.jar
7fd3ebeaf000-7fd3ebeb4000 r--s 00013000 08:02 1058050                    /home/njenga/.m2/repository/org/springframework/security/oauth/boot/spring-security-oauth2-autoconfigure/2.1.2.RELEASE/spring-security-oauth2-autoconfigure-2.1.2.RELEASE.jar
7fd3ebeb4000-7fd3ebecc000 r--s 0019f000 08:02 4722985                    /home/njenga/.m2/repository/org/projectlombok/lombok/1.18.12/lombok-1.18.12.jar
7fd3ebecc000-7fd3ebecf000 r--s 0001a000 08:02 29901429                   /home/njenga/.m2/repository/org/springframework/boot/spring-boot-configuration-processor/2.3.2.RELEASE/spring-boot-configuration-processor-2.3.2.RELEASE.jar
7fd3ebecf000-7fd3ebef9000 r--s 0013e000 08:02 4590772                    /home/njenga/.m2/repository/org/springframework/boot/spring-boot-autoconfigure/2.3.2.RELEASE/spring-boot-autoconfigure-2.3.2.RELEASE.jar
7fd3ebef9000-7fd3ebf12000 r--s 000f9000 08:02 2757950                    /home/njenga/.m2/repository/org/springframework/boot/spring-boot/2.3.2.RELEASE/spring-boot-2.3.2.RELEASE.jar
7fd3ebf12000-7fd3ebf18000 r--s 00031000 08:02 4722983                    /home/njenga/.m2/repository/org/springframework/boot/spring-boot-devtools/2.3.2.RELEASE/spring-boot-devtools-2.3.2.RELEASE.jar
7fd3ebf18000-7fd3ebf32000 r--s 0022d000 08:02 5249500                    /home/njenga/.m2/repository/mysql/mysql-connector-java/8.0.20/mysql-connector-java-8.0.20.jar
7fd3ebf32000-7fd3ebf34000 r--s 00006000 08:02 4589616                    /home/njenga/.m2/repository/org/latencyutils/LatencyUtils/2.0.3/LatencyUtils-2.0.3.jar
7fd3ebf34000-7fd3ebf38000 r--s 00027000 08:02 5249524                    /home/njenga/.m2/repository/org/hdrhistogram/HdrHistogram/2.1.12/HdrHistogram-2.1.12.jar
7fd3ebf38000-7fd3ebf43000 r--s 00084000 08:02 5249522                    /home/njenga/.m2/repository/io/micrometer/micrometer-core/1.5.3/micrometer-core-1.5.3.jar
7fd3ebf43000-7fd3ebf54000 r--s 00080000 08:02 5249520                    /home/njenga/.m2/repository/org/springframework/boot/spring-boot-actuator/2.3.2.RELEASE/spring-boot-actuator-2.3.2.RELEASE.jar
7fd3ebf54000-7fd3ebf65000 r--s 0006d000 08:02 5249518                    /home/njenga/.m2/repository/org/springframework/boot/spring-boot-actuator-autoconfigure/2.3.2.RELEASE/spring-boot-actuator-autoconfigure-2.3.2.RELEASE.jar
7fd3ebf65000-7fd3ebf66000 r--s 00000000 08:02 4589574                    /home/njenga/.m2/repository/org/springframework/boot/spring-boot-starter-actuator/2.2.2.RELEASE/spring-boot-starter-actuator-2.2.2.RELEASE.jar
7fd3ebf66000-7fd3ebf6b000 r--s 00040000 08:02 4331066                    /home/njenga/.m2/repository/org/springframework/spring-expression/5.2.8.RELEASE/spring-expression-5.2.8.RELEASE.jar
7fd3ebf6b000-7fd3ebf7d000 r--s 000d8000 08:02 4722981                    /home/njenga/.m2/repository/org/springframework/spring-webmvc/5.2.8.RELEASE/spring-webmvc-5.2.8.RELEASE.jar
7fd3ebf7d000-7fd3ebf99000 r--s 00144000 08:02 4722961                    /home/njenga/.m2/repository/org/springframework/spring-web/5.2.8.RELEASE/spring-web-5.2.8.RELEASE.jar
7fd3ebf99000-7fd3ebf9f000 r--s 0003c000 08:02 4722978                    /home/njenga/.m2/repository/org/apache/tomcat/embed/tomcat-embed-websocket/9.0.37/tomcat-embed-websocket-9.0.37.jar
7fd3ebf9f000-7fd3ebfa4000 r--s 00036000 08:02 4589645                    /home/njenga/.m2/repository/org/glassfish/jakarta.el/3.0.3/jakarta.el-3.0.3.jar
7fd3ebfa4000-7fd3ebfd0000 r--s 0030f000 08:02 4722974                    /home/njenga/.m2/repository/org/apache/tomcat/embed/tomcat-embed-core/9.0.37/tomcat-embed-core-9.0.37.jar
7fd3ebfd0000-7fd3ebfd1000 r--s 00001000 08:02 4722963                    /home/njenga/.m2/repository/org/springframework/boot/spring-boot-starter-tomcat/2.3.2.RELEASE/spring-boot-starter-tomcat-2.3.2.RELEASE.jar
7fd3ebfd1000-7fd3ebfd3000 r--s 00001000 08:02 4722964                    /home/njenga/.m2/repository/com/fasterxml/jackson/module/jackson-module-parameter-names/2.11.1/jackson-module-parameter-names-2.11.1.jar
7fd3ebfd3000-7fd3ebfd7000 r--s 00018000 08:02 4722969                    /home/njenga/.m2/repository/com/fasterxml/jackson/datatype/jackson-datatype-jsr310/2.11.1/jackson-datatype-jsr310-2.11.1.jar
7fd3ebfd7000-7fd3ebfd9000 r--s 00007000 08:02 4722968                    /home/njenga/.m2/repository/com/fasterxml/jackson/datatype/jackson-datatype-jdk8/2.11.1/jackson-datatype-jdk8-2.11.1.jar
7fd3ebfd9000-7fd3ebfda000 r--s 00001000 08:02 4722959                    /home/njenga/.m2/repository/org/springframework/boot/spring-boot-starter-json/2.3.2.RELEASE/spring-boot-starter-json-2.3.2.RELEASE.jar
7fd3ebfda000-7fd3ebfe1000 r--s 00045000 08:02 4722864                    /home/njenga/.m2/repository/org/yaml/snakeyaml/1.26/snakeyaml-1.26.jar
7fd3ebfe1000-7fd3ebfe3000 r--s 00005000 08:02 4589603                    /home/njenga/.m2/repository/jakarta/annotation/jakarta.annotation-api/1.3.5/jakarta.annotation-api-1.3.5.jar
7fd3ebfe3000-7fd3ebfe5000 r--s 00000000 08:02 4589570                    /home/njenga/.m2/repository/org/slf4j/jul-to-slf4j/1.7.30/jul-to-slf4j-1.7.30.jar
7fd3ebfe5000-7fd3ebfeb000 r--s 00042000 08:02 4722862                    /home/njenga/.m2/repository/org/apache/logging/log4j/log4j-api/2.13.3/log4j-api-2.13.3.jar
7fd3ebfeb000-7fd3ebfed000 r--s 00003000 08:02 4590780                    /home/njenga/.m2/repository/org/apache/logging/log4j/log4j-to-slf4j/2.13.3/log4j-to-slf4j-2.13.3.jar
7fd3ebfed000-7fd3ebff8000 r--s 00069000 08:02 4589556                    /home/njenga/.m2/repository/ch/qos/logback/logback-core/1.2.3/logback-core-1.2.3.jar
7fd3ebff8000-7fd3ebffe000 r--s 00041000 08:02 4589551                    /home/njenga/.m2/repository/ch/qos/logback/logback-classic/1.2.3/logback-classic-1.2.3.jar
7fd3ebffe000-7fd3ebfff000 r--s 00001000 08:02 4590778                    /home/njenga/.m2/repository/org/springframework/boot/spring-boot-starter-logging/2.3.2.RELEASE/spring-boot-starter-logging-2.3.2.RELEASE.jar
7fd3ebfff000-7fd3ec000000 r--s 00001000 08:02 2500913                    /home/njenga/.m2/repository/org/springframework/boot/spring-boot-starter/2.3.2.RELEASE/spring-boot-starter-2.3.2.RELEASE.jar
7fd3ec000000-7fd3ec021000 rw-p 00000000 00:00 0 
7fd3ec021000-7fd3f0000000 ---p 00000000 00:00 0 
7fd3f0000000-7fd3f0021000 rw-p 00000000 00:00 0 
7fd3f0021000-7fd3f4000000 ---p 00000000 00:00 0 
7fd3f4000000-7fd3f4021000 rw-p 00000000 00:00 0 
7fd3f4021000-7fd3f8000000 ---p 00000000 00:00 0 
7fd3f8000000-7fd3f8021000 rw-p 00000000 00:00 0 
7fd3f8021000-7fd3fc000000 ---p 00000000 00:00 0 
7fd3fc000000-7fd3fc029000 rw-p 00000000 00:00 0 
7fd3fc029000-7fd400000000 ---p 00000000 00:00 0 
7fd400000000-7fd400021000 rw-p 00000000 00:00 0 
7fd400021000-7fd404000000 ---p 00000000 00:00 0 
7fd404000000-7fd404021000 rw-p 00000000 00:00 0 
7fd404021000-7fd408000000 ---p 00000000 00:00 0 
7fd408000000-7fd408001000 r--s 00001000 08:02 4722954                    /home/njenga/.m2/repository/org/springframework/boot/spring-boot-starter-web/2.3.2.RELEASE/spring-boot-starter-web-2.3.2.RELEASE.jar
7fd408001000-7fd408003000 r--s 0000a000 08:02 5381905                    /home/njenga/.m2/repository/org/springframework/spring-aspects/5.2.8.RELEASE/spring-aspects-5.2.8.RELEASE.jar
7fd408003000-7fd408005000 r--s 00009000 08:02 4589809                    /home/njenga/.m2/repository/org/slf4j/slf4j-api/1.7.30/slf4j-api-1.7.30.jar
7fd408005000-7fd408012000 r--s 0009c000 08:02 4069223                    /home/njenga/.m2/repository/org/springframework/spring-beans/5.2.8.RELEASE/spring-beans-5.2.8.RELEASE.jar
7fd408012000-7fd40801b000 r--s 00044000 08:02 4722866                    /home/njenga/.m2/repository/org/springframework/spring-tx/5.2.8.RELEASE/spring-tx-5.2.8.RELEASE.jar
7fd40801b000-7fd408036000 r--s 00111000 08:02 3547383                    /home/njenga/.m2/repository/org/springframework/spring-context/5.2.8.RELEASE/spring-context-5.2.8.RELEASE.jar
7fd408036000-7fd40803b000 r--s 0002d000 08:02 5249545                    /home/njenga/.m2/repository/org/springframework/spring-orm/5.2.8.RELEASE/spring-orm-5.2.8.RELEASE.jar
7fd40803b000-7fd408053000 r--s 00110000 08:02 4722868                    /home/njenga/.m2/repository/org/springframework/data/spring-data-commons/2.3.2.RELEASE/spring-data-commons-2.3.2.RELEASE.jar
7fd408053000-7fd40805b000 r--s 00052000 08:02 5249543                    /home/njenga/.m2/repository/org/springframework/data/spring-data-jpa/2.3.2.RELEASE/spring-data-jpa-2.3.2.RELEASE.jar
7fd40805b000-7fd40805d000 r--s 0000f000 08:02 5381904                    /home/njenga/.m2/repository/com/sun/activation/jakarta.activation/1.2.2/jakarta.activation-1.2.2.jar
7fd40805d000-7fd40805f000 r--s 00006000 08:02 5381901                    /home/njenga/.m2/repository/com/sun/istack/istack-commons-runtime/3.0.11/istack-commons-runtime-3.0.11.jar
7fd40805f000-7fd408061000 r--s 00010000 08:02 5381899                    /home/njenga/.m2/repository/org/glassfish/jaxb/txw2/2.3.3/txw2-2.3.3.jar
7fd408061000-7fd408076000 r--s 000e8000 08:02 5249573                    /home/njenga/.m2/repository/org/glassfish/jaxb/jaxb-runtime/2.3.3/jaxb-runtime-2.3.3.jar
7fd408076000-7fd408079000 r--s 00010000 08:02 4589506                    /home/njenga/.m2/repository/org/hibernate/common/hibernate-commons-annotations/5.1.0.Final/hibernate-commons-annotations-5.1.0.Final.jar
7fd408079000-7fd40807e000 r--s 0004b000 08:02 5249571                    /home/njenga/.m2/repository/org/dom4j/dom4j/2.1.3/dom4j-2.1.3.jar
7fd40807e000-7fd408080000 r--s 0000f000 08:02 4589596                    /home/njenga/.m2/repository/com/fasterxml/classmate/1.5.1/classmate-1.5.1.jar
7fd408080000-7fd408083000 r--s 0002d000 08:02 5119726                    /home/njenga/.m2/repository/org/jboss/jandex/2.1.3.Final/jandex-2.1.3.Final.jar
7fd408083000-7fd408088000 r--s 00068000 08:02 4589498                    /home/njenga/.m2/repository/antlr/antlr/2.7.7/antlr-2.7.7.jar
7fd408088000-7fd4080d2000 r--s 00308000 08:02 4856647                    /home/njenga/.m2/repository/net/bytebuddy/byte-buddy/1.10.13/byte-buddy-1.10.13.jar
7fd4080d2000-7fd4080dc000 r--s 000b4000 08:02 4589494                    /home/njenga/.m2/repository/org/javassist/javassist/3.24.0-GA/javassist-3.24.0-GA.jar
7fd4080dc000-7fd4080de000 r--s 0000d000 08:02 4589595                    /home/njenga/.m2/repository/org/jboss/logging/jboss-logging/3.4.1.Final/jboss-logging-3.4.1.Final.jar
7fd4080de000-7fd408165000 r--s 00670000 08:02 4987693                    /home/njenga/.m2/repository/org/hibernate/hibernate-core/5.4.18.Final/hibernate-core-5.4.18.Final.jar
7fd408165000-7fd40816b000 r--s 00023000 08:02 4589486                    /home/njenga/.m2/repository/jakarta/persistence/jakarta.persistence-api/2.2.3/jakarta.persistence-api-2.2.3.jar
7fd40816b000-7fd40816c000 r--s 00003000 08:02 4589489                    /home/njenga/.m2/repository/jakarta/transaction/jakarta.transaction-api/1.3.3/jakarta.transaction-api-1.3.3.jar
7fd40816c000-7fd408175000 r--s 0005b000 08:02 5249547                    /home/njenga/.m2/repository/org/springframework/spring-jdbc/5.2.8.RELEASE/spring-jdbc-5.2.8.RELEASE.jar
7fd408175000-7fd40818e000 r--s 001dc000 08:02 4590788                    /home/njenga/.m2/repository/org/aspectj/aspectjweaver/1.9.6/aspectjweaver-1.9.6.jar
7fd40818e000-7fd408197000 r--s 00052000 08:02 3807445                    /home/njenga/.m2/repository/org/springframework/spring-aop/5.2.8.RELEASE/spring-aop-5.2.8.RELEASE.jar
7fd408197000-7fd40819a000 ---p 00000000 00:00 0 
7fd40819a000-7fd408298000 rw-p 00000000 00:00 0 
7fd408298000-7fd4086a1000 r--p 00000000 08:02 21896633                   /usr/lib/locale/locale-archive
7fd4086a1000-7fd4086a4000 ---p 00000000 00:00 0 
7fd4086a4000-7fd4087a2000 rw-p 00000000 00:00 0 
7fd4087a2000-7fd4087a5000 ---p 00000000 00:00 0 
7fd4087a5000-7fd4088a3000 rw-p 00000000 00:00 0 
7fd4088a3000-7fd4088a4000 ---p 00000000 00:00 0 
7fd4088a4000-7fd409901000 rw-p 00000000 00:00 0 
7fd409901000-7fd409ad3000 r--s 03ca5000 08:02 24643171                   /usr/lib/jvm/java-8-openjdk-amd64/jre/lib/rt.jar
7fd409ad3000-7fd41062a000 rw-p 00000000 00:00 0 
7fd41062a000-7fd41062b000 ---p 00000000 00:00 0 
7fd41062b000-7fd41072b000 rw-p 00000000 00:00 0 
7fd41072b000-7fd41072c000 ---p 00000000 00:00 0 
7fd41072c000-7fd41082c000 rw-p 00000000 00:00 0 
7fd41082c000-7fd41082d000 ---p 00000000 00:00 0 
7fd41082d000-7fd41092d000 rw-p 00000000 00:00 0 
7fd41092d000-7fd41092e000 ---p 00000000 00:00 0 
7fd41092e000-7fd410a7e000 rw-p 00000000 00:00 0 
7fd410a7e000-7fd410e0e000 ---p 00000000 00:00 0 
7fd410e0e000-7fd410f18000 rw-p 00000000 00:00 0 
7fd410f18000-7fd410fff000 ---p 00000000 00:00 0 
7fd410fff000-7fd411000000 rw-p 00000000 00:00 0 
7fd411000000-7fd411a20000 rwxp 00000000 00:00 0 
7fd411a20000-7fd420000000 ---p 00000000 00:00 0 
7fd420000000-7fd420926000 rw-p 00000000 00:00 0 
7fd420926000-7fd424000000 ---p 00000000 00:00 0 
7fd424000000-7fd424004000 r--s 00023000 08:02 4856808                    /home/njenga/.m2/repository/com/zaxxer/HikariCP/3.4.5/HikariCP-3.4.5.jar
7fd424004000-7fd424005000 r--s 00001000 08:02 4723003                    /home/njenga/.m2/repository/org/springframework/boot/spring-boot-starter-jdbc/2.3.2.RELEASE/spring-boot-starter-jdbc-2.3.2.RELEASE.jar
7fd424005000-7fd424006000 r--s 00001000 08:02 2233427                    /home/njenga/.m2/repository/org/springframework/boot/spring-boot-starter-aop/2.3.2.RELEASE/spring-boot-starter-aop-2.3.2.RELEASE.jar
7fd424006000-7fd424019000 r--s 00346000 08:02 24643175                   /usr/lib/jvm/java-8-openjdk-amd64/jre/lib/resources.jar
7fd424019000-7fd42401e000 r--s 000a7000 08:02 24643174                   /usr/lib/jvm/java-8-openjdk-amd64/jre/lib/jsse.jar
7fd42401e000-7fd424020000 r--s 00016000 08:02 24643113                   /usr/lib/jvm/java-8-openjdk-amd64/jre/lib/jce.jar
7fd424020000-7fd424070000 rw-p 00000000 00:00 0 
7fd424070000-7fd424401000 ---p 00000000 00:00 0 
7fd424401000-7fd42442a000 rw-p 00000000 00:00 0 
7fd42442a000-7fd4247c1000 ---p 00000000 00:00 0 
7fd4247c1000-7fd4247c9000 r-xp 00000000 08:02 24643141                   /usr/lib/jvm/java-8-openjdk-amd64/jre/lib/amd64/libzip.so
7fd4247c9000-7fd4249c8000 ---p 00008000 08:02 24643141                   /usr/lib/jvm/java-8-openjdk-amd64/jre/lib/amd64/libzip.so
7fd4249c8000-7fd4249c9000 r--p 00007000 08:02 24643141                   /usr/lib/jvm/java-8-openjdk-amd64/jre/lib/amd64/libzip.so
7fd4249c9000-7fd4249ca000 rw-p 00008000 08:02 24643141                   /usr/lib/jvm/java-8-openjdk-amd64/jre/lib/amd64/libzip.so
7fd4249ca000-7fd4249d5000 r-xp 00000000 08:02 3546248                    /lib/x86_64-linux-gnu/libnss_files-2.23.so
7fd4249d5000-7fd424bd4000 ---p 0000b000 08:02 3546248                    /lib/x86_64-linux-gnu/libnss_files-2.23.so
7fd424bd4000-7fd424bd5000 r--p 0000a000 08:02 3546248                    /lib/x86_64-linux-gnu/libnss_files-2.23.so
7fd424bd5000-7fd424bd6000 rw-p 0000b000 08:02 3546248                    /lib/x86_64-linux-gnu/libnss_files-2.23.so
7fd424bd6000-7fd424bdc000 rw-p 00000000 00:00 0 
7fd424bdc000-7fd424be7000 r-xp 00000000 08:02 3546252                    /lib/x86_64-linux-gnu/libnss_nis-2.23.so
7fd424be7000-7fd424de6000 ---p 0000b000 08:02 3546252                    /lib/x86_64-linux-gnu/libnss_nis-2.23.so
7fd424de6000-7fd424de7000 r--p 0000a000 08:02 3546252                    /lib/x86_64-linux-gnu/libnss_nis-2.23.so
7fd424de7000-7fd424de8000 rw-p 0000b000 08:02 3546252                    /lib/x86_64-linux-gnu/libnss_nis-2.23.so
7fd424de8000-7fd424dfe000 r-xp 00000000 08:02 3546238                    /lib/x86_64-linux-gnu/libnsl-2.23.so
7fd424dfe000-7fd424ffd000 ---p 00016000 08:02 3546238                    /lib/x86_64-linux-gnu/libnsl-2.23.so
7fd424ffd000-7fd424ffe000 r--p 00015000 08:02 3546238                    /lib/x86_64-linux-gnu/libnsl-2.23.so
7fd424ffe000-7fd424fff000 rw-p 00016000 08:02 3546238                    /lib/x86_64-linux-gnu/libnsl-2.23.so
7fd424fff000-7fd425001000 rw-p 00000000 00:00 0 
7fd425001000-7fd425009000 r-xp 00000000 08:02 3546250                    /lib/x86_64-linux-gnu/libnss_compat-2.23.so
7fd425009000-7fd425208000 ---p 00008000 08:02 3546250                    /lib/x86_64-linux-gnu/libnss_compat-2.23.so
7fd425208000-7fd425209000 r--p 00007000 08:02 3546250                    /lib/x86_64-linux-gnu/libnss_compat-2.23.so
7fd425209000-7fd42520a000 rw-p 00008000 08:02 3546250                    /lib/x86_64-linux-gnu/libnss_compat-2.23.so
7fd42520a000-7fd425214000 r-xp 00000000 08:02 24643145                   /usr/lib/jvm/java-8-openjdk-amd64/jre/lib/amd64/libinstrument.so
7fd425214000-7fd425413000 ---p 0000a000 08:02 24643145                   /usr/lib/jvm/java-8-openjdk-amd64/jre/lib/amd64/libinstrument.so
7fd425413000-7fd425414000 r--p 00009000 08:02 24643145                   /usr/lib/jvm/java-8-openjdk-amd64/jre/lib/amd64/libinstrument.so
7fd425414000-7fd425415000 rw-p 0000a000 08:02 24643145                   /usr/lib/jvm/java-8-openjdk-amd64/jre/lib/amd64/libinstrument.so
7fd425415000-7fd42543e000 r-xp 00000000 08:02 24643133                   /usr/lib/jvm/java-8-openjdk-amd64/jre/lib/amd64/libjava.so
7fd42543e000-7fd42563e000 ---p 00029000 08:02 24643133                   /usr/lib/jvm/java-8-openjdk-amd64/jre/lib/amd64/libjava.so
7fd42563e000-7fd42563f000 r--p 00029000 08:02 24643133                   /usr/lib/jvm/java-8-openjdk-amd64/jre/lib/amd64/libjava.so
7fd42563f000-7fd425641000 rw-p 0002a000 08:02 24643133                   /usr/lib/jvm/java-8-openjdk-amd64/jre/lib/amd64/libjava.so
7fd425641000-7fd425650000 r-xp 00000000 08:02 24643155                   /usr/lib/jvm/java-8-openjdk-amd64/jre/lib/amd64/libverify.so
7fd425650000-7fd42584f000 ---p 0000f000 08:02 24643155                   /usr/lib/jvm/java-8-openjdk-amd64/jre/lib/amd64/libverify.so
7fd42584f000-7fd425851000 r--p 0000e000 08:02 24643155                   /usr/lib/jvm/java-8-openjdk-amd64/jre/lib/amd64/libverify.so
7fd425851000-7fd425852000 rw-p 00010000 08:02 24643155                   /usr/lib/jvm/java-8-openjdk-amd64/jre/lib/amd64/libverify.so
7fd425852000-7fd425859000 r-xp 00000000 08:02 3546255                    /lib/x86_64-linux-gnu/librt-2.23.so
7fd425859000-7fd425a58000 ---p 00007000 08:02 3546255                    /lib/x86_64-linux-gnu/librt-2.23.so
7fd425a58000-7fd425a59000 r--p 00006000 08:02 3546255                    /lib/x86_64-linux-gnu/librt-2.23.so
7fd425a59000-7fd425a5a000 rw-p 00007000 08:02 3546255                    /lib/x86_64-linux-gnu/librt-2.23.so
7fd425a5a000-7fd425a70000 r-xp 00000000 08:02 3543525                    /lib/x86_64-linux-gnu/libgcc_s.so.1
7fd425a70000-7fd425c6f000 ---p 00016000 08:02 3543525                    /lib/x86_64-linux-gnu/libgcc_s.so.1
7fd425c6f000-7fd425c70000 rw-p 00015000 08:02 3543525                    /lib/x86_64-linux-gnu/libgcc_s.so.1
7fd425c70000-7fd425d78000 r-xp 00000000 08:02 3546239                    /lib/x86_64-linux-gnu/libm-2.23.so
7fd425d78000-7fd425f77000 ---p 00108000 08:02 3546239                    /lib/x86_64-linux-gnu/libm-2.23.so
7fd425f77000-7fd425f78000 r--p 00107000 08:02 3546239                    /lib/x86_64-linux-gnu/libm-2.23.so
7fd425f78000-7fd425f79000 rw-p 00108000 08:02 3546239                    /lib/x86_64-linux-gnu/libm-2.23.so
7fd425f79000-7fd4260eb000 r-xp 00000000 08:02 21890876                   /usr/lib/x86_64-linux-gnu/libstdc++.so.6.0.21
7fd4260eb000-7fd4262eb000 ---p 00172000 08:02 21890876                   /usr/lib/x86_64-linux-gnu/libstdc++.so.6.0.21
7fd4262eb000-7fd4262f5000 r--p 00172000 08:02 21890876                   /usr/lib/x86_64-linux-gnu/libstdc++.so.6.0.21
7fd4262f5000-7fd4262f7000 rw-p 0017c000 08:02 21890876                   /usr/lib/x86_64-linux-gnu/libstdc++.so.6.0.21
7fd4262f7000-7fd4262fb000 rw-p 00000000 00:00 0 
7fd4262fb000-7fd426f63000 r-xp 00000000 08:02 24643135                   /usr/lib/jvm/java-8-openjdk-amd64/jre/lib/amd64/server/libjvm.so
7fd426f63000-7fd427163000 ---p 00c68000 08:02 24643135                   /usr/lib/jvm/java-8-openjdk-amd64/jre/lib/amd64/server/libjvm.so
7fd427163000-7fd4271f7000 r--p 00c68000 08:02 24643135                   /usr/lib/jvm/java-8-openjdk-amd64/jre/lib/amd64/server/libjvm.so
7fd4271f7000-7fd427220000 rw-p 00cfc000 08:02 24643135                   /usr/lib/jvm/java-8-openjdk-amd64/jre/lib/amd64/server/libjvm.so
7fd427220000-7fd427250000 rw-p 00000000 00:00 0 
7fd427250000-7fd427268000 r-xp 00000000 08:02 3546236                    /lib/x86_64-linux-gnu/libpthread-2.23.so
7fd427268000-7fd427467000 ---p 00018000 08:02 3546236                    /lib/x86_64-linux-gnu/libpthread-2.23.so
7fd427467000-7fd427468000 r--p 00017000 08:02 3546236                    /lib/x86_64-linux-gnu/libpthread-2.23.so
7fd427468000-7fd427469000 rw-p 00018000 08:02 3546236                    /lib/x86_64-linux-gnu/libpthread-2.23.so
7fd427469000-7fd42746d000 rw-p 00000000 00:00 0 
7fd42746d000-7fd427470000 r-xp 00000000 08:02 3546233                    /lib/x86_64-linux-gnu/libdl-2.23.so
7fd427470000-7fd42766f000 ---p 00003000 08:02 3546233                    /lib/x86_64-linux-gnu/libdl-2.23.so
7fd42766f000-7fd427670000 r--p 00002000 08:02 3546233                    /lib/x86_64-linux-gnu/libdl-2.23.so
7fd427670000-7fd427671000 rw-p 00003000 08:02 3546233                    /lib/x86_64-linux-gnu/libdl-2.23.so
7fd427671000-7fd42768a000 r-xp 00000000 08:02 3543678                    /lib/x86_64-linux-gnu/libz.so.1.2.8
7fd42768a000-7fd427889000 ---p 00019000 08:02 3543678                    /lib/x86_64-linux-gnu/libz.so.1.2.8
7fd427889000-7fd42788a000 r--p 00018000 08:02 3543678                    /lib/x86_64-linux-gnu/libz.so.1.2.8
7fd42788a000-7fd42788b000 rw-p 00019000 08:02 3543678                    /lib/x86_64-linux-gnu/libz.so.1.2.8
7fd42788b000-7fd427a4b000 r-xp 00000000 08:02 3546235                    /lib/x86_64-linux-gnu/libc-2.23.so
7fd427a4b000-7fd427c4b000 ---p 001c0000 08:02 3546235                    /lib/x86_64-linux-gnu/libc-2.23.so
7fd427c4b000-7fd427c4f000 r--p 001c0000 08:02 3546235                    /lib/x86_64-linux-gnu/libc-2.23.so
7fd427c4f000-7fd427c51000 rw-p 001c4000 08:02 3546235                    /lib/x86_64-linux-gnu/libc-2.23.so
7fd427c51000-7fd427c55000 rw-p 00000000 00:00 0 
7fd427c55000-7fd427c62000 r-xp 00000000 08:02 24643132                   /usr/lib/jvm/java-8-openjdk-amd64/jre/lib/amd64/jli/libjli.so
7fd427c62000-7fd427e62000 ---p 0000d000 08:02 24643132                   /usr/lib/jvm/java-8-openjdk-amd64/jre/lib/amd64/jli/libjli.so
7fd427e62000-7fd427e63000 r--p 0000d000 08:02 24643132                   /usr/lib/jvm/java-8-openjdk-amd64/jre/lib/amd64/jli/libjli.so
7fd427e63000-7fd427e64000 rw-p 0000e000 08:02 24643132                   /usr/lib/jvm/java-8-openjdk-amd64/jre/lib/amd64/jli/libjli.so
7fd427e64000-7fd427e8a000 r-xp 00000000 08:02 3546246                    /lib/x86_64-linux-gnu/ld-2.23.so
7fd427e8a000-7fd427e8b000 r--s 00001000 08:02 29106031                   /home/njenga/.m2/repository/org/springframework/boot/spring-boot-starter-data-jpa/2.3.2.RELEASE/spring-boot-starter-data-jpa-2.3.2.RELEASE.jar
7fd427e8b000-7fd427e90000 r--s 002f9000 08:02 24643112                   /usr/lib/jvm/java-8-openjdk-amd64/jre/lib/charsets.jar
7fd427e90000-7fd427e9a000 r--s 00116000 08:02 24643191                   /usr/lib/jvm/java-8-openjdk-amd64/jre/lib/ext/localedata.jar
7fd427e9a000-7fd427eb5000 r--s 001d6000 08:02 24643188                   /usr/lib/jvm/java-8-openjdk-amd64/jre/lib/ext/nashorn.jar
7fd427eb5000-7fd427ed0000 r--s 00394000 08:02 24643193                   /usr/lib/jvm/java-8-openjdk-amd64/jre/lib/ext/cldrdata.jar
7fd427ed0000-7fd427f66000 rw-p 00000000 00:00 0 
7fd427f66000-7fd427f69000 ---p 00000000 00:00 0 
7fd427f69000-7fd42806b000 rw-p 00000000 00:00 0 
7fd42806b000-7fd42806c000 r--s 00000000 08:02 24643170                   /usr/lib/jvm/java-8-openjdk-amd64/jre/lib/management-agent.jar
7fd42806c000-7fd42806e000 r--s 00001000 08:02 24643190                   /usr/lib/jvm/java-8-openjdk-amd64/jre/lib/ext/dnsns.jar
7fd42806e000-7fd428074000 r--s 0003d000 08:02 24643187                   /usr/lib/jvm/java-8-openjdk-amd64/jre/lib/ext/sunjce_provider.jar
7fd428074000-7fd428077000 r--s 0000f000 08:02 24643194                   /usr/lib/jvm/java-8-openjdk-amd64/jre/lib/ext/icedtea-sound.jar
7fd428077000-7fd428078000 r--s 0000a000 08:02 24643192                   /usr/lib/jvm/java-8-openjdk-amd64/jre/lib/ext/jaccess.jar
7fd428078000-7fd428079000 r--s 0000d000 08:02 24643189                   /usr/lib/jvm/java-8-openjdk-amd64/jre/lib/ext/sunec.jar
7fd428079000-7fd42807d000 r--s 0003a000 08:02 24643196                   /usr/lib/jvm/java-8-openjdk-amd64/jre/lib/ext/sunpkcs11.jar
7fd42807d000-7fd42807e000 r--s 00010000 08:02 24643195                   /usr/lib/jvm/java-8-openjdk-amd64/jre/lib/ext/zipfs.jar
7fd42807e000-7fd428086000 rw-s 00000000 08:02 10627073                   /tmp/hsperfdata_njenga/11055
7fd428086000-7fd428087000 rw-p 00000000 00:00 0 
7fd428087000-7fd428088000 r--p 00000000 00:00 0 
7fd428088000-7fd428089000 rw-p 00000000 00:00 0 
7fd428089000-7fd42808a000 r--p 00025000 08:02 3546246                    /lib/x86_64-linux-gnu/ld-2.23.so
7fd42808a000-7fd42808b000 rw-p 00026000 08:02 3546246                    /lib/x86_64-linux-gnu/ld-2.23.so
7fd42808b000-7fd42808c000 rw-p 00000000 00:00 0 
7fff78be2000-7fff78c06000 rw-p 00000000 00:00 0                          [stack]
7fff78d3a000-7fff78d3c000 r--p 00000000 00:00 0                          [vvar]
7fff78d3c000-7fff78d3e000 r-xp 00000000 00:00 0                          [vdso]
ffffffffff600000-ffffffffff601000 r-xp 00000000 00:00 0                  [vsyscall]

VM Arguments:
jvm_args: -XX:TieredStopAtLevel=1 -Xverify:none -Dspring.output.ansi.enabled=always -Dcom.sun.management.jmxremote -Dspring.jmx.enabled=true -Dspring.liveBeansView.mbeanDomain -Dspring.application.admin.enabled=true -javaagent:/home/njenga/Downloads/idea-IU-201.7846.76/lib/idea_rt.jar=42901:/home/njenga/Downloads/idea-IU-201.7846.76/bin -Dfile.encoding=UTF-8 
java_command: com.kisokolab.authserver.AuthserverApplication
java_class_path (initial): /usr/lib/jvm/java-1.8.0-openjdk-amd64/jre/lib/charsets.jar:/usr/lib/jvm/java-1.8.0-openjdk-amd64/jre/lib/ext/cldrdata.jar:/usr/lib/jvm/java-1.8.0-openjdk-amd64/jre/lib/ext/dnsns.jar:/usr/lib/jvm/java-1.8.0-openjdk-amd64/jre/lib/ext/icedtea-sound.jar:/usr/lib/jvm/java-1.8.0-openjdk-amd64/jre/lib/ext/jaccess.jar:/usr/lib/jvm/java-1.8.0-openjdk-amd64/jre/lib/ext/localedata.jar:/usr/lib/jvm/java-1.8.0-openjdk-amd64/jre/lib/ext/nashorn.jar:/usr/lib/jvm/java-1.8.0-openjdk-amd64/jre/lib/ext/sunec.jar:/usr/lib/jvm/java-1.8.0-openjdk-amd64/jre/lib/ext/sunjce_provider.jar:/usr/lib/jvm/java-1.8.0-openjdk-amd64/jre/lib/ext/sunpkcs11.jar:/usr/lib/jvm/java-1.8.0-openjdk-amd64/jre/lib/ext/zipfs.jar:/usr/lib/jvm/java-1.8.0-openjdk-amd64/jre/lib/jce.jar:/usr/lib/jvm/java-1.8.0-openjdk-amd64/jre/lib/jsse.jar:/usr/lib/jvm/java-1.8.0-openjdk-amd64/jre/lib/management-agent.jar:/usr/lib/jvm/java-1.8.0-openjdk-amd64/jre/lib/resources.jar:/usr/lib/jvm/java-1.8.0-openjdk-amd64/jre/lib/rt.jar:/home/njenga/Desktop/project/kisokolab/authserver/target/classes:/home/njenga/.m2/repository/org/springframework/boot/spring-boot-starter-data-jpa/2.3.2.RELEASE/spring-boot-starter-data-jpa-2.3.2.RELEASE.jar:/home/njenga/.m2/repository/org/springframework/boot/spring-boot-starter-aop/2.3.2.RELEASE/spring-boot-starter-aop-2.3.2.RELEASE.jar:/home/njenga/.m2/repository/org/springframework/spring-aop/5.2.8.RELEASE/spring-aop-5.2.8.RELEASE.jar:/home/njenga/.m2/repository/org/aspectj/aspectjweaver/1.9.6/aspectjweaver-1.9.6.jar:/home/njenga/.m2/repository/org/springframework/boot/spring-boot-starter-jdbc/2.3.2.RELEASE/spring-boot-starter-jdbc-2.3.2.RELEASE.jar:/home/njenga/.m2/repository/com/zaxxer/HikariCP/3.4.5/HikariCP-3.4.5.jar:/home/njenga/.m2/repository/org/springframework/spring-jdbc/5.2.8.RELEASE/spring-jdbc-5.2.8.RELEASE.jar:/home/njenga/.m2/repository/jakarta/transaction/jakarta.transaction-api/1.3.3/jakarta.transaction-api-1.3.3.jar:/home/njenga/.m2/repository/jakarta/pe
Launcher Type: SUN_STANDARD

Environment Variables:
JAVA_HOME=/usr/lib/jvm/jdk1.8.0_251
PATH=/home/njenga/bin:/home/njenga/.local/bin:/usr/local/sbin:/usr/local/bin:/usr/sbin:/usr/bin:/sbin:/bin:/usr/games:/usr/local/games
SHELL=/usr/bin/zsh
DISPLAY=:0

Signal Handlers:
SIGSEGV: [libjvm.so+0xa7bb00], sa_mask[0]=11111111011111111101111111111110, sa_flags=SA_RESTART|SA_SIGINFO
SIGBUS: [libjvm.so+0xa7bb00], sa_mask[0]=11111111011111111101111111111110, sa_flags=SA_RESTART|SA_SIGINFO
SIGFPE: [libjvm.so+0x8c3d50], sa_mask[0]=11111111011111111101111111111110, sa_flags=SA_RESTART|SA_SIGINFO
SIGPIPE: [libjvm.so+0x8c3d50], sa_mask[0]=11111111011111111101111111111110, sa_flags=SA_RESTART|SA_SIGINFO
SIGXFSZ: [libjvm.so+0x8c3d50], sa_mask[0]=11111111011111111101111111111110, sa_flags=SA_RESTART|SA_SIGINFO
SIGILL: [libjvm.so+0x8c3d50], sa_mask[0]=11111111011111111101111111111110, sa_flags=SA_RESTART|SA_SIGINFO
SIGUSR1: SIG_DFL, sa_mask[0]=00000000000000000000000000000000, sa_flags=none
SIGUSR2: [libjvm.so+0x8c3c00], sa_mask[0]=00100000000000000000000000000000, sa_flags=SA_RESTART|SA_SIGINFO
SIGHUP: [libjvm.so+0x8c4290], sa_mask[0]=11111111011111111101111111111110, sa_flags=SA_RESTART|SA_SIGINFO
SIGINT: [libjvm.so+0x8c4290], sa_mask[0]=11111111011111111101111111111110, sa_flags=SA_RESTART|SA_SIGINFO
SIGTERM: [libjvm.so+0x8c4290], sa_mask[0]=11111111011111111101111111111110, sa_flags=SA_RESTART|SA_SIGINFO
SIGQUIT: [libjvm.so+0x8c4290], sa_mask[0]=11111111011111111101111111111110, sa_flags=SA_RESTART|SA_SIGINFO


---------------  S Y S T E M  ---------------

OS:DISTRIB_ID=LinuxMint
DISTRIB_RELEASE=18.2
DISTRIB_CODENAME=sonya
DISTRIB_DESCRIPTION="Linux Mint 18.2 Sonya"

uname:Linux 4.8.0-53-generic #56~16.04.1-Ubuntu SMP Tue May 16 01:18:56 UTC 2017 x86_64
libc:glibc 2.23 NPTL 2.23 
rlimit: STACK 8192k, CORE 0k, NPROC 47183, NOFILE 65536, AS infinity
load average:2.23 1.10 0.81

/proc/meminfo:
MemTotal:       12192948 kB
MemFree:          156344 kB
MemAvailable:     847116 kB
Buffers:          145980 kB
Cached:          1431792 kB
SwapCached:        96976 kB
Active:          9604328 kB
Inactive:        1983632 kB
Active(anon):    9016612 kB
Inactive(anon):  1686396 kB
Active(file):     587716 kB
Inactive(file):   297236 kB
Unevictable:         120 kB
Mlocked:             120 kB
SwapTotal:       4083708 kB
SwapFree:        2643888 kB
Dirty:             16188 kB
Writeback:             0 kB
AnonPages:       9892632 kB
Mapped:           839336 kB
Shmem:            692808 kB
Slab:             200668 kB
SReclaimable:      88652 kB
SUnreclaim:       112016 kB
KernelStack:       26688 kB
PageTables:       115040 kB
NFS_Unstable:          0 kB
Bounce:                0 kB
WritebackTmp:          0 kB
CommitLimit:    10180180 kB
Committed_AS:   24132156 kB
VmallocTotal:   34359738367 kB
VmallocUsed:           0 kB
VmallocChunk:          0 kB
HardwareCorrupted:     0 kB
AnonHugePages:   5169152 kB
ShmemHugePages:        0 kB
ShmemPmdMapped:        0 kB
CmaTotal:              0 kB
CmaFree:               0 kB
HugePages_Total:       0
HugePages_Free:        0
HugePages_Rsvd:        0
HugePages_Surp:        0
Hugepagesize:       2048 kB
DirectMap4k:      402176 kB
DirectMap2M:    12070912 kB
DirectMap1G:     1048576 kB

container (cgroup) information:
container_type: cgroupv1
cpu_cpuset_cpus: 0-3
cpu_memory_nodes: 0
active_processor_count: 4
cpu_quota: -1
cpu_period: 100000
cpu_shares: -1
memory_limit_in_bytes: -1
memory_and_swap_limit_in_bytes: -2
memory_soft_limit_in_bytes: -1
memory_usage_in_bytes: 9754894336
memory_max_usage_in_bytes: 9876430848


CPU:total 4 (initial active 4) (2 cores per cpu, 2 threads per core) family 6 model 69 stepping 1, cmov, cx8, fxsr, mmx, sse, sse2, sse3, ssse3, sse4.1, sse4.2, popcnt, avx, avx2, aes, clmul, erms, lzcnt, ht, tsc, tscinvbit, bmi1, bmi2

/proc/cpuinfo:
processor	: 0
vendor_id	: GenuineIntel
cpu family	: 6
model		: 69
model name	: Intel(R) Core(TM) i5-4210U CPU @ 1.70GHz
stepping	: 1
microcode	: 0x26
cpu MHz		: 2389.746
cache size	: 3072 KB
physical id	: 0
siblings	: 4
core id		: 0
cpu cores	: 2
apicid		: 0
initial apicid	: 0
fpu		: yes
fpu_exception	: yes
cpuid level	: 13
wp		: yes
flags		: fpu vme de pse tsc msr pae mce cx8 apic sep mtrr pge mca cmov pat pse36 clflush dts acpi mmx fxsr sse sse2 ss ht tm pbe syscall nx pdpe1gb rdtscp lm constant_tsc arch_perfmon pebs bts rep_good nopl xtopology nonstop_tsc aperfmperf eagerfpu pni pclmulqdq dtes64 monitor ds_cpl vmx est tm2 ssse3 sdbg fma cx16 xtpr pdcm pcid sse4_1 sse4_2 movbe popcnt tsc_deadline_timer aes xsave avx f16c rdrand lahf_lm abm epb tpr_shadow vnmi flexpriority ept vpid fsgsbase tsc_adjust bmi1 avx2 smep bmi2 erms invpcid xsaveopt dtherm ida arat pln pts
bugs		:
bogomips	: 4788.85
clflush size	: 64
cache_alignment	: 64
address sizes	: 39 bits physical, 48 bits virtual
power management:

processor	: 1
vendor_id	: GenuineIntel
cpu family	: 6
model		: 69
model name	: Intel(R) Core(TM) i5-4210U CPU @ 1.70GHz
stepping	: 1
microcode	: 0x26
cpu MHz		: 2346.240
cache size	: 3072 KB
physical id	: 0
siblings	: 4
core id		: 0
cpu cores	: 2
apicid		: 1
initial apicid	: 1
fpu		: yes
fpu_exception	: yes
cpuid level	: 13
wp		: yes
flags		: fpu vme de pse tsc msr pae mce cx8 apic sep mtrr pge mca cmov pat pse36 clflush dts acpi mmx fxsr sse sse2 ss ht tm pbe syscall nx pdpe1gb rdtscp lm constant_tsc arch_perfmon pebs bts rep_good nopl xtopology nonstop_tsc aperfmperf eagerfpu pni pclmulqdq dtes64 monitor ds_cpl vmx est tm2 ssse3 sdbg fma cx16 xtpr pdcm pcid sse4_1 sse4_2 movbe popcnt tsc_deadline_timer aes xsave avx f16c rdrand lahf_lm abm epb tpr_shadow vnmi flexpriority ept vpid fsgsbase tsc_adjust bmi1 avx2 smep bmi2 erms invpcid xsaveopt dtherm ida arat pln pts
bugs		:
bogomips	: 4788.85
clflush size	: 64
cache_alignment	: 64
address sizes	: 39 bits physical, 48 bits virtual
power management:

processor	: 2
vendor_id	: GenuineIntel
cpu family	: 6
model		: 69
model name	: Intel(R) Core(TM) i5-4210U CPU @ 1.70GHz
stepping	: 1
microcode	: 0x26
cpu MHz		: 2380.810
cache size	: 3072 KB
physical id	: 0
siblings	: 4
core id		: 1
cpu cores	: 2
apicid		: 2
initial apicid	: 2
fpu		: yes
fpu_exception	: yes
cpuid level	: 13
wp		: yes
flags		: fpu vme de pse tsc msr pae mce cx8 apic sep mtrr pge mca cmov pat pse36 clflush dts acpi mmx fxsr sse sse2 ss ht tm pbe syscall nx pdpe1gb rdtscp lm constant_tsc arch_perfmon pebs bts rep_good nopl xtopology nonstop_tsc aperfmperf eagerfpu pni pclmulqdq dtes64 monitor ds_cpl vmx est tm2 ssse3 sdbg fma cx16 xtpr pdcm pcid sse4_1 sse4_2 movbe popcnt tsc_deadline_timer aes xsave avx f16c rdrand lahf_lm abm epb tpr_shadow vnmi flexpriority ept vpid fsgsbase tsc_adjust bmi1 avx2 smep bmi2 erms invpcid xsaveopt dtherm ida arat pln pts
bugs		:
bogomips	: 4788.85
clflush size	: 64
cache_alignment	: 64
address sizes	: 39 bits physical, 48 bits virtual
power management:

processor	: 3
vendor_id	: GenuineIntel
cpu family	: 6
model		: 69
model name	: Intel(R) Core(TM) i5-4210U CPU @ 1.70GHz
stepping	: 1
microcode	: 0x26
cpu MHz		: 2495.214
cache size	: 3072 KB
physical id	: 0
siblings	: 4
core id		: 1
cpu cores	: 2
apicid		: 3
initial apicid	: 3
fpu		: yes
fpu_exception	: yes
cpuid level	: 13
wp		: yes
flags		: fpu vme de pse tsc msr pae mce cx8 apic sep mtrr pge mca cmov pat pse36 clflush dts acpi mmx fxsr sse sse2 ss ht tm pbe syscall nx pdpe1gb rdtscp lm constant_tsc arch_perfmon pebs bts rep_good nopl xtopology nonstop_tsc aperfmperf eagerfpu pni pclmulqdq dtes64 monitor ds_cpl vmx est tm2 ssse3 sdbg fma cx16 xtpr pdcm pcid sse4_1 sse4_2 movbe popcnt tsc_deadline_timer aes xsave avx f16c rdrand lahf_lm abm epb tpr_shadow vnmi flexpriority ept vpid fsgsbase tsc_adjust bmi1 avx2 smep bmi2 erms invpcid xsaveopt dtherm ida arat pln pts
bugs		:
bogomips	: 4788.85
clflush size	: 64
cache_alignment	: 64
address sizes	: 39 bits physical, 48 bits virtual
power management:



Memory: 4k page, physical 12192948k(156344k free), swap 4083708k(2643888k free)

vm_info: OpenJDK 64-Bit Server VM (25.252-b09) for linux-amd64 JRE (1.8.0_252-8u252-b09-1~16.04-b09), built on Apr 15 2020 21:06:51 by "buildd" with gcc 5.4.0 20160609

time: Mon Aug 10 13:39:06 2020
timezone: EAT
elapsed time: 225 seconds (0d 0h 3m 45s)

