#
# A fatal error has been detected by the Java Runtime Environment:
#
#  SIGSEGV (0xb) at pc=0x00007f2a7b7e33a6, pid=29689, tid=0x00007f2a564f8700
#
# JRE version: OpenJDK Runtime Environment (8.0_252-b09) (build 1.8.0_252-8u252-b09-1~16.04-b09)
# Java VM: OpenJDK 64-Bit Server VM (25.252-b09 mixed mode linux-amd64 compressed oops)
# Problematic frame:
# V  [libjvm.so+0x7653a6]
#
# Failed to write core dump. Core dumps have been disabled. To enable core dumping, try "ulimit -c unlimited" before starting Java again
#
# If you would like to submit a bug report, please visit:
#   http://bugreport.java.com/bugreport/crash.jsp
#

---------------  T H R E A D  ---------------

Current thread (0x00007f29f0002800):  JavaThread "restartedMain" [_thread_in_vm, id=30143, stack(0x00007f2a563f8000,0x00007f2a564f9000)]

siginfo: si_signo: 11 (SIGSEGV), si_code: 1 (SEGV_MAPERR), si_addr: 0x0000000000000008

Registers:
RAX=0x00000000000001a8, RBX=0x00007f2a281fbb80, RCX=0x0000000000000024, RDX=0x00000007c08e4588
RSP=0x00007f2a564f5de0, RBP=0x00007f2a564f5f10, RSI=0x0000000000000000, RDI=0x00000007c08e4568
R8 =0x00007f2a54fbc7c8, R9 =0x00007f2a04e7eca0, R10=0x00007f29e0053dd0, R11=0x000000000000000c
R12=0x0000000782753418, R13=0x0000000000000000, R14=0x0000000000000020, R15=0x0000000000000004
RIP=0x00007f2a7b7e33a6, EFLAGS=0x0000000000010206, CSGSFS=0x002b000000000033, ERR=0x0000000000000004
  TRAPNO=0x000000000000000e

Top of Stack: (sp=0x00007f2a564f5de0)
0x00007f2a564f5de0:   00007f29f0001b70 00007f2a564f5eb0
0x00007f2a564f5df0:   00000007c08e4568 ffffffffffffffff
0x00007f2a564f5e00:   00007f2a564f5e50 00007f2a54c253c0
0x00007f2a564f5e10:   00007f2a564f5e20 00007f2a7baa3366
0x00007f2a564f5e20:   00007f2a564f5ec0 00007f2a04608f10
0x00007f2a564f5e30:   00007f2a04293260 00000000000003d8
0x00007f2a564f5e40:   00007f2a281fbf58 00007f2a281fbba0
0x00007f2a564f5e50:   00000007c08e0bf8 00000007c08e4568
0x00007f2a564f5e60:   01007f2a281fbb70 0000000000000000
0x00007f2a564f5e70:   00007f2a281fbb70 00007f2a04e7ec98
0x00007f2a564f5e80:   00007f2a564f5f00 00007f2a7b9e1600
0x00007f2a564f5e90:   00007f29f0002800 00007f2a564f5f80
0x00007f2a564f5ea0:   00007f2a0427f2d0 0000000000000005
0x00007f2a564f5eb0:   00007f2a54fbc7c8 00007f29f0002800
0x00007f2a564f5ec0:   00007f2a54c24d70 00000007c08e0bf8
0x00007f2a564f5ed0:   0000000000000005 9bd08dea94abb700
0x00007f2a564f5ee0:   00007f2a564f5f00 00007f29f0002800
0x00007f2a564f5ef0:   00007f2a54c253d8 00007f2a564f5f90
0x00007f2a564f5f00:   00007f2a54c25620 00007f2a281fbb80
0x00007f2a564f5f10:   00007f2a564f6000 00007f2a7b7e532a
0x00007f2a564f5f20:   00007f29f0002800 00007f2a7b7e52ab
0x00007f2a564f5f30:   00007f2a0000000b 9bd08dea94abb700
0x00007f2a564f5f40:   00007f2a00000053 0000000000000000
0x00007f2a564f5f50:   00007f29f0002800 00000001564f5fb0
0x00007f2a564f5f60:   00007f2a54c25428 00007f2a00000001
0x00007f2a564f5f70:   00007f2a564f5f80 0000000500000005
0x00007f2a564f5f80:   00007f2a54c25620 00007f29f0002800
0x00007f2a564f5f90:   00007f29f0002800 00007f29f0001da0
0x00007f2a564f5fa0:   00007f2a04e7ec40 00007f2a04e7ec98
0x00007f2a564f5fb0:   00007f2a04e7ed28 00000000000000d8
0x00007f2a564f5fc0:   00007f2a564f6180 9bd08dea94abb700
0x00007f2a564f5fd0:   0000000000000005 00007f29f0002800 

Instructions: (pc=0x00007f2a7b7e33a6)
0x00007f2a7b7e3386:   48 8d 45 b0 48 89 85 10 ff ff ff eb 40 0f 1f 44
0x00007f2a7b7e3396:   00 00 48 63 43 08 4c 89 f2 48 03 13 4c 8b 2c 02
0x00007f2a7b7e33a6:   49 8b 45 08 48 8b 7d 90 0f b7 48 22 48 8b 50 08
0x00007f2a7b7e33b6:   48 3b 7c ca 50 0f 84 0f 01 00 00 41 83 c7 01 49 

Register to memory mapping:

RAX=0x00000000000001a8 is an unknown value
RBX=0x00007f2a281fbb80 is an unknown value
RCX=0x0000000000000024 is an unknown value
RDX=0x00000007c08e4588 is pointing into metadata
RSP=0x00007f2a564f5de0 is pointing into the stack for thread: 0x00007f29f0002800
RBP=0x00007f2a564f5f10 is pointing into the stack for thread: 0x00007f29f0002800
RSI=0x0000000000000000 is an unknown value
RDI=0x00000007c08e4568 is pointing into metadata
R8 ={method} {0x00007f2a54fbc7c8} 'tokenStore' '()Lorg/springframework/security/oauth2/provider/token/TokenStore;' in 'com/kisokolab/authserver/config/OAuth2AuthorizationServer'
R9 =0x00007f2a04e7eca0 is an unknown value
R10=0x00007f29e0053dd0 is an unknown value
R11=0x000000000000000c is an unknown value
R12=0x0000000782753418 is an oop
org.springframework.boot.devtools.restart.classloader.RestartClassLoader 
 - klass: 'org/springframework/boot/devtools/restart/classloader/RestartClassLoader'
R13=0x0000000000000000 is an unknown value
R14=0x0000000000000020 is an unknown value
R15=0x0000000000000004 is an unknown value


Stack: [0x00007f2a563f8000,0x00007f2a564f9000],  sp=0x00007f2a564f5de0,  free space=1015k
Native frames: (J=compiled Java code, j=interpreted, Vv=VM code, C=native code)
V  [libjvm.so+0x7653a6]
V  [libjvm.so+0x76732a]
V  [libjvm.so+0x622d33]
V  [libjvm.so+0x6294ff]
V  [libjvm.so+0x629a80]
V  [libjvm.so+0x6b7c26]
V  [libjvm.so+0x6b7fbc]  JVM_FindClassFromCaller+0x17c
C  [libjava.so+0xd660]  Java_java_lang_Class_forName0+0x140
J 672  java.lang.Class.forName0(Ljava/lang/String;ZLjava/lang/ClassLoader;Ljava/lang/Class;)Ljava/lang/Class; (0 bytes) @ 0x00007f2a6520f034 [0x00007f2a6520ef40+0xf4]
J 728 C1 java.lang.Class.forName(Ljava/lang/String;ZLjava/lang/ClassLoader;)Ljava/lang/Class; (53 bytes) @ 0x00007f2a65224544 [0x00007f2a65224420+0x124]
j  org.springframework.cglib.core.ReflectUtils.defineClass(Ljava/lang/String;[BLjava/lang/ClassLoader;Ljava/security/ProtectionDomain;Ljava/lang/Class;)Ljava/lang/Class;+390
j  org.springframework.cglib.core.AbstractClassGenerator.generate(Lorg/springframework/cglib/core/AbstractClassGenerator$ClassLoaderData;)Ljava/lang/Class;+184
j  org.springframework.cglib.proxy.Enhancer.generate(Lorg/springframework/cglib/core/AbstractClassGenerator$ClassLoaderData;)Ljava/lang/Class;+53
j  org.springframework.cglib.core.AbstractClassGenerator$ClassLoaderData$3.apply(Lorg/springframework/cglib/core/AbstractClassGenerator;)Ljava/lang/Object;+5
j  org.springframework.cglib.core.AbstractClassGenerator$ClassLoaderData$3.apply(Ljava/lang/Object;)Ljava/lang/Object;+5
j  org.springframework.cglib.core.internal.LoadingCache$2.call()Ljava/lang/Object;+11
j  java.util.concurrent.FutureTask.run()V+42
j  org.springframework.cglib.core.internal.LoadingCache.createEntry(Ljava/lang/Object;Ljava/lang/Object;Ljava/lang/Object;)Ljava/lang/Object;+58
j  org.springframework.cglib.core.internal.LoadingCache.get(Ljava/lang/Object;)Ljava/lang/Object;+39
j  org.springframework.cglib.core.AbstractClassGenerator$ClassLoaderData.get(Lorg/springframework/cglib/core/AbstractClassGenerator;Z)Ljava/lang/Object;+15
j  org.springframework.cglib.core.AbstractClassGenerator.create(Ljava/lang/Object;)Ljava/lang/Object;+115
j  org.springframework.cglib.proxy.Enhancer.createHelper()Ljava/lang/Object;+86
j  org.springframework.cglib.proxy.Enhancer.createClass()Ljava/lang/Class;+6
j  org.springframework.context.annotation.ConfigurationClassEnhancer.createClass(Lorg/springframework/cglib/proxy/Enhancer;)Ljava/lang/Class;+1
j  org.springframework.context.annotation.ConfigurationClassEnhancer.enhance(Ljava/lang/Class;Ljava/lang/ClassLoader;)Ljava/lang/Class;+53
j  org.springframework.context.annotation.ConfigurationClassPostProcessor.enhanceConfigurationClasses(Lorg/springframework/beans/factory/config/ConfigurableListableBeanFactory;)V+381
j  org.springframework.context.annotation.ConfigurationClassPostProcessor.postProcessBeanFactory(Lorg/springframework/beans/factory/config/ConfigurableListableBeanFactory;)V+88
j  org.springframework.context.support.PostProcessorRegistrationDelegate.invokeBeanFactoryPostProcessors(Ljava/util/Collection;Lorg/springframework/beans/factory/config/ConfigurableListableBeanFactory;)V+28
j  org.springframework.context.support.PostProcessorRegistrationDelegate.invokeBeanFactoryPostProcessors(Lorg/springframework/beans/factory/config/ConfigurableListableBeanFactory;Ljava/util/List;)V+494
j  org.springframework.context.support.AbstractApplicationContext.invokeBeanFactoryPostProcessors(Lorg/springframework/beans/factory/config/ConfigurableListableBeanFactory;)V+5
j  org.springframework.context.support.AbstractApplicationContext.refresh()V+28
j  org.springframework.boot.web.servlet.context.ServletWebServerApplicationContext.refresh()V+1
j  org.springframework.boot.SpringApplication.refresh(Lorg/springframework/context/ConfigurableApplicationContext;)V+1
j  org.springframework.boot.SpringApplication.refresh(Lorg/springframework/context/ApplicationContext;)V+11
j  org.springframework.boot.SpringApplication.refreshContext(Lorg/springframework/context/ConfigurableApplicationContext;)V+2
j  org.springframework.boot.SpringApplication.run([Ljava/lang/String;)Lorg/springframework/context/ConfigurableApplicationContext;+118
j  org.springframework.boot.SpringApplication.run([Ljava/lang/Class;[Ljava/lang/String;)Lorg/springframework/context/ConfigurableApplicationContext;+9
j  org.springframework.boot.SpringApplication.run(Ljava/lang/Class;[Ljava/lang/String;)Lorg/springframework/context/ConfigurableApplicationContext;+9
j  com.kisokolab.authserver.AuthserverApplication.main([Ljava/lang/String;)V+3
v  ~StubRoutines::call_stub
V  [libjvm.so+0x66abf0]
V  [libjvm.so+0x94b309]
V  [libjvm.so+0x94d02f]
V  [libjvm.so+0x6b87f7]  JVM_InvokeMethod+0x137
J 2230  sun.reflect.NativeMethodAccessorImpl.invoke0(Ljava/lang/reflect/Method;Ljava/lang/Object;[Ljava/lang/Object;)Ljava/lang/Object; (0 bytes) @ 0x00007f2a6548656d [0x00007f2a65486480+0xed]
J 2229 C1 sun.reflect.NativeMethodAccessorImpl.invoke(Ljava/lang/Object;[Ljava/lang/Object;)Ljava/lang/Object; (104 bytes) @ 0x00007f2a65487c4c [0x00007f2a654878a0+0x3ac]
J 1715 C1 sun.reflect.DelegatingMethodAccessorImpl.invoke(Ljava/lang/Object;[Ljava/lang/Object;)Ljava/lang/Object; (10 bytes) @ 0x00007f2a6539b784 [0x00007f2a6539b740+0x44]
J 1714 C1 java.lang.reflect.Method.invoke(Ljava/lang/Object;[Ljava/lang/Object;)Ljava/lang/Object; (62 bytes) @ 0x00007f2a6539b024 [0x00007f2a6539af20+0x104]
j  org.springframework.boot.devtools.restart.RestartLauncher.run()V+42
v  ~StubRoutines::call_stub
V  [libjvm.so+0x66abf0]
V  [libjvm.so+0x6680d4]
V  [libjvm.so+0x6686b7]
V  [libjvm.so+0x6acad4]
V  [libjvm.so+0xa1ff87]
V  [libjvm.so+0xa20370]
V  [libjvm.so+0x8c6042]
C  [libpthread.so.0+0x76ba]  start_thread+0xca

Java frames: (J=compiled Java code, j=interpreted, Vv=VM code)
J 672  java.lang.Class.forName0(Ljava/lang/String;ZLjava/lang/ClassLoader;Ljava/lang/Class;)Ljava/lang/Class; (0 bytes) @ 0x00007f2a6520efba [0x00007f2a6520ef40+0x7a]
J 728 C1 java.lang.Class.forName(Ljava/lang/String;ZLjava/lang/ClassLoader;)Ljava/lang/Class; (53 bytes) @ 0x00007f2a65224544 [0x00007f2a65224420+0x124]
j  org.springframework.cglib.core.ReflectUtils.defineClass(Ljava/lang/String;[BLjava/lang/ClassLoader;Ljava/security/ProtectionDomain;Ljava/lang/Class;)Ljava/lang/Class;+390
j  org.springframework.cglib.core.AbstractClassGenerator.generate(Lorg/springframework/cglib/core/AbstractClassGenerator$ClassLoaderData;)Ljava/lang/Class;+184
j  org.springframework.cglib.proxy.Enhancer.generate(Lorg/springframework/cglib/core/AbstractClassGenerator$ClassLoaderData;)Ljava/lang/Class;+53
j  org.springframework.cglib.core.AbstractClassGenerator$ClassLoaderData$3.apply(Lorg/springframework/cglib/core/AbstractClassGenerator;)Ljava/lang/Object;+5
j  org.springframework.cglib.core.AbstractClassGenerator$ClassLoaderData$3.apply(Ljava/lang/Object;)Ljava/lang/Object;+5
j  org.springframework.cglib.core.internal.LoadingCache$2.call()Ljava/lang/Object;+11
j  java.util.concurrent.FutureTask.run()V+42
j  org.springframework.cglib.core.internal.LoadingCache.createEntry(Ljava/lang/Object;Ljava/lang/Object;Ljava/lang/Object;)Ljava/lang/Object;+58
j  org.springframework.cglib.core.internal.LoadingCache.get(Ljava/lang/Object;)Ljava/lang/Object;+39
j  org.springframework.cglib.core.AbstractClassGenerator$ClassLoaderData.get(Lorg/springframework/cglib/core/AbstractClassGenerator;Z)Ljava/lang/Object;+15
j  org.springframework.cglib.core.AbstractClassGenerator.create(Ljava/lang/Object;)Ljava/lang/Object;+115
j  org.springframework.cglib.proxy.Enhancer.createHelper()Ljava/lang/Object;+86
j  org.springframework.cglib.proxy.Enhancer.createClass()Ljava/lang/Class;+6
j  org.springframework.context.annotation.ConfigurationClassEnhancer.createClass(Lorg/springframework/cglib/proxy/Enhancer;)Ljava/lang/Class;+1
j  org.springframework.context.annotation.ConfigurationClassEnhancer.enhance(Ljava/lang/Class;Ljava/lang/ClassLoader;)Ljava/lang/Class;+53
j  org.springframework.context.annotation.ConfigurationClassPostProcessor.enhanceConfigurationClasses(Lorg/springframework/beans/factory/config/ConfigurableListableBeanFactory;)V+381
j  org.springframework.context.annotation.ConfigurationClassPostProcessor.postProcessBeanFactory(Lorg/springframework/beans/factory/config/ConfigurableListableBeanFactory;)V+88
j  org.springframework.context.support.PostProcessorRegistrationDelegate.invokeBeanFactoryPostProcessors(Ljava/util/Collection;Lorg/springframework/beans/factory/config/ConfigurableListableBeanFactory;)V+28
j  org.springframework.context.support.PostProcessorRegistrationDelegate.invokeBeanFactoryPostProcessors(Lorg/springframework/beans/factory/config/ConfigurableListableBeanFactory;Ljava/util/List;)V+494
j  org.springframework.context.support.AbstractApplicationContext.invokeBeanFactoryPostProcessors(Lorg/springframework/beans/factory/config/ConfigurableListableBeanFactory;)V+5
j  org.springframework.context.support.AbstractApplicationContext.refresh()V+28
j  org.springframework.boot.web.servlet.context.ServletWebServerApplicationContext.refresh()V+1
j  org.springframework.boot.SpringApplication.refresh(Lorg/springframework/context/ConfigurableApplicationContext;)V+1
j  org.springframework.boot.SpringApplication.refresh(Lorg/springframework/context/ApplicationContext;)V+11
j  org.springframework.boot.SpringApplication.refreshContext(Lorg/springframework/context/ConfigurableApplicationContext;)V+2
j  org.springframework.boot.SpringApplication.run([Ljava/lang/String;)Lorg/springframework/context/ConfigurableApplicationContext;+118
j  org.springframework.boot.SpringApplication.run([Ljava/lang/Class;[Ljava/lang/String;)Lorg/springframework/context/ConfigurableApplicationContext;+9
j  org.springframework.boot.SpringApplication.run(Ljava/lang/Class;[Ljava/lang/String;)Lorg/springframework/context/ConfigurableApplicationContext;+9
j  com.kisokolab.authserver.AuthserverApplication.main([Ljava/lang/String;)V+3
v  ~StubRoutines::call_stub
J 2230  sun.reflect.NativeMethodAccessorImpl.invoke0(Ljava/lang/reflect/Method;Ljava/lang/Object;[Ljava/lang/Object;)Ljava/lang/Object; (0 bytes) @ 0x00007f2a654864f7 [0x00007f2a65486480+0x77]
J 2229 C1 sun.reflect.NativeMethodAccessorImpl.invoke(Ljava/lang/Object;[Ljava/lang/Object;)Ljava/lang/Object; (104 bytes) @ 0x00007f2a65487c4c [0x00007f2a654878a0+0x3ac]
J 1715 C1 sun.reflect.DelegatingMethodAccessorImpl.invoke(Ljava/lang/Object;[Ljava/lang/Object;)Ljava/lang/Object; (10 bytes) @ 0x00007f2a6539b784 [0x00007f2a6539b740+0x44]
J 1714 C1 java.lang.reflect.Method.invoke(Ljava/lang/Object;[Ljava/lang/Object;)Ljava/lang/Object; (62 bytes) @ 0x00007f2a6539b024 [0x00007f2a6539af20+0x104]
j  org.springframework.boot.devtools.restart.RestartLauncher.run()V+42
v  ~StubRoutines::call_stub

---------------  P R O C E S S  ---------------

Java Threads: ( => current thread )
=>0x00007f29f0002800 JavaThread "restartedMain" [_thread_in_vm, id=30143, stack(0x00007f2a563f8000,0x00007f2a564f9000)]
  0x00007f29e4450000 JavaThread "Thread-28" [_thread_blocked, id=30140, stack(0x00007f2a55bf0000,0x00007f2a55cf1000)]
  0x00007f2a74011000 JavaThread "DestroyJavaVM" [_thread_blocked, id=29694, stack(0x00007f2a7cce5000,0x00007f2a7cde6000)]
  0x00007f29e8007800 JavaThread "Live Reload Server" daemon [_thread_in_native, id=29769, stack(0x00007f2a567fa000,0x00007f2a568fb000)]
  0x00007f2a04b02800 JavaThread "mysql-cj-abandoned-connection-cleanup" daemon [_thread_blocked, id=29755, stack(0x00007f2a57cff000,0x00007f2a57e00000)]
  0x00007f2a0c00a000 JavaThread "RMI Scheduler(0)" daemon [_thread_blocked, id=29735, stack(0x00007f2a5d3d1000,0x00007f2a5d4d2000)]
  0x00007f2a38001000 JavaThread "Attach Listener" daemon [_thread_blocked, id=29730, stack(0x00007f2a5d7d5000,0x00007f2a5d8d6000)]
  0x00007f2a74761000 JavaThread "RMI TCP Accept-0" daemon [_thread_in_native, id=29724, stack(0x00007f2a5dbd7000,0x00007f2a5dcd8000)]
  0x00007f2a7468f800 JavaThread "Service Thread" daemon [_thread_blocked, id=29722, stack(0x00007f2a5dee7000,0x00007f2a5dfe8000)]
  0x00007f2a7468b800 JavaThread "C1 CompilerThread2" daemon [_thread_blocked, id=29721, stack(0x00007f2a5dfe8000,0x00007f2a5e0e9000)]
  0x00007f2a74689800 JavaThread "C2 CompilerThread1" daemon [_thread_blocked, id=29720, stack(0x00007f2a5e0e9000,0x00007f2a5e1ea000)]
  0x00007f2a74688000 JavaThread "C2 CompilerThread0" daemon [_thread_blocked, id=29719, stack(0x00007f2a5e1ea000,0x00007f2a5e2eb000)]
  0x00007f2a74685800 JavaThread "Monitor Ctrl-Break" daemon [_thread_in_native, id=29718, stack(0x00007f2a5e2eb000,0x00007f2a5e3ec000)]
  0x00007f2a74185000 JavaThread "Signal Dispatcher" daemon [_thread_blocked, id=29716, stack(0x00007f2a5ebe7000,0x00007f2a5ece8000)]
  0x00007f2a74154000 JavaThread "Finalizer" daemon [_thread_blocked, id=29715, stack(0x00007f2a5f0f1000,0x00007f2a5f1f2000)]
  0x00007f2a7414f800 JavaThread "Reference Handler" daemon [_thread_blocked, id=29714, stack(0x00007f2a5f1f2000,0x00007f2a5f2f3000)]

Other Threads:
  0x00007f2a74146000 VMThread [stack: 0x00007f2a5f2f3000,0x00007f2a5f3f4000] [id=29713]
  0x00007f2a74775800 WatcherThread [stack: 0x00007f2a5dad6000,0x00007f2a5dbd7000] [id=29726]

VM state:not at safepoint (normal execution)

VM Mutex/Monitor currently owned by a thread: None

heap address: 0x0000000705e00000, size: 2978 MB, Compressed Oops mode: Zero based, Oop shift amount: 3
Narrow klass base: 0x0000000000000000, Narrow klass shift: 3
Compressed class space size: 1073741824 Address: 0x00000007c0000000

Heap:
 PSYoungGen      total 715776K, used 104458K [0x0000000781f80000, 0x00000007aef80000, 0x00000007c0000000)
  eden space 695296K, 15% used [0x0000000781f80000,0x0000000788582b08,0x00000007ac680000)
  from space 20480K, 0% used [0x00000007adb80000,0x00000007adb80000,0x00000007aef80000)
  to   space 20992K, 0% used [0x00000007ac680000,0x00000007ac680000,0x00000007adb00000)
 ParOldGen       total 117248K, used 31190K [0x0000000705e00000, 0x000000070d080000, 0x0000000781f80000)
  object space 117248K, 26% used [0x0000000705e00000,0x0000000707c75bb8,0x000000070d080000)
 Metaspace       used 60660K, capacity 64718K, committed 65048K, reserved 1105920K
  class space    used 8406K, capacity 9132K, committed 9248K, reserved 1048576K

Card table byte_map: [0x00007f2a78bb2000,0x00007f2a79184000] byte_map_base: 0x00007f2a75383000

Marking Bits: (ParMarkBitMap*) 0x00007f2a7bfb65a0
 Begin Bits: [0x00007f2a422f0000, 0x00007f2a45178000)
 End Bits:   [0x00007f2a45178000, 0x00007f2a48000000)

Polling page: 0x00007f2a7ce06000

CodeCache: size=245760Kb used=11826Kb max_used=11826Kb free=233933Kb
 bounds [0x00007f2a65000000, 0x00007f2a65b90000, 0x00007f2a74000000]
 total_blobs=6873 nmethods=6305 adapters=480
 compilation: enabled

Compilation events (10 events):
Event: 300.003 Thread 0x00007f2a7468b800 6413       1       java.lang.reflect.Field::acquireFieldAccessor (59 bytes)
Event: 300.004 Thread 0x00007f2a7468b800 nmethod 6413 0x00007f2a65b8d790 code [0x00007f2a65b8d920, 0x00007f2a65b8dc28]
Event: 300.004 Thread 0x00007f2a7468b800 6415       1       org.springframework.cglib.core.TypeUtils::getTypes (37 bytes)
Event: 300.004 Thread 0x00007f2a7468b800 nmethod 6415 0x00007f2a65b8ddd0 code [0x00007f2a65b8df40, 0x00007f2a65b8e1e8]
Event: 300.004 Thread 0x00007f2a7468b800 6414       1       java.lang.reflect.Field::getFieldAccessor (16 bytes)
Event: 300.004 Thread 0x00007f2a7468b800 nmethod 6414 0x00007f2a65b8e350 code [0x00007f2a65b8e4a0, 0x00007f2a65b8e5d0]
Event: 300.005 Thread 0x00007f2a7468b800 6416       1       org.springframework.cglib.core.ClassEmitter::visitField (14 bytes)
Event: 300.005 Thread 0x00007f2a7468b800 nmethod 6416 0x00007f2a65b8e610 code [0x00007f2a65b8e780, 0x00007f2a65b8e918]
Event: 300.005 Thread 0x00007f2a7468b800 6417       1       org.springframework.cglib.core.TypeUtils::emulateClassGetName (24 bytes)
Event: 300.005 Thread 0x00007f2a7468b800 nmethod 6417 0x00007f2a65b8ea90 code [0x00007f2a65b8ec20, 0x00007f2a65b8eda8]

GC Heap History (10 events):
Event: 7.116 GC heap before
{Heap before GC invocations=13 (full 3):
 PSYoungGen      total 525312K, used 10833K [0x0000000781f80000, 0x00000007a3880000, 0x00000007c0000000)
  eden space 506880K, 0% used [0x0000000781f80000,0x0000000781f80000,0x00000007a0e80000)
  from space 18432K, 58% used [0x00000007a2680000,0x00000007a31145b0,0x00000007a3880000)
  to   space 21504K, 0% used [0x00000007a0e80000,0x00000007a0e80000,0x00000007a2380000)
 ParOldGen       total 91648K, used 32656K [0x0000000705e00000, 0x000000070b780000, 0x0000000781f80000)
  object space 91648K, 35% used [0x0000000705e00000,0x0000000707de41b8,0x000000070b780000)
 Metaspace       used 55402K, capacity 59056K, committed 59160K, reserved 1099776K
  class space    used 7745K, capacity 8379K, committed 8480K, reserved 1048576K
Event: 7.320 GC heap after
Heap after GC invocations=13 (full 3):
 PSYoungGen      total 525312K, used 0K [0x0000000781f80000, 0x00000007a3880000, 0x00000007c0000000)
  eden space 506880K, 0% used [0x0000000781f80000,0x0000000781f80000,0x00000007a0e80000)
  from space 18432K, 0% used [0x00000007a2680000,0x00000007a2680000,0x00000007a3880000)
  to   space 21504K, 0% used [0x00000007a0e80000,0x00000007a0e80000,0x00000007a2380000)
 ParOldGen       total 117248K, used 26673K [0x0000000705e00000, 0x000000070d080000, 0x0000000781f80000)
  object space 117248K, 22% used [0x0000000705e00000,0x000000070780c450,0x000000070d080000)
 Metaspace       used 55390K, capacity 59024K, committed 59160K, reserved 1099776K
  class space    used 7742K, capacity 8373K, committed 8480K, reserved 1048576K
}
Event: 291.882 GC heap before
{Heap before GC invocations=14 (full 3):
 PSYoungGen      total 525312K, used 159227K [0x0000000781f80000, 0x00000007a3880000, 0x00000007c0000000)
  eden space 506880K, 31% used [0x0000000781f80000,0x000000078bafee10,0x00000007a0e80000)
  from space 18432K, 0% used [0x00000007a2680000,0x00000007a2680000,0x00000007a3880000)
  to   space 21504K, 0% used [0x00000007a0e80000,0x00000007a0e80000,0x00000007a2380000)
 ParOldGen       total 117248K, used 26673K [0x0000000705e00000, 0x000000070d080000, 0x0000000781f80000)
  object space 117248K, 22% used [0x0000000705e00000,0x000000070780c450,0x000000070d080000)
 Metaspace       used 59969K, capacity 63794K, committed 64152K, reserved 1103872K
  class space    used 8331K, capacity 9013K, committed 9120K, reserved 1048576K
Event: 291.889 GC heap after
Heap after GC invocations=14 (full 3):
 PSYoungGen      total 528384K, used 4859K [0x0000000781f80000, 0x00000007af080000, 0x00000007c0000000)
  eden space 506880K, 0% used [0x0000000781f80000,0x0000000781f80000,0x00000007a0e80000)
  from space 21504K, 22% used [0x00000007a0e80000,0x00000007a133edd8,0x00000007a2380000)
  to   space 21504K, 0% used [0x00000007adb80000,0x00000007adb80000,0x00000007af080000)
 ParOldGen       total 117248K, used 26681K [0x0000000705e00000, 0x000000070d080000, 0x0000000781f80000)
  object space 117248K, 22% used [0x0000000705e00000,0x000000070780e450,0x000000070d080000)
 Metaspace       used 59969K, capacity 63794K, committed 64152K, reserved 1103872K
  class space    used 8331K, capacity 9013K, committed 9120K, reserved 1048576K
}
Event: 291.889 GC heap before
{Heap before GC invocations=15 (full 4):
 PSYoungGen      total 528384K, used 4859K [0x0000000781f80000, 0x00000007af080000, 0x00000007c0000000)
  eden space 506880K, 0% used [0x0000000781f80000,0x0000000781f80000,0x00000007a0e80000)
  from space 21504K, 22% used [0x00000007a0e80000,0x00000007a133edd8,0x00000007a2380000)
  to   space 21504K, 0% used [0x00000007adb80000,0x00000007adb80000,0x00000007af080000)
 ParOldGen       total 117248K, used 26681K [0x0000000705e00000, 0x000000070d080000, 0x0000000781f80000)
  object space 117248K, 22% used [0x0000000705e00000,0x000000070780e450,0x000000070d080000)
 Metaspace       used 59969K, capacity 63794K, committed 64152K, reserved 1103872K
  class space    used 8331K, capacity 9013K, committed 9120K, reserved 1048576K
Event: 292.304 GC heap after
Heap after GC invocations=15 (full 4):
 PSYoungGen      total 528384K, used 0K [0x0000000781f80000, 0x00000007af080000, 0x00000007c0000000)
  eden space 506880K, 0% used [0x0000000781f80000,0x0000000781f80000,0x00000007a0e80000)
  from space 21504K, 0% used [0x00000007a0e80000,0x00000007a0e80000,0x00000007a2380000)
  to   space 21504K, 0% used [0x00000007adb80000,0x00000007adb80000,0x00000007af080000)
 ParOldGen       total 117248K, used 29335K [0x0000000705e00000, 0x000000070d080000, 0x0000000781f80000)
  object space 117248K, 25% used [0x0000000705e00000,0x0000000707aa5d90,0x000000070d080000)
 Metaspace       used 59965K, capacity 63788K, committed 64152K, reserved 1103872K
  class space    used 8330K, capacity 9012K, committed 9120K, reserved 1048576K
}
Event: 299.330 GC heap before
{Heap before GC invocations=16 (full 4):
 PSYoungGen      total 528384K, used 265312K [0x0000000781f80000, 0x00000007af080000, 0x00000007c0000000)
  eden space 506880K, 52% used [0x0000000781f80000,0x00000007922980c8,0x00000007a0e80000)
  from space 21504K, 0% used [0x00000007a0e80000,0x00000007a0e80000,0x00000007a2380000)
  to   space 21504K, 0% used [0x00000007adb80000,0x00000007adb80000,0x00000007af080000)
 ParOldGen       total 117248K, used 29335K [0x0000000705e00000, 0x000000070d080000, 0x0000000781f80000)
  object space 117248K, 25% used [0x0000000705e00000,0x0000000707aa5d90,0x000000070d080000)
 Metaspace       used 60557K, capacity 64522K, committed 64664K, reserved 1105920K
  class space    used 8391K, capacity 9090K, committed 9120K, reserved 1048576K
Event: 299.338 GC heap after
Heap after GC invocations=16 (full 4):
 PSYoungGen      total 715776K, used 6432K [0x0000000781f80000, 0x00000007aef80000, 0x00000007c0000000)
  eden space 695296K, 0% used [0x0000000781f80000,0x0000000781f80000,0x00000007ac680000)
  from space 20480K, 31% used [0x00000007adb80000,0x00000007ae1c8258,0x00000007aef80000)
  to   space 20992K, 0% used [0x00000007ac680000,0x00000007ac680000,0x00000007adb00000)
 ParOldGen       total 117248K, used 29343K [0x0000000705e00000, 0x000000070d080000, 0x0000000781f80000)
  object space 117248K, 25% used [0x0000000705e00000,0x0000000707aa7d90,0x000000070d080000)
 Metaspace       used 60557K, capacity 64522K, committed 64664K, reserved 1105920K
  class space    used 8391K, capacity 9090K, committed 9120K, reserved 1048576K
}
Event: 299.338 GC heap before
{Heap before GC invocations=17 (full 5):
 PSYoungGen      total 715776K, used 6432K [0x0000000781f80000, 0x00000007aef80000, 0x00000007c0000000)
  eden space 695296K, 0% used [0x0000000781f80000,0x0000000781f80000,0x00000007ac680000)
  from space 20480K, 31% used [0x00000007adb80000,0x00000007ae1c8258,0x00000007aef80000)
  to   space 20992K, 0% used [0x00000007ac680000,0x00000007ac680000,0x00000007adb00000)
 ParOldGen       total 117248K, used 29343K [0x0000000705e00000, 0x000000070d080000, 0x0000000781f80000)
  object space 117248K, 25% used [0x0000000705e00000,0x0000000707aa7d90,0x000000070d080000)
 Metaspace       used 60557K, capacity 64522K, committed 64664K, reserved 1105920K
  class space    used 8391K, capacity 9090K, committed 9120K, reserved 1048576K
Event: 299.635 GC heap after
Heap after GC invocations=17 (full 5):
 PSYoungGen      total 715776K, used 0K [0x0000000781f80000, 0x00000007aef80000, 0x00000007c0000000)
  eden space 695296K, 0% used [0x0000000781f80000,0x0000000781f80000,0x00000007ac680000)
  from space 20480K, 0% used [0x00000007adb80000,0x00000007adb80000,0x00000007aef80000)
  to   space 20992K, 0% used [0x00000007ac680000,0x00000007ac680000,0x00000007adb00000)
 ParOldGen       total 117248K, used 31190K [0x0000000705e00000, 0x000000070d080000, 0x0000000781f80000)
  object space 117248K, 26% used [0x0000000705e00000,0x0000000707c75bb8,0x000000070d080000)
 Metaspace       used 60553K, capacity 64516K, committed 64664K, reserved 1105920K
  class space    used 8390K, capacity 9089K, committed 9120K, reserved 1048576K
}

Deoptimization events (0 events):
No events

Classes redefined (0 events):
No events

Internal exceptions (10 events):
Event: 299.958 Thread 0x00007f29f0002800 Exception <a 'java/lang/ArrayIndexOutOfBoundsException'> (0x0000000787dd5638) thrown at [/build/openjdk-8-uwNjBd/openjdk-8-8u252-b09/src/hotspot/src/share/vm/runtime/sharedRuntime.cpp, line 605]
Event: 299.961 Thread 0x00007f29f0002800 Exception <a 'java/lang/ArrayIndexOutOfBoundsException'> (0x0000000787e33bd8) thrown at [/build/openjdk-8-uwNjBd/openjdk-8-8u252-b09/src/hotspot/src/share/vm/runtime/sharedRuntime.cpp, line 605]
Event: 299.962 Thread 0x00007f29f0002800 Exception <a 'java/lang/ArrayIndexOutOfBoundsException'> (0x0000000787e8bff8) thrown at [/build/openjdk-8-uwNjBd/openjdk-8-8u252-b09/src/hotspot/src/share/vm/runtime/sharedRuntime.cpp, line 605]
Event: 299.964 Thread 0x00007f29f0002800 Exception <a 'java/lang/ArrayIndexOutOfBoundsException'> (0x0000000787ee8638) thrown at [/build/openjdk-8-uwNjBd/openjdk-8-8u252-b09/src/hotspot/src/share/vm/runtime/sharedRuntime.cpp, line 605]
Event: 299.971 Thread 0x00007f29f0002800 Exception <a 'java/lang/ArrayIndexOutOfBoundsException'> (0x0000000787fc8250) thrown at [/build/openjdk-8-uwNjBd/openjdk-8-8u252-b09/src/hotspot/src/share/vm/runtime/sharedRuntime.cpp, line 605]
Event: 299.972 Thread 0x00007f29f0002800 Exception <a 'java/lang/ArrayIndexOutOfBoundsException'> (0x0000000787fed318) thrown at [/build/openjdk-8-uwNjBd/openjdk-8-8u252-b09/src/hotspot/src/share/vm/runtime/sharedRuntime.cpp, line 605]
Event: 299.983 Thread 0x00007f29f0002800 Exception <a 'java/lang/ArrayIndexOutOfBoundsException'> (0x0000000788170568) thrown at [/build/openjdk-8-uwNjBd/openjdk-8-8u252-b09/src/hotspot/src/share/vm/runtime/sharedRuntime.cpp, line 605]
Event: 299.987 Thread 0x00007f29f0002800 Exception <a 'java/lang/ArrayIndexOutOfBoundsException'> (0x00000007881f4f28) thrown at [/build/openjdk-8-uwNjBd/openjdk-8-8u252-b09/src/hotspot/src/share/vm/runtime/sharedRuntime.cpp, line 605]
Event: 299.993 Thread 0x00007f29f0002800 Exception <a 'java/lang/ArrayIndexOutOfBoundsException'> (0x0000000788275a10) thrown at [/build/openjdk-8-uwNjBd/openjdk-8-8u252-b09/src/hotspot/src/share/vm/runtime/sharedRuntime.cpp, line 605]
Event: 299.995 Thread 0x00007f29f0002800 Exception <a 'java/lang/ArrayIndexOutOfBoundsException'> (0x00000007882cab18) thrown at [/build/openjdk-8-uwNjBd/openjdk-8-8u252-b09/src/hotspot/src/share/vm/runtime/sharedRuntime.cpp, line 605]

Events (10 events):
Event: 299.970 loading class javax/inject$Qualifier
Event: 299.970 loading class javax/inject$Qualifier done
Event: 299.976 loading class org/springframework/web/reactive/HandlerResult
Event: 299.976 loading class org/springframework/web/reactive/HandlerResult done
Event: 299.976 loading class org/springframework/messaging/rsocket/annotation/support/RSocketMessageHandler
Event: 299.976 loading class org/springframework/messaging/rsocket/annotation/support/RSocketMessageHandler done
Event: 299.981 loading class org/springframework/security/oauth2/jwt/JwtDecoder
Event: 299.981 loading class org/springframework/security/oauth2/jwt/JwtDecoder done
Event: 299.981 loading class org/springframework/security/oauth2/server/resource/introspection/OpaqueTokenIntrospector
Event: 299.981 loading class org/springframework/security/oauth2/server/resource/introspection/OpaqueTokenIntrospector done


Dynamic libraries:
705e00000-70d080000 rw-p 00000000 00:00 0 
70d080000-781f80000 ---p 00000000 00:00 0 
781f80000-7aef80000 rw-p 00000000 00:00 0 
7aef80000-7c0000000 ---p 00000000 00:00 0 
7c0000000-7c0908000 rw-p 00000000 00:00 0 
7c0908000-800000000 ---p 00000000 00:00 0 
55bea6d9f000-55bea6da0000 r-xp 00000000 08:02 24643205                   /usr/lib/jvm/java-8-openjdk-amd64/jre/bin/java
55bea6f9f000-55bea6fa0000 r--p 00000000 08:02 24643205                   /usr/lib/jvm/java-8-openjdk-amd64/jre/bin/java
55bea6fa0000-55bea6fa1000 rw-p 00001000 08:02 24643205                   /usr/lib/jvm/java-8-openjdk-amd64/jre/bin/java
55bea82e5000-55bea8306000 rw-p 00000000 00:00 0                          [heap]
7f29dc000000-7f29dc022000 rw-p 00000000 00:00 0 
7f29dc022000-7f29e0000000 ---p 00000000 00:00 0 
7f29e0000000-7f29e015a000 rw-p 00000000 00:00 0 
7f29e015a000-7f29e4000000 ---p 00000000 00:00 0 
7f29e4000000-7f29e45e6000 rw-p 00000000 00:00 0 
7f29e45e6000-7f29e8000000 ---p 00000000 00:00 0 
7f29e8000000-7f29e8021000 rw-p 00000000 00:00 0 
7f29e8021000-7f29ec000000 ---p 00000000 00:00 0 
7f29ec000000-7f29ec021000 rw-p 00000000 00:00 0 
7f29ec021000-7f29f0000000 ---p 00000000 00:00 0 
7f29f0000000-7f29f0021000 rw-p 00000000 00:00 0 
7f29f0021000-7f29f4000000 ---p 00000000 00:00 0 
7f29f4000000-7f29f4021000 rw-p 00000000 00:00 0 
7f29f4021000-7f29f8000000 ---p 00000000 00:00 0 
7f29f8000000-7f29f8021000 rw-p 00000000 00:00 0 
7f29f8021000-7f29fc000000 ---p 00000000 00:00 0 
7f29fc000000-7f29fc1db000 rw-p 00000000 00:00 0 
7f29fc1db000-7f2a00000000 ---p 00000000 00:00 0 
7f2a00000000-7f2a00021000 rw-p 00000000 00:00 0 
7f2a00021000-7f2a04000000 ---p 00000000 00:00 0 
7f2a04000000-7f2a05076000 rw-p 00000000 00:00 0 
7f2a05076000-7f2a08000000 ---p 00000000 00:00 0 
7f2a08000000-7f2a08021000 rw-p 00000000 00:00 0 
7f2a08021000-7f2a0c000000 ---p 00000000 00:00 0 
7f2a0c000000-7f2a0c08e000 rw-p 00000000 00:00 0 
7f2a0c08e000-7f2a10000000 ---p 00000000 00:00 0 
7f2a10000000-7f2a10021000 rw-p 00000000 00:00 0 
7f2a10021000-7f2a14000000 ---p 00000000 00:00 0 
7f2a14000000-7f2a14021000 rw-p 00000000 00:00 0 
7f2a14021000-7f2a18000000 ---p 00000000 00:00 0 
7f2a18000000-7f2a18021000 rw-p 00000000 00:00 0 
7f2a18021000-7f2a1c000000 ---p 00000000 00:00 0 
7f2a1c000000-7f2a1c021000 rw-p 00000000 00:00 0 
7f2a1c021000-7f2a20000000 ---p 00000000 00:00 0 
7f2a20000000-7f2a20021000 rw-p 00000000 00:00 0 
7f2a20021000-7f2a24000000 ---p 00000000 00:00 0 
7f2a24000000-7f2a24021000 rw-p 00000000 00:00 0 
7f2a24021000-7f2a28000000 ---p 00000000 00:00 0 
7f2a28000000-7f2a287a8000 rw-p 00000000 00:00 0 
7f2a287a8000-7f2a2c000000 ---p 00000000 00:00 0 
7f2a2c000000-7f2a2c021000 rw-p 00000000 00:00 0 
7f2a2c021000-7f2a30000000 ---p 00000000 00:00 0 
7f2a30000000-7f2a30056000 rw-p 00000000 00:00 0 
7f2a30056000-7f2a34000000 ---p 00000000 00:00 0 
7f2a34000000-7f2a34021000 rw-p 00000000 00:00 0 
7f2a34021000-7f2a38000000 ---p 00000000 00:00 0 
7f2a38000000-7f2a38021000 rw-p 00000000 00:00 0 
7f2a38021000-7f2a3c000000 ---p 00000000 00:00 0 
7f2a3c000000-7f2a3c021000 rw-p 00000000 00:00 0 
7f2a3c021000-7f2a40000000 ---p 00000000 00:00 0 
7f2a422f0000-7f2a48000000 rw-p 00000000 00:00 0 
7f2a48000000-7f2a48021000 rw-p 00000000 00:00 0 
7f2a48021000-7f2a4c000000 ---p 00000000 00:00 0 
7f2a4c000000-7f2a4c04c000 rw-p 00000000 00:00 0 
7f2a4c04c000-7f2a50000000 ---p 00000000 00:00 0 
7f2a50000000-7f2a50021000 rw-p 00000000 00:00 0 
7f2a50021000-7f2a54000000 ---p 00000000 00:00 0 
7f2a54bea000-7f2a54c6a000 rw-p 00000000 00:00 0 
7f2a54c6a000-7f2a54dea000 ---p 00000000 00:00 0 
7f2a54dea000-7f2a54fea000 rw-p 00000000 00:00 0 
7f2a54fea000-7f2a551ea000 rw-p 00000000 00:00 0 
7f2a551ea000-7f2a551ed000 ---p 00000000 00:00 0 
7f2a551ed000-7f2a554eb000 rw-p 00000000 00:00 0 
7f2a554eb000-7f2a554ee000 ---p 00000000 00:00 0 
7f2a554ee000-7f2a557ec000 rw-p 00000000 00:00 0 
7f2a557ec000-7f2a557ef000 ---p 00000000 00:00 0 
7f2a557ef000-7f2a558ed000 rw-p 00000000 00:00 0 
7f2a558ed000-7f2a558f0000 ---p 00000000 00:00 0 
7f2a558f0000-7f2a559ee000 rw-p 00000000 00:00 0 
7f2a559ee000-7f2a559f1000 ---p 00000000 00:00 0 
7f2a559f1000-7f2a55aef000 rw-p 00000000 00:00 0 
7f2a55aef000-7f2a55af2000 ---p 00000000 00:00 0 
7f2a55af2000-7f2a55bf0000 rw-p 00000000 00:00 0 
7f2a55bf0000-7f2a55bf3000 ---p 00000000 00:00 0 
7f2a55bf3000-7f2a55cf1000 rw-p 00000000 00:00 0 
7f2a55cf1000-7f2a55cf4000 ---p 00000000 00:00 0 
7f2a55cf4000-7f2a55df2000 rw-p 00000000 00:00 0 
7f2a55df2000-7f2a55df5000 ---p 00000000 00:00 0 
7f2a55df5000-7f2a55ef3000 rw-p 00000000 00:00 0 
7f2a55ef3000-7f2a55ef6000 ---p 00000000 00:00 0 
7f2a55ef6000-7f2a55ff4000 rw-p 00000000 00:00 0 
7f2a55ff4000-7f2a55ff7000 ---p 00000000 00:00 0 
7f2a55ff7000-7f2a560f5000 rw-p 00000000 00:00 0 
7f2a560f5000-7f2a560f8000 ---p 00000000 00:00 0 
7f2a560f8000-7f2a561f6000 rw-p 00000000 00:00 0 
7f2a561f6000-7f2a561f9000 ---p 00000000 00:00 0 
7f2a561f9000-7f2a562f7000 rw-p 00000000 00:00 0 
7f2a562f7000-7f2a562fa000 ---p 00000000 00:00 0 
7f2a562fa000-7f2a563f8000 rw-p 00000000 00:00 0 
7f2a563f8000-7f2a563fb000 ---p 00000000 00:00 0 
7f2a563fb000-7f2a564f9000 rw-p 00000000 00:00 0 
7f2a564f9000-7f2a564fc000 ---p 00000000 00:00 0 
7f2a564fc000-7f2a567fa000 rw-p 00000000 00:00 0 
7f2a567fa000-7f2a567fd000 ---p 00000000 00:00 0 
7f2a567fd000-7f2a56afb000 rw-p 00000000 00:00 0 
7f2a56afb000-7f2a56cfb000 rw-p 00000000 00:00 0 
7f2a56cfb000-7f2a56efb000 rw-p 00000000 00:00 0 
7f2a56efb000-7f2a570fb000 rw-p 00000000 00:00 0 
7f2a570fb000-7f2a570fe000 ---p 00000000 00:00 0 
7f2a570fe000-7f2a573fc000 rw-p 00000000 00:00 0 
7f2a573fc000-7f2a575fc000 rw-p 00000000 00:00 0 
7f2a575fc000-7f2a575ff000 ---p 00000000 00:00 0 
7f2a575ff000-7f2a578fd000 rw-p 00000000 00:00 0 
7f2a578fd000-7f2a57900000 ---p 00000000 00:00 0 
7f2a57900000-7f2a579fe000 rw-p 00000000 00:00 0 
7f2a579fe000-7f2a57a01000 ---p 00000000 00:00 0 
7f2a57a01000-7f2a57cfd000 rw-p 00000000 00:00 0 
7f2a57cfd000-7f2a57cff000 ---p 00000000 00:00 0 
7f2a57cff000-7f2a57d02000 ---p 00000000 00:00 0 
7f2a57d02000-7f2a58000000 rw-p 00000000 00:00 0 
7f2a58000000-7f2a58021000 rw-p 00000000 00:00 0 
7f2a58021000-7f2a5c000000 ---p 00000000 00:00 0 
7f2a5c0c7000-7f2a5c0cc000 r--s 002f9000 08:02 24643112                   /usr/lib/jvm/java-8-openjdk-amd64/jre/lib/charsets.jar
7f2a5c0cc000-7f2a5c0cf000 ---p 00000000 00:00 0 
7f2a5c0cf000-7f2a5c1cd000 rw-p 00000000 00:00 0 
7f2a5c1cd000-7f2a5c1cf000 r--s 00016000 08:02 24643113                   /usr/lib/jvm/java-8-openjdk-amd64/jre/lib/jce.jar
7f2a5c1cf000-7f2a5c3cf000 rw-p 00000000 00:00 0 
7f2a5c3cf000-7f2a5c5cf000 rw-p 00000000 00:00 0 
7f2a5c5cf000-7f2a5c7cf000 rw-p 00000000 00:00 0 
7f2a5c7cf000-7f2a5c9cf000 rw-p 00000000 00:00 0 
7f2a5c9cf000-7f2a5cbcf000 rw-p 00000000 00:00 0 
7f2a5cbcf000-7f2a5cdcf000 rw-p 00000000 00:00 0 
7f2a5cdcf000-7f2a5cfcf000 rw-p 00000000 00:00 0 
7f2a5cfcf000-7f2a5d1cf000 rw-p 00000000 00:00 0 
7f2a5d1cf000-7f2a5d1d2000 ---p 00000000 00:00 0 
7f2a5d1d2000-7f2a5d2d0000 rw-p 00000000 00:00 0 
7f2a5d2d0000-7f2a5d2d3000 ---p 00000000 00:00 0 
7f2a5d2d3000-7f2a5d3d1000 rw-p 00000000 00:00 0 
7f2a5d3d1000-7f2a5d3d4000 ---p 00000000 00:00 0 
7f2a5d3d4000-7f2a5d4d2000 rw-p 00000000 00:00 0 
7f2a5d4d2000-7f2a5d4d5000 ---p 00000000 00:00 0 
7f2a5d4d5000-7f2a5d5d3000 rw-p 00000000 00:00 0 
7f2a5d5d3000-7f2a5d5d6000 ---p 00000000 00:00 0 
7f2a5d5d6000-7f2a5d6d4000 rw-p 00000000 00:00 0 
7f2a5d6d4000-7f2a5d6d7000 ---p 00000000 00:00 0 
7f2a5d6d7000-7f2a5d7d5000 rw-p 00000000 00:00 0 
7f2a5d7d5000-7f2a5d7d8000 ---p 00000000 00:00 0 
7f2a5d7d8000-7f2a5dad6000 rw-p 00000000 00:00 0 
7f2a5dad6000-7f2a5dad7000 ---p 00000000 00:00 0 
7f2a5dad7000-7f2a5dbd7000 rw-p 00000000 00:00 0 
7f2a5dbd7000-7f2a5dbda000 ---p 00000000 00:00 0 
7f2a5dbda000-7f2a5dcd8000 rw-p 00000000 00:00 0 
7f2a5dcd8000-7f2a5dcdd000 r--s 000a7000 08:02 24643174                   /usr/lib/jvm/java-8-openjdk-amd64/jre/lib/jsse.jar
7f2a5dcdd000-7f2a5dce6000 r-xp 00000000 08:02 24643150                   /usr/lib/jvm/java-8-openjdk-amd64/jre/lib/amd64/libmanagement.so
7f2a5dce6000-7f2a5dee5000 ---p 00009000 08:02 24643150                   /usr/lib/jvm/java-8-openjdk-amd64/jre/lib/amd64/libmanagement.so
7f2a5dee5000-7f2a5dee6000 r--p 00008000 08:02 24643150                   /usr/lib/jvm/java-8-openjdk-amd64/jre/lib/amd64/libmanagement.so
7f2a5dee6000-7f2a5dee7000 rw-p 00009000 08:02 24643150                   /usr/lib/jvm/java-8-openjdk-amd64/jre/lib/amd64/libmanagement.so
7f2a5dee7000-7f2a5deea000 ---p 00000000 00:00 0 
7f2a5deea000-7f2a5dfe8000 rw-p 00000000 00:00 0 
7f2a5dfe8000-7f2a5dfeb000 ---p 00000000 00:00 0 
7f2a5dfeb000-7f2a5e0e9000 rw-p 00000000 00:00 0 
7f2a5e0e9000-7f2a5e0ec000 ---p 00000000 00:00 0 
7f2a5e0ec000-7f2a5e1ea000 rw-p 00000000 00:00 0 
7f2a5e1ea000-7f2a5e1ed000 ---p 00000000 00:00 0 
7f2a5e1ed000-7f2a5e2eb000 rw-p 00000000 00:00 0 
7f2a5e2eb000-7f2a5e2ee000 ---p 00000000 00:00 0 
7f2a5e2ee000-7f2a5e3ec000 rw-p 00000000 00:00 0 
7f2a5e3ec000-7f2a5e403000 r-xp 00000000 08:02 24643152                   /usr/lib/jvm/java-8-openjdk-amd64/jre/lib/amd64/libnet.so
7f2a5e403000-7f2a5e603000 ---p 00017000 08:02 24643152                   /usr/lib/jvm/java-8-openjdk-amd64/jre/lib/amd64/libnet.so
7f2a5e603000-7f2a5e604000 r--p 00017000 08:02 24643152                   /usr/lib/jvm/java-8-openjdk-amd64/jre/lib/amd64/libnet.so
7f2a5e604000-7f2a5e605000 rw-p 00018000 08:02 24643152                   /usr/lib/jvm/java-8-openjdk-amd64/jre/lib/amd64/libnet.so
7f2a5e605000-7f2a5e617000 r-xp 00000000 08:02 24643148                   /usr/lib/jvm/java-8-openjdk-amd64/jre/lib/amd64/libnio.so
7f2a5e617000-7f2a5e816000 ---p 00012000 08:02 24643148                   /usr/lib/jvm/java-8-openjdk-amd64/jre/lib/amd64/libnio.so
7f2a5e816000-7f2a5e817000 r--p 00011000 08:02 24643148                   /usr/lib/jvm/java-8-openjdk-amd64/jre/lib/amd64/libnio.so
7f2a5e817000-7f2a5e818000 rw-p 00012000 08:02 24643148                   /usr/lib/jvm/java-8-openjdk-amd64/jre/lib/amd64/libnio.so
7f2a5e818000-7f2a5e81b000 r--s 0001c000 08:02 22557241                   /home/njenga/Downloads/idea-IU-201.7846.76/lib/idea_rt.jar
7f2a5e81b000-7f2a5e820000 r--s 00012000 08:02 4589591                    /home/njenga/.m2/repository/jakarta/validation/jakarta.validation-api/2.0.2/jakarta.validation-api-2.0.2.jar
7f2a5e820000-7f2a5e878000 r--s 003a7000 08:02 5511970                    /home/njenga/.m2/repository/org/bouncycastle/bcprov-jdk15on/1.60/bcprov-jdk15on-1.60.jar
7f2a5e878000-7f2a5e88b000 r--s 000b0000 08:02 5511968                    /home/njenga/.m2/repository/org/bouncycastle/bcpkix-jdk15on/1.60/bcpkix-jdk15on-1.60.jar
7f2a5e88b000-7f2a5e88d000 r--s 00008000 08:02 1183921                    /home/njenga/.m2/repository/org/springframework/security/spring-security-jwt/1.0.10.RELEASE/spring-security-jwt-1.0.10.RELEASE.jar
7f2a5e88d000-7f2a5e891000 r--s 00035000 08:02 5511966                    /home/njenga/.m2/repository/org/codehaus/jackson/jackson-core-asl/1.9.13/jackson-core-asl-1.9.13.jar
7f2a5e891000-7f2a5e89f000 r--s 000b1000 08:02 5382080                    /home/njenga/.m2/repository/org/codehaus/jackson/jackson-mapper-asl/1.9.13/jackson-mapper-asl-1.9.13.jar
7f2a5e89f000-7f2a5e8a6000 r--s 0004e000 08:02 5249494                    /home/njenga/.m2/repository/commons-codec/commons-codec/1.14/commons-codec-1.14.jar
7f2a5e8a6000-7f2a5e8b8000 r--s 000f7000 08:02 1056819                    /home/njenga/.m2/repository/org/springframework/security/spring-security-config/5.3.3.RELEASE/spring-security-config-5.3.3.RELEASE.jar
7f2a5e8b8000-7f2a5e8c5000 r--s 0006c000 08:02 1056890                    /home/njenga/.m2/repository/org/springframework/security/oauth/spring-security-oauth2/2.3.5.RELEASE/spring-security-oauth2-2.3.5.RELEASE.jar
7f2a5e8c5000-7f2a5e8c7000 r--s 0000c000 08:02 4589812                    /home/njenga/.m2/repository/javax/activation/javax.activation-api/1.2.0/javax.activation-api-1.2.0.jar
7f2a5e8c7000-7f2a5e8cb000 r--s 0001c000 08:02 4589799                    /home/njenga/.m2/repository/javax/xml/bind/jaxb-api/2.3.1/jaxb-api-2.3.1.jar
7f2a5e8cb000-7f2a5e8dd000 r--s 000d9000 08:02 5382074                    /home/njenga/.m2/repository/com/sun/xml/bind/jaxb-impl/2.3.0.1/jaxb-impl-2.3.0.1.jar
7f2a5e8dd000-7f2a5e8e4000 r--s 00038000 08:02 5249623                    /home/njenga/.m2/repository/com/sun/xml/bind/jaxb-core/2.3.0.1/jaxb-core-2.3.0.1.jar
7f2a5e8e4000-7f2a5e8e8000 r--s 00052000 08:02 4722965                    /home/njenga/.m2/repository/com/fasterxml/jackson/core/jackson-core/2.11.1/jackson-core-2.11.1.jar
7f2a5e8e8000-7f2a5e8fd000 r--s 00146000 08:02 4722962                    /home/njenga/.m2/repository/com/fasterxml/jackson/core/jackson-databind/2.11.1/jackson-databind-2.11.1.jar
7f2a5e8fd000-7f2a5e900000 r--s 0000e000 08:02 4722971                    /home/njenga/.m2/repository/com/fasterxml/jackson/core/jackson-annotations/2.11.1/jackson-annotations-2.11.1.jar
7f2a5e900000-7f2a5e905000 r--s 00013000 08:02 1056888                    /home/njenga/.m2/repository/org/springframework/security/oauth/boot/spring-security-oauth2-autoconfigure/2.1.6.RELEASE/spring-security-oauth2-autoconfigure-2.1.6.RELEASE.jar
7f2a5e905000-7f2a5e914000 r--s 0007c000 08:02 1056824                    /home/njenga/.m2/repository/org/springframework/security/spring-security-web/5.3.3.RELEASE/spring-security-web-5.3.3.RELEASE.jar
7f2a5e914000-7f2a5e921000 r--s 00060000 08:02 1056827                    /home/njenga/.m2/repository/org/springframework/security/spring-security-core/5.3.3.RELEASE/spring-security-core-5.3.3.RELEASE.jar
7f2a5e921000-7f2a5e922000 r--s 00005000 08:02 3284240                    /home/njenga/.m2/repository/org/springframework/spring-jcl/5.2.8.RELEASE/spring-jcl-5.2.8.RELEASE.jar
7f2a5e922000-7f2a5e93d000 r--s 00146000 08:02 3029473                    /home/njenga/.m2/repository/org/springframework/spring-core/5.2.8.RELEASE/spring-core-5.2.8.RELEASE.jar
7f2a5e93d000-7f2a5e93f000 r--s 0000a000 08:02 4722996                    /home/njenga/.m2/repository/jakarta/activation/jakarta.activation-api/1.2.2/jakarta.activation-api-1.2.2.jar
7f2a5e93f000-7f2a5e943000 r--s 00019000 08:02 4722979                    /home/njenga/.m2/repository/jakarta/xml/bind/jakarta.xml.bind-api/2.3.3/jakarta.xml.bind-api-2.3.3.jar
7f2a5e943000-7f2a5e95b000 r--s 0019f000 08:02 4722985                    /home/njenga/.m2/repository/org/projectlombok/lombok/1.18.12/lombok-1.18.12.jar
7f2a5e95b000-7f2a5e95e000 r--s 0001a000 08:02 29901429                   /home/njenga/.m2/repository/org/springframework/boot/spring-boot-configuration-processor/2.3.2.RELEASE/spring-boot-configuration-processor-2.3.2.RELEASE.jar
7f2a5e95e000-7f2a5e988000 r--s 0013e000 08:02 4590772                    /home/njenga/.m2/repository/org/springframework/boot/spring-boot-autoconfigure/2.3.2.RELEASE/spring-boot-autoconfigure-2.3.2.RELEASE.jar
7f2a5e988000-7f2a5e9a1000 r--s 000f9000 08:02 2757950                    /home/njenga/.m2/repository/org/springframework/boot/spring-boot/2.3.2.RELEASE/spring-boot-2.3.2.RELEASE.jar
7f2a5e9a1000-7f2a5e9a7000 r--s 00031000 08:02 4722983                    /home/njenga/.m2/repository/org/springframework/boot/spring-boot-devtools/2.3.2.RELEASE/spring-boot-devtools-2.3.2.RELEASE.jar
7f2a5e9a7000-7f2a5e9c1000 r--s 0022d000 08:02 5249500                    /home/njenga/.m2/repository/mysql/mysql-connector-java/8.0.20/mysql-connector-java-8.0.20.jar
7f2a5e9c1000-7f2a5e9c3000 r--s 00006000 08:02 4589616                    /home/njenga/.m2/repository/org/latencyutils/LatencyUtils/2.0.3/LatencyUtils-2.0.3.jar
7f2a5e9c3000-7f2a5e9c7000 r--s 00027000 08:02 5249524                    /home/njenga/.m2/repository/org/hdrhistogram/HdrHistogram/2.1.12/HdrHistogram-2.1.12.jar
7f2a5e9c7000-7f2a5e9d2000 r--s 00084000 08:02 5249522                    /home/njenga/.m2/repository/io/micrometer/micrometer-core/1.5.3/micrometer-core-1.5.3.jar
7f2a5e9d2000-7f2a5e9e3000 r--s 00080000 08:02 5249520                    /home/njenga/.m2/repository/org/springframework/boot/spring-boot-actuator/2.3.2.RELEASE/spring-boot-actuator-2.3.2.RELEASE.jar
7f2a5e9e3000-7f2a5e9f4000 r--s 0006d000 08:02 5249518                    /home/njenga/.m2/repository/org/springframework/boot/spring-boot-actuator-autoconfigure/2.3.2.RELEASE/spring-boot-actuator-autoconfigure-2.3.2.RELEASE.jar
7f2a5e9f4000-7f2a5e9f5000 r--s 00000000 08:02 4589574                    /home/njenga/.m2/repository/org/springframework/boot/spring-boot-starter-actuator/2.2.2.RELEASE/spring-boot-starter-actuator-2.2.2.RELEASE.jar
7f2a5e9f5000-7f2a5e9fa000 r--s 00040000 08:02 4331066                    /home/njenga/.m2/repository/org/springframework/spring-expression/5.2.8.RELEASE/spring-expression-5.2.8.RELEASE.jar
7f2a5e9fa000-7f2a5ea0c000 r--s 000d8000 08:02 4722981                    /home/njenga/.m2/repository/org/springframework/spring-webmvc/5.2.8.RELEASE/spring-webmvc-5.2.8.RELEASE.jar
7f2a5ea0c000-7f2a5ea28000 r--s 00144000 08:02 4722961                    /home/njenga/.m2/repository/org/springframework/spring-web/5.2.8.RELEASE/spring-web-5.2.8.RELEASE.jar
7f2a5ea28000-7f2a5ea2e000 r--s 0003c000 08:02 4722978                    /home/njenga/.m2/repository/org/apache/tomcat/embed/tomcat-embed-websocket/9.0.37/tomcat-embed-websocket-9.0.37.jar
7f2a5ea2e000-7f2a5ea33000 r--s 00036000 08:02 4589645                    /home/njenga/.m2/repository/org/glassfish/jakarta.el/3.0.3/jakarta.el-3.0.3.jar
7f2a5ea33000-7f2a5ea5f000 r--s 0030f000 08:02 4722974                    /home/njenga/.m2/repository/org/apache/tomcat/embed/tomcat-embed-core/9.0.37/tomcat-embed-core-9.0.37.jar
7f2a5ea5f000-7f2a5ea60000 r--s 00001000 08:02 4722963                    /home/njenga/.m2/repository/org/springframework/boot/spring-boot-starter-tomcat/2.3.2.RELEASE/spring-boot-starter-tomcat-2.3.2.RELEASE.jar
7f2a5ea60000-7f2a5ea62000 r--s 00001000 08:02 4722964                    /home/njenga/.m2/repository/com/fasterxml/jackson/module/jackson-module-parameter-names/2.11.1/jackson-module-parameter-names-2.11.1.jar
7f2a5ea62000-7f2a5ea66000 r--s 00018000 08:02 4722969                    /home/njenga/.m2/repository/com/fasterxml/jackson/datatype/jackson-datatype-jsr310/2.11.1/jackson-datatype-jsr310-2.11.1.jar
7f2a5ea66000-7f2a5ea68000 r--s 00007000 08:02 4722968                    /home/njenga/.m2/repository/com/fasterxml/jackson/datatype/jackson-datatype-jdk8/2.11.1/jackson-datatype-jdk8-2.11.1.jar
7f2a5ea68000-7f2a5ea69000 r--s 00001000 08:02 4722959                    /home/njenga/.m2/repository/org/springframework/boot/spring-boot-starter-json/2.3.2.RELEASE/spring-boot-starter-json-2.3.2.RELEASE.jar
7f2a5ea69000-7f2a5ea70000 r--s 00045000 08:02 4722864                    /home/njenga/.m2/repository/org/yaml/snakeyaml/1.26/snakeyaml-1.26.jar
7f2a5ea70000-7f2a5ea72000 r--s 00005000 08:02 4589603                    /home/njenga/.m2/repository/jakarta/annotation/jakarta.annotation-api/1.3.5/jakarta.annotation-api-1.3.5.jar
7f2a5ea72000-7f2a5ea74000 r--s 00000000 08:02 4589570                    /home/njenga/.m2/repository/org/slf4j/jul-to-slf4j/1.7.30/jul-to-slf4j-1.7.30.jar
7f2a5ea74000-7f2a5ea7a000 r--s 00042000 08:02 4722862                    /home/njenga/.m2/repository/org/apache/logging/log4j/log4j-api/2.13.3/log4j-api-2.13.3.jar
7f2a5ea7a000-7f2a5ea7c000 r--s 00003000 08:02 4590780                    /home/njenga/.m2/repository/org/apache/logging/log4j/log4j-to-slf4j/2.13.3/log4j-to-slf4j-2.13.3.jar
7f2a5ea7c000-7f2a5ea87000 r--s 00069000 08:02 4589556                    /home/njenga/.m2/repository/ch/qos/logback/logback-core/1.2.3/logback-core-1.2.3.jar
7f2a5ea87000-7f2a5ea8d000 r--s 00041000 08:02 4589551                    /home/njenga/.m2/repository/ch/qos/logback/logback-classic/1.2.3/logback-classic-1.2.3.jar
7f2a5ea8d000-7f2a5ea8e000 r--s 00001000 08:02 4590778                    /home/njenga/.m2/repository/org/springframework/boot/spring-boot-starter-logging/2.3.2.RELEASE/spring-boot-starter-logging-2.3.2.RELEASE.jar
7f2a5ea8e000-7f2a5ea8f000 r--s 00001000 08:02 2500913                    /home/njenga/.m2/repository/org/springframework/boot/spring-boot-starter/2.3.2.RELEASE/spring-boot-starter-2.3.2.RELEASE.jar
7f2a5ea8f000-7f2a5ea91000 r--s 0000a000 08:02 5381905                    /home/njenga/.m2/repository/org/springframework/spring-aspects/5.2.8.RELEASE/spring-aspects-5.2.8.RELEASE.jar
7f2a5ea91000-7f2a5ea93000 r--s 00009000 08:02 4589809                    /home/njenga/.m2/repository/org/slf4j/slf4j-api/1.7.30/slf4j-api-1.7.30.jar
7f2a5ea93000-7f2a5eaa0000 r--s 0009c000 08:02 4069223                    /home/njenga/.m2/repository/org/springframework/spring-beans/5.2.8.RELEASE/spring-beans-5.2.8.RELEASE.jar
7f2a5eaa0000-7f2a5eaa9000 r--s 00044000 08:02 4722866                    /home/njenga/.m2/repository/org/springframework/spring-tx/5.2.8.RELEASE/spring-tx-5.2.8.RELEASE.jar
7f2a5eaa9000-7f2a5eac4000 r--s 00111000 08:02 3547383                    /home/njenga/.m2/repository/org/springframework/spring-context/5.2.8.RELEASE/spring-context-5.2.8.RELEASE.jar
7f2a5eac4000-7f2a5eac9000 r--s 0002d000 08:02 5249545                    /home/njenga/.m2/repository/org/springframework/spring-orm/5.2.8.RELEASE/spring-orm-5.2.8.RELEASE.jar
7f2a5eac9000-7f2a5eae1000 r--s 00110000 08:02 4722868                    /home/njenga/.m2/repository/org/springframework/data/spring-data-commons/2.3.2.RELEASE/spring-data-commons-2.3.2.RELEASE.jar
7f2a5eae1000-7f2a5eae9000 r--s 00052000 08:02 5249543                    /home/njenga/.m2/repository/org/springframework/data/spring-data-jpa/2.3.2.RELEASE/spring-data-jpa-2.3.2.RELEASE.jar
7f2a5eae9000-7f2a5eaeb000 r--s 0000f000 08:02 5381904                    /home/njenga/.m2/repository/com/sun/activation/jakarta.activation/1.2.2/jakarta.activation-1.2.2.jar
7f2a5eaeb000-7f2a5eaed000 r--s 00006000 08:02 5381901                    /home/njenga/.m2/repository/com/sun/istack/istack-commons-runtime/3.0.11/istack-commons-runtime-3.0.11.jar
7f2a5eaed000-7f2a5eaef000 r--s 00010000 08:02 5381899                    /home/njenga/.m2/repository/org/glassfish/jaxb/txw2/2.3.3/txw2-2.3.3.jar
7f2a5eaef000-7f2a5eb04000 r--s 000e8000 08:02 5249573                    /home/njenga/.m2/repository/org/glassfish/jaxb/jaxb-runtime/2.3.3/jaxb-runtime-2.3.3.jar
7f2a5eb04000-7f2a5eb07000 r--s 00010000 08:02 4589506                    /home/njenga/.m2/repository/org/hibernate/common/hibernate-commons-annotations/5.1.0.Final/hibernate-commons-annotations-5.1.0.Final.jar
7f2a5eb07000-7f2a5eb0c000 r--s 0004b000 08:02 5249571                    /home/njenga/.m2/repository/org/dom4j/dom4j/2.1.3/dom4j-2.1.3.jar
7f2a5eb0c000-7f2a5eb0e000 r--s 0000f000 08:02 4589596                    /home/njenga/.m2/repository/com/fasterxml/classmate/1.5.1/classmate-1.5.1.jar
7f2a5eb0e000-7f2a5eb11000 r--s 0002d000 08:02 5119726                    /home/njenga/.m2/repository/org/jboss/jandex/2.1.3.Final/jandex-2.1.3.Final.jar
7f2a5eb11000-7f2a5eb16000 r--s 00068000 08:02 4589498                    /home/njenga/.m2/repository/antlr/antlr/2.7.7/antlr-2.7.7.jar
7f2a5eb16000-7f2a5eb60000 r--s 00308000 08:02 4856647                    /home/njenga/.m2/repository/net/bytebuddy/byte-buddy/1.10.13/byte-buddy-1.10.13.jar
7f2a5eb60000-7f2a5ebe7000 r--s 00670000 08:02 4987693                    /home/njenga/.m2/repository/org/hibernate/hibernate-core/5.4.18.Final/hibernate-core-5.4.18.Final.jar
7f2a5ebe7000-7f2a5ebea000 ---p 00000000 00:00 0 
7f2a5ebea000-7f2a5ece8000 rw-p 00000000 00:00 0 
7f2a5ece8000-7f2a5f0f1000 r--p 00000000 08:02 21896633                   /usr/lib/locale/locale-archive
7f2a5f0f1000-7f2a5f0f4000 ---p 00000000 00:00 0 
7f2a5f0f4000-7f2a5f1f2000 rw-p 00000000 00:00 0 
7f2a5f1f2000-7f2a5f1f5000 ---p 00000000 00:00 0 
7f2a5f1f5000-7f2a5f2f3000 rw-p 00000000 00:00 0 
7f2a5f2f3000-7f2a5f2f4000 ---p 00000000 00:00 0 
7f2a5f2f4000-7f2a60000000 rw-p 00000000 00:00 0 
7f2a60000000-7f2a60021000 rw-p 00000000 00:00 0 
7f2a60021000-7f2a64000000 ---p 00000000 00:00 0 
7f2a64000000-7f2a64001000 r--s 00001000 08:02 4722954                    /home/njenga/.m2/repository/org/springframework/boot/spring-boot-starter-web/2.3.2.RELEASE/spring-boot-starter-web-2.3.2.RELEASE.jar
7f2a64001000-7f2a6400b000 r--s 000b4000 08:02 4589494                    /home/njenga/.m2/repository/org/javassist/javassist/3.24.0-GA/javassist-3.24.0-GA.jar
7f2a6400b000-7f2a6400d000 r--s 0000d000 08:02 4589595                    /home/njenga/.m2/repository/org/jboss/logging/jboss-logging/3.4.1.Final/jboss-logging-3.4.1.Final.jar
7f2a6400d000-7f2a64013000 r--s 00023000 08:02 4589486                    /home/njenga/.m2/repository/jakarta/persistence/jakarta.persistence-api/2.2.3/jakarta.persistence-api-2.2.3.jar
7f2a64013000-7f2a64014000 r--s 00003000 08:02 4589489                    /home/njenga/.m2/repository/jakarta/transaction/jakarta.transaction-api/1.3.3/jakarta.transaction-api-1.3.3.jar
7f2a64014000-7f2a6402d000 r--s 001dc000 08:02 4590788                    /home/njenga/.m2/repository/org/aspectj/aspectjweaver/1.9.6/aspectjweaver-1.9.6.jar
7f2a6402d000-7f2a65000000 rw-p 00000000 00:00 0 
7f2a65000000-7f2a65b90000 rwxp 00000000 00:00 0 
7f2a65b90000-7f2a74000000 ---p 00000000 00:00 0 
7f2a74000000-7f2a74940000 rw-p 00000000 00:00 0 
7f2a74940000-7f2a78000000 ---p 00000000 00:00 0 
7f2a78000000-7f2a78009000 r--s 0005b000 08:02 5249547                    /home/njenga/.m2/repository/org/springframework/spring-jdbc/5.2.8.RELEASE/spring-jdbc-5.2.8.RELEASE.jar
7f2a78009000-7f2a7800d000 r--s 00023000 08:02 4856808                    /home/njenga/.m2/repository/com/zaxxer/HikariCP/3.4.5/HikariCP-3.4.5.jar
7f2a7800d000-7f2a7800e000 r--s 00001000 08:02 4723003                    /home/njenga/.m2/repository/org/springframework/boot/spring-boot-starter-jdbc/2.3.2.RELEASE/spring-boot-starter-jdbc-2.3.2.RELEASE.jar
7f2a7800e000-7f2a78017000 r--s 00052000 08:02 3807445                    /home/njenga/.m2/repository/org/springframework/spring-aop/5.2.8.RELEASE/spring-aop-5.2.8.RELEASE.jar
7f2a78017000-7f2a78018000 r--s 00001000 08:02 2233427                    /home/njenga/.m2/repository/org/springframework/boot/spring-boot-starter-aop/2.3.2.RELEASE/spring-boot-starter-aop-2.3.2.RELEASE.jar
7f2a78018000-7f2a78019000 r--s 00001000 08:02 29106031                   /home/njenga/.m2/repository/org/springframework/boot/spring-boot-starter-data-jpa/2.3.2.RELEASE/spring-boot-starter-data-jpa-2.3.2.RELEASE.jar
7f2a78019000-7f2a7802c000 r--s 00346000 08:02 24643175                   /usr/lib/jvm/java-8-openjdk-amd64/jre/lib/resources.jar
7f2a7802c000-7f2a78031000 r--s 000a7000 08:02 24643174                   /usr/lib/jvm/java-8-openjdk-amd64/jre/lib/jsse.jar
7f2a78031000-7f2a78036000 r--s 002f9000 08:02 24643112                   /usr/lib/jvm/java-8-openjdk-amd64/jre/lib/charsets.jar
7f2a78036000-7f2a78185000 rw-p 00000000 00:00 0 
7f2a78185000-7f2a78357000 r--s 03ca5000 08:02 24643171                   /usr/lib/jvm/java-8-openjdk-amd64/jre/lib/rt.jar
7f2a78357000-7f2a783cd000 rw-p 00000000 00:00 0 
7f2a783cd000-7f2a783ce000 ---p 00000000 00:00 0 
7f2a783ce000-7f2a784ce000 rw-p 00000000 00:00 0 
7f2a784ce000-7f2a784cf000 ---p 00000000 00:00 0 
7f2a784cf000-7f2a785cf000 rw-p 00000000 00:00 0 
7f2a785cf000-7f2a785d0000 ---p 00000000 00:00 0 
7f2a785d0000-7f2a786d0000 rw-p 00000000 00:00 0 
7f2a786d0000-7f2a786d1000 ---p 00000000 00:00 0 
7f2a786d1000-7f2a7880b000 rw-p 00000000 00:00 0 
7f2a7880b000-7f2a78bb2000 ---p 00000000 00:00 0 
7f2a78bb2000-7f2a78bec000 rw-p 00000000 00:00 0 
7f2a78bec000-7f2a78f92000 ---p 00000000 00:00 0 
7f2a78f92000-7f2a790fb000 rw-p 00000000 00:00 0 
7f2a790fb000-7f2a79183000 ---p 00000000 00:00 0 
7f2a79183000-7f2a791b3000 rw-p 00000000 00:00 0 
7f2a791b3000-7f2a79544000 ---p 00000000 00:00 0 
7f2a79544000-7f2a7954c000 r-xp 00000000 08:02 24643141                   /usr/lib/jvm/java-8-openjdk-amd64/jre/lib/amd64/libzip.so
7f2a7954c000-7f2a7974b000 ---p 00008000 08:02 24643141                   /usr/lib/jvm/java-8-openjdk-amd64/jre/lib/amd64/libzip.so
7f2a7974b000-7f2a7974c000 r--p 00007000 08:02 24643141                   /usr/lib/jvm/java-8-openjdk-amd64/jre/lib/amd64/libzip.so
7f2a7974c000-7f2a7974d000 rw-p 00008000 08:02 24643141                   /usr/lib/jvm/java-8-openjdk-amd64/jre/lib/amd64/libzip.so
7f2a7974d000-7f2a79758000 r-xp 00000000 08:02 3546248                    /lib/x86_64-linux-gnu/libnss_files-2.23.so
7f2a79758000-7f2a79957000 ---p 0000b000 08:02 3546248                    /lib/x86_64-linux-gnu/libnss_files-2.23.so
7f2a79957000-7f2a79958000 r--p 0000a000 08:02 3546248                    /lib/x86_64-linux-gnu/libnss_files-2.23.so
7f2a79958000-7f2a79959000 rw-p 0000b000 08:02 3546248                    /lib/x86_64-linux-gnu/libnss_files-2.23.so
7f2a79959000-7f2a7995f000 rw-p 00000000 00:00 0 
7f2a7995f000-7f2a7996a000 r-xp 00000000 08:02 3546252                    /lib/x86_64-linux-gnu/libnss_nis-2.23.so
7f2a7996a000-7f2a79b69000 ---p 0000b000 08:02 3546252                    /lib/x86_64-linux-gnu/libnss_nis-2.23.so
7f2a79b69000-7f2a79b6a000 r--p 0000a000 08:02 3546252                    /lib/x86_64-linux-gnu/libnss_nis-2.23.so
7f2a79b6a000-7f2a79b6b000 rw-p 0000b000 08:02 3546252                    /lib/x86_64-linux-gnu/libnss_nis-2.23.so
7f2a79b6b000-7f2a79b81000 r-xp 00000000 08:02 3546238                    /lib/x86_64-linux-gnu/libnsl-2.23.so
7f2a79b81000-7f2a79d80000 ---p 00016000 08:02 3546238                    /lib/x86_64-linux-gnu/libnsl-2.23.so
7f2a79d80000-7f2a79d81000 r--p 00015000 08:02 3546238                    /lib/x86_64-linux-gnu/libnsl-2.23.so
7f2a79d81000-7f2a79d82000 rw-p 00016000 08:02 3546238                    /lib/x86_64-linux-gnu/libnsl-2.23.so
7f2a79d82000-7f2a79d84000 rw-p 00000000 00:00 0 
7f2a79d84000-7f2a79d8c000 r-xp 00000000 08:02 3546250                    /lib/x86_64-linux-gnu/libnss_compat-2.23.so
7f2a79d8c000-7f2a79f8b000 ---p 00008000 08:02 3546250                    /lib/x86_64-linux-gnu/libnss_compat-2.23.so
7f2a79f8b000-7f2a79f8c000 r--p 00007000 08:02 3546250                    /lib/x86_64-linux-gnu/libnss_compat-2.23.so
7f2a79f8c000-7f2a79f8d000 rw-p 00008000 08:02 3546250                    /lib/x86_64-linux-gnu/libnss_compat-2.23.so
7f2a79f8d000-7f2a79f97000 r-xp 00000000 08:02 24643145                   /usr/lib/jvm/java-8-openjdk-amd64/jre/lib/amd64/libinstrument.so
7f2a79f97000-7f2a7a196000 ---p 0000a000 08:02 24643145                   /usr/lib/jvm/java-8-openjdk-amd64/jre/lib/amd64/libinstrument.so
7f2a7a196000-7f2a7a197000 r--p 00009000 08:02 24643145                   /usr/lib/jvm/java-8-openjdk-amd64/jre/lib/amd64/libinstrument.so
7f2a7a197000-7f2a7a198000 rw-p 0000a000 08:02 24643145                   /usr/lib/jvm/java-8-openjdk-amd64/jre/lib/amd64/libinstrument.so
7f2a7a198000-7f2a7a1c1000 r-xp 00000000 08:02 24643133                   /usr/lib/jvm/java-8-openjdk-amd64/jre/lib/amd64/libjava.so
7f2a7a1c1000-7f2a7a3c1000 ---p 00029000 08:02 24643133                   /usr/lib/jvm/java-8-openjdk-amd64/jre/lib/amd64/libjava.so
7f2a7a3c1000-7f2a7a3c2000 r--p 00029000 08:02 24643133                   /usr/lib/jvm/java-8-openjdk-amd64/jre/lib/amd64/libjava.so
7f2a7a3c2000-7f2a7a3c4000 rw-p 0002a000 08:02 24643133                   /usr/lib/jvm/java-8-openjdk-amd64/jre/lib/amd64/libjava.so
7f2a7a3c4000-7f2a7a3d3000 r-xp 00000000 08:02 24643155                   /usr/lib/jvm/java-8-openjdk-amd64/jre/lib/amd64/libverify.so
7f2a7a3d3000-7f2a7a5d2000 ---p 0000f000 08:02 24643155                   /usr/lib/jvm/java-8-openjdk-amd64/jre/lib/amd64/libverify.so
7f2a7a5d2000-7f2a7a5d4000 r--p 0000e000 08:02 24643155                   /usr/lib/jvm/java-8-openjdk-amd64/jre/lib/amd64/libverify.so
7f2a7a5d4000-7f2a7a5d5000 rw-p 00010000 08:02 24643155                   /usr/lib/jvm/java-8-openjdk-amd64/jre/lib/amd64/libverify.so
7f2a7a5d5000-7f2a7a5dc000 r-xp 00000000 08:02 3546255                    /lib/x86_64-linux-gnu/librt-2.23.so
7f2a7a5dc000-7f2a7a7db000 ---p 00007000 08:02 3546255                    /lib/x86_64-linux-gnu/librt-2.23.so
7f2a7a7db000-7f2a7a7dc000 r--p 00006000 08:02 3546255                    /lib/x86_64-linux-gnu/librt-2.23.so
7f2a7a7dc000-7f2a7a7dd000 rw-p 00007000 08:02 3546255                    /lib/x86_64-linux-gnu/librt-2.23.so
7f2a7a7dd000-7f2a7a7f3000 r-xp 00000000 08:02 3543525                    /lib/x86_64-linux-gnu/libgcc_s.so.1
7f2a7a7f3000-7f2a7a9f2000 ---p 00016000 08:02 3543525                    /lib/x86_64-linux-gnu/libgcc_s.so.1
7f2a7a9f2000-7f2a7a9f3000 rw-p 00015000 08:02 3543525                    /lib/x86_64-linux-gnu/libgcc_s.so.1
7f2a7a9f3000-7f2a7aafb000 r-xp 00000000 08:02 3546239                    /lib/x86_64-linux-gnu/libm-2.23.so
7f2a7aafb000-7f2a7acfa000 ---p 00108000 08:02 3546239                    /lib/x86_64-linux-gnu/libm-2.23.so
7f2a7acfa000-7f2a7acfb000 r--p 00107000 08:02 3546239                    /lib/x86_64-linux-gnu/libm-2.23.so
7f2a7acfb000-7f2a7acfc000 rw-p 00108000 08:02 3546239                    /lib/x86_64-linux-gnu/libm-2.23.so
7f2a7acfc000-7f2a7ae6e000 r-xp 00000000 08:02 21890876                   /usr/lib/x86_64-linux-gnu/libstdc++.so.6.0.21
7f2a7ae6e000-7f2a7b06e000 ---p 00172000 08:02 21890876                   /usr/lib/x86_64-linux-gnu/libstdc++.so.6.0.21
7f2a7b06e000-7f2a7b078000 r--p 00172000 08:02 21890876                   /usr/lib/x86_64-linux-gnu/libstdc++.so.6.0.21
7f2a7b078000-7f2a7b07a000 rw-p 0017c000 08:02 21890876                   /usr/lib/x86_64-linux-gnu/libstdc++.so.6.0.21
7f2a7b07a000-7f2a7b07e000 rw-p 00000000 00:00 0 
7f2a7b07e000-7f2a7bce6000 r-xp 00000000 08:02 24643135                   /usr/lib/jvm/java-8-openjdk-amd64/jre/lib/amd64/server/libjvm.so
7f2a7bce6000-7f2a7bee6000 ---p 00c68000 08:02 24643135                   /usr/lib/jvm/java-8-openjdk-amd64/jre/lib/amd64/server/libjvm.so
7f2a7bee6000-7f2a7bf7a000 r--p 00c68000 08:02 24643135                   /usr/lib/jvm/java-8-openjdk-amd64/jre/lib/amd64/server/libjvm.so
7f2a7bf7a000-7f2a7bfa3000 rw-p 00cfc000 08:02 24643135                   /usr/lib/jvm/java-8-openjdk-amd64/jre/lib/amd64/server/libjvm.so
7f2a7bfa3000-7f2a7bfd3000 rw-p 00000000 00:00 0 
7f2a7bfd3000-7f2a7bfeb000 r-xp 00000000 08:02 3546236                    /lib/x86_64-linux-gnu/libpthread-2.23.so
7f2a7bfeb000-7f2a7c1ea000 ---p 00018000 08:02 3546236                    /lib/x86_64-linux-gnu/libpthread-2.23.so
7f2a7c1ea000-7f2a7c1eb000 r--p 00017000 08:02 3546236                    /lib/x86_64-linux-gnu/libpthread-2.23.so
7f2a7c1eb000-7f2a7c1ec000 rw-p 00018000 08:02 3546236                    /lib/x86_64-linux-gnu/libpthread-2.23.so
7f2a7c1ec000-7f2a7c1f0000 rw-p 00000000 00:00 0 
7f2a7c1f0000-7f2a7c1f3000 r-xp 00000000 08:02 3546233                    /lib/x86_64-linux-gnu/libdl-2.23.so
7f2a7c1f3000-7f2a7c3f2000 ---p 00003000 08:02 3546233                    /lib/x86_64-linux-gnu/libdl-2.23.so
7f2a7c3f2000-7f2a7c3f3000 r--p 00002000 08:02 3546233                    /lib/x86_64-linux-gnu/libdl-2.23.so
7f2a7c3f3000-7f2a7c3f4000 rw-p 00003000 08:02 3546233                    /lib/x86_64-linux-gnu/libdl-2.23.so
7f2a7c3f4000-7f2a7c40d000 r-xp 00000000 08:02 3543678                    /lib/x86_64-linux-gnu/libz.so.1.2.8
7f2a7c40d000-7f2a7c60c000 ---p 00019000 08:02 3543678                    /lib/x86_64-linux-gnu/libz.so.1.2.8
7f2a7c60c000-7f2a7c60d000 r--p 00018000 08:02 3543678                    /lib/x86_64-linux-gnu/libz.so.1.2.8
7f2a7c60d000-7f2a7c60e000 rw-p 00019000 08:02 3543678                    /lib/x86_64-linux-gnu/libz.so.1.2.8
7f2a7c60e000-7f2a7c7ce000 r-xp 00000000 08:02 3546235                    /lib/x86_64-linux-gnu/libc-2.23.so
7f2a7c7ce000-7f2a7c9ce000 ---p 001c0000 08:02 3546235                    /lib/x86_64-linux-gnu/libc-2.23.so
7f2a7c9ce000-7f2a7c9d2000 r--p 001c0000 08:02 3546235                    /lib/x86_64-linux-gnu/libc-2.23.so
7f2a7c9d2000-7f2a7c9d4000 rw-p 001c4000 08:02 3546235                    /lib/x86_64-linux-gnu/libc-2.23.so
7f2a7c9d4000-7f2a7c9d8000 rw-p 00000000 00:00 0 
7f2a7c9d8000-7f2a7c9e5000 r-xp 00000000 08:02 24643132                   /usr/lib/jvm/java-8-openjdk-amd64/jre/lib/amd64/jli/libjli.so
7f2a7c9e5000-7f2a7cbe5000 ---p 0000d000 08:02 24643132                   /usr/lib/jvm/java-8-openjdk-amd64/jre/lib/amd64/jli/libjli.so
7f2a7cbe5000-7f2a7cbe6000 r--p 0000d000 08:02 24643132                   /usr/lib/jvm/java-8-openjdk-amd64/jre/lib/amd64/jli/libjli.so
7f2a7cbe6000-7f2a7cbe7000 rw-p 0000e000 08:02 24643132                   /usr/lib/jvm/java-8-openjdk-amd64/jre/lib/amd64/jli/libjli.so
7f2a7cbe7000-7f2a7cc0d000 r-xp 00000000 08:02 3546246                    /lib/x86_64-linux-gnu/ld-2.23.so
7f2a7cc0d000-7f2a7cc0f000 r--s 00016000 08:02 24643113                   /usr/lib/jvm/java-8-openjdk-amd64/jre/lib/jce.jar
7f2a7cc0f000-7f2a7cc19000 r--s 00116000 08:02 24643191                   /usr/lib/jvm/java-8-openjdk-amd64/jre/lib/ext/localedata.jar
7f2a7cc19000-7f2a7cc34000 r--s 001d6000 08:02 24643188                   /usr/lib/jvm/java-8-openjdk-amd64/jre/lib/ext/nashorn.jar
7f2a7cc34000-7f2a7cc4f000 r--s 00394000 08:02 24643193                   /usr/lib/jvm/java-8-openjdk-amd64/jre/lib/ext/cldrdata.jar
7f2a7cc4f000-7f2a7cce5000 rw-p 00000000 00:00 0 
7f2a7cce5000-7f2a7cce8000 ---p 00000000 00:00 0 
7f2a7cce8000-7f2a7cdea000 rw-p 00000000 00:00 0 
7f2a7cdea000-7f2a7cdeb000 r--s 00000000 08:02 24643170                   /usr/lib/jvm/java-8-openjdk-amd64/jre/lib/management-agent.jar
7f2a7cdeb000-7f2a7cded000 r--s 00001000 08:02 24643190                   /usr/lib/jvm/java-8-openjdk-amd64/jre/lib/ext/dnsns.jar
7f2a7cded000-7f2a7cdf3000 r--s 0003d000 08:02 24643187                   /usr/lib/jvm/java-8-openjdk-amd64/jre/lib/ext/sunjce_provider.jar
7f2a7cdf3000-7f2a7cdf6000 r--s 0000f000 08:02 24643194                   /usr/lib/jvm/java-8-openjdk-amd64/jre/lib/ext/icedtea-sound.jar
7f2a7cdf6000-7f2a7cdf7000 r--s 0000a000 08:02 24643192                   /usr/lib/jvm/java-8-openjdk-amd64/jre/lib/ext/jaccess.jar
7f2a7cdf7000-7f2a7cdf8000 r--s 0000d000 08:02 24643189                   /usr/lib/jvm/java-8-openjdk-amd64/jre/lib/ext/sunec.jar
7f2a7cdf8000-7f2a7cdfc000 r--s 0003a000 08:02 24643196                   /usr/lib/jvm/java-8-openjdk-amd64/jre/lib/ext/sunpkcs11.jar
7f2a7cdfc000-7f2a7cdfd000 r--s 00010000 08:02 24643195                   /usr/lib/jvm/java-8-openjdk-amd64/jre/lib/ext/zipfs.jar
7f2a7cdfd000-7f2a7ce05000 rw-s 00000000 08:02 10627074                   /tmp/hsperfdata_njenga/29689
7f2a7ce05000-7f2a7ce06000 rw-p 00000000 00:00 0 
7f2a7ce06000-7f2a7ce07000 r--p 00000000 00:00 0 
7f2a7ce07000-7f2a7ce08000 rw-p 00000000 00:00 0 
7f2a7ce08000-7f2a7ce0a000 r--p 00000000 00:00 0                          [vvar]
7f2a7ce0a000-7f2a7ce0c000 r-xp 00000000 00:00 0                          [vdso]
7f2a7ce0c000-7f2a7ce0d000 r--p 00025000 08:02 3546246                    /lib/x86_64-linux-gnu/ld-2.23.so
7f2a7ce0d000-7f2a7ce0e000 rw-p 00026000 08:02 3546246                    /lib/x86_64-linux-gnu/ld-2.23.so
7f2a7ce0e000-7f2a7ce0f000 rw-p 00000000 00:00 0 
7ffd777c9000-7ffd777ed000 rw-p 00000000 00:00 0                          [stack]
ffffffffff600000-ffffffffff601000 r-xp 00000000 00:00 0                  [vsyscall]

VM Arguments:
jvm_args: -XX:TieredStopAtLevel=1 -Xverify:none -Dspring.output.ansi.enabled=always -Dcom.sun.management.jmxremote -Dspring.jmx.enabled=true -Dspring.liveBeansView.mbeanDomain -Dspring.application.admin.enabled=true -javaagent:/home/njenga/Downloads/idea-IU-201.7846.76/lib/idea_rt.jar=39391:/home/njenga/Downloads/idea-IU-201.7846.76/bin -Dfile.encoding=UTF-8 
java_command: com.kisokolab.authserver.AuthserverApplication
java_class_path (initial): /usr/lib/jvm/java-1.8.0-openjdk-amd64/jre/lib/charsets.jar:/usr/lib/jvm/java-1.8.0-openjdk-amd64/jre/lib/ext/cldrdata.jar:/usr/lib/jvm/java-1.8.0-openjdk-amd64/jre/lib/ext/dnsns.jar:/usr/lib/jvm/java-1.8.0-openjdk-amd64/jre/lib/ext/icedtea-sound.jar:/usr/lib/jvm/java-1.8.0-openjdk-amd64/jre/lib/ext/jaccess.jar:/usr/lib/jvm/java-1.8.0-openjdk-amd64/jre/lib/ext/localedata.jar:/usr/lib/jvm/java-1.8.0-openjdk-amd64/jre/lib/ext/nashorn.jar:/usr/lib/jvm/java-1.8.0-openjdk-amd64/jre/lib/ext/sunec.jar:/usr/lib/jvm/java-1.8.0-openjdk-amd64/jre/lib/ext/sunjce_provider.jar:/usr/lib/jvm/java-1.8.0-openjdk-amd64/jre/lib/ext/sunpkcs11.jar:/usr/lib/jvm/java-1.8.0-openjdk-amd64/jre/lib/ext/zipfs.jar:/usr/lib/jvm/java-1.8.0-openjdk-amd64/jre/lib/jce.jar:/usr/lib/jvm/java-1.8.0-openjdk-amd64/jre/lib/jsse.jar:/usr/lib/jvm/java-1.8.0-openjdk-amd64/jre/lib/management-agent.jar:/usr/lib/jvm/java-1.8.0-openjdk-amd64/jre/lib/resources.jar:/usr/lib/jvm/java-1.8.0-openjdk-amd64/jre/lib/rt.jar:/home/njenga/Desktop/project/kisokolab/authserver/target/classes:/home/njenga/.m2/repository/org/springframework/boot/spring-boot-starter-data-jpa/2.3.2.RELEASE/spring-boot-starter-data-jpa-2.3.2.RELEASE.jar:/home/njenga/.m2/repository/org/springframework/boot/spring-boot-starter-aop/2.3.2.RELEASE/spring-boot-starter-aop-2.3.2.RELEASE.jar:/home/njenga/.m2/repository/org/springframework/spring-aop/5.2.8.RELEASE/spring-aop-5.2.8.RELEASE.jar:/home/njenga/.m2/repository/org/aspectj/aspectjweaver/1.9.6/aspectjweaver-1.9.6.jar:/home/njenga/.m2/repository/org/springframework/boot/spring-boot-starter-jdbc/2.3.2.RELEASE/spring-boot-starter-jdbc-2.3.2.RELEASE.jar:/home/njenga/.m2/repository/com/zaxxer/HikariCP/3.4.5/HikariCP-3.4.5.jar:/home/njenga/.m2/repository/org/springframework/spring-jdbc/5.2.8.RELEASE/spring-jdbc-5.2.8.RELEASE.jar:/home/njenga/.m2/repository/jakarta/transaction/jakarta.transaction-api/1.3.3/jakarta.transaction-api-1.3.3.jar:/home/njenga/.m2/repository/jakarta/pe
Launcher Type: SUN_STANDARD

Environment Variables:
JAVA_HOME=/usr/lib/jvm/jdk1.8.0_251
PATH=/home/njenga/bin:/home/njenga/.local/bin:/usr/local/sbin:/usr/local/bin:/usr/sbin:/usr/bin:/sbin:/bin:/usr/games:/usr/local/games
SHELL=/usr/bin/zsh
DISPLAY=:0

Signal Handlers:
SIGSEGV: [libjvm.so+0xa7bb00], sa_mask[0]=11111111011111111101111111111110, sa_flags=SA_RESTART|SA_SIGINFO
SIGBUS: [libjvm.so+0xa7bb00], sa_mask[0]=11111111011111111101111111111110, sa_flags=SA_RESTART|SA_SIGINFO
SIGFPE: [libjvm.so+0x8c3d50], sa_mask[0]=11111111011111111101111111111110, sa_flags=SA_RESTART|SA_SIGINFO
SIGPIPE: [libjvm.so+0x8c3d50], sa_mask[0]=11111111011111111101111111111110, sa_flags=SA_RESTART|SA_SIGINFO
SIGXFSZ: [libjvm.so+0x8c3d50], sa_mask[0]=11111111011111111101111111111110, sa_flags=SA_RESTART|SA_SIGINFO
SIGILL: [libjvm.so+0x8c3d50], sa_mask[0]=11111111011111111101111111111110, sa_flags=SA_RESTART|SA_SIGINFO
SIGUSR1: SIG_DFL, sa_mask[0]=00000000000000000000000000000000, sa_flags=none
SIGUSR2: [libjvm.so+0x8c3c00], sa_mask[0]=00100000000000000000000000000000, sa_flags=SA_RESTART|SA_SIGINFO
SIGHUP: [libjvm.so+0x8c4290], sa_mask[0]=11111111011111111101111111111110, sa_flags=SA_RESTART|SA_SIGINFO
SIGINT: [libjvm.so+0x8c4290], sa_mask[0]=11111111011111111101111111111110, sa_flags=SA_RESTART|SA_SIGINFO
SIGTERM: [libjvm.so+0x8c4290], sa_mask[0]=11111111011111111101111111111110, sa_flags=SA_RESTART|SA_SIGINFO
SIGQUIT: [libjvm.so+0x8c4290], sa_mask[0]=11111111011111111101111111111110, sa_flags=SA_RESTART|SA_SIGINFO


---------------  S Y S T E M  ---------------

OS:DISTRIB_ID=LinuxMint
DISTRIB_RELEASE=18.2
DISTRIB_CODENAME=sonya
DISTRIB_DESCRIPTION="Linux Mint 18.2 Sonya"

uname:Linux 4.8.0-53-generic #56~16.04.1-Ubuntu SMP Tue May 16 01:18:56 UTC 2017 x86_64
libc:glibc 2.23 NPTL 2.23 
rlimit: STACK 8192k, CORE 0k, NPROC 47183, NOFILE 65536, AS infinity
load average:1.59 0.97 0.94

/proc/meminfo:
MemTotal:       12192948 kB
MemFree:          279880 kB
MemAvailable:    1007104 kB
Buffers:          184616 kB
Cached:          1411092 kB
SwapCached:        24384 kB
Active:          9214116 kB
Inactive:        2278824 kB
Active(anon):    8650420 kB
Inactive(anon):  1923848 kB
Active(file):     563696 kB
Inactive(file):   354976 kB
Unevictable:         120 kB
Mlocked:             120 kB
SwapTotal:       4083708 kB
SwapFree:        3195888 kB
Dirty:             24800 kB
Writeback:             0 kB
AnonPages:       9726208 kB
Mapped:           877940 kB
Shmem:            677020 kB
Slab:             198608 kB
SReclaimable:      94120 kB
SUnreclaim:       104488 kB
KernelStack:       22432 kB
PageTables:        98628 kB
NFS_Unstable:          0 kB
Bounce:                0 kB
WritebackTmp:          0 kB
CommitLimit:    10180180 kB
Committed_AS:   21450600 kB
VmallocTotal:   34359738367 kB
VmallocUsed:           0 kB
VmallocChunk:          0 kB
HardwareCorrupted:     0 kB
AnonHugePages:   5513216 kB
ShmemHugePages:        0 kB
ShmemPmdMapped:        0 kB
CmaTotal:              0 kB
CmaFree:               0 kB
HugePages_Total:       0
HugePages_Free:        0
HugePages_Rsvd:        0
HugePages_Surp:        0
Hugepagesize:       2048 kB
DirectMap4k:      377600 kB
DirectMap2M:    11046912 kB
DirectMap1G:     2097152 kB

container (cgroup) information:
container_type: cgroupv1
cpu_cpuset_cpus: 0-3
cpu_memory_nodes: 0
active_processor_count: 4
cpu_quota: -1
cpu_period: 100000
cpu_shares: -1
memory_limit_in_bytes: -1
memory_and_swap_limit_in_bytes: -2
memory_soft_limit_in_bytes: -1
memory_usage_in_bytes: 9310916608
memory_max_usage_in_bytes: 9470357504


CPU:total 4 (initial active 4) (2 cores per cpu, 2 threads per core) family 6 model 69 stepping 1, cmov, cx8, fxsr, mmx, sse, sse2, sse3, ssse3, sse4.1, sse4.2, popcnt, avx, avx2, aes, clmul, erms, lzcnt, ht, tsc, tscinvbit, bmi1, bmi2

/proc/cpuinfo:
processor	: 0
vendor_id	: GenuineIntel
cpu family	: 6
model		: 69
model name	: Intel(R) Core(TM) i5-4210U CPU @ 1.70GHz
stepping	: 1
microcode	: 0x26
cpu MHz		: 2186.279
cache size	: 3072 KB
physical id	: 0
siblings	: 4
core id		: 0
cpu cores	: 2
apicid		: 0
initial apicid	: 0
fpu		: yes
fpu_exception	: yes
cpuid level	: 13
wp		: yes
flags		: fpu vme de pse tsc msr pae mce cx8 apic sep mtrr pge mca cmov pat pse36 clflush dts acpi mmx fxsr sse sse2 ss ht tm pbe syscall nx pdpe1gb rdtscp lm constant_tsc arch_perfmon pebs bts rep_good nopl xtopology nonstop_tsc aperfmperf eagerfpu pni pclmulqdq dtes64 monitor ds_cpl vmx est tm2 ssse3 sdbg fma cx16 xtpr pdcm pcid sse4_1 sse4_2 movbe popcnt tsc_deadline_timer aes xsave avx f16c rdrand lahf_lm abm epb tpr_shadow vnmi flexpriority ept vpid fsgsbase tsc_adjust bmi1 avx2 smep bmi2 erms invpcid xsaveopt dtherm ida arat pln pts
bugs		:
bogomips	: 4788.85
clflush size	: 64
cache_alignment	: 64
address sizes	: 39 bits physical, 48 bits virtual
power management:

processor	: 1
vendor_id	: GenuineIntel
cpu family	: 6
model		: 69
model name	: Intel(R) Core(TM) i5-4210U CPU @ 1.70GHz
stepping	: 1
microcode	: 0x26
cpu MHz		: 2400.000
cache size	: 3072 KB
physical id	: 0
siblings	: 4
core id		: 0
cpu cores	: 2
apicid		: 1
initial apicid	: 1
fpu		: yes
fpu_exception	: yes
cpuid level	: 13
wp		: yes
flags		: fpu vme de pse tsc msr pae mce cx8 apic sep mtrr pge mca cmov pat pse36 clflush dts acpi mmx fxsr sse sse2 ss ht tm pbe syscall nx pdpe1gb rdtscp lm constant_tsc arch_perfmon pebs bts rep_good nopl xtopology nonstop_tsc aperfmperf eagerfpu pni pclmulqdq dtes64 monitor ds_cpl vmx est tm2 ssse3 sdbg fma cx16 xtpr pdcm pcid sse4_1 sse4_2 movbe popcnt tsc_deadline_timer aes xsave avx f16c rdrand lahf_lm abm epb tpr_shadow vnmi flexpriority ept vpid fsgsbase tsc_adjust bmi1 avx2 smep bmi2 erms invpcid xsaveopt dtherm ida arat pln pts
bugs		:
bogomips	: 4788.85
clflush size	: 64
cache_alignment	: 64
address sizes	: 39 bits physical, 48 bits virtual
power management:

processor	: 2
vendor_id	: GenuineIntel
cpu family	: 6
model		: 69
model name	: Intel(R) Core(TM) i5-4210U CPU @ 1.70GHz
stepping	: 1
microcode	: 0x26
cpu MHz		: 2423.291
cache size	: 3072 KB
physical id	: 0
siblings	: 4
core id		: 1
cpu cores	: 2
apicid		: 2
initial apicid	: 2
fpu		: yes
fpu_exception	: yes
cpuid level	: 13
wp		: yes
flags		: fpu vme de pse tsc msr pae mce cx8 apic sep mtrr pge mca cmov pat pse36 clflush dts acpi mmx fxsr sse sse2 ss ht tm pbe syscall nx pdpe1gb rdtscp lm constant_tsc arch_perfmon pebs bts rep_good nopl xtopology nonstop_tsc aperfmperf eagerfpu pni pclmulqdq dtes64 monitor ds_cpl vmx est tm2 ssse3 sdbg fma cx16 xtpr pdcm pcid sse4_1 sse4_2 movbe popcnt tsc_deadline_timer aes xsave avx f16c rdrand lahf_lm abm epb tpr_shadow vnmi flexpriority ept vpid fsgsbase tsc_adjust bmi1 avx2 smep bmi2 erms invpcid xsaveopt dtherm ida arat pln pts
bugs		:
bogomips	: 4788.85
clflush size	: 64
cache_alignment	: 64
address sizes	: 39 bits physical, 48 bits virtual
power management:

processor	: 3
vendor_id	: GenuineIntel
cpu family	: 6
model		: 69
model name	: Intel(R) Core(TM) i5-4210U CPU @ 1.70GHz
stepping	: 1
microcode	: 0x26
cpu MHz		: 2421.826
cache size	: 3072 KB
physical id	: 0
siblings	: 4
core id		: 1
cpu cores	: 2
apicid		: 3
initial apicid	: 3
fpu		: yes
fpu_exception	: yes
cpuid level	: 13
wp		: yes
flags		: fpu vme de pse tsc msr pae mce cx8 apic sep mtrr pge mca cmov pat pse36 clflush dts acpi mmx fxsr sse sse2 ss ht tm pbe syscall nx pdpe1gb rdtscp lm constant_tsc arch_perfmon pebs bts rep_good nopl xtopology nonstop_tsc aperfmperf eagerfpu pni pclmulqdq dtes64 monitor ds_cpl vmx est tm2 ssse3 sdbg fma cx16 xtpr pdcm pcid sse4_1 sse4_2 movbe popcnt tsc_deadline_timer aes xsave avx f16c rdrand lahf_lm abm epb tpr_shadow vnmi flexpriority ept vpid fsgsbase tsc_adjust bmi1 avx2 smep bmi2 erms invpcid xsaveopt dtherm ida arat pln pts
bugs		:
bogomips	: 4788.85
clflush size	: 64
cache_alignment	: 64
address sizes	: 39 bits physical, 48 bits virtual
power management:



Memory: 4k page, physical 12192948k(279880k free), swap 4083708k(3195888k free)

vm_info: OpenJDK 64-Bit Server VM (25.252-b09) for linux-amd64 JRE (1.8.0_252-8u252-b09-1~16.04-b09), built on Apr 15 2020 21:06:51 by "buildd" with gcc 5.4.0 20160609

time: Sun Aug  9 06:41:48 2020
timezone: EAT
elapsed time: 300 seconds (0d 0h 5m 0s)

