#
# A fatal error has been detected by the Java Runtime Environment:
#
#  SIGSEGV (0xb) at pc=0x00007f49414823a6, pid=10240, tid=0x00007f48c55eb700
#
# JRE version: OpenJDK Runtime Environment (8.0_252-b09) (build 1.8.0_252-8u252-b09-1~16.04-b09)
# Java VM: OpenJDK 64-Bit Server VM (25.252-b09 mixed mode linux-amd64 compressed oops)
# Problematic frame:
# V  [libjvm.so+0x7653a6]
#
# Failed to write core dump. Core dumps have been disabled. To enable core dumping, try "ulimit -c unlimited" before starting Java again
#
# If you would like to submit a bug report, please visit:
#   http://bugreport.java.com/bugreport/crash.jsp
#

---------------  T H R E A D  ---------------

Current thread (0x00007f48f8026800):  JavaThread "restartedMain" [_thread_in_vm, id=10389, stack(0x00007f48c54eb000,0x00007f48c55ec000)]

siginfo: si_signo: 11 (SIGSEGV), si_code: 1 (SEGV_MAPERR), si_addr: 0x0000000000000008

Registers:
RAX=0x00000000000001a8, RBX=0x00007f48d8e740d0, RCX=0x0000000000000033, RDX=0x00000007c0849d88
RSP=0x00007f48c55e8de0, RBP=0x00007f48c55e8f10, RSI=0x0000000000000000, RDI=0x00000007c0849d68
R8 =0x00007f48c54c5880, R9 =0x00007f48d8e74960, R10=0x00007f48dc1c6da0, R11=0x000000000000000c
R12=0x000000078288ee48, R13=0x0000000000000000, R14=0x0000000000000020, R15=0x0000000000000004
RIP=0x00007f49414823a6, EFLAGS=0x0000000000010206, CSGSFS=0x002b000000000033, ERR=0x0000000000000004
  TRAPNO=0x000000000000000e

Top of Stack: (sp=0x00007f48c55e8de0)
0x00007f48c55e8de0:   00007f48f8024370 00007f48c55e8eb0
0x00007f48c55e8df0:   00000007c0849d68 ffffffffffffffff
0x00007f48c55e8e00:   00007f48c55e8e50 00007f48c4de8bc0
0x00007f48c55e8e10:   00007f48c55e8e20 00007f4941742366
0x00007f48c55e8e20:   00007f48c55e8ec0 00007f48d85f2450
0x00007f48c55e8e30:   00007f48d834c940 00000000000003d8
0x00007f48c55e8e40:   00007f48d8e744a8 00007f48d8e740f0
0x00007f48c55e8e50:   00000007c0845ff8 00000007c0849d68
0x00007f48c55e8e60:   01007f48d8e740c0 0000000000000000
0x00007f48c55e8e70:   00007f48d8e740c0 00007f48d8e74958
0x00007f48c55e8e80:   00007f48c55e8f00 00007f4941680600
0x00007f48c55e8e90:   00007f48f8026800 00007f48c55e8f80
0x00007f48c55e8ea0:   00007f48d834bfa0 0000000000000005
0x00007f48c55e8eb0:   00007f48c54c5880 00007f48f8026800
0x00007f48c55e8ec0:   00007f48c4de8570 00000007c0845ff8
0x00007f48c55e8ed0:   0000000000000005 29e027f05b74b100
0x00007f48c55e8ee0:   00007f48c55e8f00 00007f48f8026800
0x00007f48c55e8ef0:   00007f48c4de8bc8 00007f48c55e8f90
0x00007f48c55e8f00:   00007f48c4de8e20 00007f48d8e740d0
0x00007f48c55e8f10:   00007f48c55e9000 00007f494148432a
0x00007f48c55e8f20:   00007f48f8026800 00007f49414842ab
0x00007f48c55e8f30:   00007f480000000b 29e027f05b74b100
0x00007f48c55e8f40:   00007f4800000053 0000000000000000
0x00007f48c55e8f50:   00007f48f8026800 00000001c55e8fb0
0x00007f48c55e8f60:   00007f48c4de8c28 00007f4800000001
0x00007f48c55e8f70:   00007f48c55e8f80 0000000500000005
0x00007f48c55e8f80:   00007f48c4de8e20 00007f48f8026800
0x00007f48c55e8f90:   00007f48f8026800 00007f48f80244e0
0x00007f48c55e8fa0:   00007f48d8e74900 00007f48d8e74958
0x00007f48c55e8fb0:   00007f48d8e749e8 00000000000000d8
0x00007f48c55e8fc0:   00007f48c55e9180 29e027f05b74b100
0x00007f48c55e8fd0:   0000000000000005 00007f48f8026800 

Instructions: (pc=0x00007f49414823a6)
0x00007f4941482386:   48 8d 45 b0 48 89 85 10 ff ff ff eb 40 0f 1f 44
0x00007f4941482396:   00 00 48 63 43 08 4c 89 f2 48 03 13 4c 8b 2c 02
0x00007f49414823a6:   49 8b 45 08 48 8b 7d 90 0f b7 48 22 48 8b 50 08
0x00007f49414823b6:   48 3b 7c ca 50 0f 84 0f 01 00 00 41 83 c7 01 49 

Register to memory mapping:

RAX=0x00000000000001a8 is an unknown value
RBX=0x00007f48d8e740d0 is an unknown value
RCX=0x0000000000000033 is an unknown value
RDX=0x00000007c0849d88 is pointing into metadata
RSP=0x00007f48c55e8de0 is pointing into the stack for thread: 0x00007f48f8026800
RBP=0x00007f48c55e8f10 is pointing into the stack for thread: 0x00007f48f8026800
RSI=0x0000000000000000 is an unknown value
RDI=0x00000007c0849d68 is pointing into metadata
R8 ={method} {0x00007f48c54c5880} 'tokenStore' '()Lorg/springframework/security/oauth2/provider/token/TokenStore;' in 'com/kisokolab/authserver/config/OAuth2AuthorizationServer'
R9 =0x00007f48d8e74960 is an unknown value
R10=0x00007f48dc1c6da0 is an unknown value
R11=0x000000000000000c is an unknown value
R12=0x000000078288ee48 is an oop
org.springframework.boot.devtools.restart.classloader.RestartClassLoader 
 - klass: 'org/springframework/boot/devtools/restart/classloader/RestartClassLoader'
R13=0x0000000000000000 is an unknown value
R14=0x0000000000000020 is an unknown value
R15=0x0000000000000004 is an unknown value


Stack: [0x00007f48c54eb000,0x00007f48c55ec000],  sp=0x00007f48c55e8de0,  free space=1015k
Native frames: (J=compiled Java code, j=interpreted, Vv=VM code, C=native code)
V  [libjvm.so+0x7653a6]
V  [libjvm.so+0x76732a]
V  [libjvm.so+0x622d33]
V  [libjvm.so+0x6294ff]
V  [libjvm.so+0x629a80]
V  [libjvm.so+0x6b7c26]
V  [libjvm.so+0x6b7fbc]  JVM_FindClassFromCaller+0x17c
C  [libjava.so+0xd660]  Java_java_lang_Class_forName0+0x140
J 819  java.lang.Class.forName0(Ljava/lang/String;ZLjava/lang/ClassLoader;Ljava/lang/Class;)Ljava/lang/Class; (0 bytes) @ 0x00007f492c3cb5f4 [0x00007f492c3cb500+0xf4]
J 741 C1 java.lang.Class.forName(Ljava/lang/String;ZLjava/lang/ClassLoader;)Ljava/lang/Class; (53 bytes) @ 0x00007f492c3abf44 [0x00007f492c3abe20+0x124]
j  org.springframework.cglib.core.ReflectUtils.defineClass(Ljava/lang/String;[BLjava/lang/ClassLoader;Ljava/security/ProtectionDomain;Ljava/lang/Class;)Ljava/lang/Class;+390
j  org.springframework.cglib.core.AbstractClassGenerator.generate(Lorg/springframework/cglib/core/AbstractClassGenerator$ClassLoaderData;)Ljava/lang/Class;+184
j  org.springframework.cglib.proxy.Enhancer.generate(Lorg/springframework/cglib/core/AbstractClassGenerator$ClassLoaderData;)Ljava/lang/Class;+53
j  org.springframework.cglib.core.AbstractClassGenerator$ClassLoaderData$3.apply(Lorg/springframework/cglib/core/AbstractClassGenerator;)Ljava/lang/Object;+5
j  org.springframework.cglib.core.AbstractClassGenerator$ClassLoaderData$3.apply(Ljava/lang/Object;)Ljava/lang/Object;+5
j  org.springframework.cglib.core.internal.LoadingCache$2.call()Ljava/lang/Object;+11
j  java.util.concurrent.FutureTask.run()V+42
j  org.springframework.cglib.core.internal.LoadingCache.createEntry(Ljava/lang/Object;Ljava/lang/Object;Ljava/lang/Object;)Ljava/lang/Object;+58
j  org.springframework.cglib.core.internal.LoadingCache.get(Ljava/lang/Object;)Ljava/lang/Object;+39
j  org.springframework.cglib.core.AbstractClassGenerator$ClassLoaderData.get(Lorg/springframework/cglib/core/AbstractClassGenerator;Z)Ljava/lang/Object;+15
j  org.springframework.cglib.core.AbstractClassGenerator.create(Ljava/lang/Object;)Ljava/lang/Object;+115
j  org.springframework.cglib.proxy.Enhancer.createHelper()Ljava/lang/Object;+86
j  org.springframework.cglib.proxy.Enhancer.createClass()Ljava/lang/Class;+6
j  org.springframework.context.annotation.ConfigurationClassEnhancer.createClass(Lorg/springframework/cglib/proxy/Enhancer;)Ljava/lang/Class;+1
j  org.springframework.context.annotation.ConfigurationClassEnhancer.enhance(Ljava/lang/Class;Ljava/lang/ClassLoader;)Ljava/lang/Class;+53
j  org.springframework.context.annotation.ConfigurationClassPostProcessor.enhanceConfigurationClasses(Lorg/springframework/beans/factory/config/ConfigurableListableBeanFactory;)V+381
j  org.springframework.context.annotation.ConfigurationClassPostProcessor.postProcessBeanFactory(Lorg/springframework/beans/factory/config/ConfigurableListableBeanFactory;)V+88
j  org.springframework.context.support.PostProcessorRegistrationDelegate.invokeBeanFactoryPostProcessors(Ljava/util/Collection;Lorg/springframework/beans/factory/config/ConfigurableListableBeanFactory;)V+28
j  org.springframework.context.support.PostProcessorRegistrationDelegate.invokeBeanFactoryPostProcessors(Lorg/springframework/beans/factory/config/ConfigurableListableBeanFactory;Ljava/util/List;)V+494
j  org.springframework.context.support.AbstractApplicationContext.invokeBeanFactoryPostProcessors(Lorg/springframework/beans/factory/config/ConfigurableListableBeanFactory;)V+5
j  org.springframework.context.support.AbstractApplicationContext.refresh()V+28
j  org.springframework.boot.web.servlet.context.ServletWebServerApplicationContext.refresh()V+1
j  org.springframework.boot.SpringApplication.refresh(Lorg/springframework/context/ConfigurableApplicationContext;)V+1
j  org.springframework.boot.SpringApplication.refresh(Lorg/springframework/context/ApplicationContext;)V+11
j  org.springframework.boot.SpringApplication.refreshContext(Lorg/springframework/context/ConfigurableApplicationContext;)V+2
j  org.springframework.boot.SpringApplication.run([Ljava/lang/String;)Lorg/springframework/context/ConfigurableApplicationContext;+118
j  org.springframework.boot.SpringApplication.run([Ljava/lang/Class;[Ljava/lang/String;)Lorg/springframework/context/ConfigurableApplicationContext;+9
j  org.springframework.boot.SpringApplication.run(Ljava/lang/Class;[Ljava/lang/String;)Lorg/springframework/context/ConfigurableApplicationContext;+9
j  com.kisokolab.authserver.AuthserverApplication.main([Ljava/lang/String;)V+3
v  ~StubRoutines::call_stub
V  [libjvm.so+0x66abf0]
V  [libjvm.so+0x94b309]
V  [libjvm.so+0x94d02f]
V  [libjvm.so+0x6b87f7]  JVM_InvokeMethod+0x137
J 1832  sun.reflect.NativeMethodAccessorImpl.invoke0(Ljava/lang/reflect/Method;Ljava/lang/Object;[Ljava/lang/Object;)Ljava/lang/Object; (0 bytes) @ 0x00007f492c5557ed [0x00007f492c555700+0xed]
J 1831 C1 sun.reflect.NativeMethodAccessorImpl.invoke(Ljava/lang/Object;[Ljava/lang/Object;)Ljava/lang/Object; (104 bytes) @ 0x00007f492c555ecc [0x00007f492c555b20+0x3ac]
J 1877 C1 sun.reflect.DelegatingMethodAccessorImpl.invoke(Ljava/lang/Object;[Ljava/lang/Object;)Ljava/lang/Object; (10 bytes) @ 0x00007f492c567b44 [0x00007f492c567b00+0x44]
J 1876 C1 java.lang.reflect.Method.invoke(Ljava/lang/Object;[Ljava/lang/Object;)Ljava/lang/Object; (62 bytes) @ 0x00007f492c567724 [0x00007f492c567620+0x104]
j  org.springframework.boot.devtools.restart.RestartLauncher.run()V+42
v  ~StubRoutines::call_stub
V  [libjvm.so+0x66abf0]
V  [libjvm.so+0x6680d4]
V  [libjvm.so+0x6686b7]
V  [libjvm.so+0x6acad4]
V  [libjvm.so+0xa1ff87]
V  [libjvm.so+0xa20370]
V  [libjvm.so+0x8c6042]
C  [libpthread.so.0+0x76ba]  start_thread+0xca

Java frames: (J=compiled Java code, j=interpreted, Vv=VM code)
J 819  java.lang.Class.forName0(Ljava/lang/String;ZLjava/lang/ClassLoader;Ljava/lang/Class;)Ljava/lang/Class; (0 bytes) @ 0x00007f492c3cb57a [0x00007f492c3cb500+0x7a]
J 741 C1 java.lang.Class.forName(Ljava/lang/String;ZLjava/lang/ClassLoader;)Ljava/lang/Class; (53 bytes) @ 0x00007f492c3abf44 [0x00007f492c3abe20+0x124]
j  org.springframework.cglib.core.ReflectUtils.defineClass(Ljava/lang/String;[BLjava/lang/ClassLoader;Ljava/security/ProtectionDomain;Ljava/lang/Class;)Ljava/lang/Class;+390
j  org.springframework.cglib.core.AbstractClassGenerator.generate(Lorg/springframework/cglib/core/AbstractClassGenerator$ClassLoaderData;)Ljava/lang/Class;+184
j  org.springframework.cglib.proxy.Enhancer.generate(Lorg/springframework/cglib/core/AbstractClassGenerator$ClassLoaderData;)Ljava/lang/Class;+53
j  org.springframework.cglib.core.AbstractClassGenerator$ClassLoaderData$3.apply(Lorg/springframework/cglib/core/AbstractClassGenerator;)Ljava/lang/Object;+5
j  org.springframework.cglib.core.AbstractClassGenerator$ClassLoaderData$3.apply(Ljava/lang/Object;)Ljava/lang/Object;+5
j  org.springframework.cglib.core.internal.LoadingCache$2.call()Ljava/lang/Object;+11
j  java.util.concurrent.FutureTask.run()V+42
j  org.springframework.cglib.core.internal.LoadingCache.createEntry(Ljava/lang/Object;Ljava/lang/Object;Ljava/lang/Object;)Ljava/lang/Object;+58
j  org.springframework.cglib.core.internal.LoadingCache.get(Ljava/lang/Object;)Ljava/lang/Object;+39
j  org.springframework.cglib.core.AbstractClassGenerator$ClassLoaderData.get(Lorg/springframework/cglib/core/AbstractClassGenerator;Z)Ljava/lang/Object;+15
j  org.springframework.cglib.core.AbstractClassGenerator.create(Ljava/lang/Object;)Ljava/lang/Object;+115
j  org.springframework.cglib.proxy.Enhancer.createHelper()Ljava/lang/Object;+86
j  org.springframework.cglib.proxy.Enhancer.createClass()Ljava/lang/Class;+6
j  org.springframework.context.annotation.ConfigurationClassEnhancer.createClass(Lorg/springframework/cglib/proxy/Enhancer;)Ljava/lang/Class;+1
j  org.springframework.context.annotation.ConfigurationClassEnhancer.enhance(Ljava/lang/Class;Ljava/lang/ClassLoader;)Ljava/lang/Class;+53
j  org.springframework.context.annotation.ConfigurationClassPostProcessor.enhanceConfigurationClasses(Lorg/springframework/beans/factory/config/ConfigurableListableBeanFactory;)V+381
j  org.springframework.context.annotation.ConfigurationClassPostProcessor.postProcessBeanFactory(Lorg/springframework/beans/factory/config/ConfigurableListableBeanFactory;)V+88
j  org.springframework.context.support.PostProcessorRegistrationDelegate.invokeBeanFactoryPostProcessors(Ljava/util/Collection;Lorg/springframework/beans/factory/config/ConfigurableListableBeanFactory;)V+28
j  org.springframework.context.support.PostProcessorRegistrationDelegate.invokeBeanFactoryPostProcessors(Lorg/springframework/beans/factory/config/ConfigurableListableBeanFactory;Ljava/util/List;)V+494
j  org.springframework.context.support.AbstractApplicationContext.invokeBeanFactoryPostProcessors(Lorg/springframework/beans/factory/config/ConfigurableListableBeanFactory;)V+5
j  org.springframework.context.support.AbstractApplicationContext.refresh()V+28
j  org.springframework.boot.web.servlet.context.ServletWebServerApplicationContext.refresh()V+1
j  org.springframework.boot.SpringApplication.refresh(Lorg/springframework/context/ConfigurableApplicationContext;)V+1
j  org.springframework.boot.SpringApplication.refresh(Lorg/springframework/context/ApplicationContext;)V+11
j  org.springframework.boot.SpringApplication.refreshContext(Lorg/springframework/context/ConfigurableApplicationContext;)V+2
j  org.springframework.boot.SpringApplication.run([Ljava/lang/String;)Lorg/springframework/context/ConfigurableApplicationContext;+118
j  org.springframework.boot.SpringApplication.run([Ljava/lang/Class;[Ljava/lang/String;)Lorg/springframework/context/ConfigurableApplicationContext;+9
j  org.springframework.boot.SpringApplication.run(Ljava/lang/Class;[Ljava/lang/String;)Lorg/springframework/context/ConfigurableApplicationContext;+9
j  com.kisokolab.authserver.AuthserverApplication.main([Ljava/lang/String;)V+3
v  ~StubRoutines::call_stub
J 1832  sun.reflect.NativeMethodAccessorImpl.invoke0(Ljava/lang/reflect/Method;Ljava/lang/Object;[Ljava/lang/Object;)Ljava/lang/Object; (0 bytes) @ 0x00007f492c555777 [0x00007f492c555700+0x77]
J 1831 C1 sun.reflect.NativeMethodAccessorImpl.invoke(Ljava/lang/Object;[Ljava/lang/Object;)Ljava/lang/Object; (104 bytes) @ 0x00007f492c555ecc [0x00007f492c555b20+0x3ac]
J 1877 C1 sun.reflect.DelegatingMethodAccessorImpl.invoke(Ljava/lang/Object;[Ljava/lang/Object;)Ljava/lang/Object; (10 bytes) @ 0x00007f492c567b44 [0x00007f492c567b00+0x44]
J 1876 C1 java.lang.reflect.Method.invoke(Ljava/lang/Object;[Ljava/lang/Object;)Ljava/lang/Object; (62 bytes) @ 0x00007f492c567724 [0x00007f492c567620+0x104]
j  org.springframework.boot.devtools.restart.RestartLauncher.run()V+42
v  ~StubRoutines::call_stub

---------------  P R O C E S S  ---------------

Java Threads: ( => current thread )
=>0x00007f48f8026800 JavaThread "restartedMain" [_thread_in_vm, id=10389, stack(0x00007f48c54eb000,0x00007f48c55ec000)]
  0x00007f48b0003800 JavaThread "Thread-20" [_thread_blocked, id=10386, stack(0x00007f48c51ea000,0x00007f48c52eb000)]
  0x00007f48ec006000 JavaThread "RMI TCP Connection(idle)" daemon [_thread_blocked, id=10357, stack(0x00007f490d6de000,0x00007f490d7df000)]
  0x00007f48ec005000 JavaThread "RMI TCP Connection(idle)" daemon [_thread_blocked, id=10356, stack(0x00007f490d5dd000,0x00007f490d6de000)]
  0x00007f493c011000 JavaThread "DestroyJavaVM" [_thread_blocked, id=10243, stack(0x00007f4942988000,0x00007f4942a89000)]
  0x00007f48ec003000 JavaThread "RMI TCP Connection(6)-127.0.0.1" daemon [_thread_in_native, id=10334, stack(0x00007f48c63f8000,0x00007f48c64f9000)]
  0x00007f48a800d000 JavaThread "Live Reload Server" daemon [_thread_in_native, id=10331, stack(0x00007f48c66f9000,0x00007f48c67fa000)]
  0x00007f48d8aff000 JavaThread "mysql-cj-abandoned-connection-cleanup" daemon [_thread_blocked, id=10305, stack(0x00007f48c7bfe000,0x00007f48c7cff000)]
  0x00007f48d400a000 JavaThread "RMI Scheduler(0)" daemon [_thread_blocked, id=10284, stack(0x00007f490cfd9000,0x00007f490d0da000)]
  0x00007f48ec001800 JavaThread "RMI TCP Connection(2)-127.0.0.1" daemon [_thread_in_native, id=10283, stack(0x00007f490d2da000,0x00007f490d3db000)]
  0x00007f4904001000 JavaThread "Attach Listener" daemon [_thread_blocked, id=10279, stack(0x00007f490d3db000,0x00007f490d4dc000)]
  0x00007f493c746800 JavaThread "RMI TCP Accept-0" daemon [_thread_in_native, id=10273, stack(0x00007f490dae0000,0x00007f490dbe1000)]
  0x00007f493c68d000 JavaThread "Service Thread" daemon [_thread_blocked, id=10271, stack(0x00007f490ddeb000,0x00007f490deec000)]
  0x00007f493c689000 JavaThread "C1 CompilerThread2" daemon [_thread_blocked, id=10270, stack(0x00007f490deec000,0x00007f490dfed000)]
  0x00007f493c687000 JavaThread "C2 CompilerThread1" daemon [_thread_blocked, id=10269, stack(0x00007f490dfed000,0x00007f490e0ee000)]
  0x00007f493c685000 JavaThread "C2 CompilerThread0" daemon [_thread_blocked, id=10268, stack(0x00007f490e0ee000,0x00007f490e1ef000)]
  0x00007f493c683000 JavaThread "Monitor Ctrl-Break" daemon [_thread_in_native, id=10267, stack(0x00007f490e1ef000,0x00007f490e2f0000)]
  0x00007f493c185000 JavaThread "Signal Dispatcher" daemon [_thread_blocked, id=10261, stack(0x00007f49288d4000,0x00007f49289d5000)]
  0x00007f493c154000 JavaThread "Finalizer" daemon [_thread_blocked, id=10254, stack(0x00007f4928dde000,0x00007f4928edf000)]
  0x00007f493c14f800 JavaThread "Reference Handler" daemon [_thread_blocked, id=10253, stack(0x00007f4928edf000,0x00007f4928fe0000)]

Other Threads:
  0x00007f493c146000 VMThread [stack: 0x00007f4928fe0000,0x00007f49290e1000] [id=10252]
  0x00007f493c75b000 WatcherThread [stack: 0x00007f490d9df000,0x00007f490dae0000] [id=10274]

VM state:not at safepoint (normal execution)

VM Mutex/Monitor currently owned by a thread: None

heap address: 0x0000000705e00000, size: 2978 MB, Compressed Oops mode: Zero based, Oop shift amount: 3
Narrow klass base: 0x0000000000000000, Narrow klass shift: 3
Compressed class space size: 1073741824 Address: 0x00000007c0000000

Heap:
 PSYoungGen      total 440320K, used 104410K [0x0000000781f80000, 0x00000007a5b80000, 0x00000007c0000000)
  eden space 418304K, 24% used [0x0000000781f80000,0x0000000788576898,0x000000079b800000)
  from space 22016K, 0% used [0x000000079b800000,0x000000079b800000,0x000000079cd80000)
  to   space 22528K, 0% used [0x00000007a4580000,0x00000007a4580000,0x00000007a5b80000)
 ParOldGen       total 150528K, used 24490K [0x0000000705e00000, 0x000000070f100000, 0x0000000781f80000)
  object space 150528K, 16% used [0x0000000705e00000,0x00000007075eaa40,0x000000070f100000)
 Metaspace       used 55920K, capacity 59730K, committed 60032K, reserved 1101824K
  class space    used 7833K, capacity 8515K, committed 8576K, reserved 1048576K

Card table byte_map: [0x00007f492b7ee000,0x00007f492bdc0000] byte_map_base: 0x00007f4927fbf000

Marking Bits: (ParMarkBitMap*) 0x00007f4941c555a0
 Begin Bits: [0x00007f490e2f0000, 0x00007f4911178000)
 End Bits:   [0x00007f4911178000, 0x00007f4914000000)

Polling page: 0x00007f4942aa9000

CodeCache: size=245760Kb used=10003Kb max_used=10003Kb free=235756Kb
 bounds [0x00007f492c180000, 0x00007f492cb50000, 0x00007f493b180000]
 total_blobs=5791 nmethods=5237 adapters=466
 compilation: enabled

Compilation events (10 events):
Event: 26.012 Thread 0x00007f493c689000 nmethod 5313 0x00007f492cb43c90 code [0x00007f492cb43e20, 0x00007f492cb44008]
Event: 26.012 Thread 0x00007f493c689000 5314       1       org.springframework.cglib.core.CodeEmitter::load_this (35 bytes)
Event: 26.012 Thread 0x00007f493c689000 nmethod 5314 0x00007f492cb44110 code [0x00007f492cb44280, 0x00007f492cb44498]
Event: 26.012 Thread 0x00007f493c689000 5315       1       org.springframework.cglib.core.TypeUtils::getClassName (61 bytes)
Event: 26.012 Thread 0x00007f493c689000 nmethod 5315 0x00007f492cb44590 code [0x00007f492cb44780, 0x00007f492cb44c18]
Event: 26.013 Thread 0x00007f493c689000 5316       1       org.springframework.asm.ClassWriter::visitField (53 bytes)
Event: 26.013 Thread 0x00007f493c689000 nmethod 5316 0x00007f492cb44f90 code [0x00007f492cb45100, 0x00007f492cb45348]
Event: 26.013 Thread 0x00007f493c689000 5317       1       org.springframework.asm.FieldWriter::<init> (69 bytes)
Event: 26.013 Thread 0x00007f493c689000 nmethod 5317 0x00007f492cb45450 code [0x00007f492cb455e0, 0x00007f492cb45848]
Event: 26.013 Thread 0x00007f493c689000 5319       1       org.springframework.cglib.core.CodeEmitter::getfield (47 bytes)

GC Heap History (10 events):
Event: 9.859 GC heap before
{Heap before GC invocations=11 (full 2):
 PSYoungGen      total 336384K, used 322048K [0x0000000781f80000, 0x0000000797c00000, 0x00000007c0000000)
  eden space 322048K, 100% used [0x0000000781f80000,0x0000000795a00000,0x0000000795a00000)
  from space 14336K, 0% used [0x0000000796e00000,0x0000000796e00000,0x0000000797c00000)
  to   space 16896K, 0% used [0x0000000795b00000,0x0000000795b00000,0x0000000796b80000)
 ParOldGen       total 113664K, used 20640K [0x0000000705e00000, 0x000000070cd00000, 0x0000000781f80000)
  object space 113664K, 18% used [0x0000000705e00000,0x0000000707228110,0x000000070cd00000)
 Metaspace       used 53676K, capacity 56976K, committed 57344K, reserved 1097728K
  class space    used 7474K, capacity 8073K, committed 8192K, reserved 1048576K
Event: 9.879 GC heap after
Heap after GC invocations=11 (full 2):
 PSYoungGen      total 339968K, used 16885K [0x0000000781f80000, 0x000000079e400000, 0x00000007c0000000)
  eden space 323072K, 0% used [0x0000000781f80000,0x0000000781f80000,0x0000000795b00000)
  from space 16896K, 99% used [0x0000000795b00000,0x0000000796b7d6c0,0x0000000796b80000)
  to   space 23040K, 0% used [0x000000079cd80000,0x000000079cd80000,0x000000079e400000)
 ParOldGen       total 113664K, used 30281K [0x0000000705e00000, 0x000000070cd00000, 0x0000000781f80000)
  object space 113664K, 26% used [0x0000000705e00000,0x0000000707b926a0,0x000000070cd00000)
 Metaspace       used 53676K, capacity 56976K, committed 57344K, reserved 1097728K
  class space    used 7474K, capacity 8073K, committed 8192K, reserved 1048576K
}
Event: 10.656 GC heap before
{Heap before GC invocations=12 (full 2):
 PSYoungGen      total 339968K, used 81611K [0x0000000781f80000, 0x000000079e400000, 0x00000007c0000000)
  eden space 323072K, 20% used [0x0000000781f80000,0x0000000785eb5680,0x0000000795b00000)
  from space 16896K, 99% used [0x0000000795b00000,0x0000000796b7d6c0,0x0000000796b80000)
  to   space 23040K, 0% used [0x000000079cd80000,0x000000079cd80000,0x000000079e400000)
 ParOldGen       total 113664K, used 30281K [0x0000000705e00000, 0x000000070cd00000, 0x0000000781f80000)
  object space 113664K, 26% used [0x0000000705e00000,0x0000000707b926a0,0x000000070cd00000)
 Metaspace       used 55186K, capacity 58814K, committed 59008K, reserved 1099776K
  class space    used 7700K, capacity 8314K, committed 8320K, reserved 1048576K
Event: 10.678 GC heap after
Heap after GC invocations=12 (full 2):
 PSYoungGen      total 440320K, used 11115K [0x0000000781f80000, 0x000000079e300000, 0x00000007c0000000)
  eden space 418304K, 0% used [0x0000000781f80000,0x0000000781f80000,0x000000079b800000)
  from space 22016K, 50% used [0x000000079cd80000,0x000000079d85ac28,0x000000079e300000)
  to   space 22016K, 0% used [0x000000079b800000,0x000000079b800000,0x000000079cd80000)
 ParOldGen       total 113664K, used 30289K [0x0000000705e00000, 0x000000070cd00000, 0x0000000781f80000)
  object space 113664K, 26% used [0x0000000705e00000,0x0000000707b946a0,0x000000070cd00000)
 Metaspace       used 55186K, capacity 58814K, committed 59008K, reserved 1099776K
  class space    used 7700K, capacity 8314K, committed 8320K, reserved 1048576K
}
Event: 10.678 GC heap before
{Heap before GC invocations=13 (full 3):
 PSYoungGen      total 440320K, used 11115K [0x0000000781f80000, 0x000000079e300000, 0x00000007c0000000)
  eden space 418304K, 0% used [0x0000000781f80000,0x0000000781f80000,0x000000079b800000)
  from space 22016K, 50% used [0x000000079cd80000,0x000000079d85ac28,0x000000079e300000)
  to   space 22016K, 0% used [0x000000079b800000,0x000000079b800000,0x000000079cd80000)
 ParOldGen       total 113664K, used 30289K [0x0000000705e00000, 0x000000070cd00000, 0x0000000781f80000)
  object space 113664K, 26% used [0x0000000705e00000,0x0000000707b946a0,0x000000070cd00000)
 Metaspace       used 55186K, capacity 58814K, committed 59008K, reserved 1099776K
  class space    used 7700K, capacity 8314K, committed 8320K, reserved 1048576K
Event: 10.871 GC heap after
Heap after GC invocations=13 (full 3):
 PSYoungGen      total 440320K, used 0K [0x0000000781f80000, 0x000000079e300000, 0x00000007c0000000)
  eden space 418304K, 0% used [0x0000000781f80000,0x0000000781f80000,0x000000079b800000)
  from space 22016K, 0% used [0x000000079cd80000,0x000000079cd80000,0x000000079e300000)
  to   space 22016K, 0% used [0x000000079b800000,0x000000079b800000,0x000000079cd80000)
 ParOldGen       total 150528K, used 26539K [0x0000000705e00000, 0x000000070f100000, 0x0000000781f80000)
  object space 150528K, 17% used [0x0000000705e00000,0x00000007077ead10,0x000000070f100000)
 Metaspace       used 55182K, capacity 58808K, committed 59008K, reserved 1099776K
  class space    used 7700K, capacity 8313K, committed 8320K, reserved 1048576K
}
Event: 25.336 GC heap before
{Heap before GC invocations=14 (full 3):
 PSYoungGen      total 440320K, used 62886K [0x0000000781f80000, 0x000000079e300000, 0x00000007c0000000)
  eden space 418304K, 15% used [0x0000000781f80000,0x0000000785ce9a10,0x000000079b800000)
  from space 22016K, 0% used [0x000000079cd80000,0x000000079cd80000,0x000000079e300000)
  to   space 22016K, 0% used [0x000000079b800000,0x000000079b800000,0x000000079cd80000)
 ParOldGen       total 150528K, used 26539K [0x0000000705e00000, 0x000000070f100000, 0x0000000781f80000)
  object space 150528K, 17% used [0x0000000705e00000,0x00000007077ead10,0x000000070f100000)
 Metaspace       used 55782K, capacity 59518K, committed 59776K, reserved 1099776K
  class space    used 7815K, capacity 8471K, committed 8576K, reserved 1048576K
Event: 25.340 GC heap after
Heap after GC invocations=14 (full 3):
 PSYoungGen      total 440320K, used 1073K [0x0000000781f80000, 0x00000007a5b80000, 0x00000007c0000000)
  eden space 418304K, 0% used [0x0000000781f80000,0x0000000781f80000,0x000000079b800000)
  from space 22016K, 4% used [0x000000079b800000,0x000000079b90c4a0,0x000000079cd80000)
  to   space 22528K, 0% used [0x00000007a4580000,0x00000007a4580000,0x00000007a5b80000)
 ParOldGen       total 150528K, used 26547K [0x0000000705e00000, 0x000000070f100000, 0x0000000781f80000)
  object space 150528K, 17% used [0x0000000705e00000,0x00000007077ecd10,0x000000070f100000)
 Metaspace       used 55782K, capacity 59518K, committed 59776K, reserved 1099776K
  class space    used 7815K, capacity 8471K, committed 8576K, reserved 1048576K
}
Event: 25.340 GC heap before
{Heap before GC invocations=15 (full 4):
 PSYoungGen      total 440320K, used 1073K [0x0000000781f80000, 0x00000007a5b80000, 0x00000007c0000000)
  eden space 418304K, 0% used [0x0000000781f80000,0x0000000781f80000,0x000000079b800000)
  from space 22016K, 4% used [0x000000079b800000,0x000000079b90c4a0,0x000000079cd80000)
  to   space 22528K, 0% used [0x00000007a4580000,0x00000007a4580000,0x00000007a5b80000)
 ParOldGen       total 150528K, used 26547K [0x0000000705e00000, 0x000000070f100000, 0x0000000781f80000)
  object space 150528K, 17% used [0x0000000705e00000,0x00000007077ecd10,0x000000070f100000)
 Metaspace       used 55782K, capacity 59518K, committed 59776K, reserved 1099776K
  class space    used 7815K, capacity 8471K, committed 8576K, reserved 1048576K
Event: 25.597 GC heap after
Heap after GC invocations=15 (full 4):
 PSYoungGen      total 440320K, used 0K [0x0000000781f80000, 0x00000007a5b80000, 0x00000007c0000000)
  eden space 418304K, 0% used [0x0000000781f80000,0x0000000781f80000,0x000000079b800000)
  from space 22016K, 0% used [0x000000079b800000,0x000000079b800000,0x000000079cd80000)
  to   space 22528K, 0% used [0x00000007a4580000,0x00000007a4580000,0x00000007a5b80000)
 ParOldGen       total 150528K, used 24490K [0x0000000705e00000, 0x000000070f100000, 0x0000000781f80000)
  object space 150528K, 16% used [0x0000000705e00000,0x00000007075eaa40,0x000000070f100000)
 Metaspace       used 55782K, capacity 59518K, committed 59776K, reserved 1099776K
  class space    used 7815K, capacity 8471K, committed 8576K, reserved 1048576K
}

Deoptimization events (0 events):
No events

Classes redefined (0 events):
No events

Internal exceptions (10 events):
Event: 25.964 Thread 0x00007f48f8026800 Exception <a 'java/lang/ArrayIndexOutOfBoundsException'> (0x0000000787edf780) thrown at [/build/openjdk-8-uwNjBd/openjdk-8-8u252-b09/src/hotspot/src/share/vm/runtime/sharedRuntime.cpp, line 605]
Event: 25.966 Thread 0x00007f48f8026800 Exception <a 'java/lang/ArrayIndexOutOfBoundsException'> (0x0000000787f3dd38) thrown at [/build/openjdk-8-uwNjBd/openjdk-8-8u252-b09/src/hotspot/src/share/vm/runtime/sharedRuntime.cpp, line 605]
Event: 25.967 Thread 0x00007f48f8026800 Exception <a 'java/lang/ArrayIndexOutOfBoundsException'> (0x0000000787f96070) thrown at [/build/openjdk-8-uwNjBd/openjdk-8-8u252-b09/src/hotspot/src/share/vm/runtime/sharedRuntime.cpp, line 605]
Event: 25.969 Thread 0x00007f48f8026800 Exception <a 'java/lang/ArrayIndexOutOfBoundsException'> (0x0000000787ff2608) thrown at [/build/openjdk-8-uwNjBd/openjdk-8-8u252-b09/src/hotspot/src/share/vm/runtime/sharedRuntime.cpp, line 605]
Event: 25.977 Thread 0x00007f48f8026800 Exception <a 'java/lang/ArrayIndexOutOfBoundsException'> (0x00000007880d2248) thrown at [/build/openjdk-8-uwNjBd/openjdk-8-8u252-b09/src/hotspot/src/share/vm/runtime/sharedRuntime.cpp, line 605]
Event: 25.979 Thread 0x00007f48f8026800 Exception <a 'java/lang/ArrayIndexOutOfBoundsException'> (0x00000007880f6dc0) thrown at [/build/openjdk-8-uwNjBd/openjdk-8-8u252-b09/src/hotspot/src/share/vm/runtime/sharedRuntime.cpp, line 605]
Event: 25.990 Thread 0x00007f48f8026800 Exception <a 'java/lang/ArrayIndexOutOfBoundsException'> (0x0000000788279588) thrown at [/build/openjdk-8-uwNjBd/openjdk-8-8u252-b09/src/hotspot/src/share/vm/runtime/sharedRuntime.cpp, line 605]
Event: 25.994 Thread 0x00007f48f8026800 Exception <a 'java/lang/ArrayIndexOutOfBoundsException'> (0x00000007882fdf90) thrown at [/build/openjdk-8-uwNjBd/openjdk-8-8u252-b09/src/hotspot/src/share/vm/runtime/sharedRuntime.cpp, line 605]
Event: 26.000 Thread 0x00007f48f8026800 Exception <a 'java/lang/ArrayIndexOutOfBoundsException'> (0x000000078837ea58) thrown at [/build/openjdk-8-uwNjBd/openjdk-8-8u252-b09/src/hotspot/src/share/vm/runtime/sharedRuntime.cpp, line 605]
Event: 26.003 Thread 0x00007f48f8026800 Exception <a 'java/lang/ArrayIndexOutOfBoundsException'> (0x00000007883d4160) thrown at [/build/openjdk-8-uwNjBd/openjdk-8-8u252-b09/src/hotspot/src/share/vm/runtime/sharedRuntime.cpp, line 605]

Events (10 events):
Event: 25.975 loading class javax/inject$Qualifier
Event: 25.975 loading class javax/inject$Qualifier done
Event: 25.985 loading class org/springframework/web/reactive/HandlerResult
Event: 25.985 loading class org/springframework/web/reactive/HandlerResult done
Event: 25.985 loading class org/springframework/messaging/rsocket/annotation/support/RSocketMessageHandler
Event: 25.985 loading class org/springframework/messaging/rsocket/annotation/support/RSocketMessageHandler done
Event: 25.988 loading class org/springframework/security/oauth2/jwt/JwtDecoder
Event: 25.988 loading class org/springframework/security/oauth2/jwt/JwtDecoder done
Event: 25.988 loading class org/springframework/security/oauth2/server/resource/introspection/OpaqueTokenIntrospector
Event: 25.988 loading class org/springframework/security/oauth2/server/resource/introspection/OpaqueTokenIntrospector done


Dynamic libraries:
705e00000-70f100000 rw-p 00000000 00:00 0 
70f100000-781f80000 ---p 00000000 00:00 0 
781f80000-7a5b80000 rw-p 00000000 00:00 0 
7a5b80000-7c0000000 ---p 00000000 00:00 0 
7c0000000-7c0860000 rw-p 00000000 00:00 0 
7c0860000-800000000 ---p 00000000 00:00 0 
555c5fd1b000-555c5fd1c000 r-xp 00000000 08:02 24643205                   /usr/lib/jvm/java-8-openjdk-amd64/jre/bin/java
555c5ff1b000-555c5ff1c000 r--p 00000000 08:02 24643205                   /usr/lib/jvm/java-8-openjdk-amd64/jre/bin/java
555c5ff1c000-555c5ff1d000 rw-p 00001000 08:02 24643205                   /usr/lib/jvm/java-8-openjdk-amd64/jre/bin/java
555c60668000-555c60689000 rw-p 00000000 00:00 0                          [heap]
7f48a0000000-7f48a0021000 rw-p 00000000 00:00 0 
7f48a0021000-7f48a4000000 ---p 00000000 00:00 0 
7f48a8000000-7f48a8021000 rw-p 00000000 00:00 0 
7f48a8021000-7f48ac000000 ---p 00000000 00:00 0 
7f48ac000000-7f48ac021000 rw-p 00000000 00:00 0 
7f48ac021000-7f48b0000000 ---p 00000000 00:00 0 
7f48b0000000-7f48b0021000 rw-p 00000000 00:00 0 
7f48b0021000-7f48b4000000 ---p 00000000 00:00 0 
7f48b4000000-7f48b4494000 rw-p 00000000 00:00 0 
7f48b4494000-7f48b8000000 ---p 00000000 00:00 0 
7f48b8000000-7f48b8021000 rw-p 00000000 00:00 0 
7f48b8021000-7f48bc000000 ---p 00000000 00:00 0 
7f48bc000000-7f48bc021000 rw-p 00000000 00:00 0 
7f48bc021000-7f48c0000000 ---p 00000000 00:00 0 
7f48c0000000-7f48c0021000 rw-p 00000000 00:00 0 
7f48c0021000-7f48c4000000 ---p 00000000 00:00 0 
7f48c4de8000-7f48c4e28000 rw-p 00000000 00:00 0 
7f48c4e28000-7f48c4feb000 ---p 00000000 00:00 0 
7f48c4feb000-7f48c50e9000 rw-p 00000000 00:00 0 
7f48c50e9000-7f48c50ec000 ---p 00000000 00:00 0 
7f48c50ec000-7f48c51ea000 rw-p 00000000 00:00 0 
7f48c51ea000-7f48c51ed000 ---p 00000000 00:00 0 
7f48c51ed000-7f48c54eb000 rw-p 00000000 00:00 0 
7f48c54eb000-7f48c54ee000 ---p 00000000 00:00 0 
7f48c54ee000-7f48c57ec000 rw-p 00000000 00:00 0 
7f48c57ec000-7f48c57ef000 ---p 00000000 00:00 0 
7f48c57ef000-7f48c58ed000 rw-p 00000000 00:00 0 
7f48c58ed000-7f48c58f0000 ---p 00000000 00:00 0 
7f48c58f0000-7f48c59ee000 rw-p 00000000 00:00 0 
7f48c59ee000-7f48c59f1000 ---p 00000000 00:00 0 
7f48c59f1000-7f48c5aef000 rw-p 00000000 00:00 0 
7f48c5aef000-7f48c5af2000 ---p 00000000 00:00 0 
7f48c5af2000-7f48c5bf0000 rw-p 00000000 00:00 0 
7f48c5bf0000-7f48c5bf3000 ---p 00000000 00:00 0 
7f48c5bf3000-7f48c5cf1000 rw-p 00000000 00:00 0 
7f48c5cf1000-7f48c5cf4000 ---p 00000000 00:00 0 
7f48c5cf4000-7f48c5df2000 rw-p 00000000 00:00 0 
7f48c5df2000-7f48c5df5000 ---p 00000000 00:00 0 
7f48c5df5000-7f48c5ef3000 rw-p 00000000 00:00 0 
7f48c5ef3000-7f48c5ef6000 ---p 00000000 00:00 0 
7f48c5ef6000-7f48c5ff4000 rw-p 00000000 00:00 0 
7f48c5ff4000-7f48c5ff7000 ---p 00000000 00:00 0 
7f48c5ff7000-7f48c60f5000 rw-p 00000000 00:00 0 
7f48c60f5000-7f48c60f8000 ---p 00000000 00:00 0 
7f48c60f8000-7f48c61f6000 rw-p 00000000 00:00 0 
7f48c61f6000-7f48c61f9000 ---p 00000000 00:00 0 
7f48c61f9000-7f48c62f7000 rw-p 00000000 00:00 0 
7f48c62f7000-7f48c62fa000 ---p 00000000 00:00 0 
7f48c62fa000-7f48c63f8000 rw-p 00000000 00:00 0 
7f48c63f8000-7f48c63fb000 ---p 00000000 00:00 0 
7f48c63fb000-7f48c66f9000 rw-p 00000000 00:00 0 
7f48c66f9000-7f48c66fc000 ---p 00000000 00:00 0 
7f48c66fc000-7f48c69fa000 rw-p 00000000 00:00 0 
7f48c69fa000-7f48c6bfa000 rw-p 00000000 00:00 0 
7f48c6bfa000-7f48c6dfa000 rw-p 00000000 00:00 0 
7f48c6dfa000-7f48c6ffa000 rw-p 00000000 00:00 0 
7f48c6ffa000-7f48c71fa000 rw-p 00000000 00:00 0 
7f48c71fa000-7f48c71fd000 ---p 00000000 00:00 0 
7f48c71fd000-7f48c74fb000 rw-p 00000000 00:00 0 
7f48c74fb000-7f48c74fe000 ---p 00000000 00:00 0 
7f48c74fe000-7f48c77fc000 rw-p 00000000 00:00 0 
7f48c77fc000-7f48c77ff000 ---p 00000000 00:00 0 
7f48c77ff000-7f48c7afd000 rw-p 00000000 00:00 0 
7f48c7afd000-7f48c7b00000 ---p 00000000 00:00 0 
7f48c7b00000-7f48c7bfe000 rw-p 00000000 00:00 0 
7f48c7bfe000-7f48c7c01000 ---p 00000000 00:00 0 
7f48c7c01000-7f48c7cff000 rw-p 00000000 00:00 0 
7f48c7cff000-7f48c7d02000 ---p 00000000 00:00 0 
7f48c7d02000-7f48c8000000 rw-p 00000000 00:00 0 
7f48c8000000-7f48c8021000 rw-p 00000000 00:00 0 
7f48c8021000-7f48cc000000 ---p 00000000 00:00 0 
7f48cc000000-7f48cc021000 rw-p 00000000 00:00 0 
7f48cc021000-7f48d0000000 ---p 00000000 00:00 0 
7f48d0000000-7f48d0021000 rw-p 00000000 00:00 0 
7f48d0021000-7f48d4000000 ---p 00000000 00:00 0 
7f48d4000000-7f48d402f000 rw-p 00000000 00:00 0 
7f48d402f000-7f48d8000000 ---p 00000000 00:00 0 
7f48d8000000-7f48d9086000 rw-p 00000000 00:00 0 
7f48d9086000-7f48dc000000 ---p 00000000 00:00 0 
7f48dc000000-7f48dc1d1000 rw-p 00000000 00:00 0 
7f48dc1d1000-7f48e0000000 ---p 00000000 00:00 0 
7f48e0000000-7f48e0021000 rw-p 00000000 00:00 0 
7f48e0021000-7f48e4000000 ---p 00000000 00:00 0 
7f48e4000000-7f48e403a000 rw-p 00000000 00:00 0 
7f48e403a000-7f48e8000000 ---p 00000000 00:00 0 
7f48e8000000-7f48e8021000 rw-p 00000000 00:00 0 
7f48e8021000-7f48ec000000 ---p 00000000 00:00 0 
7f48ec000000-7f48ec021000 rw-p 00000000 00:00 0 
7f48ec021000-7f48f0000000 ---p 00000000 00:00 0 
7f48f0000000-7f48f0021000 rw-p 00000000 00:00 0 
7f48f0021000-7f48f4000000 ---p 00000000 00:00 0 
7f48f4000000-7f48f4588000 rw-p 00000000 00:00 0 
7f48f4588000-7f48f8000000 ---p 00000000 00:00 0 
7f48f8000000-7f48f8028000 rw-p 00000000 00:00 0 
7f48f8028000-7f48fc000000 ---p 00000000 00:00 0 
7f48fc000000-7f48fc056000 rw-p 00000000 00:00 0 
7f48fc056000-7f4900000000 ---p 00000000 00:00 0 
7f4900000000-7f4900021000 rw-p 00000000 00:00 0 
7f4900021000-7f4904000000 ---p 00000000 00:00 0 
7f4904000000-7f4904021000 rw-p 00000000 00:00 0 
7f4904021000-7f4908000000 ---p 00000000 00:00 0 
7f4908000000-7f4908021000 rw-p 00000000 00:00 0 
7f4908021000-7f490c000000 ---p 00000000 00:00 0 
7f490c0d8000-7f490c2d8000 rw-p 00000000 00:00 0 
7f490c2d8000-7f490c4d8000 rw-p 00000000 00:00 0 
7f490c4d8000-7f490c6d8000 rw-p 00000000 00:00 0 
7f490c6d8000-7f490c8d8000 rw-p 00000000 00:00 0 
7f490c8d8000-7f490cad8000 rw-p 00000000 00:00 0 
7f490cad8000-7f490ccd8000 rw-p 00000000 00:00 0 
7f490ccd8000-7f490ced8000 rw-p 00000000 00:00 0 
7f490ced8000-7f490cedb000 ---p 00000000 00:00 0 
7f490cedb000-7f490cfd9000 rw-p 00000000 00:00 0 
7f490cfd9000-7f490cfdc000 ---p 00000000 00:00 0 
7f490cfdc000-7f490d2da000 rw-p 00000000 00:00 0 
7f490d2da000-7f490d2dd000 ---p 00000000 00:00 0 
7f490d2dd000-7f490d3db000 rw-p 00000000 00:00 0 
7f490d3db000-7f490d3de000 ---p 00000000 00:00 0 
7f490d3de000-7f490d4dc000 rw-p 00000000 00:00 0 
7f490d4dc000-7f490d4df000 ---p 00000000 00:00 0 
7f490d4df000-7f490d5dd000 rw-p 00000000 00:00 0 
7f490d5dd000-7f490d5e0000 ---p 00000000 00:00 0 
7f490d5e0000-7f490d6de000 rw-p 00000000 00:00 0 
7f490d6de000-7f490d6e1000 ---p 00000000 00:00 0 
7f490d6e1000-7f490d9df000 rw-p 00000000 00:00 0 
7f490d9df000-7f490d9e0000 ---p 00000000 00:00 0 
7f490d9e0000-7f490dae0000 rw-p 00000000 00:00 0 
7f490dae0000-7f490dae3000 ---p 00000000 00:00 0 
7f490dae3000-7f490dbe1000 rw-p 00000000 00:00 0 
7f490dbe1000-7f490dbea000 r-xp 00000000 08:02 24643150                   /usr/lib/jvm/java-8-openjdk-amd64/jre/lib/amd64/libmanagement.so
7f490dbea000-7f490dde9000 ---p 00009000 08:02 24643150                   /usr/lib/jvm/java-8-openjdk-amd64/jre/lib/amd64/libmanagement.so
7f490dde9000-7f490ddea000 r--p 00008000 08:02 24643150                   /usr/lib/jvm/java-8-openjdk-amd64/jre/lib/amd64/libmanagement.so
7f490ddea000-7f490ddeb000 rw-p 00009000 08:02 24643150                   /usr/lib/jvm/java-8-openjdk-amd64/jre/lib/amd64/libmanagement.so
7f490ddeb000-7f490ddee000 ---p 00000000 00:00 0 
7f490ddee000-7f490deec000 rw-p 00000000 00:00 0 
7f490deec000-7f490deef000 ---p 00000000 00:00 0 
7f490deef000-7f490dfed000 rw-p 00000000 00:00 0 
7f490dfed000-7f490dff0000 ---p 00000000 00:00 0 
7f490dff0000-7f490e0ee000 rw-p 00000000 00:00 0 
7f490e0ee000-7f490e0f1000 ---p 00000000 00:00 0 
7f490e0f1000-7f490e1ef000 rw-p 00000000 00:00 0 
7f490e1ef000-7f490e1f2000 ---p 00000000 00:00 0 
7f490e1f2000-7f4914000000 rw-p 00000000 00:00 0 
7f4914000000-7f4914021000 rw-p 00000000 00:00 0 
7f4914021000-7f4918000000 ---p 00000000 00:00 0 
7f4918000000-7f4918044000 rw-p 00000000 00:00 0 
7f4918044000-7f491c000000 ---p 00000000 00:00 0 
7f491c000000-7f491c021000 rw-p 00000000 00:00 0 
7f491c021000-7f4920000000 ---p 00000000 00:00 0 
7f4920000000-7f4920021000 rw-p 00000000 00:00 0 
7f4920021000-7f4924000000 ---p 00000000 00:00 0 
7f4924000000-7f4924026000 rw-p 00000000 00:00 0 
7f4924026000-7f4928000000 ---p 00000000 00:00 0 
7f4928092000-7f4928097000 r--s 002f9000 08:02 24643112                   /usr/lib/jvm/java-8-openjdk-amd64/jre/lib/charsets.jar
7f4928097000-7f4928099000 r--s 00016000 08:02 24643113                   /usr/lib/jvm/java-8-openjdk-amd64/jre/lib/jce.jar
7f4928099000-7f492809e000 r--s 000a7000 08:02 24643174                   /usr/lib/jvm/java-8-openjdk-amd64/jre/lib/jsse.jar
7f492809e000-7f49280b5000 r-xp 00000000 08:02 24643152                   /usr/lib/jvm/java-8-openjdk-amd64/jre/lib/amd64/libnet.so
7f49280b5000-7f49282b5000 ---p 00017000 08:02 24643152                   /usr/lib/jvm/java-8-openjdk-amd64/jre/lib/amd64/libnet.so
7f49282b5000-7f49282b6000 r--p 00017000 08:02 24643152                   /usr/lib/jvm/java-8-openjdk-amd64/jre/lib/amd64/libnet.so
7f49282b6000-7f49282b7000 rw-p 00018000 08:02 24643152                   /usr/lib/jvm/java-8-openjdk-amd64/jre/lib/amd64/libnet.so
7f49282b7000-7f49282c9000 r-xp 00000000 08:02 24643148                   /usr/lib/jvm/java-8-openjdk-amd64/jre/lib/amd64/libnio.so
7f49282c9000-7f49284c8000 ---p 00012000 08:02 24643148                   /usr/lib/jvm/java-8-openjdk-amd64/jre/lib/amd64/libnio.so
7f49284c8000-7f49284c9000 r--p 00011000 08:02 24643148                   /usr/lib/jvm/java-8-openjdk-amd64/jre/lib/amd64/libnio.so
7f49284c9000-7f49284ca000 rw-p 00012000 08:02 24643148                   /usr/lib/jvm/java-8-openjdk-amd64/jre/lib/amd64/libnio.so
7f49284ca000-7f49284cd000 r--s 0001c000 08:02 22557241                   /home/njenga/Downloads/idea-IU-201.7846.76/lib/idea_rt.jar
7f49284cd000-7f49284dc000 r--s 0007c000 08:02 1056824                    /home/njenga/.m2/repository/org/springframework/security/spring-security-web/5.3.3.RELEASE/spring-security-web-5.3.3.RELEASE.jar
7f49284dc000-7f49284e9000 r--s 00060000 08:02 1056827                    /home/njenga/.m2/repository/org/springframework/security/spring-security-core/5.3.3.RELEASE/spring-security-core-5.3.3.RELEASE.jar
7f49284e9000-7f49284ea000 r--s 00005000 08:02 3284240                    /home/njenga/.m2/repository/org/springframework/spring-jcl/5.2.8.RELEASE/spring-jcl-5.2.8.RELEASE.jar
7f49284ea000-7f4928505000 r--s 00146000 08:02 3029473                    /home/njenga/.m2/repository/org/springframework/spring-core/5.2.8.RELEASE/spring-core-5.2.8.RELEASE.jar
7f4928505000-7f4928507000 r--s 0000a000 08:02 4722996                    /home/njenga/.m2/repository/jakarta/activation/jakarta.activation-api/1.2.2/jakarta.activation-api-1.2.2.jar
7f4928507000-7f492850b000 r--s 00019000 08:02 4722979                    /home/njenga/.m2/repository/jakarta/xml/bind/jakarta.xml.bind-api/2.3.3/jakarta.xml.bind-api-2.3.3.jar
7f492850b000-7f4928510000 r--s 00012000 08:02 4589591                    /home/njenga/.m2/repository/jakarta/validation/jakarta.validation-api/2.0.2/jakarta.validation-api-2.0.2.jar
7f4928510000-7f492855b000 r--s 002ff000 08:02 5773763                    /home/njenga/.m2/repository/org/bouncycastle/bcprov-jdk15on/1.56/bcprov-jdk15on-1.56.jar
7f492855b000-7f492856c000 r--s 00097000 08:02 5773761                    /home/njenga/.m2/repository/org/bouncycastle/bcpkix-jdk15on/1.56/bcpkix-jdk15on-1.56.jar
7f492856c000-7f492856e000 r--s 00008000 08:02 1184405                    /home/njenga/.m2/repository/org/springframework/security/spring-security-jwt/1.0.9.RELEASE/spring-security-jwt-1.0.9.RELEASE.jar
7f492856e000-7f4928572000 r--s 00035000 08:02 5511966                    /home/njenga/.m2/repository/org/codehaus/jackson/jackson-core-asl/1.9.13/jackson-core-asl-1.9.13.jar
7f4928572000-7f4928580000 r--s 000b1000 08:02 5382080                    /home/njenga/.m2/repository/org/codehaus/jackson/jackson-mapper-asl/1.9.13/jackson-mapper-asl-1.9.13.jar
7f4928580000-7f4928587000 r--s 0004e000 08:02 5249494                    /home/njenga/.m2/repository/commons-codec/commons-codec/1.14/commons-codec-1.14.jar
7f4928587000-7f4928599000 r--s 000f7000 08:02 1056819                    /home/njenga/.m2/repository/org/springframework/security/spring-security-config/5.3.3.RELEASE/spring-security-config-5.3.3.RELEASE.jar
7f4928599000-7f49285a6000 r--s 0006c000 08:02 1058052                    /home/njenga/.m2/repository/org/springframework/security/oauth/spring-security-oauth2/2.3.4.RELEASE/spring-security-oauth2-2.3.4.RELEASE.jar
7f49285a6000-7f49285a8000 r--s 0000c000 08:02 4589812                    /home/njenga/.m2/repository/javax/activation/javax.activation-api/1.2.0/javax.activation-api-1.2.0.jar
7f49285a8000-7f49285ac000 r--s 0001c000 08:02 4589799                    /home/njenga/.m2/repository/javax/xml/bind/jaxb-api/2.3.1/jaxb-api-2.3.1.jar
7f49285ac000-7f49285be000 r--s 000d9000 08:02 5382074                    /home/njenga/.m2/repository/com/sun/xml/bind/jaxb-impl/2.3.0.1/jaxb-impl-2.3.0.1.jar
7f49285be000-7f49285c5000 r--s 00038000 08:02 5249623                    /home/njenga/.m2/repository/com/sun/xml/bind/jaxb-core/2.3.0.1/jaxb-core-2.3.0.1.jar
7f49285c5000-7f49285c9000 r--s 00052000 08:02 4722965                    /home/njenga/.m2/repository/com/fasterxml/jackson/core/jackson-core/2.11.1/jackson-core-2.11.1.jar
7f49285c9000-7f49285de000 r--s 00146000 08:02 4722962                    /home/njenga/.m2/repository/com/fasterxml/jackson/core/jackson-databind/2.11.1/jackson-databind-2.11.1.jar
7f49285de000-7f49285e1000 r--s 0000e000 08:02 4722971                    /home/njenga/.m2/repository/com/fasterxml/jackson/core/jackson-annotations/2.11.1/jackson-annotations-2.11.1.jar
7f49285e1000-7f49285e6000 r--s 00013000 08:02 1058050                    /home/njenga/.m2/repository/org/springframework/security/oauth/boot/spring-security-oauth2-autoconfigure/2.1.2.RELEASE/spring-security-oauth2-autoconfigure-2.1.2.RELEASE.jar
7f49285e6000-7f49285fe000 r--s 0019f000 08:02 4722985                    /home/njenga/.m2/repository/org/projectlombok/lombok/1.18.12/lombok-1.18.12.jar
7f49285fe000-7f4928601000 r--s 0001a000 08:02 29901429                   /home/njenga/.m2/repository/org/springframework/boot/spring-boot-configuration-processor/2.3.2.RELEASE/spring-boot-configuration-processor-2.3.2.RELEASE.jar
7f4928601000-7f492862b000 r--s 0013e000 08:02 4590772                    /home/njenga/.m2/repository/org/springframework/boot/spring-boot-autoconfigure/2.3.2.RELEASE/spring-boot-autoconfigure-2.3.2.RELEASE.jar
7f492862b000-7f4928644000 r--s 000f9000 08:02 2757950                    /home/njenga/.m2/repository/org/springframework/boot/spring-boot/2.3.2.RELEASE/spring-boot-2.3.2.RELEASE.jar
7f4928644000-7f492864a000 r--s 00031000 08:02 4722983                    /home/njenga/.m2/repository/org/springframework/boot/spring-boot-devtools/2.3.2.RELEASE/spring-boot-devtools-2.3.2.RELEASE.jar
7f492864a000-7f4928664000 r--s 0022d000 08:02 5249500                    /home/njenga/.m2/repository/mysql/mysql-connector-java/8.0.20/mysql-connector-java-8.0.20.jar
7f4928664000-7f4928666000 r--s 00006000 08:02 4589616                    /home/njenga/.m2/repository/org/latencyutils/LatencyUtils/2.0.3/LatencyUtils-2.0.3.jar
7f4928666000-7f492866a000 r--s 00027000 08:02 5249524                    /home/njenga/.m2/repository/org/hdrhistogram/HdrHistogram/2.1.12/HdrHistogram-2.1.12.jar
7f492866a000-7f4928675000 r--s 00084000 08:02 5249522                    /home/njenga/.m2/repository/io/micrometer/micrometer-core/1.5.3/micrometer-core-1.5.3.jar
7f4928675000-7f4928686000 r--s 00080000 08:02 5249520                    /home/njenga/.m2/repository/org/springframework/boot/spring-boot-actuator/2.3.2.RELEASE/spring-boot-actuator-2.3.2.RELEASE.jar
7f4928686000-7f4928697000 r--s 0006d000 08:02 5249518                    /home/njenga/.m2/repository/org/springframework/boot/spring-boot-actuator-autoconfigure/2.3.2.RELEASE/spring-boot-actuator-autoconfigure-2.3.2.RELEASE.jar
7f4928697000-7f4928698000 r--s 00000000 08:02 4589574                    /home/njenga/.m2/repository/org/springframework/boot/spring-boot-starter-actuator/2.2.2.RELEASE/spring-boot-starter-actuator-2.2.2.RELEASE.jar
7f4928698000-7f492869d000 r--s 00040000 08:02 4331066                    /home/njenga/.m2/repository/org/springframework/spring-expression/5.2.8.RELEASE/spring-expression-5.2.8.RELEASE.jar
7f492869d000-7f49286af000 r--s 000d8000 08:02 4722981                    /home/njenga/.m2/repository/org/springframework/spring-webmvc/5.2.8.RELEASE/spring-webmvc-5.2.8.RELEASE.jar
7f49286af000-7f49286cb000 r--s 00144000 08:02 4722961                    /home/njenga/.m2/repository/org/springframework/spring-web/5.2.8.RELEASE/spring-web-5.2.8.RELEASE.jar
7f49286cb000-7f49286d1000 r--s 0003c000 08:02 4722978                    /home/njenga/.m2/repository/org/apache/tomcat/embed/tomcat-embed-websocket/9.0.37/tomcat-embed-websocket-9.0.37.jar
7f49286d1000-7f49286d6000 r--s 00036000 08:02 4589645                    /home/njenga/.m2/repository/org/glassfish/jakarta.el/3.0.3/jakarta.el-3.0.3.jar
7f49286d6000-7f4928702000 r--s 0030f000 08:02 4722974                    /home/njenga/.m2/repository/org/apache/tomcat/embed/tomcat-embed-core/9.0.37/tomcat-embed-core-9.0.37.jar
7f4928702000-7f4928703000 r--s 00001000 08:02 4722963                    /home/njenga/.m2/repository/org/springframework/boot/spring-boot-starter-tomcat/2.3.2.RELEASE/spring-boot-starter-tomcat-2.3.2.RELEASE.jar
7f4928703000-7f4928705000 r--s 00001000 08:02 4722964                    /home/njenga/.m2/repository/com/fasterxml/jackson/module/jackson-module-parameter-names/2.11.1/jackson-module-parameter-names-2.11.1.jar
7f4928705000-7f4928709000 r--s 00018000 08:02 4722969                    /home/njenga/.m2/repository/com/fasterxml/jackson/datatype/jackson-datatype-jsr310/2.11.1/jackson-datatype-jsr310-2.11.1.jar
7f4928709000-7f492870b000 r--s 00007000 08:02 4722968                    /home/njenga/.m2/repository/com/fasterxml/jackson/datatype/jackson-datatype-jdk8/2.11.1/jackson-datatype-jdk8-2.11.1.jar
7f492870b000-7f492870c000 r--s 00001000 08:02 4722959                    /home/njenga/.m2/repository/org/springframework/boot/spring-boot-starter-json/2.3.2.RELEASE/spring-boot-starter-json-2.3.2.RELEASE.jar
7f492870c000-7f4928713000 r--s 00045000 08:02 4722864                    /home/njenga/.m2/repository/org/yaml/snakeyaml/1.26/snakeyaml-1.26.jar
7f4928713000-7f4928715000 r--s 00005000 08:02 4589603                    /home/njenga/.m2/repository/jakarta/annotation/jakarta.annotation-api/1.3.5/jakarta.annotation-api-1.3.5.jar
7f4928715000-7f4928717000 r--s 00000000 08:02 4589570                    /home/njenga/.m2/repository/org/slf4j/jul-to-slf4j/1.7.30/jul-to-slf4j-1.7.30.jar
7f4928717000-7f492871d000 r--s 00042000 08:02 4722862                    /home/njenga/.m2/repository/org/apache/logging/log4j/log4j-api/2.13.3/log4j-api-2.13.3.jar
7f492871d000-7f492871f000 r--s 00003000 08:02 4590780                    /home/njenga/.m2/repository/org/apache/logging/log4j/log4j-to-slf4j/2.13.3/log4j-to-slf4j-2.13.3.jar
7f492871f000-7f492872a000 r--s 00069000 08:02 4589556                    /home/njenga/.m2/repository/ch/qos/logback/logback-core/1.2.3/logback-core-1.2.3.jar
7f492872a000-7f4928730000 r--s 00041000 08:02 4589551                    /home/njenga/.m2/repository/ch/qos/logback/logback-classic/1.2.3/logback-classic-1.2.3.jar
7f4928730000-7f4928731000 r--s 00001000 08:02 4590778                    /home/njenga/.m2/repository/org/springframework/boot/spring-boot-starter-logging/2.3.2.RELEASE/spring-boot-starter-logging-2.3.2.RELEASE.jar
7f4928731000-7f4928732000 r--s 00001000 08:02 2500913                    /home/njenga/.m2/repository/org/springframework/boot/spring-boot-starter/2.3.2.RELEASE/spring-boot-starter-2.3.2.RELEASE.jar
7f4928732000-7f4928733000 r--s 00001000 08:02 4722954                    /home/njenga/.m2/repository/org/springframework/boot/spring-boot-starter-web/2.3.2.RELEASE/spring-boot-starter-web-2.3.2.RELEASE.jar
7f4928733000-7f4928735000 r--s 0000a000 08:02 5381905                    /home/njenga/.m2/repository/org/springframework/spring-aspects/5.2.8.RELEASE/spring-aspects-5.2.8.RELEASE.jar
7f4928735000-7f4928737000 r--s 00009000 08:02 4589809                    /home/njenga/.m2/repository/org/slf4j/slf4j-api/1.7.30/slf4j-api-1.7.30.jar
7f4928737000-7f4928744000 r--s 0009c000 08:02 4069223                    /home/njenga/.m2/repository/org/springframework/spring-beans/5.2.8.RELEASE/spring-beans-5.2.8.RELEASE.jar
7f4928744000-7f492874d000 r--s 00044000 08:02 4722866                    /home/njenga/.m2/repository/org/springframework/spring-tx/5.2.8.RELEASE/spring-tx-5.2.8.RELEASE.jar
7f492874d000-7f4928768000 r--s 00111000 08:02 3547383                    /home/njenga/.m2/repository/org/springframework/spring-context/5.2.8.RELEASE/spring-context-5.2.8.RELEASE.jar
7f4928768000-7f492876d000 r--s 0002d000 08:02 5249545                    /home/njenga/.m2/repository/org/springframework/spring-orm/5.2.8.RELEASE/spring-orm-5.2.8.RELEASE.jar
7f492876d000-7f4928785000 r--s 00110000 08:02 4722868                    /home/njenga/.m2/repository/org/springframework/data/spring-data-commons/2.3.2.RELEASE/spring-data-commons-2.3.2.RELEASE.jar
7f4928785000-7f492878d000 r--s 00052000 08:02 5249543                    /home/njenga/.m2/repository/org/springframework/data/spring-data-jpa/2.3.2.RELEASE/spring-data-jpa-2.3.2.RELEASE.jar
7f492878d000-7f492878f000 r--s 0000f000 08:02 5381904                    /home/njenga/.m2/repository/com/sun/activation/jakarta.activation/1.2.2/jakarta.activation-1.2.2.jar
7f492878f000-7f4928791000 r--s 00006000 08:02 5381901                    /home/njenga/.m2/repository/com/sun/istack/istack-commons-runtime/3.0.11/istack-commons-runtime-3.0.11.jar
7f4928791000-7f4928793000 r--s 00010000 08:02 5381899                    /home/njenga/.m2/repository/org/glassfish/jaxb/txw2/2.3.3/txw2-2.3.3.jar
7f4928793000-7f49287a8000 r--s 000e8000 08:02 5249573                    /home/njenga/.m2/repository/org/glassfish/jaxb/jaxb-runtime/2.3.3/jaxb-runtime-2.3.3.jar
7f49287a8000-7f49287ab000 r--s 00010000 08:02 4589506                    /home/njenga/.m2/repository/org/hibernate/common/hibernate-commons-annotations/5.1.0.Final/hibernate-commons-annotations-5.1.0.Final.jar
7f49287ab000-7f49287b0000 r--s 0004b000 08:02 5249571                    /home/njenga/.m2/repository/org/dom4j/dom4j/2.1.3/dom4j-2.1.3.jar
7f49287b0000-7f49287b2000 r--s 0000f000 08:02 4589596                    /home/njenga/.m2/repository/com/fasterxml/classmate/1.5.1/classmate-1.5.1.jar
7f49287b2000-7f49287b5000 r--s 0002d000 08:02 5119726                    /home/njenga/.m2/repository/org/jboss/jandex/2.1.3.Final/jandex-2.1.3.Final.jar
7f49287b5000-7f49287ba000 r--s 00068000 08:02 4589498                    /home/njenga/.m2/repository/antlr/antlr/2.7.7/antlr-2.7.7.jar
7f49287ba000-7f4928804000 r--s 00308000 08:02 4856647                    /home/njenga/.m2/repository/net/bytebuddy/byte-buddy/1.10.13/byte-buddy-1.10.13.jar
7f4928804000-7f492880e000 r--s 000b4000 08:02 4589494                    /home/njenga/.m2/repository/org/javassist/javassist/3.24.0-GA/javassist-3.24.0-GA.jar
7f492880e000-7f4928895000 r--s 00670000 08:02 4987693                    /home/njenga/.m2/repository/org/hibernate/hibernate-core/5.4.18.Final/hibernate-core-5.4.18.Final.jar
7f4928895000-7f492889b000 r--s 00023000 08:02 4589486                    /home/njenga/.m2/repository/jakarta/persistence/jakarta.persistence-api/2.2.3/jakarta.persistence-api-2.2.3.jar
7f492889b000-7f49288a4000 r--s 0005b000 08:02 5249547                    /home/njenga/.m2/repository/org/springframework/spring-jdbc/5.2.8.RELEASE/spring-jdbc-5.2.8.RELEASE.jar
7f49288a4000-7f49288a8000 r--s 00023000 08:02 4856808                    /home/njenga/.m2/repository/com/zaxxer/HikariCP/3.4.5/HikariCP-3.4.5.jar
7f49288a8000-7f49288c1000 r--s 001dc000 08:02 4590788                    /home/njenga/.m2/repository/org/aspectj/aspectjweaver/1.9.6/aspectjweaver-1.9.6.jar
7f49288c1000-7f49288d4000 r--s 00346000 08:02 24643175                   /usr/lib/jvm/java-8-openjdk-amd64/jre/lib/resources.jar
7f49288d4000-7f49288d7000 ---p 00000000 00:00 0 
7f49288d7000-7f49289d5000 rw-p 00000000 00:00 0 
7f49289d5000-7f4928dde000 r--p 00000000 08:02 21896633                   /usr/lib/locale/locale-archive
7f4928dde000-7f4928de1000 ---p 00000000 00:00 0 
7f4928de1000-7f4928edf000 rw-p 00000000 00:00 0 
7f4928edf000-7f4928ee2000 ---p 00000000 00:00 0 
7f4928ee2000-7f4928fe0000 rw-p 00000000 00:00 0 
7f4928fe0000-7f4928fe1000 ---p 00000000 00:00 0 
7f4928fe1000-7f4929ff0000 rw-p 00000000 00:00 0 
7f4929ff0000-7f492a1c2000 r--s 03ca5000 08:02 24643171                   /usr/lib/jvm/java-8-openjdk-amd64/jre/lib/rt.jar
7f492a1c2000-7f492b009000 rw-p 00000000 00:00 0 
7f492b009000-7f492b00a000 ---p 00000000 00:00 0 
7f492b00a000-7f492b10a000 rw-p 00000000 00:00 0 
7f492b10a000-7f492b10b000 ---p 00000000 00:00 0 
7f492b10b000-7f492b20b000 rw-p 00000000 00:00 0 
7f492b20b000-7f492b20c000 ---p 00000000 00:00 0 
7f492b20c000-7f492b30c000 rw-p 00000000 00:00 0 
7f492b30c000-7f492b30d000 ---p 00000000 00:00 0 
7f492b30d000-7f492b457000 rw-p 00000000 00:00 0 
7f492b457000-7f492b7ee000 ---p 00000000 00:00 0 
7f492b7ee000-7f492b838000 rw-p 00000000 00:00 0 
7f492b838000-7f492bbce000 ---p 00000000 00:00 0 
7f492bbce000-7f492bced000 rw-p 00000000 00:00 0 
7f492bced000-7f492bdbf000 ---p 00000000 00:00 0 
7f492bdbf000-7f492bde8000 rw-p 00000000 00:00 0 
7f492bde8000-7f492c180000 ---p 00000000 00:00 0 
7f492c180000-7f492cb50000 rwxp 00000000 00:00 0 
7f492cb50000-7f493b180000 ---p 00000000 00:00 0 
7f493b180000-7f493b188000 r-xp 00000000 08:02 24643141                   /usr/lib/jvm/java-8-openjdk-amd64/jre/lib/amd64/libzip.so
7f493b188000-7f493b387000 ---p 00008000 08:02 24643141                   /usr/lib/jvm/java-8-openjdk-amd64/jre/lib/amd64/libzip.so
7f493b387000-7f493b388000 r--p 00007000 08:02 24643141                   /usr/lib/jvm/java-8-openjdk-amd64/jre/lib/amd64/libzip.so
7f493b388000-7f493b389000 rw-p 00008000 08:02 24643141                   /usr/lib/jvm/java-8-openjdk-amd64/jre/lib/amd64/libzip.so
7f493b389000-7f493b394000 r-xp 00000000 08:02 3546248                    /lib/x86_64-linux-gnu/libnss_files-2.23.so
7f493b394000-7f493b593000 ---p 0000b000 08:02 3546248                    /lib/x86_64-linux-gnu/libnss_files-2.23.so
7f493b593000-7f493b594000 r--p 0000a000 08:02 3546248                    /lib/x86_64-linux-gnu/libnss_files-2.23.so
7f493b594000-7f493b595000 rw-p 0000b000 08:02 3546248                    /lib/x86_64-linux-gnu/libnss_files-2.23.so
7f493b595000-7f493b59b000 rw-p 00000000 00:00 0 
7f493b59b000-7f493b5a6000 r-xp 00000000 08:02 3546252                    /lib/x86_64-linux-gnu/libnss_nis-2.23.so
7f493b5a6000-7f493b7a5000 ---p 0000b000 08:02 3546252                    /lib/x86_64-linux-gnu/libnss_nis-2.23.so
7f493b7a5000-7f493b7a6000 r--p 0000a000 08:02 3546252                    /lib/x86_64-linux-gnu/libnss_nis-2.23.so
7f493b7a6000-7f493b7a7000 rw-p 0000b000 08:02 3546252                    /lib/x86_64-linux-gnu/libnss_nis-2.23.so
7f493b7a7000-7f493b7bd000 r-xp 00000000 08:02 3546238                    /lib/x86_64-linux-gnu/libnsl-2.23.so
7f493b7bd000-7f493b9bc000 ---p 00016000 08:02 3546238                    /lib/x86_64-linux-gnu/libnsl-2.23.so
7f493b9bc000-7f493b9bd000 r--p 00015000 08:02 3546238                    /lib/x86_64-linux-gnu/libnsl-2.23.so
7f493b9bd000-7f493b9be000 rw-p 00016000 08:02 3546238                    /lib/x86_64-linux-gnu/libnsl-2.23.so
7f493b9be000-7f493b9c0000 rw-p 00000000 00:00 0 
7f493b9c0000-7f493b9c8000 r-xp 00000000 08:02 3546250                    /lib/x86_64-linux-gnu/libnss_compat-2.23.so
7f493b9c8000-7f493bbc7000 ---p 00008000 08:02 3546250                    /lib/x86_64-linux-gnu/libnss_compat-2.23.so
7f493bbc7000-7f493bbc8000 r--p 00007000 08:02 3546250                    /lib/x86_64-linux-gnu/libnss_compat-2.23.so
7f493bbc8000-7f493bbc9000 rw-p 00008000 08:02 3546250                    /lib/x86_64-linux-gnu/libnss_compat-2.23.so
7f493bbc9000-7f493bbd3000 r-xp 00000000 08:02 24643145                   /usr/lib/jvm/java-8-openjdk-amd64/jre/lib/amd64/libinstrument.so
7f493bbd3000-7f493bdd2000 ---p 0000a000 08:02 24643145                   /usr/lib/jvm/java-8-openjdk-amd64/jre/lib/amd64/libinstrument.so
7f493bdd2000-7f493bdd3000 r--p 00009000 08:02 24643145                   /usr/lib/jvm/java-8-openjdk-amd64/jre/lib/amd64/libinstrument.so
7f493bdd3000-7f493bdd4000 rw-p 0000a000 08:02 24643145                   /usr/lib/jvm/java-8-openjdk-amd64/jre/lib/amd64/libinstrument.so
7f493bdd4000-7f493bdfd000 r-xp 00000000 08:02 24643133                   /usr/lib/jvm/java-8-openjdk-amd64/jre/lib/amd64/libjava.so
7f493bdfd000-7f493bffd000 ---p 00029000 08:02 24643133                   /usr/lib/jvm/java-8-openjdk-amd64/jre/lib/amd64/libjava.so
7f493bffd000-7f493bffe000 r--p 00029000 08:02 24643133                   /usr/lib/jvm/java-8-openjdk-amd64/jre/lib/amd64/libjava.so
7f493bffe000-7f493c000000 rw-p 0002a000 08:02 24643133                   /usr/lib/jvm/java-8-openjdk-amd64/jre/lib/amd64/libjava.so
7f493c000000-7f493c915000 rw-p 00000000 00:00 0 
7f493c915000-7f4940000000 ---p 00000000 00:00 0 
7f4940000000-7f4940002000 r--s 0000d000 08:02 4589595                    /home/njenga/.m2/repository/org/jboss/logging/jboss-logging/3.4.1.Final/jboss-logging-3.4.1.Final.jar
7f4940002000-7f4940003000 r--s 00003000 08:02 4589489                    /home/njenga/.m2/repository/jakarta/transaction/jakarta.transaction-api/1.3.3/jakarta.transaction-api-1.3.3.jar
7f4940003000-7f4940004000 r--s 00001000 08:02 4723003                    /home/njenga/.m2/repository/org/springframework/boot/spring-boot-starter-jdbc/2.3.2.RELEASE/spring-boot-starter-jdbc-2.3.2.RELEASE.jar
7f4940004000-7f494000d000 r--s 00052000 08:02 3807445                    /home/njenga/.m2/repository/org/springframework/spring-aop/5.2.8.RELEASE/spring-aop-5.2.8.RELEASE.jar
7f494000d000-7f494000e000 r--s 00001000 08:02 2233427                    /home/njenga/.m2/repository/org/springframework/boot/spring-boot-starter-aop/2.3.2.RELEASE/spring-boot-starter-aop-2.3.2.RELEASE.jar
7f494000e000-7f4940013000 r--s 000a7000 08:02 24643174                   /usr/lib/jvm/java-8-openjdk-amd64/jre/lib/jsse.jar
7f4940013000-7f4940015000 r--s 00016000 08:02 24643113                   /usr/lib/jvm/java-8-openjdk-amd64/jre/lib/jce.jar
7f4940015000-7f4940063000 rw-p 00000000 00:00 0 
7f4940063000-7f4940072000 r-xp 00000000 08:02 24643155                   /usr/lib/jvm/java-8-openjdk-amd64/jre/lib/amd64/libverify.so
7f4940072000-7f4940271000 ---p 0000f000 08:02 24643155                   /usr/lib/jvm/java-8-openjdk-amd64/jre/lib/amd64/libverify.so
7f4940271000-7f4940273000 r--p 0000e000 08:02 24643155                   /usr/lib/jvm/java-8-openjdk-amd64/jre/lib/amd64/libverify.so
7f4940273000-7f4940274000 rw-p 00010000 08:02 24643155                   /usr/lib/jvm/java-8-openjdk-amd64/jre/lib/amd64/libverify.so
7f4940274000-7f494027b000 r-xp 00000000 08:02 3546255                    /lib/x86_64-linux-gnu/librt-2.23.so
7f494027b000-7f494047a000 ---p 00007000 08:02 3546255                    /lib/x86_64-linux-gnu/librt-2.23.so
7f494047a000-7f494047b000 r--p 00006000 08:02 3546255                    /lib/x86_64-linux-gnu/librt-2.23.so
7f494047b000-7f494047c000 rw-p 00007000 08:02 3546255                    /lib/x86_64-linux-gnu/librt-2.23.so
7f494047c000-7f4940492000 r-xp 00000000 08:02 3543525                    /lib/x86_64-linux-gnu/libgcc_s.so.1
7f4940492000-7f4940691000 ---p 00016000 08:02 3543525                    /lib/x86_64-linux-gnu/libgcc_s.so.1
7f4940691000-7f4940692000 rw-p 00015000 08:02 3543525                    /lib/x86_64-linux-gnu/libgcc_s.so.1
7f4940692000-7f494079a000 r-xp 00000000 08:02 3546239                    /lib/x86_64-linux-gnu/libm-2.23.so
7f494079a000-7f4940999000 ---p 00108000 08:02 3546239                    /lib/x86_64-linux-gnu/libm-2.23.so
7f4940999000-7f494099a000 r--p 00107000 08:02 3546239                    /lib/x86_64-linux-gnu/libm-2.23.so
7f494099a000-7f494099b000 rw-p 00108000 08:02 3546239                    /lib/x86_64-linux-gnu/libm-2.23.so
7f494099b000-7f4940b0d000 r-xp 00000000 08:02 21890876                   /usr/lib/x86_64-linux-gnu/libstdc++.so.6.0.21
7f4940b0d000-7f4940d0d000 ---p 00172000 08:02 21890876                   /usr/lib/x86_64-linux-gnu/libstdc++.so.6.0.21
7f4940d0d000-7f4940d17000 r--p 00172000 08:02 21890876                   /usr/lib/x86_64-linux-gnu/libstdc++.so.6.0.21
7f4940d17000-7f4940d19000 rw-p 0017c000 08:02 21890876                   /usr/lib/x86_64-linux-gnu/libstdc++.so.6.0.21
7f4940d19000-7f4940d1d000 rw-p 00000000 00:00 0 
7f4940d1d000-7f4941985000 r-xp 00000000 08:02 24643135                   /usr/lib/jvm/java-8-openjdk-amd64/jre/lib/amd64/server/libjvm.so
7f4941985000-7f4941b85000 ---p 00c68000 08:02 24643135                   /usr/lib/jvm/java-8-openjdk-amd64/jre/lib/amd64/server/libjvm.so
7f4941b85000-7f4941c19000 r--p 00c68000 08:02 24643135                   /usr/lib/jvm/java-8-openjdk-amd64/jre/lib/amd64/server/libjvm.so
7f4941c19000-7f4941c42000 rw-p 00cfc000 08:02 24643135                   /usr/lib/jvm/java-8-openjdk-amd64/jre/lib/amd64/server/libjvm.so
7f4941c42000-7f4941c72000 rw-p 00000000 00:00 0 
7f4941c72000-7f4941c8a000 r-xp 00000000 08:02 3546236                    /lib/x86_64-linux-gnu/libpthread-2.23.so
7f4941c8a000-7f4941e89000 ---p 00018000 08:02 3546236                    /lib/x86_64-linux-gnu/libpthread-2.23.so
7f4941e89000-7f4941e8a000 r--p 00017000 08:02 3546236                    /lib/x86_64-linux-gnu/libpthread-2.23.so
7f4941e8a000-7f4941e8b000 rw-p 00018000 08:02 3546236                    /lib/x86_64-linux-gnu/libpthread-2.23.so
7f4941e8b000-7f4941e8f000 rw-p 00000000 00:00 0 
7f4941e8f000-7f4941e92000 r-xp 00000000 08:02 3546233                    /lib/x86_64-linux-gnu/libdl-2.23.so
7f4941e92000-7f4942091000 ---p 00003000 08:02 3546233                    /lib/x86_64-linux-gnu/libdl-2.23.so
7f4942091000-7f4942092000 r--p 00002000 08:02 3546233                    /lib/x86_64-linux-gnu/libdl-2.23.so
7f4942092000-7f4942093000 rw-p 00003000 08:02 3546233                    /lib/x86_64-linux-gnu/libdl-2.23.so
7f4942093000-7f49420ac000 r-xp 00000000 08:02 3543678                    /lib/x86_64-linux-gnu/libz.so.1.2.8
7f49420ac000-7f49422ab000 ---p 00019000 08:02 3543678                    /lib/x86_64-linux-gnu/libz.so.1.2.8
7f49422ab000-7f49422ac000 r--p 00018000 08:02 3543678                    /lib/x86_64-linux-gnu/libz.so.1.2.8
7f49422ac000-7f49422ad000 rw-p 00019000 08:02 3543678                    /lib/x86_64-linux-gnu/libz.so.1.2.8
7f49422ad000-7f494246d000 r-xp 00000000 08:02 3546235                    /lib/x86_64-linux-gnu/libc-2.23.so
7f494246d000-7f494266d000 ---p 001c0000 08:02 3546235                    /lib/x86_64-linux-gnu/libc-2.23.so
7f494266d000-7f4942671000 r--p 001c0000 08:02 3546235                    /lib/x86_64-linux-gnu/libc-2.23.so
7f4942671000-7f4942673000 rw-p 001c4000 08:02 3546235                    /lib/x86_64-linux-gnu/libc-2.23.so
7f4942673000-7f4942677000 rw-p 00000000 00:00 0 
7f4942677000-7f4942684000 r-xp 00000000 08:02 24643132                   /usr/lib/jvm/java-8-openjdk-amd64/jre/lib/amd64/jli/libjli.so
7f4942684000-7f4942884000 ---p 0000d000 08:02 24643132                   /usr/lib/jvm/java-8-openjdk-amd64/jre/lib/amd64/jli/libjli.so
7f4942884000-7f4942885000 r--p 0000d000 08:02 24643132                   /usr/lib/jvm/java-8-openjdk-amd64/jre/lib/amd64/jli/libjli.so
7f4942885000-7f4942886000 rw-p 0000e000 08:02 24643132                   /usr/lib/jvm/java-8-openjdk-amd64/jre/lib/amd64/jli/libjli.so
7f4942886000-7f49428ac000 r-xp 00000000 08:02 3546246                    /lib/x86_64-linux-gnu/ld-2.23.so
7f49428ac000-7f49428ad000 r--s 00001000 08:02 29106031                   /home/njenga/.m2/repository/org/springframework/boot/spring-boot-starter-data-jpa/2.3.2.RELEASE/spring-boot-starter-data-jpa-2.3.2.RELEASE.jar
7f49428ad000-7f49428b2000 r--s 002f9000 08:02 24643112                   /usr/lib/jvm/java-8-openjdk-amd64/jre/lib/charsets.jar
7f49428b2000-7f49428bc000 r--s 00116000 08:02 24643191                   /usr/lib/jvm/java-8-openjdk-amd64/jre/lib/ext/localedata.jar
7f49428bc000-7f49428d7000 r--s 001d6000 08:02 24643188                   /usr/lib/jvm/java-8-openjdk-amd64/jre/lib/ext/nashorn.jar
7f49428d7000-7f49428f2000 r--s 00394000 08:02 24643193                   /usr/lib/jvm/java-8-openjdk-amd64/jre/lib/ext/cldrdata.jar
7f49428f2000-7f4942988000 rw-p 00000000 00:00 0 
7f4942988000-7f494298b000 ---p 00000000 00:00 0 
7f494298b000-7f4942a8d000 rw-p 00000000 00:00 0 
7f4942a8d000-7f4942a8e000 r--s 00000000 08:02 24643170                   /usr/lib/jvm/java-8-openjdk-amd64/jre/lib/management-agent.jar
7f4942a8e000-7f4942a90000 r--s 00001000 08:02 24643190                   /usr/lib/jvm/java-8-openjdk-amd64/jre/lib/ext/dnsns.jar
7f4942a90000-7f4942a96000 r--s 0003d000 08:02 24643187                   /usr/lib/jvm/java-8-openjdk-amd64/jre/lib/ext/sunjce_provider.jar
7f4942a96000-7f4942a99000 r--s 0000f000 08:02 24643194                   /usr/lib/jvm/java-8-openjdk-amd64/jre/lib/ext/icedtea-sound.jar
7f4942a99000-7f4942a9a000 r--s 0000a000 08:02 24643192                   /usr/lib/jvm/java-8-openjdk-amd64/jre/lib/ext/jaccess.jar
7f4942a9a000-7f4942a9b000 r--s 0000d000 08:02 24643189                   /usr/lib/jvm/java-8-openjdk-amd64/jre/lib/ext/sunec.jar
7f4942a9b000-7f4942a9f000 r--s 0003a000 08:02 24643196                   /usr/lib/jvm/java-8-openjdk-amd64/jre/lib/ext/sunpkcs11.jar
7f4942a9f000-7f4942aa0000 r--s 00010000 08:02 24643195                   /usr/lib/jvm/java-8-openjdk-amd64/jre/lib/ext/zipfs.jar
7f4942aa0000-7f4942aa8000 rw-s 00000000 08:02 10627073                   /tmp/hsperfdata_njenga/10240
7f4942aa8000-7f4942aa9000 rw-p 00000000 00:00 0 
7f4942aa9000-7f4942aaa000 r--p 00000000 00:00 0 
7f4942aaa000-7f4942aab000 rw-p 00000000 00:00 0 
7f4942aab000-7f4942aac000 r--p 00025000 08:02 3546246                    /lib/x86_64-linux-gnu/ld-2.23.so
7f4942aac000-7f4942aad000 rw-p 00026000 08:02 3546246                    /lib/x86_64-linux-gnu/ld-2.23.so
7f4942aad000-7f4942aae000 rw-p 00000000 00:00 0 
7ffd7a071000-7ffd7a095000 rw-p 00000000 00:00 0                          [stack]
7ffd7a11d000-7ffd7a11f000 r--p 00000000 00:00 0                          [vvar]
7ffd7a11f000-7ffd7a121000 r-xp 00000000 00:00 0                          [vdso]
ffffffffff600000-ffffffffff601000 r-xp 00000000 00:00 0                  [vsyscall]

VM Arguments:
jvm_args: -XX:TieredStopAtLevel=1 -Xverify:none -Dspring.output.ansi.enabled=always -Dcom.sun.management.jmxremote -Dspring.jmx.enabled=true -Dspring.liveBeansView.mbeanDomain -Dspring.application.admin.enabled=true -javaagent:/home/njenga/Downloads/idea-IU-201.7846.76/lib/idea_rt.jar=34977:/home/njenga/Downloads/idea-IU-201.7846.76/bin -Dfile.encoding=UTF-8 
java_command: com.kisokolab.authserver.AuthserverApplication
java_class_path (initial): /usr/lib/jvm/java-1.8.0-openjdk-amd64/jre/lib/charsets.jar:/usr/lib/jvm/java-1.8.0-openjdk-amd64/jre/lib/ext/cldrdata.jar:/usr/lib/jvm/java-1.8.0-openjdk-amd64/jre/lib/ext/dnsns.jar:/usr/lib/jvm/java-1.8.0-openjdk-amd64/jre/lib/ext/icedtea-sound.jar:/usr/lib/jvm/java-1.8.0-openjdk-amd64/jre/lib/ext/jaccess.jar:/usr/lib/jvm/java-1.8.0-openjdk-amd64/jre/lib/ext/localedata.jar:/usr/lib/jvm/java-1.8.0-openjdk-amd64/jre/lib/ext/nashorn.jar:/usr/lib/jvm/java-1.8.0-openjdk-amd64/jre/lib/ext/sunec.jar:/usr/lib/jvm/java-1.8.0-openjdk-amd64/jre/lib/ext/sunjce_provider.jar:/usr/lib/jvm/java-1.8.0-openjdk-amd64/jre/lib/ext/sunpkcs11.jar:/usr/lib/jvm/java-1.8.0-openjdk-amd64/jre/lib/ext/zipfs.jar:/usr/lib/jvm/java-1.8.0-openjdk-amd64/jre/lib/jce.jar:/usr/lib/jvm/java-1.8.0-openjdk-amd64/jre/lib/jsse.jar:/usr/lib/jvm/java-1.8.0-openjdk-amd64/jre/lib/management-agent.jar:/usr/lib/jvm/java-1.8.0-openjdk-amd64/jre/lib/resources.jar:/usr/lib/jvm/java-1.8.0-openjdk-amd64/jre/lib/rt.jar:/home/njenga/Desktop/project/kisokolab/authserver/target/classes:/home/njenga/.m2/repository/org/springframework/boot/spring-boot-starter-data-jpa/2.3.2.RELEASE/spring-boot-starter-data-jpa-2.3.2.RELEASE.jar:/home/njenga/.m2/repository/org/springframework/boot/spring-boot-starter-aop/2.3.2.RELEASE/spring-boot-starter-aop-2.3.2.RELEASE.jar:/home/njenga/.m2/repository/org/springframework/spring-aop/5.2.8.RELEASE/spring-aop-5.2.8.RELEASE.jar:/home/njenga/.m2/repository/org/aspectj/aspectjweaver/1.9.6/aspectjweaver-1.9.6.jar:/home/njenga/.m2/repository/org/springframework/boot/spring-boot-starter-jdbc/2.3.2.RELEASE/spring-boot-starter-jdbc-2.3.2.RELEASE.jar:/home/njenga/.m2/repository/com/zaxxer/HikariCP/3.4.5/HikariCP-3.4.5.jar:/home/njenga/.m2/repository/org/springframework/spring-jdbc/5.2.8.RELEASE/spring-jdbc-5.2.8.RELEASE.jar:/home/njenga/.m2/repository/jakarta/transaction/jakarta.transaction-api/1.3.3/jakarta.transaction-api-1.3.3.jar:/home/njenga/.m2/repository/jakarta/pe
Launcher Type: SUN_STANDARD

Environment Variables:
JAVA_HOME=/usr/lib/jvm/jdk1.8.0_251
PATH=/home/njenga/bin:/home/njenga/.local/bin:/usr/local/sbin:/usr/local/bin:/usr/sbin:/usr/bin:/sbin:/bin:/usr/games:/usr/local/games
SHELL=/usr/bin/zsh
DISPLAY=:0

Signal Handlers:
SIGSEGV: [libjvm.so+0xa7bb00], sa_mask[0]=11111111011111111101111111111110, sa_flags=SA_RESTART|SA_SIGINFO
SIGBUS: [libjvm.so+0xa7bb00], sa_mask[0]=11111111011111111101111111111110, sa_flags=SA_RESTART|SA_SIGINFO
SIGFPE: [libjvm.so+0x8c3d50], sa_mask[0]=11111111011111111101111111111110, sa_flags=SA_RESTART|SA_SIGINFO
SIGPIPE: [libjvm.so+0x8c3d50], sa_mask[0]=11111111011111111101111111111110, sa_flags=SA_RESTART|SA_SIGINFO
SIGXFSZ: [libjvm.so+0x8c3d50], sa_mask[0]=11111111011111111101111111111110, sa_flags=SA_RESTART|SA_SIGINFO
SIGILL: [libjvm.so+0x8c3d50], sa_mask[0]=11111111011111111101111111111110, sa_flags=SA_RESTART|SA_SIGINFO
SIGUSR1: SIG_DFL, sa_mask[0]=00000000000000000000000000000000, sa_flags=none
SIGUSR2: [libjvm.so+0x8c3c00], sa_mask[0]=00100000000000000000000000000000, sa_flags=SA_RESTART|SA_SIGINFO
SIGHUP: [libjvm.so+0x8c4290], sa_mask[0]=11111111011111111101111111111110, sa_flags=SA_RESTART|SA_SIGINFO
SIGINT: [libjvm.so+0x8c4290], sa_mask[0]=11111111011111111101111111111110, sa_flags=SA_RESTART|SA_SIGINFO
SIGTERM: [libjvm.so+0x8c4290], sa_mask[0]=11111111011111111101111111111110, sa_flags=SA_RESTART|SA_SIGINFO
SIGQUIT: [libjvm.so+0x8c4290], sa_mask[0]=11111111011111111101111111111110, sa_flags=SA_RESTART|SA_SIGINFO


---------------  S Y S T E M  ---------------

OS:DISTRIB_ID=LinuxMint
DISTRIB_RELEASE=18.2
DISTRIB_CODENAME=sonya
DISTRIB_DESCRIPTION="Linux Mint 18.2 Sonya"

uname:Linux 4.8.0-53-generic #56~16.04.1-Ubuntu SMP Tue May 16 01:18:56 UTC 2017 x86_64
libc:glibc 2.23 NPTL 2.23 
rlimit: STACK 8192k, CORE 0k, NPROC 47183, NOFILE 65536, AS infinity
load average:1.02 0.72 0.74

/proc/meminfo:
MemTotal:       12192948 kB
MemFree:          331332 kB
MemAvailable:    1014120 kB
Buffers:          133512 kB
Cached:          1418076 kB
SwapCached:        98992 kB
Active:          9454156 kB
Inactive:        1961924 kB
Active(anon):    8879360 kB
Inactive(anon):  1660244 kB
Active(file):     574796 kB
Inactive(file):   301680 kB
Unevictable:         120 kB
Mlocked:             120 kB
SwapTotal:       4083708 kB
SwapFree:        2642832 kB
Dirty:             14336 kB
Writeback:             0 kB
AnonPages:       9751824 kB
Mapped:           825044 kB
Shmem:            675112 kB
Slab:             200804 kB
SReclaimable:      89640 kB
SUnreclaim:       111164 kB
KernelStack:       24816 kB
PageTables:       113008 kB
NFS_Unstable:          0 kB
Bounce:                0 kB
WritebackTmp:          0 kB
CommitLimit:    10180180 kB
Committed_AS:   23749404 kB
VmallocTotal:   34359738367 kB
VmallocUsed:           0 kB
VmallocChunk:          0 kB
HardwareCorrupted:     0 kB
AnonHugePages:   5226496 kB
ShmemHugePages:        0 kB
ShmemPmdMapped:        0 kB
CmaTotal:              0 kB
CmaFree:               0 kB
HugePages_Total:       0
HugePages_Free:        0
HugePages_Rsvd:        0
HugePages_Surp:        0
Hugepagesize:       2048 kB
DirectMap4k:      398080 kB
DirectMap2M:    12075008 kB
DirectMap1G:     1048576 kB

container (cgroup) information:
container_type: cgroupv1
cpu_cpuset_cpus: 0-3
cpu_memory_nodes: 0
active_processor_count: 4
cpu_quota: -1
cpu_period: 100000
cpu_shares: -1
memory_limit_in_bytes: -1
memory_and_swap_limit_in_bytes: -2
memory_soft_limit_in_bytes: -1
memory_usage_in_bytes: 9649455104
memory_max_usage_in_bytes: 9876430848


CPU:total 4 (initial active 4) (2 cores per cpu, 2 threads per core) family 6 model 69 stepping 1, cmov, cx8, fxsr, mmx, sse, sse2, sse3, ssse3, sse4.1, sse4.2, popcnt, avx, avx2, aes, clmul, erms, lzcnt, ht, tsc, tscinvbit, bmi1, bmi2

/proc/cpuinfo:
processor	: 0
vendor_id	: GenuineIntel
cpu family	: 6
model		: 69
model name	: Intel(R) Core(TM) i5-4210U CPU @ 1.70GHz
stepping	: 1
microcode	: 0x26
cpu MHz		: 2405.419
cache size	: 3072 KB
physical id	: 0
siblings	: 4
core id		: 0
cpu cores	: 2
apicid		: 0
initial apicid	: 0
fpu		: yes
fpu_exception	: yes
cpuid level	: 13
wp		: yes
flags		: fpu vme de pse tsc msr pae mce cx8 apic sep mtrr pge mca cmov pat pse36 clflush dts acpi mmx fxsr sse sse2 ss ht tm pbe syscall nx pdpe1gb rdtscp lm constant_tsc arch_perfmon pebs bts rep_good nopl xtopology nonstop_tsc aperfmperf eagerfpu pni pclmulqdq dtes64 monitor ds_cpl vmx est tm2 ssse3 sdbg fma cx16 xtpr pdcm pcid sse4_1 sse4_2 movbe popcnt tsc_deadline_timer aes xsave avx f16c rdrand lahf_lm abm epb tpr_shadow vnmi flexpriority ept vpid fsgsbase tsc_adjust bmi1 avx2 smep bmi2 erms invpcid xsaveopt dtherm ida arat pln pts
bugs		:
bogomips	: 4788.85
clflush size	: 64
cache_alignment	: 64
address sizes	: 39 bits physical, 48 bits virtual
power management:

processor	: 1
vendor_id	: GenuineIntel
cpu family	: 6
model		: 69
model name	: Intel(R) Core(TM) i5-4210U CPU @ 1.70GHz
stepping	: 1
microcode	: 0x26
cpu MHz		: 2401.025
cache size	: 3072 KB
physical id	: 0
siblings	: 4
core id		: 0
cpu cores	: 2
apicid		: 1
initial apicid	: 1
fpu		: yes
fpu_exception	: yes
cpuid level	: 13
wp		: yes
flags		: fpu vme de pse tsc msr pae mce cx8 apic sep mtrr pge mca cmov pat pse36 clflush dts acpi mmx fxsr sse sse2 ss ht tm pbe syscall nx pdpe1gb rdtscp lm constant_tsc arch_perfmon pebs bts rep_good nopl xtopology nonstop_tsc aperfmperf eagerfpu pni pclmulqdq dtes64 monitor ds_cpl vmx est tm2 ssse3 sdbg fma cx16 xtpr pdcm pcid sse4_1 sse4_2 movbe popcnt tsc_deadline_timer aes xsave avx f16c rdrand lahf_lm abm epb tpr_shadow vnmi flexpriority ept vpid fsgsbase tsc_adjust bmi1 avx2 smep bmi2 erms invpcid xsaveopt dtherm ida arat pln pts
bugs		:
bogomips	: 4788.85
clflush size	: 64
cache_alignment	: 64
address sizes	: 39 bits physical, 48 bits virtual
power management:

processor	: 2
vendor_id	: GenuineIntel
cpu family	: 6
model		: 69
model name	: Intel(R) Core(TM) i5-4210U CPU @ 1.70GHz
stepping	: 1
microcode	: 0x26
cpu MHz		: 2400.000
cache size	: 3072 KB
physical id	: 0
siblings	: 4
core id		: 1
cpu cores	: 2
apicid		: 2
initial apicid	: 2
fpu		: yes
fpu_exception	: yes
cpuid level	: 13
wp		: yes
flags		: fpu vme de pse tsc msr pae mce cx8 apic sep mtrr pge mca cmov pat pse36 clflush dts acpi mmx fxsr sse sse2 ss ht tm pbe syscall nx pdpe1gb rdtscp lm constant_tsc arch_perfmon pebs bts rep_good nopl xtopology nonstop_tsc aperfmperf eagerfpu pni pclmulqdq dtes64 monitor ds_cpl vmx est tm2 ssse3 sdbg fma cx16 xtpr pdcm pcid sse4_1 sse4_2 movbe popcnt tsc_deadline_timer aes xsave avx f16c rdrand lahf_lm abm epb tpr_shadow vnmi flexpriority ept vpid fsgsbase tsc_adjust bmi1 avx2 smep bmi2 erms invpcid xsaveopt dtherm ida arat pln pts
bugs		:
bogomips	: 4788.85
clflush size	: 64
cache_alignment	: 64
address sizes	: 39 bits physical, 48 bits virtual
power management:

processor	: 3
vendor_id	: GenuineIntel
cpu family	: 6
model		: 69
model name	: Intel(R) Core(TM) i5-4210U CPU @ 1.70GHz
stepping	: 1
microcode	: 0x26
cpu MHz		: 2400.000
cache size	: 3072 KB
physical id	: 0
siblings	: 4
core id		: 1
cpu cores	: 2
apicid		: 3
initial apicid	: 3
fpu		: yes
fpu_exception	: yes
cpuid level	: 13
wp		: yes
flags		: fpu vme de pse tsc msr pae mce cx8 apic sep mtrr pge mca cmov pat pse36 clflush dts acpi mmx fxsr sse sse2 ss ht tm pbe syscall nx pdpe1gb rdtscp lm constant_tsc arch_perfmon pebs bts rep_good nopl xtopology nonstop_tsc aperfmperf eagerfpu pni pclmulqdq dtes64 monitor ds_cpl vmx est tm2 ssse3 sdbg fma cx16 xtpr pdcm pcid sse4_1 sse4_2 movbe popcnt tsc_deadline_timer aes xsave avx f16c rdrand lahf_lm abm epb tpr_shadow vnmi flexpriority ept vpid fsgsbase tsc_adjust bmi1 avx2 smep bmi2 erms invpcid xsaveopt dtherm ida arat pln pts
bugs		:
bogomips	: 4788.85
clflush size	: 64
cache_alignment	: 64
address sizes	: 39 bits physical, 48 bits virtual
power management:



Memory: 4k page, physical 12192948k(331332k free), swap 4083708k(2642832k free)

vm_info: OpenJDK 64-Bit Server VM (25.252-b09) for linux-amd64 JRE (1.8.0_252-8u252-b09-1~16.04-b09), built on Apr 15 2020 21:06:51 by "buildd" with gcc 5.4.0 20160609

time: Sun Aug  9 09:13:31 2020
timezone: EAT
elapsed time: 26 seconds (0d 0h 0m 26s)

