#
# A fatal error has been detected by the Java Runtime Environment:
#
#  SIGSEGV (0xb) at pc=0x00007fa8102783a6, pid=13565, tid=0x00007fa7f056c700
#
# JRE version: OpenJDK Runtime Environment (8.0_252-b09) (build 1.8.0_252-8u252-b09-1~16.04-b09)
# Java VM: OpenJDK 64-Bit Server VM (25.252-b09 mixed mode linux-amd64 compressed oops)
# Problematic frame:
# V  [libjvm.so+0x7653a6]
#
# Failed to write core dump. Core dumps have been disabled. To enable core dumping, try "ulimit -c unlimited" before starting Java again
#
# If you would like to submit a bug report, please visit:
#   http://bugreport.java.com/bugreport/crash.jsp
#

---------------  T H R E A D  ---------------

Current thread (0x00007fa7ac002800):  JavaThread "restartedMain" [_thread_in_vm, id=13598, stack(0x00007fa7f046c000,0x00007fa7f056d000)]

siginfo: si_signo: 11 (SIGSEGV), si_code: 1 (SEGV_MAPERR), si_addr: 0x0000000000000008

Registers:
RAX=0x00000000000001a8, RBX=0x00007fa7bc168280, RCX=0x000000000000001f, RDX=0x00000007c031df50
RSP=0x00007fa7f0569e80, RBP=0x00007fa7f0569fb0, RSI=0x0000000000000000, RDI=0x00000007c031df40
R8 =0x00007fa7a394ef38, R9 =0x00007fa7ac002cc0, R10=0x00007fa7b0111aa0, R11=0x000000000000000c
R12=0x0000000705f849a0, R13=0x0000000000000000, R14=0x0000000000000010, R15=0x0000000000000002
RIP=0x00007fa8102783a6, EFLAGS=0x0000000000010206, CSGSFS=0x002b000000000033, ERR=0x0000000000000004
  TRAPNO=0x000000000000000e

Top of Stack: (sp=0x00007fa7f0569e80)
0x00007fa7f0569e80:   00007fa7ac001ac0 00007fa7f0569f50
0x00007fa7f0569e90:   00000007c031df40 ffffffffffffffff
0x00007fa7f0569ea0:   00007fa7f0569ef0 00007fa7a3407130
0x00007fa7f0569eb0:   00007fa7f0569ec0 00007fa810538366
0x00007fa7f0569ec0:   00007fa7f0569f60 00007fa7b061f480
0x00007fa7f0569ed0:   00007fa794043110 00000000000003d8
0x00007fa7f0569ee0:   00007fa7bc168658 00007fa7bc1682a0
0x00007fa7f0569ef0:   00000007c01319d0 00000007c031df40
0x00007fa7f0569f00:   01007fa7bc168270 0000000000000000
0x00007fa7f0569f10:   00007fa7bc168270 00007fa7ac002cb8
0x00007fa7f0569f20:   00007fa7f056a000 00007fa810476600
0x00007fa7f0569f30:   00007fa7ac002800 00007fa7f056a020
0x00007fa7f0569f40:   00007fa7940430e0 0000000000000005
0x00007fa7f0569f50:   00007fa7a394ef38 00007fa7ac002800
0x00007fa7f0569f60:   00007fa7a3406ad0 00000007c01319d0
0x00007fa7f0569f70:   0000000000000005 c852991b354cd400
0x00007fa7f0569f80:   00007fa7f0569fa0 00007fa7ac002800
0x00007fa7f0569f90:   00007fa7a3407138 00007fa7f056a030
0x00007fa7f0569fa0:   00007fa7a34073a0 00007fa7bc168280
0x00007fa7f0569fb0:   00007fa7f056a0a0 00007fa81027a32a
0x00007fa7f0569fc0:   00007fa7ac002800 00007fa81027a2ab
0x00007fa7f0569fd0:   00007fa70000000b c852991b354cd400
0x00007fa7f0569fe0:   00007fa700000054 0000000000000000
0x00007fa7f0569ff0:   00007fa7ac002800 00000001f056a050
0x00007fa7f056a000:   00007fa7a3407198 00007fa700000001
0x00007fa7f056a010:   00007fa7f056a020 0000000500000005
0x00007fa7f056a020:   00007fa7a34073a0 00007fa7ac002800
0x00007fa7f056a030:   00007fa7ac002800 00007fa7ac001b00
0x00007fa7f056a040:   00007fa7ac002c60 00007fa7ac002cb8
0x00007fa7f056a050:   00007fa7ac002d48 00000000000000d8
0x00007fa7f056a060:   00007fa7f056a220 c852991b354cd400
0x00007fa7f056a070:   0000000000000005 00007fa7ac002800 

Instructions: (pc=0x00007fa8102783a6)
0x00007fa810278386:   48 8d 45 b0 48 89 85 10 ff ff ff eb 40 0f 1f 44
0x00007fa810278396:   00 00 48 63 43 08 4c 89 f2 48 03 13 4c 8b 2c 02
0x00007fa8102783a6:   49 8b 45 08 48 8b 7d 90 0f b7 48 22 48 8b 50 08
0x00007fa8102783b6:   48 3b 7c ca 50 0f 84 0f 01 00 00 41 83 c7 01 49 

Register to memory mapping:

RAX=0x00000000000001a8 is an unknown value
RBX=0x00007fa7bc168280 is an unknown value
RCX=0x000000000000001f is an unknown value
RDX=0x00000007c031df50 is pointing into metadata
RSP=0x00007fa7f0569e80 is pointing into the stack for thread: 0x00007fa7ac002800
RBP=0x00007fa7f0569fb0 is pointing into the stack for thread: 0x00007fa7ac002800
RSI=0x0000000000000000 is an unknown value
RDI=0x00000007c031df40 is pointing into metadata
R8 ={method} {0x00007fa7a394ef38} 'authenticationManagerBean' '()Lorg/springframework/security/authentication/AuthenticationManager;' in 'com/kisokolab/authserver/config/SecurityConfig'
R9 =0x00007fa7ac002cc0 is an unknown value
R10=0x00007fa7b0111aa0 is an unknown value
R11=0x000000000000000c is an unknown value
R12=0x0000000705f849a0 is an oop
org.springframework.boot.devtools.restart.classloader.RestartClassLoader 
 - klass: 'org/springframework/boot/devtools/restart/classloader/RestartClassLoader'
R13=0x0000000000000000 is an unknown value
R14=0x0000000000000010 is an unknown value
R15=0x0000000000000002 is an unknown value


Stack: [0x00007fa7f046c000,0x00007fa7f056d000],  sp=0x00007fa7f0569e80,  free space=1015k
Native frames: (J=compiled Java code, j=interpreted, Vv=VM code, C=native code)
V  [libjvm.so+0x7653a6]
V  [libjvm.so+0x76732a]
V  [libjvm.so+0x622d33]
V  [libjvm.so+0x6294ff]
V  [libjvm.so+0x629a80]
V  [libjvm.so+0x6b7c26]
V  [libjvm.so+0x6b7fbc]  JVM_FindClassFromCaller+0x17c
C  [libjava.so+0xd660]  Java_java_lang_Class_forName0+0x140
J 668  java.lang.Class.forName0(Ljava/lang/String;ZLjava/lang/ClassLoader;Ljava/lang/Class;)Ljava/lang/Class; (0 bytes) @ 0x00007fa7f920b8b4 [0x00007fa7f920b7c0+0xf4]
J 836 C1 java.lang.Class.forName(Ljava/lang/String;ZLjava/lang/ClassLoader;)Ljava/lang/Class; (53 bytes) @ 0x00007fa7f924ce44 [0x00007fa7f924cd20+0x124]
j  org.springframework.cglib.core.ReflectUtils.defineClass(Ljava/lang/String;[BLjava/lang/ClassLoader;Ljava/security/ProtectionDomain;Ljava/lang/Class;)Ljava/lang/Class;+390
j  org.springframework.cglib.core.AbstractClassGenerator.generate(Lorg/springframework/cglib/core/AbstractClassGenerator$ClassLoaderData;)Ljava/lang/Class;+184
j  org.springframework.cglib.proxy.Enhancer.generate(Lorg/springframework/cglib/core/AbstractClassGenerator$ClassLoaderData;)Ljava/lang/Class;+53
j  org.springframework.cglib.core.AbstractClassGenerator$ClassLoaderData$3.apply(Lorg/springframework/cglib/core/AbstractClassGenerator;)Ljava/lang/Object;+5
j  org.springframework.cglib.core.AbstractClassGenerator$ClassLoaderData$3.apply(Ljava/lang/Object;)Ljava/lang/Object;+5
j  org.springframework.cglib.core.internal.LoadingCache$2.call()Ljava/lang/Object;+11
j  java.util.concurrent.FutureTask.run()V+42
j  org.springframework.cglib.core.internal.LoadingCache.createEntry(Ljava/lang/Object;Ljava/lang/Object;Ljava/lang/Object;)Ljava/lang/Object;+58
j  org.springframework.cglib.core.internal.LoadingCache.get(Ljava/lang/Object;)Ljava/lang/Object;+39
j  org.springframework.cglib.core.AbstractClassGenerator$ClassLoaderData.get(Lorg/springframework/cglib/core/AbstractClassGenerator;Z)Ljava/lang/Object;+15
j  org.springframework.cglib.core.AbstractClassGenerator.create(Ljava/lang/Object;)Ljava/lang/Object;+115
j  org.springframework.cglib.proxy.Enhancer.createHelper()Ljava/lang/Object;+86
j  org.springframework.cglib.proxy.Enhancer.createClass()Ljava/lang/Class;+6
j  org.springframework.context.annotation.ConfigurationClassEnhancer.createClass(Lorg/springframework/cglib/proxy/Enhancer;)Ljava/lang/Class;+1
j  org.springframework.context.annotation.ConfigurationClassEnhancer.enhance(Ljava/lang/Class;Ljava/lang/ClassLoader;)Ljava/lang/Class;+53
j  org.springframework.context.annotation.ConfigurationClassPostProcessor.enhanceConfigurationClasses(Lorg/springframework/beans/factory/config/ConfigurableListableBeanFactory;)V+381
j  org.springframework.context.annotation.ConfigurationClassPostProcessor.postProcessBeanFactory(Lorg/springframework/beans/factory/config/ConfigurableListableBeanFactory;)V+88
j  org.springframework.context.support.PostProcessorRegistrationDelegate.invokeBeanFactoryPostProcessors(Ljava/util/Collection;Lorg/springframework/beans/factory/config/ConfigurableListableBeanFactory;)V+28
j  org.springframework.context.support.PostProcessorRegistrationDelegate.invokeBeanFactoryPostProcessors(Lorg/springframework/beans/factory/config/ConfigurableListableBeanFactory;Ljava/util/List;)V+494
j  org.springframework.context.support.AbstractApplicationContext.invokeBeanFactoryPostProcessors(Lorg/springframework/beans/factory/config/ConfigurableListableBeanFactory;)V+5
j  org.springframework.context.support.AbstractApplicationContext.refresh()V+28
j  org.springframework.boot.web.servlet.context.ServletWebServerApplicationContext.refresh()V+1
j  org.springframework.boot.SpringApplication.refresh(Lorg/springframework/context/ConfigurableApplicationContext;)V+1
j  org.springframework.boot.SpringApplication.refresh(Lorg/springframework/context/ApplicationContext;)V+11
j  org.springframework.boot.SpringApplication.refreshContext(Lorg/springframework/context/ConfigurableApplicationContext;)V+2
j  org.springframework.boot.SpringApplication.run([Ljava/lang/String;)Lorg/springframework/context/ConfigurableApplicationContext;+118
j  org.springframework.boot.SpringApplication.run([Ljava/lang/Class;[Ljava/lang/String;)Lorg/springframework/context/ConfigurableApplicationContext;+9
j  org.springframework.boot.SpringApplication.run(Ljava/lang/Class;[Ljava/lang/String;)Lorg/springframework/context/ConfigurableApplicationContext;+9
j  com.kisokolab.authserver.AuthserverApplication.main([Ljava/lang/String;)V+3
v  ~StubRoutines::call_stub
V  [libjvm.so+0x66abf0]
V  [libjvm.so+0x94b309]
V  [libjvm.so+0x94d02f]
V  [libjvm.so+0x6b87f7]  JVM_InvokeMethod+0x137
j  sun.reflect.NativeMethodAccessorImpl.invoke0(Ljava/lang/reflect/Method;Ljava/lang/Object;[Ljava/lang/Object;)Ljava/lang/Object;+0
j  sun.reflect.NativeMethodAccessorImpl.invoke(Ljava/lang/Object;[Ljava/lang/Object;)Ljava/lang/Object;+100
j  sun.reflect.DelegatingMethodAccessorImpl.invoke(Ljava/lang/Object;[Ljava/lang/Object;)Ljava/lang/Object;+6
j  java.lang.reflect.Method.invoke(Ljava/lang/Object;[Ljava/lang/Object;)Ljava/lang/Object;+56
j  org.springframework.boot.devtools.restart.RestartLauncher.run()V+42
v  ~StubRoutines::call_stub
V  [libjvm.so+0x66abf0]
V  [libjvm.so+0x6680d4]
V  [libjvm.so+0x6686b7]
V  [libjvm.so+0x6acad4]
V  [libjvm.so+0xa1ff87]
V  [libjvm.so+0xa20370]
V  [libjvm.so+0x8c6042]
C  [libpthread.so.0+0x76ba]  start_thread+0xca

Java frames: (J=compiled Java code, j=interpreted, Vv=VM code)
J 668  java.lang.Class.forName0(Ljava/lang/String;ZLjava/lang/ClassLoader;Ljava/lang/Class;)Ljava/lang/Class; (0 bytes) @ 0x00007fa7f920b83a [0x00007fa7f920b7c0+0x7a]
J 836 C1 java.lang.Class.forName(Ljava/lang/String;ZLjava/lang/ClassLoader;)Ljava/lang/Class; (53 bytes) @ 0x00007fa7f924ce44 [0x00007fa7f924cd20+0x124]
j  org.springframework.cglib.core.ReflectUtils.defineClass(Ljava/lang/String;[BLjava/lang/ClassLoader;Ljava/security/ProtectionDomain;Ljava/lang/Class;)Ljava/lang/Class;+390
j  org.springframework.cglib.core.AbstractClassGenerator.generate(Lorg/springframework/cglib/core/AbstractClassGenerator$ClassLoaderData;)Ljava/lang/Class;+184
j  org.springframework.cglib.proxy.Enhancer.generate(Lorg/springframework/cglib/core/AbstractClassGenerator$ClassLoaderData;)Ljava/lang/Class;+53
j  org.springframework.cglib.core.AbstractClassGenerator$ClassLoaderData$3.apply(Lorg/springframework/cglib/core/AbstractClassGenerator;)Ljava/lang/Object;+5
j  org.springframework.cglib.core.AbstractClassGenerator$ClassLoaderData$3.apply(Ljava/lang/Object;)Ljava/lang/Object;+5
j  org.springframework.cglib.core.internal.LoadingCache$2.call()Ljava/lang/Object;+11
j  java.util.concurrent.FutureTask.run()V+42
j  org.springframework.cglib.core.internal.LoadingCache.createEntry(Ljava/lang/Object;Ljava/lang/Object;Ljava/lang/Object;)Ljava/lang/Object;+58
j  org.springframework.cglib.core.internal.LoadingCache.get(Ljava/lang/Object;)Ljava/lang/Object;+39
j  org.springframework.cglib.core.AbstractClassGenerator$ClassLoaderData.get(Lorg/springframework/cglib/core/AbstractClassGenerator;Z)Ljava/lang/Object;+15
j  org.springframework.cglib.core.AbstractClassGenerator.create(Ljava/lang/Object;)Ljava/lang/Object;+115
j  org.springframework.cglib.proxy.Enhancer.createHelper()Ljava/lang/Object;+86
j  org.springframework.cglib.proxy.Enhancer.createClass()Ljava/lang/Class;+6
j  org.springframework.context.annotation.ConfigurationClassEnhancer.createClass(Lorg/springframework/cglib/proxy/Enhancer;)Ljava/lang/Class;+1
j  org.springframework.context.annotation.ConfigurationClassEnhancer.enhance(Ljava/lang/Class;Ljava/lang/ClassLoader;)Ljava/lang/Class;+53
j  org.springframework.context.annotation.ConfigurationClassPostProcessor.enhanceConfigurationClasses(Lorg/springframework/beans/factory/config/ConfigurableListableBeanFactory;)V+381
j  org.springframework.context.annotation.ConfigurationClassPostProcessor.postProcessBeanFactory(Lorg/springframework/beans/factory/config/ConfigurableListableBeanFactory;)V+88
j  org.springframework.context.support.PostProcessorRegistrationDelegate.invokeBeanFactoryPostProcessors(Ljava/util/Collection;Lorg/springframework/beans/factory/config/ConfigurableListableBeanFactory;)V+28
j  org.springframework.context.support.PostProcessorRegistrationDelegate.invokeBeanFactoryPostProcessors(Lorg/springframework/beans/factory/config/ConfigurableListableBeanFactory;Ljava/util/List;)V+494
j  org.springframework.context.support.AbstractApplicationContext.invokeBeanFactoryPostProcessors(Lorg/springframework/beans/factory/config/ConfigurableListableBeanFactory;)V+5
j  org.springframework.context.support.AbstractApplicationContext.refresh()V+28
j  org.springframework.boot.web.servlet.context.ServletWebServerApplicationContext.refresh()V+1
j  org.springframework.boot.SpringApplication.refresh(Lorg/springframework/context/ConfigurableApplicationContext;)V+1
j  org.springframework.boot.SpringApplication.refresh(Lorg/springframework/context/ApplicationContext;)V+11
j  org.springframework.boot.SpringApplication.refreshContext(Lorg/springframework/context/ConfigurableApplicationContext;)V+2
j  org.springframework.boot.SpringApplication.run([Ljava/lang/String;)Lorg/springframework/context/ConfigurableApplicationContext;+118
j  org.springframework.boot.SpringApplication.run([Ljava/lang/Class;[Ljava/lang/String;)Lorg/springframework/context/ConfigurableApplicationContext;+9
j  org.springframework.boot.SpringApplication.run(Ljava/lang/Class;[Ljava/lang/String;)Lorg/springframework/context/ConfigurableApplicationContext;+9
j  com.kisokolab.authserver.AuthserverApplication.main([Ljava/lang/String;)V+3
v  ~StubRoutines::call_stub
j  sun.reflect.NativeMethodAccessorImpl.invoke0(Ljava/lang/reflect/Method;Ljava/lang/Object;[Ljava/lang/Object;)Ljava/lang/Object;+0
j  sun.reflect.NativeMethodAccessorImpl.invoke(Ljava/lang/Object;[Ljava/lang/Object;)Ljava/lang/Object;+100
j  sun.reflect.DelegatingMethodAccessorImpl.invoke(Ljava/lang/Object;[Ljava/lang/Object;)Ljava/lang/Object;+6
j  java.lang.reflect.Method.invoke(Ljava/lang/Object;[Ljava/lang/Object;)Ljava/lang/Object;+56
j  org.springframework.boot.devtools.restart.RestartLauncher.run()V+42
v  ~StubRoutines::call_stub

---------------  P R O C E S S  ---------------

Java Threads: ( => current thread )
  0x00007fa7a4160800 JavaThread "RMI Scheduler(0)" daemon [_thread_blocked, id=13605, stack(0x00007fa7f036b000,0x00007fa7f046c000)]
  0x00007fa7b4001800 JavaThread "RMI TCP Connection(1)-127.0.0.1" daemon [_thread_in_native, id=13604, stack(0x00007fa7a3cff000,0x00007fa7a3e00000)]
  0x00007fa7cc001000 JavaThread "Attach Listener" daemon [_thread_blocked, id=13602, stack(0x00007fa7f006a000,0x00007fa7f016b000)]
=>0x00007fa7ac002800 JavaThread "restartedMain" [_thread_in_vm, id=13598, stack(0x00007fa7f046c000,0x00007fa7f056d000)]
  0x00007fa808924800 JavaThread "Thread-1" [_thread_blocked, id=13597, stack(0x00007fa7f056d000,0x00007fa7f066e000)]
  0x00007fa80876e000 JavaThread "RMI TCP Accept-0" daemon [_thread_in_native, id=13594, stack(0x00007fa7f096f000,0x00007fa7f0a70000)]
  0x00007fa80868d000 JavaThread "Service Thread" daemon [_thread_blocked, id=13593, stack(0x00007fa7f0c7f000,0x00007fa7f0d80000)]
  0x00007fa808689000 JavaThread "C1 CompilerThread2" daemon [_thread_blocked, id=13592, stack(0x00007fa7f0d80000,0x00007fa7f0e81000)]
  0x00007fa808687000 JavaThread "C2 CompilerThread1" daemon [_thread_blocked, id=13591, stack(0x00007fa7f0e81000,0x00007fa7f0f82000)]
  0x00007fa808685000 JavaThread "C2 CompilerThread0" daemon [_thread_blocked, id=13590, stack(0x00007fa7f0f82000,0x00007fa7f1083000)]
  0x00007fa808683000 JavaThread "Monitor Ctrl-Break" daemon [_thread_in_native, id=13589, stack(0x00007fa7f1083000,0x00007fa7f1184000)]
  0x00007fa808185000 JavaThread "Signal Dispatcher" daemon [_thread_blocked, id=13588, stack(0x00007fa7f19b4000,0x00007fa7f1ab5000)]
  0x00007fa808154000 JavaThread "Finalizer" daemon [_thread_blocked, id=13581, stack(0x00007fa7f1ebe000,0x00007fa7f1fbf000)]
  0x00007fa80814f800 JavaThread "Reference Handler" daemon [_thread_blocked, id=13580, stack(0x00007fa7f1fbf000,0x00007fa7f20c0000)]
  0x00007fa808011000 JavaThread "main" [_thread_blocked, id=13571, stack(0x00007fa81177e000,0x00007fa81187f000)]

Other Threads:
  0x00007fa808146000 VMThread [stack: 0x00007fa7f20c0000,0x00007fa7f21c1000] [id=13577]
  0x00007fa808782800 WatcherThread [stack: 0x00007fa7f086e000,0x00007fa7f096f000] [id=13595]

VM state:not at safepoint (normal execution)

VM Mutex/Monitor currently owned by a thread: None

heap address: 0x0000000705e00000, size: 2978 MB, Compressed Oops mode: Zero based, Oop shift amount: 3
Narrow klass base: 0x0000000000000000, Narrow klass shift: 3
Compressed class space size: 1073741824 Address: 0x00000007c0000000

Heap:
 PSYoungGen      total 205824K, used 80793K [0x0000000781f80000, 0x000000078f380000, 0x00000007c0000000)
  eden space 194560K, 41% used [0x0000000781f80000,0x0000000786e667d8,0x000000078dd80000)
  from space 11264K, 0% used [0x000000078e880000,0x000000078e880000,0x000000078f380000)
  to   space 11264K, 0% used [0x000000078dd80000,0x000000078dd80000,0x000000078e880000)
 ParOldGen       total 77824K, used 7761K [0x0000000705e00000, 0x000000070aa00000, 0x0000000781f80000)
  object space 77824K, 9% used [0x0000000705e00000,0x00000007065946f8,0x000000070aa00000)
 Metaspace       used 23819K, capacity 25050K, committed 25216K, reserved 1071104K
  class space    used 3161K, capacity 3445K, committed 3456K, reserved 1048576K

Card table byte_map: [0x00007fa80d647000,0x00007fa80dc19000] byte_map_base: 0x00007fa809e18000

Marking Bits: (ParMarkBitMap*) 0x00007fa810a4b5a0
 Begin Bits: [0x00007fa7f32f0000, 0x00007fa7f6178000)
 End Bits:   [0x00007fa7f6178000, 0x00007fa7f9000000)

Polling page: 0x00007fa81189f000

CodeCache: size=245760Kb used=5478Kb max_used=5478Kb free=240281Kb
 bounds [0x00007fa7f9000000, 0x00007fa7f9560000, 0x00007fa808000000]
 total_blobs=3081 nmethods=2688 adapters=307
 compilation: enabled

Compilation events (10 events):
Event: 3.060 Thread 0x00007fa808689000 nmethod 2681 0x00007fa7f9556990 code [0x00007fa7f9556b80, 0x00007fa7f95572e8]
Event: 3.060 Thread 0x00007fa808689000 2683       1       org.springframework.asm.ByteVector::put12 (64 bytes)
Event: 3.060 Thread 0x00007fa808689000 nmethod 2683 0x00007fa7f9557910 code [0x00007fa7f9557a80, 0x00007fa7f9557c68]
Event: 3.060 Thread 0x00007fa808689000 2684       1       org.springframework.cglib.core.ReflectUtils$6::getSignature (5 bytes)
Event: 3.060 Thread 0x00007fa808689000 nmethod 2684 0x00007fa7f9557dd0 code [0x00007fa7f9557f20, 0x00007fa7f9558030]
Event: 3.061 Thread 0x00007fa808689000 2685       1       org.springframework.asm.Frame::push (59 bytes)
Event: 3.061 Thread 0x00007fa808689000 nmethod 2685 0x00007fa7f9558090 code [0x00007fa7f9558240, 0x00007fa7f95584c8]
Event: 3.061 Thread 0x00007fa808689000 2686       1       org.springframework.asm.Type::getOpcode (284 bytes)
Event: 3.062 Thread 0x00007fa808689000 nmethod 2686 0x00007fa7f9558710 code [0x00007fa7f9558900, 0x00007fa7f9558e58]
Event: 3.062 Thread 0x00007fa808689000 2687       1       org.springframework.asm.ByteVector::put122 (93 bytes)

GC Heap History (10 events):
Event: 1.311 GC heap before
{Heap before GC invocations=3 (full 0):
 PSYoungGen      total 56320K, used 55104K [0x0000000781f80000, 0x0000000788d80000, 0x00000007c0000000)
  eden space 48640K, 100% used [0x0000000781f80000,0x0000000784f00000,0x0000000784f00000)
  from space 7680K, 84% used [0x0000000785680000,0x0000000785cd0210,0x0000000785e00000)
  to   space 7680K, 0% used [0x0000000784f00000,0x0000000784f00000,0x0000000785680000)
 ParOldGen       total 128512K, used 24K [0x0000000705e00000, 0x000000070db80000, 0x0000000781f80000)
  object space 128512K, 0% used [0x0000000705e00000,0x0000000705e06000,0x000000070db80000)
 Metaspace       used 15358K, capacity 15910K, committed 16256K, reserved 1062912K
  class space    used 1886K, capacity 2056K, committed 2176K, reserved 1048576K
Event: 1.317 GC heap after
Heap after GC invocations=3 (full 0):
 PSYoungGen      total 56320K, used 6856K [0x0000000781f80000, 0x0000000788d80000, 0x00000007c0000000)
  eden space 48640K, 0% used [0x0000000781f80000,0x0000000781f80000,0x0000000784f00000)
  from space 7680K, 89% used [0x0000000784f00000,0x00000007855b2098,0x0000000785680000)
  to   space 7680K, 0% used [0x0000000788600000,0x0000000788600000,0x0000000788d80000)
 ParOldGen       total 128512K, used 32K [0x0000000705e00000, 0x000000070db80000, 0x0000000781f80000)
  object space 128512K, 0% used [0x0000000705e00000,0x0000000705e08000,0x000000070db80000)
 Metaspace       used 15358K, capacity 15910K, committed 16256K, reserved 1062912K
  class space    used 1886K, capacity 2056K, committed 2176K, reserved 1048576K
}
Event: 1.791 GC heap before
{Heap before GC invocations=4 (full 0):
 PSYoungGen      total 56320K, used 55496K [0x0000000781f80000, 0x0000000788d80000, 0x00000007c0000000)
  eden space 48640K, 100% used [0x0000000781f80000,0x0000000784f00000,0x0000000784f00000)
  from space 7680K, 89% used [0x0000000784f00000,0x00000007855b2098,0x0000000785680000)
  to   space 7680K, 0% used [0x0000000788600000,0x0000000788600000,0x0000000788d80000)
 ParOldGen       total 128512K, used 32K [0x0000000705e00000, 0x000000070db80000, 0x0000000781f80000)
  object space 128512K, 0% used [0x0000000705e00000,0x0000000705e08000,0x000000070db80000)
 Metaspace       used 18786K, capacity 19530K, committed 19712K, reserved 1067008K
  class space    used 2381K, capacity 2560K, committed 2560K, reserved 1048576K
Event: 1.799 GC heap after
Heap after GC invocations=4 (full 0):
 PSYoungGen      total 104960K, used 7678K [0x0000000781f80000, 0x0000000788d80000, 0x00000007c0000000)
  eden space 97280K, 0% used [0x0000000781f80000,0x0000000781f80000,0x0000000787e80000)
  from space 7680K, 99% used [0x0000000788600000,0x0000000788d7f890,0x0000000788d80000)
  to   space 7680K, 0% used [0x0000000787e80000,0x0000000787e80000,0x0000000788600000)
 ParOldGen       total 128512K, used 833K [0x0000000705e00000, 0x000000070db80000, 0x0000000781f80000)
  object space 128512K, 0% used [0x0000000705e00000,0x0000000705ed0410,0x000000070db80000)
 Metaspace       used 18786K, capacity 19530K, committed 19712K, reserved 1067008K
  class space    used 2381K, capacity 2560K, committed 2560K, reserved 1048576K
}
Event: 2.274 GC heap before
{Heap before GC invocations=5 (full 0):
 PSYoungGen      total 104960K, used 104958K [0x0000000781f80000, 0x0000000788d80000, 0x00000007c0000000)
  eden space 97280K, 100% used [0x0000000781f80000,0x0000000787e80000,0x0000000787e80000)
  from space 7680K, 99% used [0x0000000788600000,0x0000000788d7f890,0x0000000788d80000)
  to   space 7680K, 0% used [0x0000000787e80000,0x0000000787e80000,0x0000000788600000)
 ParOldGen       total 128512K, used 833K [0x0000000705e00000, 0x000000070db80000, 0x0000000781f80000)
  object space 128512K, 0% used [0x0000000705e00000,0x0000000705ed0410,0x000000070db80000)
 Metaspace       used 20176K, capacity 21038K, committed 21248K, reserved 1067008K
  class space    used 2572K, capacity 2767K, committed 2816K, reserved 1048576K
Event: 2.285 GC heap after
Heap after GC invocations=5 (full 0):
 PSYoungGen      total 104960K, used 7670K [0x0000000781f80000, 0x000000078f380000, 0x00000007c0000000)
  eden space 97280K, 0% used [0x0000000781f80000,0x0000000781f80000,0x0000000787e80000)
  from space 7680K, 99% used [0x0000000787e80000,0x00000007885fd910,0x0000000788600000)
  to   space 11264K, 0% used [0x000000078e880000,0x000000078e880000,0x000000078f380000)
 ParOldGen       total 128512K, used 2850K [0x0000000705e00000, 0x000000070db80000, 0x0000000781f80000)
  object space 128512K, 2% used [0x0000000705e00000,0x00000007060c8868,0x000000070db80000)
 Metaspace       used 20176K, capacity 21038K, committed 21248K, reserved 1067008K
  class space    used 2572K, capacity 2767K, committed 2816K, reserved 1048576K
}
Event: 2.418 GC heap before
{Heap before GC invocations=6 (full 0):
 PSYoungGen      total 104960K, used 34870K [0x0000000781f80000, 0x000000078f380000, 0x00000007c0000000)
  eden space 97280K, 27% used [0x0000000781f80000,0x0000000783a0ffd0,0x0000000787e80000)
  from space 7680K, 99% used [0x0000000787e80000,0x00000007885fd910,0x0000000788600000)
  to   space 11264K, 0% used [0x000000078e880000,0x000000078e880000,0x000000078f380000)
 ParOldGen       total 128512K, used 2850K [0x0000000705e00000, 0x000000070db80000, 0x0000000781f80000)
  object space 128512K, 2% used [0x0000000705e00000,0x00000007060c8868,0x000000070db80000)
 Metaspace       used 20395K, capacity 21240K, committed 21248K, reserved 1067008K
  class space    used 2610K, capacity 2810K, committed 2816K, reserved 1048576K
Event: 2.429 GC heap after
Heap after GC invocations=6 (full 0):
 PSYoungGen      total 205824K, used 7917K [0x0000000781f80000, 0x000000078f380000, 0x00000007c0000000)
  eden space 194560K, 0% used [0x0000000781f80000,0x0000000781f80000,0x000000078dd80000)
  from space 11264K, 70% used [0x000000078e880000,0x000000078f03b600,0x000000078f380000)
  to   space 11264K, 0% used [0x000000078dd80000,0x000000078dd80000,0x000000078e880000)
 ParOldGen       total 128512K, used 2858K [0x0000000705e00000, 0x000000070db80000, 0x0000000781f80000)
  object space 128512K, 2% used [0x0000000705e00000,0x00000007060ca868,0x000000070db80000)
 Metaspace       used 20395K, capacity 21240K, committed 21248K, reserved 1067008K
  class space    used 2610K, capacity 2810K, committed 2816K, reserved 1048576K
}
Event: 2.429 GC heap before
{Heap before GC invocations=7 (full 1):
 PSYoungGen      total 205824K, used 7917K [0x0000000781f80000, 0x000000078f380000, 0x00000007c0000000)
  eden space 194560K, 0% used [0x0000000781f80000,0x0000000781f80000,0x000000078dd80000)
  from space 11264K, 70% used [0x000000078e880000,0x000000078f03b600,0x000000078f380000)
  to   space 11264K, 0% used [0x000000078dd80000,0x000000078dd80000,0x000000078e880000)
 ParOldGen       total 128512K, used 2858K [0x0000000705e00000, 0x000000070db80000, 0x0000000781f80000)
  object space 128512K, 2% used [0x0000000705e00000,0x00000007060ca868,0x000000070db80000)
 Metaspace       used 20395K, capacity 21240K, committed 21248K, reserved 1067008K
  class space    used 2610K, capacity 2810K, committed 2816K, reserved 1048576K
Event: 2.492 GC heap after
Heap after GC invocations=7 (full 1):
 PSYoungGen      total 205824K, used 0K [0x0000000781f80000, 0x000000078f380000, 0x00000007c0000000)
  eden space 194560K, 0% used [0x0000000781f80000,0x0000000781f80000,0x000000078dd80000)
  from space 11264K, 0% used [0x000000078e880000,0x000000078e880000,0x000000078f380000)
  to   space 11264K, 0% used [0x000000078dd80000,0x000000078dd80000,0x000000078e880000)
 ParOldGen       total 77824K, used 7761K [0x0000000705e00000, 0x000000070aa00000, 0x0000000781f80000)
  object space 77824K, 9% used [0x0000000705e00000,0x00000007065946f8,0x000000070aa00000)
 Metaspace       used 20395K, capacity 21240K, committed 21248K, reserved 1067008K
  class space    used 2610K, capacity 2810K, committed 2816K, reserved 1048576K
}

Deoptimization events (0 events):
No events

Classes redefined (0 events):
No events

Internal exceptions (10 events):
Event: 2.917 Thread 0x00007fa7ac002800 Exception <a 'java/lang/ArrayIndexOutOfBoundsException'> (0x00000007856297e8) thrown at [/build/openjdk-8-uwNjBd/openjdk-8-8u252-b09/src/hotspot/src/share/vm/runtime/sharedRuntime.cpp, line 605]
Event: 2.918 Thread 0x00007fa7ac002800 Exception <a 'java/lang/ArrayIndexOutOfBoundsException'> (0x00000007856386c8) thrown at [/build/openjdk-8-uwNjBd/openjdk-8-8u252-b09/src/hotspot/src/share/vm/runtime/sharedRuntime.cpp, line 605]
Event: 2.918 Thread 0x00007fa7ac002800 Exception <a 'java/lang/ArrayIndexOutOfBoundsException'> (0x000000078563b088) thrown at [/build/openjdk-8-uwNjBd/openjdk-8-8u252-b09/src/hotspot/src/share/vm/runtime/sharedRuntime.cpp, line 605]
Event: 2.918 Thread 0x00007fa7ac002800 Exception <a 'java/lang/ArrayIndexOutOfBoundsException'> (0x000000078563f928) thrown at [/build/openjdk-8-uwNjBd/openjdk-8-8u252-b09/src/hotspot/src/share/vm/runtime/sharedRuntime.cpp, line 605]
Event: 2.918 Thread 0x00007fa7ac002800 Exception <a 'java/lang/ArrayIndexOutOfBoundsException'> (0x0000000785640f48) thrown at [/build/openjdk-8-uwNjBd/openjdk-8-8u252-b09/src/hotspot/src/share/vm/runtime/sharedRuntime.cpp, line 605]
Event: 2.920 Thread 0x00007fa7ac002800 Exception <a 'java/lang/ArrayIndexOutOfBoundsException'> (0x00000007856a3a40) thrown at [/build/openjdk-8-uwNjBd/openjdk-8-8u252-b09/src/hotspot/src/share/vm/runtime/sharedRuntime.cpp, line 605]
Event: 2.938 Thread 0x00007fa7ac002800 Exception <a 'java/lang/ArrayIndexOutOfBoundsException'> (0x00000007859b5788) thrown at [/build/openjdk-8-uwNjBd/openjdk-8-8u252-b09/src/hotspot/src/share/vm/runtime/sharedRuntime.cpp, line 605]
Event: 2.950 Thread 0x00007fa7ac002800 Exception <a 'java/lang/ArrayIndexOutOfBoundsException'> (0x0000000785bce0e8) thrown at [/build/openjdk-8-uwNjBd/openjdk-8-8u252-b09/src/hotspot/src/share/vm/runtime/sharedRuntime.cpp, line 605]
Event: 2.965 Thread 0x00007fa7ac002800 Exception <a 'java/lang/ArrayIndexOutOfBoundsException'> (0x0000000785e216d0) thrown at [/build/openjdk-8-uwNjBd/openjdk-8-8u252-b09/src/hotspot/src/share/vm/runtime/sharedRuntime.cpp, line 605]
Event: 2.972 Thread 0x00007fa7ac002800 Exception <a 'java/lang/ArrayIndexOutOfBoundsException'> (0x0000000785f43918) thrown at [/build/openjdk-8-uwNjBd/openjdk-8-8u252-b09/src/hotspot/src/share/vm/runtime/sharedRuntime.cpp, line 605]

Events (10 events):
Event: 3.053 loading class org/springframework/cglib/core/ReflectUtils$7
Event: 3.053 loading class org/springframework/cglib/core/ReflectUtils$7 done
Event: 3.054 loading class org/springframework/cglib/core/ClassEmitter$2
Event: 3.054 loading class org/springframework/cglib/core/ClassEmitter$2 done
Event: 3.055 loading class org/springframework/cglib/proxy/MethodProxy
Event: 3.055 loading class org/springframework/cglib/proxy/MethodProxy done
Event: 3.055 loading class org/springframework/cglib/proxy/MethodProxy$CreateInfo
Event: 3.055 loading class org/springframework/cglib/proxy/MethodProxy$CreateInfo done
Event: 3.056 loading class org/springframework/cglib/proxy/Enhancer$EnhancerFactoryData
Event: 3.056 loading class org/springframework/cglib/proxy/Enhancer$EnhancerFactoryData done


Dynamic libraries:
705e00000-70aa00000 rw-p 00000000 00:00 0 
70aa00000-781f80000 ---p 00000000 00:00 0 
781f80000-78f380000 rw-p 00000000 00:00 0 
78f380000-7c0000000 ---p 00000000 00:00 0 
7c0000000-7c0360000 rw-p 00000000 00:00 0 
7c0360000-800000000 ---p 00000000 00:00 0 
55a2dd014000-55a2dd015000 r-xp 00000000 08:02 24643205                   /usr/lib/jvm/java-8-openjdk-amd64/jre/bin/java
55a2dd214000-55a2dd215000 r--p 00000000 08:02 24643205                   /usr/lib/jvm/java-8-openjdk-amd64/jre/bin/java
55a2dd215000-55a2dd216000 rw-p 00001000 08:02 24643205                   /usr/lib/jvm/java-8-openjdk-amd64/jre/bin/java
55a2de015000-55a2de036000 rw-p 00000000 00:00 0                          [heap]
7fa794000000-7fa79404f000 rw-p 00000000 00:00 0 
7fa79404f000-7fa798000000 ---p 00000000 00:00 0 
7fa798000000-7fa798021000 rw-p 00000000 00:00 0 
7fa798021000-7fa79c000000 ---p 00000000 00:00 0 
7fa79c000000-7fa79c021000 rw-p 00000000 00:00 0 
7fa79c021000-7fa7a0000000 ---p 00000000 00:00 0 
7fa7a32fd000-7fa7a343d000 rw-p 00000000 00:00 0 
7fa7a343d000-7fa7a34fd000 ---p 00000000 00:00 0 
7fa7a34fd000-7fa7a36fd000 rw-p 00000000 00:00 0 
7fa7a36fd000-7fa7a3700000 ---p 00000000 00:00 0 
7fa7a3700000-7fa7a39fe000 rw-p 00000000 00:00 0 
7fa7a39fe000-7fa7a3bfe000 rw-p 00000000 00:00 0 
7fa7a3bfe000-7fa7a3c01000 ---p 00000000 00:00 0 
7fa7a3c01000-7fa7a3cff000 rw-p 00000000 00:00 0 
7fa7a3cff000-7fa7a3d02000 ---p 00000000 00:00 0 
7fa7a3d02000-7fa7a4000000 rw-p 00000000 00:00 0 
7fa7a4000000-7fa7a416c000 rw-p 00000000 00:00 0 
7fa7a416c000-7fa7a8000000 ---p 00000000 00:00 0 
7fa7a8000000-7fa7a8021000 rw-p 00000000 00:00 0 
7fa7a8021000-7fa7ac000000 ---p 00000000 00:00 0 
7fa7ac000000-7fa7ac021000 rw-p 00000000 00:00 0 
7fa7ac021000-7fa7b0000000 ---p 00000000 00:00 0 
7fa7b0000000-7fa7b0634000 rw-p 00000000 00:00 0 
7fa7b0634000-7fa7b4000000 ---p 00000000 00:00 0 
7fa7b4000000-7fa7b4021000 rw-p 00000000 00:00 0 
7fa7b4021000-7fa7b8000000 ---p 00000000 00:00 0 
7fa7b8000000-7fa7b8021000 rw-p 00000000 00:00 0 
7fa7b8021000-7fa7bc000000 ---p 00000000 00:00 0 
7fa7bc000000-7fa7bc3ea000 rw-p 00000000 00:00 0 
7fa7bc3ea000-7fa7c0000000 ---p 00000000 00:00 0 
7fa7c0000000-7fa7c0021000 rw-p 00000000 00:00 0 
7fa7c0021000-7fa7c4000000 ---p 00000000 00:00 0 
7fa7c4000000-7fa7c404e000 rw-p 00000000 00:00 0 
7fa7c404e000-7fa7c8000000 ---p 00000000 00:00 0 
7fa7c8000000-7fa7c8021000 rw-p 00000000 00:00 0 
7fa7c8021000-7fa7cc000000 ---p 00000000 00:00 0 
7fa7cc000000-7fa7cc021000 rw-p 00000000 00:00 0 
7fa7cc021000-7fa7d0000000 ---p 00000000 00:00 0 
7fa7d0000000-7fa7d0021000 rw-p 00000000 00:00 0 
7fa7d0021000-7fa7d4000000 ---p 00000000 00:00 0 
7fa7d4000000-7fa7d4021000 rw-p 00000000 00:00 0 
7fa7d4021000-7fa7d8000000 ---p 00000000 00:00 0 
7fa7d8000000-7fa7d8021000 rw-p 00000000 00:00 0 
7fa7d8021000-7fa7dc000000 ---p 00000000 00:00 0 
7fa7dc000000-7fa7dc021000 rw-p 00000000 00:00 0 
7fa7dc021000-7fa7e0000000 ---p 00000000 00:00 0 
7fa7e0000000-7fa7e0021000 rw-p 00000000 00:00 0 
7fa7e0021000-7fa7e4000000 ---p 00000000 00:00 0 
7fa7e4000000-7fa7e4021000 rw-p 00000000 00:00 0 
7fa7e4021000-7fa7e8000000 ---p 00000000 00:00 0 
7fa7e8000000-7fa7e8021000 rw-p 00000000 00:00 0 
7fa7e8021000-7fa7ec000000 ---p 00000000 00:00 0 
7fa7ec000000-7fa7ec021000 rw-p 00000000 00:00 0 
7fa7ec021000-7fa7f0000000 ---p 00000000 00:00 0 
7fa7f006a000-7fa7f006d000 ---p 00000000 00:00 0 
7fa7f006d000-7fa7f036b000 rw-p 00000000 00:00 0 
7fa7f036b000-7fa7f036e000 ---p 00000000 00:00 0 
7fa7f036e000-7fa7f046c000 rw-p 00000000 00:00 0 
7fa7f046c000-7fa7f046f000 ---p 00000000 00:00 0 
7fa7f046f000-7fa7f056d000 rw-p 00000000 00:00 0 
7fa7f056d000-7fa7f0570000 ---p 00000000 00:00 0 
7fa7f0570000-7fa7f086e000 rw-p 00000000 00:00 0 
7fa7f086e000-7fa7f086f000 ---p 00000000 00:00 0 
7fa7f086f000-7fa7f096f000 rw-p 00000000 00:00 0 
7fa7f096f000-7fa7f0972000 ---p 00000000 00:00 0 
7fa7f0972000-7fa7f0a70000 rw-p 00000000 00:00 0 
7fa7f0a70000-7fa7f0a75000 r--s 000a7000 08:02 24643174                   /usr/lib/jvm/java-8-openjdk-amd64/jre/lib/jsse.jar
7fa7f0a75000-7fa7f0a7e000 r-xp 00000000 08:02 24643150                   /usr/lib/jvm/java-8-openjdk-amd64/jre/lib/amd64/libmanagement.so
7fa7f0a7e000-7fa7f0c7d000 ---p 00009000 08:02 24643150                   /usr/lib/jvm/java-8-openjdk-amd64/jre/lib/amd64/libmanagement.so
7fa7f0c7d000-7fa7f0c7e000 r--p 00008000 08:02 24643150                   /usr/lib/jvm/java-8-openjdk-amd64/jre/lib/amd64/libmanagement.so
7fa7f0c7e000-7fa7f0c7f000 rw-p 00009000 08:02 24643150                   /usr/lib/jvm/java-8-openjdk-amd64/jre/lib/amd64/libmanagement.so
7fa7f0c7f000-7fa7f0c82000 ---p 00000000 00:00 0 
7fa7f0c82000-7fa7f0d80000 rw-p 00000000 00:00 0 
7fa7f0d80000-7fa7f0d83000 ---p 00000000 00:00 0 
7fa7f0d83000-7fa7f0e81000 rw-p 00000000 00:00 0 
7fa7f0e81000-7fa7f0e84000 ---p 00000000 00:00 0 
7fa7f0e84000-7fa7f0f82000 rw-p 00000000 00:00 0 
7fa7f0f82000-7fa7f0f85000 ---p 00000000 00:00 0 
7fa7f0f85000-7fa7f1083000 rw-p 00000000 00:00 0 
7fa7f1083000-7fa7f1086000 ---p 00000000 00:00 0 
7fa7f1086000-7fa7f1184000 rw-p 00000000 00:00 0 
7fa7f1184000-7fa7f119b000 r-xp 00000000 08:02 24643152                   /usr/lib/jvm/java-8-openjdk-amd64/jre/lib/amd64/libnet.so
7fa7f119b000-7fa7f139b000 ---p 00017000 08:02 24643152                   /usr/lib/jvm/java-8-openjdk-amd64/jre/lib/amd64/libnet.so
7fa7f139b000-7fa7f139c000 r--p 00017000 08:02 24643152                   /usr/lib/jvm/java-8-openjdk-amd64/jre/lib/amd64/libnet.so
7fa7f139c000-7fa7f139d000 rw-p 00018000 08:02 24643152                   /usr/lib/jvm/java-8-openjdk-amd64/jre/lib/amd64/libnet.so
7fa7f139d000-7fa7f13af000 r-xp 00000000 08:02 24643148                   /usr/lib/jvm/java-8-openjdk-amd64/jre/lib/amd64/libnio.so
7fa7f13af000-7fa7f15ae000 ---p 00012000 08:02 24643148                   /usr/lib/jvm/java-8-openjdk-amd64/jre/lib/amd64/libnio.so
7fa7f15ae000-7fa7f15af000 r--p 00011000 08:02 24643148                   /usr/lib/jvm/java-8-openjdk-amd64/jre/lib/amd64/libnio.so
7fa7f15af000-7fa7f15b0000 rw-p 00012000 08:02 24643148                   /usr/lib/jvm/java-8-openjdk-amd64/jre/lib/amd64/libnio.so
7fa7f15b0000-7fa7f15b3000 r--s 0001c000 08:02 22557241                   /home/njenga/Downloads/idea-IU-201.7846.76/lib/idea_rt.jar
7fa7f15b3000-7fa7f15c2000 r--s 0007c000 08:02 1056824                    /home/njenga/.m2/repository/org/springframework/security/spring-security-web/5.3.3.RELEASE/spring-security-web-5.3.3.RELEASE.jar
7fa7f15c2000-7fa7f15cf000 r--s 00060000 08:02 1056827                    /home/njenga/.m2/repository/org/springframework/security/spring-security-core/5.3.3.RELEASE/spring-security-core-5.3.3.RELEASE.jar
7fa7f15cf000-7fa7f15d0000 r--s 00005000 08:02 3284240                    /home/njenga/.m2/repository/org/springframework/spring-jcl/5.2.8.RELEASE/spring-jcl-5.2.8.RELEASE.jar
7fa7f15d0000-7fa7f15eb000 r--s 00146000 08:02 3029473                    /home/njenga/.m2/repository/org/springframework/spring-core/5.2.8.RELEASE/spring-core-5.2.8.RELEASE.jar
7fa7f15eb000-7fa7f15ed000 r--s 0000a000 08:02 4722996                    /home/njenga/.m2/repository/jakarta/activation/jakarta.activation-api/1.2.2/jakarta.activation-api-1.2.2.jar
7fa7f15ed000-7fa7f15f1000 r--s 00019000 08:02 4722979                    /home/njenga/.m2/repository/jakarta/xml/bind/jakarta.xml.bind-api/2.3.3/jakarta.xml.bind-api-2.3.3.jar
7fa7f15f1000-7fa7f15f6000 r--s 00012000 08:02 4589591                    /home/njenga/.m2/repository/jakarta/validation/jakarta.validation-api/2.0.2/jakarta.validation-api-2.0.2.jar
7fa7f15f6000-7fa7f1641000 r--s 002ff000 08:02 5773763                    /home/njenga/.m2/repository/org/bouncycastle/bcprov-jdk15on/1.56/bcprov-jdk15on-1.56.jar
7fa7f1641000-7fa7f1652000 r--s 00097000 08:02 5773761                    /home/njenga/.m2/repository/org/bouncycastle/bcpkix-jdk15on/1.56/bcpkix-jdk15on-1.56.jar
7fa7f1652000-7fa7f1654000 r--s 00008000 08:02 1184405                    /home/njenga/.m2/repository/org/springframework/security/spring-security-jwt/1.0.9.RELEASE/spring-security-jwt-1.0.9.RELEASE.jar
7fa7f1654000-7fa7f1658000 r--s 00035000 08:02 5511966                    /home/njenga/.m2/repository/org/codehaus/jackson/jackson-core-asl/1.9.13/jackson-core-asl-1.9.13.jar
7fa7f1658000-7fa7f1666000 r--s 000b1000 08:02 5382080                    /home/njenga/.m2/repository/org/codehaus/jackson/jackson-mapper-asl/1.9.13/jackson-mapper-asl-1.9.13.jar
7fa7f1666000-7fa7f166d000 r--s 0004e000 08:02 5249494                    /home/njenga/.m2/repository/commons-codec/commons-codec/1.14/commons-codec-1.14.jar
7fa7f166d000-7fa7f167f000 r--s 000f7000 08:02 1056819                    /home/njenga/.m2/repository/org/springframework/security/spring-security-config/5.3.3.RELEASE/spring-security-config-5.3.3.RELEASE.jar
7fa7f167f000-7fa7f168c000 r--s 0006c000 08:02 1058052                    /home/njenga/.m2/repository/org/springframework/security/oauth/spring-security-oauth2/2.3.4.RELEASE/spring-security-oauth2-2.3.4.RELEASE.jar
7fa7f168c000-7fa7f168e000 r--s 0000c000 08:02 4589812                    /home/njenga/.m2/repository/javax/activation/javax.activation-api/1.2.0/javax.activation-api-1.2.0.jar
7fa7f168e000-7fa7f1692000 r--s 0001c000 08:02 4589799                    /home/njenga/.m2/repository/javax/xml/bind/jaxb-api/2.3.1/jaxb-api-2.3.1.jar
7fa7f1692000-7fa7f16a4000 r--s 000d9000 08:02 5382074                    /home/njenga/.m2/repository/com/sun/xml/bind/jaxb-impl/2.3.0.1/jaxb-impl-2.3.0.1.jar
7fa7f16a4000-7fa7f16ab000 r--s 00038000 08:02 5249623                    /home/njenga/.m2/repository/com/sun/xml/bind/jaxb-core/2.3.0.1/jaxb-core-2.3.0.1.jar
7fa7f16ab000-7fa7f16af000 r--s 00052000 08:02 4722965                    /home/njenga/.m2/repository/com/fasterxml/jackson/core/jackson-core/2.11.1/jackson-core-2.11.1.jar
7fa7f16af000-7fa7f16c4000 r--s 00146000 08:02 4722962                    /home/njenga/.m2/repository/com/fasterxml/jackson/core/jackson-databind/2.11.1/jackson-databind-2.11.1.jar
7fa7f16c4000-7fa7f16c7000 r--s 0000e000 08:02 4722971                    /home/njenga/.m2/repository/com/fasterxml/jackson/core/jackson-annotations/2.11.1/jackson-annotations-2.11.1.jar
7fa7f16c7000-7fa7f16cc000 r--s 00013000 08:02 1058050                    /home/njenga/.m2/repository/org/springframework/security/oauth/boot/spring-security-oauth2-autoconfigure/2.1.2.RELEASE/spring-security-oauth2-autoconfigure-2.1.2.RELEASE.jar
7fa7f16cc000-7fa7f16e4000 r--s 0019f000 08:02 4722985                    /home/njenga/.m2/repository/org/projectlombok/lombok/1.18.12/lombok-1.18.12.jar
7fa7f16e4000-7fa7f16e7000 r--s 0001a000 08:02 29901429                   /home/njenga/.m2/repository/org/springframework/boot/spring-boot-configuration-processor/2.3.2.RELEASE/spring-boot-configuration-processor-2.3.2.RELEASE.jar
7fa7f16e7000-7fa7f1711000 r--s 0013e000 08:02 4590772                    /home/njenga/.m2/repository/org/springframework/boot/spring-boot-autoconfigure/2.3.2.RELEASE/spring-boot-autoconfigure-2.3.2.RELEASE.jar
7fa7f1711000-7fa7f172a000 r--s 000f9000 08:02 2757950                    /home/njenga/.m2/repository/org/springframework/boot/spring-boot/2.3.2.RELEASE/spring-boot-2.3.2.RELEASE.jar
7fa7f172a000-7fa7f1730000 r--s 00031000 08:02 4722983                    /home/njenga/.m2/repository/org/springframework/boot/spring-boot-devtools/2.3.2.RELEASE/spring-boot-devtools-2.3.2.RELEASE.jar
7fa7f1730000-7fa7f174a000 r--s 0022d000 08:02 5249500                    /home/njenga/.m2/repository/mysql/mysql-connector-java/8.0.20/mysql-connector-java-8.0.20.jar
7fa7f174a000-7fa7f174c000 r--s 00006000 08:02 4589616                    /home/njenga/.m2/repository/org/latencyutils/LatencyUtils/2.0.3/LatencyUtils-2.0.3.jar
7fa7f174c000-7fa7f1750000 r--s 00027000 08:02 5249524                    /home/njenga/.m2/repository/org/hdrhistogram/HdrHistogram/2.1.12/HdrHistogram-2.1.12.jar
7fa7f1750000-7fa7f175b000 r--s 00084000 08:02 5249522                    /home/njenga/.m2/repository/io/micrometer/micrometer-core/1.5.3/micrometer-core-1.5.3.jar
7fa7f175b000-7fa7f176c000 r--s 00080000 08:02 5249520                    /home/njenga/.m2/repository/org/springframework/boot/spring-boot-actuator/2.3.2.RELEASE/spring-boot-actuator-2.3.2.RELEASE.jar
7fa7f176c000-7fa7f177d000 r--s 0006d000 08:02 5249518                    /home/njenga/.m2/repository/org/springframework/boot/spring-boot-actuator-autoconfigure/2.3.2.RELEASE/spring-boot-actuator-autoconfigure-2.3.2.RELEASE.jar
7fa7f177d000-7fa7f177e000 r--s 00000000 08:02 4589574                    /home/njenga/.m2/repository/org/springframework/boot/spring-boot-starter-actuator/2.2.2.RELEASE/spring-boot-starter-actuator-2.2.2.RELEASE.jar
7fa7f177e000-7fa7f1783000 r--s 00040000 08:02 4331066                    /home/njenga/.m2/repository/org/springframework/spring-expression/5.2.8.RELEASE/spring-expression-5.2.8.RELEASE.jar
7fa7f1783000-7fa7f1795000 r--s 000d8000 08:02 4722981                    /home/njenga/.m2/repository/org/springframework/spring-webmvc/5.2.8.RELEASE/spring-webmvc-5.2.8.RELEASE.jar
7fa7f1795000-7fa7f17b1000 r--s 00144000 08:02 4722961                    /home/njenga/.m2/repository/org/springframework/spring-web/5.2.8.RELEASE/spring-web-5.2.8.RELEASE.jar
7fa7f17b1000-7fa7f17b7000 r--s 0003c000 08:02 4722978                    /home/njenga/.m2/repository/org/apache/tomcat/embed/tomcat-embed-websocket/9.0.37/tomcat-embed-websocket-9.0.37.jar
7fa7f17b7000-7fa7f17bc000 r--s 00036000 08:02 4589645                    /home/njenga/.m2/repository/org/glassfish/jakarta.el/3.0.3/jakarta.el-3.0.3.jar
7fa7f17bc000-7fa7f17e8000 r--s 0030f000 08:02 4722974                    /home/njenga/.m2/repository/org/apache/tomcat/embed/tomcat-embed-core/9.0.37/tomcat-embed-core-9.0.37.jar
7fa7f17e8000-7fa7f17e9000 r--s 00001000 08:02 4722963                    /home/njenga/.m2/repository/org/springframework/boot/spring-boot-starter-tomcat/2.3.2.RELEASE/spring-boot-starter-tomcat-2.3.2.RELEASE.jar
7fa7f17e9000-7fa7f17eb000 r--s 00001000 08:02 4722964                    /home/njenga/.m2/repository/com/fasterxml/jackson/module/jackson-module-parameter-names/2.11.1/jackson-module-parameter-names-2.11.1.jar
7fa7f17eb000-7fa7f17ef000 r--s 00018000 08:02 4722969                    /home/njenga/.m2/repository/com/fasterxml/jackson/datatype/jackson-datatype-jsr310/2.11.1/jackson-datatype-jsr310-2.11.1.jar
7fa7f17ef000-7fa7f17f1000 r--s 00007000 08:02 4722968                    /home/njenga/.m2/repository/com/fasterxml/jackson/datatype/jackson-datatype-jdk8/2.11.1/jackson-datatype-jdk8-2.11.1.jar
7fa7f17f1000-7fa7f17f2000 r--s 00001000 08:02 4722959                    /home/njenga/.m2/repository/org/springframework/boot/spring-boot-starter-json/2.3.2.RELEASE/spring-boot-starter-json-2.3.2.RELEASE.jar
7fa7f17f2000-7fa7f17f9000 r--s 00045000 08:02 4722864                    /home/njenga/.m2/repository/org/yaml/snakeyaml/1.26/snakeyaml-1.26.jar
7fa7f17f9000-7fa7f17fb000 r--s 00005000 08:02 4589603                    /home/njenga/.m2/repository/jakarta/annotation/jakarta.annotation-api/1.3.5/jakarta.annotation-api-1.3.5.jar
7fa7f17fb000-7fa7f17fd000 r--s 00000000 08:02 4589570                    /home/njenga/.m2/repository/org/slf4j/jul-to-slf4j/1.7.30/jul-to-slf4j-1.7.30.jar
7fa7f17fd000-7fa7f1803000 r--s 00042000 08:02 4722862                    /home/njenga/.m2/repository/org/apache/logging/log4j/log4j-api/2.13.3/log4j-api-2.13.3.jar
7fa7f1803000-7fa7f1805000 r--s 00003000 08:02 4590780                    /home/njenga/.m2/repository/org/apache/logging/log4j/log4j-to-slf4j/2.13.3/log4j-to-slf4j-2.13.3.jar
7fa7f1805000-7fa7f1810000 r--s 00069000 08:02 4589556                    /home/njenga/.m2/repository/ch/qos/logback/logback-core/1.2.3/logback-core-1.2.3.jar
7fa7f1810000-7fa7f1816000 r--s 00041000 08:02 4589551                    /home/njenga/.m2/repository/ch/qos/logback/logback-classic/1.2.3/logback-classic-1.2.3.jar
7fa7f1816000-7fa7f1817000 r--s 00001000 08:02 4590778                    /home/njenga/.m2/repository/org/springframework/boot/spring-boot-starter-logging/2.3.2.RELEASE/spring-boot-starter-logging-2.3.2.RELEASE.jar
7fa7f1817000-7fa7f1818000 r--s 00001000 08:02 2500913                    /home/njenga/.m2/repository/org/springframework/boot/spring-boot-starter/2.3.2.RELEASE/spring-boot-starter-2.3.2.RELEASE.jar
7fa7f1818000-7fa7f1819000 r--s 00001000 08:02 4722954                    /home/njenga/.m2/repository/org/springframework/boot/spring-boot-starter-web/2.3.2.RELEASE/spring-boot-starter-web-2.3.2.RELEASE.jar
7fa7f1819000-7fa7f181b000 r--s 0000a000 08:02 5381905                    /home/njenga/.m2/repository/org/springframework/spring-aspects/5.2.8.RELEASE/spring-aspects-5.2.8.RELEASE.jar
7fa7f181b000-7fa7f181d000 r--s 00009000 08:02 4589809                    /home/njenga/.m2/repository/org/slf4j/slf4j-api/1.7.30/slf4j-api-1.7.30.jar
7fa7f181d000-7fa7f182a000 r--s 0009c000 08:02 4069223                    /home/njenga/.m2/repository/org/springframework/spring-beans/5.2.8.RELEASE/spring-beans-5.2.8.RELEASE.jar
7fa7f182a000-7fa7f1833000 r--s 00044000 08:02 4722866                    /home/njenga/.m2/repository/org/springframework/spring-tx/5.2.8.RELEASE/spring-tx-5.2.8.RELEASE.jar
7fa7f1833000-7fa7f184e000 r--s 00111000 08:02 3547383                    /home/njenga/.m2/repository/org/springframework/spring-context/5.2.8.RELEASE/spring-context-5.2.8.RELEASE.jar
7fa7f184e000-7fa7f1853000 r--s 0002d000 08:02 5249545                    /home/njenga/.m2/repository/org/springframework/spring-orm/5.2.8.RELEASE/spring-orm-5.2.8.RELEASE.jar
7fa7f1853000-7fa7f186b000 r--s 00110000 08:02 4722868                    /home/njenga/.m2/repository/org/springframework/data/spring-data-commons/2.3.2.RELEASE/spring-data-commons-2.3.2.RELEASE.jar
7fa7f186b000-7fa7f1873000 r--s 00052000 08:02 5249543                    /home/njenga/.m2/repository/org/springframework/data/spring-data-jpa/2.3.2.RELEASE/spring-data-jpa-2.3.2.RELEASE.jar
7fa7f1873000-7fa7f1875000 r--s 0000f000 08:02 5381904                    /home/njenga/.m2/repository/com/sun/activation/jakarta.activation/1.2.2/jakarta.activation-1.2.2.jar
7fa7f1875000-7fa7f1877000 r--s 00006000 08:02 5381901                    /home/njenga/.m2/repository/com/sun/istack/istack-commons-runtime/3.0.11/istack-commons-runtime-3.0.11.jar
7fa7f1877000-7fa7f1879000 r--s 00010000 08:02 5381899                    /home/njenga/.m2/repository/org/glassfish/jaxb/txw2/2.3.3/txw2-2.3.3.jar
7fa7f1879000-7fa7f188e000 r--s 000e8000 08:02 5249573                    /home/njenga/.m2/repository/org/glassfish/jaxb/jaxb-runtime/2.3.3/jaxb-runtime-2.3.3.jar
7fa7f188e000-7fa7f1891000 r--s 00010000 08:02 4589506                    /home/njenga/.m2/repository/org/hibernate/common/hibernate-commons-annotations/5.1.0.Final/hibernate-commons-annotations-5.1.0.Final.jar
7fa7f1891000-7fa7f1896000 r--s 0004b000 08:02 5249571                    /home/njenga/.m2/repository/org/dom4j/dom4j/2.1.3/dom4j-2.1.3.jar
7fa7f1896000-7fa7f1898000 r--s 0000f000 08:02 4589596                    /home/njenga/.m2/repository/com/fasterxml/classmate/1.5.1/classmate-1.5.1.jar
7fa7f1898000-7fa7f189b000 r--s 0002d000 08:02 5119726                    /home/njenga/.m2/repository/org/jboss/jandex/2.1.3.Final/jandex-2.1.3.Final.jar
7fa7f189b000-7fa7f18a0000 r--s 00068000 08:02 4589498                    /home/njenga/.m2/repository/antlr/antlr/2.7.7/antlr-2.7.7.jar
7fa7f18a0000-7fa7f18ea000 r--s 00308000 08:02 4856647                    /home/njenga/.m2/repository/net/bytebuddy/byte-buddy/1.10.13/byte-buddy-1.10.13.jar
7fa7f18ea000-7fa7f18f4000 r--s 000b4000 08:02 4589494                    /home/njenga/.m2/repository/org/javassist/javassist/3.24.0-GA/javassist-3.24.0-GA.jar
7fa7f18f4000-7fa7f18f6000 r--s 0000d000 08:02 4589595                    /home/njenga/.m2/repository/org/jboss/logging/jboss-logging/3.4.1.Final/jboss-logging-3.4.1.Final.jar
7fa7f18f6000-7fa7f197d000 r--s 00670000 08:02 4987693                    /home/njenga/.m2/repository/org/hibernate/hibernate-core/5.4.18.Final/hibernate-core-5.4.18.Final.jar
7fa7f197d000-7fa7f1983000 r--s 00023000 08:02 4589486                    /home/njenga/.m2/repository/jakarta/persistence/jakarta.persistence-api/2.2.3/jakarta.persistence-api-2.2.3.jar
7fa7f1983000-7fa7f1984000 r--s 00003000 08:02 4589489                    /home/njenga/.m2/repository/jakarta/transaction/jakarta.transaction-api/1.3.3/jakarta.transaction-api-1.3.3.jar
7fa7f1984000-7fa7f198d000 r--s 0005b000 08:02 5249547                    /home/njenga/.m2/repository/org/springframework/spring-jdbc/5.2.8.RELEASE/spring-jdbc-5.2.8.RELEASE.jar
7fa7f198d000-7fa7f1991000 r--s 00023000 08:02 4856808                    /home/njenga/.m2/repository/com/zaxxer/HikariCP/3.4.5/HikariCP-3.4.5.jar
7fa7f1991000-7fa7f1992000 r--s 00001000 08:02 4723003                    /home/njenga/.m2/repository/org/springframework/boot/spring-boot-starter-jdbc/2.3.2.RELEASE/spring-boot-starter-jdbc-2.3.2.RELEASE.jar
7fa7f1992000-7fa7f19ab000 r--s 001dc000 08:02 4590788                    /home/njenga/.m2/repository/org/aspectj/aspectjweaver/1.9.6/aspectjweaver-1.9.6.jar
7fa7f19ab000-7fa7f19b4000 r--s 00052000 08:02 3807445                    /home/njenga/.m2/repository/org/springframework/spring-aop/5.2.8.RELEASE/spring-aop-5.2.8.RELEASE.jar
7fa7f19b4000-7fa7f19b7000 ---p 00000000 00:00 0 
7fa7f19b7000-7fa7f1ab5000 rw-p 00000000 00:00 0 
7fa7f1ab5000-7fa7f1ebe000 r--p 00000000 08:02 21896633                   /usr/lib/locale/locale-archive
7fa7f1ebe000-7fa7f1ec1000 ---p 00000000 00:00 0 
7fa7f1ec1000-7fa7f1fbf000 rw-p 00000000 00:00 0 
7fa7f1fbf000-7fa7f1fc2000 ---p 00000000 00:00 0 
7fa7f1fc2000-7fa7f20c0000 rw-p 00000000 00:00 0 
7fa7f20c0000-7fa7f20c1000 ---p 00000000 00:00 0 
7fa7f20c1000-7fa7f311e000 rw-p 00000000 00:00 0 
7fa7f311e000-7fa7f32f0000 r--s 03ca5000 08:02 24643171                   /usr/lib/jvm/java-8-openjdk-amd64/jre/lib/rt.jar
7fa7f32f0000-7fa7f9000000 rw-p 00000000 00:00 0 
7fa7f9000000-7fa7f9560000 rwxp 00000000 00:00 0 
7fa7f9560000-7fa808000000 ---p 00000000 00:00 0 
7fa808000000-7fa808935000 rw-p 00000000 00:00 0 
7fa808935000-7fa80c000000 ---p 00000000 00:00 0 
7fa80c000000-7fa80c001000 r--s 00001000 08:02 2233427                    /home/njenga/.m2/repository/org/springframework/boot/spring-boot-starter-aop/2.3.2.RELEASE/spring-boot-starter-aop-2.3.2.RELEASE.jar
7fa80c001000-7fa80c014000 r--s 00346000 08:02 24643175                   /usr/lib/jvm/java-8-openjdk-amd64/jre/lib/resources.jar
7fa80c014000-7fa80c019000 r--s 000a7000 08:02 24643174                   /usr/lib/jvm/java-8-openjdk-amd64/jre/lib/jsse.jar
7fa80c019000-7fa80c01b000 r--s 00016000 08:02 24643113                   /usr/lib/jvm/java-8-openjdk-amd64/jre/lib/jce.jar
7fa80c01b000-7fa80ce62000 rw-p 00000000 00:00 0 
7fa80ce62000-7fa80ce63000 ---p 00000000 00:00 0 
7fa80ce63000-7fa80cf63000 rw-p 00000000 00:00 0 
7fa80cf63000-7fa80cf64000 ---p 00000000 00:00 0 
7fa80cf64000-7fa80d064000 rw-p 00000000 00:00 0 
7fa80d064000-7fa80d065000 ---p 00000000 00:00 0 
7fa80d065000-7fa80d165000 rw-p 00000000 00:00 0 
7fa80d165000-7fa80d166000 ---p 00000000 00:00 0 
7fa80d166000-7fa80d28c000 rw-p 00000000 00:00 0 
7fa80d28c000-7fa80d647000 ---p 00000000 00:00 0 
7fa80d647000-7fa80d66d000 rw-p 00000000 00:00 0 
7fa80d66d000-7fa80da27000 ---p 00000000 00:00 0 
7fa80da27000-7fa80da92000 rw-p 00000000 00:00 0 
7fa80da92000-7fa80dc18000 ---p 00000000 00:00 0 
7fa80dc18000-7fa80dc2f000 rw-p 00000000 00:00 0 
7fa80dc2f000-7fa80dfd9000 ---p 00000000 00:00 0 
7fa80dfd9000-7fa80dfe1000 r-xp 00000000 08:02 24643141                   /usr/lib/jvm/java-8-openjdk-amd64/jre/lib/amd64/libzip.so
7fa80dfe1000-7fa80e1e0000 ---p 00008000 08:02 24643141                   /usr/lib/jvm/java-8-openjdk-amd64/jre/lib/amd64/libzip.so
7fa80e1e0000-7fa80e1e1000 r--p 00007000 08:02 24643141                   /usr/lib/jvm/java-8-openjdk-amd64/jre/lib/amd64/libzip.so
7fa80e1e1000-7fa80e1e2000 rw-p 00008000 08:02 24643141                   /usr/lib/jvm/java-8-openjdk-amd64/jre/lib/amd64/libzip.so
7fa80e1e2000-7fa80e1ed000 r-xp 00000000 08:02 3546248                    /lib/x86_64-linux-gnu/libnss_files-2.23.so
7fa80e1ed000-7fa80e3ec000 ---p 0000b000 08:02 3546248                    /lib/x86_64-linux-gnu/libnss_files-2.23.so
7fa80e3ec000-7fa80e3ed000 r--p 0000a000 08:02 3546248                    /lib/x86_64-linux-gnu/libnss_files-2.23.so
7fa80e3ed000-7fa80e3ee000 rw-p 0000b000 08:02 3546248                    /lib/x86_64-linux-gnu/libnss_files-2.23.so
7fa80e3ee000-7fa80e3f4000 rw-p 00000000 00:00 0 
7fa80e3f4000-7fa80e3ff000 r-xp 00000000 08:02 3546252                    /lib/x86_64-linux-gnu/libnss_nis-2.23.so
7fa80e3ff000-7fa80e5fe000 ---p 0000b000 08:02 3546252                    /lib/x86_64-linux-gnu/libnss_nis-2.23.so
7fa80e5fe000-7fa80e5ff000 r--p 0000a000 08:02 3546252                    /lib/x86_64-linux-gnu/libnss_nis-2.23.so
7fa80e5ff000-7fa80e600000 rw-p 0000b000 08:02 3546252                    /lib/x86_64-linux-gnu/libnss_nis-2.23.so
7fa80e600000-7fa80e616000 r-xp 00000000 08:02 3546238                    /lib/x86_64-linux-gnu/libnsl-2.23.so
7fa80e616000-7fa80e815000 ---p 00016000 08:02 3546238                    /lib/x86_64-linux-gnu/libnsl-2.23.so
7fa80e815000-7fa80e816000 r--p 00015000 08:02 3546238                    /lib/x86_64-linux-gnu/libnsl-2.23.so
7fa80e816000-7fa80e817000 rw-p 00016000 08:02 3546238                    /lib/x86_64-linux-gnu/libnsl-2.23.so
7fa80e817000-7fa80e819000 rw-p 00000000 00:00 0 
7fa80e819000-7fa80e821000 r-xp 00000000 08:02 3546250                    /lib/x86_64-linux-gnu/libnss_compat-2.23.so
7fa80e821000-7fa80ea20000 ---p 00008000 08:02 3546250                    /lib/x86_64-linux-gnu/libnss_compat-2.23.so
7fa80ea20000-7fa80ea21000 r--p 00007000 08:02 3546250                    /lib/x86_64-linux-gnu/libnss_compat-2.23.so
7fa80ea21000-7fa80ea22000 rw-p 00008000 08:02 3546250                    /lib/x86_64-linux-gnu/libnss_compat-2.23.so
7fa80ea22000-7fa80ea2c000 r-xp 00000000 08:02 24643145                   /usr/lib/jvm/java-8-openjdk-amd64/jre/lib/amd64/libinstrument.so
7fa80ea2c000-7fa80ec2b000 ---p 0000a000 08:02 24643145                   /usr/lib/jvm/java-8-openjdk-amd64/jre/lib/amd64/libinstrument.so
7fa80ec2b000-7fa80ec2c000 r--p 00009000 08:02 24643145                   /usr/lib/jvm/java-8-openjdk-amd64/jre/lib/amd64/libinstrument.so
7fa80ec2c000-7fa80ec2d000 rw-p 0000a000 08:02 24643145                   /usr/lib/jvm/java-8-openjdk-amd64/jre/lib/amd64/libinstrument.so
7fa80ec2d000-7fa80ec56000 r-xp 00000000 08:02 24643133                   /usr/lib/jvm/java-8-openjdk-amd64/jre/lib/amd64/libjava.so
7fa80ec56000-7fa80ee56000 ---p 00029000 08:02 24643133                   /usr/lib/jvm/java-8-openjdk-amd64/jre/lib/amd64/libjava.so
7fa80ee56000-7fa80ee57000 r--p 00029000 08:02 24643133                   /usr/lib/jvm/java-8-openjdk-amd64/jre/lib/amd64/libjava.so
7fa80ee57000-7fa80ee59000 rw-p 0002a000 08:02 24643133                   /usr/lib/jvm/java-8-openjdk-amd64/jre/lib/amd64/libjava.so
7fa80ee59000-7fa80ee68000 r-xp 00000000 08:02 24643155                   /usr/lib/jvm/java-8-openjdk-amd64/jre/lib/amd64/libverify.so
7fa80ee68000-7fa80f067000 ---p 0000f000 08:02 24643155                   /usr/lib/jvm/java-8-openjdk-amd64/jre/lib/amd64/libverify.so
7fa80f067000-7fa80f069000 r--p 0000e000 08:02 24643155                   /usr/lib/jvm/java-8-openjdk-amd64/jre/lib/amd64/libverify.so
7fa80f069000-7fa80f06a000 rw-p 00010000 08:02 24643155                   /usr/lib/jvm/java-8-openjdk-amd64/jre/lib/amd64/libverify.so
7fa80f06a000-7fa80f071000 r-xp 00000000 08:02 3546255                    /lib/x86_64-linux-gnu/librt-2.23.so
7fa80f071000-7fa80f270000 ---p 00007000 08:02 3546255                    /lib/x86_64-linux-gnu/librt-2.23.so
7fa80f270000-7fa80f271000 r--p 00006000 08:02 3546255                    /lib/x86_64-linux-gnu/librt-2.23.so
7fa80f271000-7fa80f272000 rw-p 00007000 08:02 3546255                    /lib/x86_64-linux-gnu/librt-2.23.so
7fa80f272000-7fa80f288000 r-xp 00000000 08:02 3543525                    /lib/x86_64-linux-gnu/libgcc_s.so.1
7fa80f288000-7fa80f487000 ---p 00016000 08:02 3543525                    /lib/x86_64-linux-gnu/libgcc_s.so.1
7fa80f487000-7fa80f488000 rw-p 00015000 08:02 3543525                    /lib/x86_64-linux-gnu/libgcc_s.so.1
7fa80f488000-7fa80f590000 r-xp 00000000 08:02 3546239                    /lib/x86_64-linux-gnu/libm-2.23.so
7fa80f590000-7fa80f78f000 ---p 00108000 08:02 3546239                    /lib/x86_64-linux-gnu/libm-2.23.so
7fa80f78f000-7fa80f790000 r--p 00107000 08:02 3546239                    /lib/x86_64-linux-gnu/libm-2.23.so
7fa80f790000-7fa80f791000 rw-p 00108000 08:02 3546239                    /lib/x86_64-linux-gnu/libm-2.23.so
7fa80f791000-7fa80f903000 r-xp 00000000 08:02 21890876                   /usr/lib/x86_64-linux-gnu/libstdc++.so.6.0.21
7fa80f903000-7fa80fb03000 ---p 00172000 08:02 21890876                   /usr/lib/x86_64-linux-gnu/libstdc++.so.6.0.21
7fa80fb03000-7fa80fb0d000 r--p 00172000 08:02 21890876                   /usr/lib/x86_64-linux-gnu/libstdc++.so.6.0.21
7fa80fb0d000-7fa80fb0f000 rw-p 0017c000 08:02 21890876                   /usr/lib/x86_64-linux-gnu/libstdc++.so.6.0.21
7fa80fb0f000-7fa80fb13000 rw-p 00000000 00:00 0 
7fa80fb13000-7fa81077b000 r-xp 00000000 08:02 24643135                   /usr/lib/jvm/java-8-openjdk-amd64/jre/lib/amd64/server/libjvm.so
7fa81077b000-7fa81097b000 ---p 00c68000 08:02 24643135                   /usr/lib/jvm/java-8-openjdk-amd64/jre/lib/amd64/server/libjvm.so
7fa81097b000-7fa810a0f000 r--p 00c68000 08:02 24643135                   /usr/lib/jvm/java-8-openjdk-amd64/jre/lib/amd64/server/libjvm.so
7fa810a0f000-7fa810a38000 rw-p 00cfc000 08:02 24643135                   /usr/lib/jvm/java-8-openjdk-amd64/jre/lib/amd64/server/libjvm.so
7fa810a38000-7fa810a68000 rw-p 00000000 00:00 0 
7fa810a68000-7fa810a80000 r-xp 00000000 08:02 3546236                    /lib/x86_64-linux-gnu/libpthread-2.23.so
7fa810a80000-7fa810c7f000 ---p 00018000 08:02 3546236                    /lib/x86_64-linux-gnu/libpthread-2.23.so
7fa810c7f000-7fa810c80000 r--p 00017000 08:02 3546236                    /lib/x86_64-linux-gnu/libpthread-2.23.so
7fa810c80000-7fa810c81000 rw-p 00018000 08:02 3546236                    /lib/x86_64-linux-gnu/libpthread-2.23.so
7fa810c81000-7fa810c85000 rw-p 00000000 00:00 0 
7fa810c85000-7fa810c88000 r-xp 00000000 08:02 3546233                    /lib/x86_64-linux-gnu/libdl-2.23.so
7fa810c88000-7fa810e87000 ---p 00003000 08:02 3546233                    /lib/x86_64-linux-gnu/libdl-2.23.so
7fa810e87000-7fa810e88000 r--p 00002000 08:02 3546233                    /lib/x86_64-linux-gnu/libdl-2.23.so
7fa810e88000-7fa810e89000 rw-p 00003000 08:02 3546233                    /lib/x86_64-linux-gnu/libdl-2.23.so
7fa810e89000-7fa810ea2000 r-xp 00000000 08:02 3543678                    /lib/x86_64-linux-gnu/libz.so.1.2.8
7fa810ea2000-7fa8110a1000 ---p 00019000 08:02 3543678                    /lib/x86_64-linux-gnu/libz.so.1.2.8
7fa8110a1000-7fa8110a2000 r--p 00018000 08:02 3543678                    /lib/x86_64-linux-gnu/libz.so.1.2.8
7fa8110a2000-7fa8110a3000 rw-p 00019000 08:02 3543678                    /lib/x86_64-linux-gnu/libz.so.1.2.8
7fa8110a3000-7fa811263000 r-xp 00000000 08:02 3546235                    /lib/x86_64-linux-gnu/libc-2.23.so
7fa811263000-7fa811463000 ---p 001c0000 08:02 3546235                    /lib/x86_64-linux-gnu/libc-2.23.so
7fa811463000-7fa811467000 r--p 001c0000 08:02 3546235                    /lib/x86_64-linux-gnu/libc-2.23.so
7fa811467000-7fa811469000 rw-p 001c4000 08:02 3546235                    /lib/x86_64-linux-gnu/libc-2.23.so
7fa811469000-7fa81146d000 rw-p 00000000 00:00 0 
7fa81146d000-7fa81147a000 r-xp 00000000 08:02 24643132                   /usr/lib/jvm/java-8-openjdk-amd64/jre/lib/amd64/jli/libjli.so
7fa81147a000-7fa81167a000 ---p 0000d000 08:02 24643132                   /usr/lib/jvm/java-8-openjdk-amd64/jre/lib/amd64/jli/libjli.so
7fa81167a000-7fa81167b000 r--p 0000d000 08:02 24643132                   /usr/lib/jvm/java-8-openjdk-amd64/jre/lib/amd64/jli/libjli.so
7fa81167b000-7fa81167c000 rw-p 0000e000 08:02 24643132                   /usr/lib/jvm/java-8-openjdk-amd64/jre/lib/amd64/jli/libjli.so
7fa81167c000-7fa8116a2000 r-xp 00000000 08:02 3546246                    /lib/x86_64-linux-gnu/ld-2.23.so
7fa8116a2000-7fa8116a3000 r--s 00001000 08:02 29106031                   /home/njenga/.m2/repository/org/springframework/boot/spring-boot-starter-data-jpa/2.3.2.RELEASE/spring-boot-starter-data-jpa-2.3.2.RELEASE.jar
7fa8116a3000-7fa8116a8000 r--s 002f9000 08:02 24643112                   /usr/lib/jvm/java-8-openjdk-amd64/jre/lib/charsets.jar
7fa8116a8000-7fa8116b2000 r--s 00116000 08:02 24643191                   /usr/lib/jvm/java-8-openjdk-amd64/jre/lib/ext/localedata.jar
7fa8116b2000-7fa8116cd000 r--s 001d6000 08:02 24643188                   /usr/lib/jvm/java-8-openjdk-amd64/jre/lib/ext/nashorn.jar
7fa8116cd000-7fa8116e8000 r--s 00394000 08:02 24643193                   /usr/lib/jvm/java-8-openjdk-amd64/jre/lib/ext/cldrdata.jar
7fa8116e8000-7fa81177e000 rw-p 00000000 00:00 0 
7fa81177e000-7fa811781000 ---p 00000000 00:00 0 
7fa811781000-7fa811883000 rw-p 00000000 00:00 0 
7fa811883000-7fa811884000 r--s 00000000 08:02 24643170                   /usr/lib/jvm/java-8-openjdk-amd64/jre/lib/management-agent.jar
7fa811884000-7fa811886000 r--s 00001000 08:02 24643190                   /usr/lib/jvm/java-8-openjdk-amd64/jre/lib/ext/dnsns.jar
7fa811886000-7fa81188c000 r--s 0003d000 08:02 24643187                   /usr/lib/jvm/java-8-openjdk-amd64/jre/lib/ext/sunjce_provider.jar
7fa81188c000-7fa81188f000 r--s 0000f000 08:02 24643194                   /usr/lib/jvm/java-8-openjdk-amd64/jre/lib/ext/icedtea-sound.jar
7fa81188f000-7fa811890000 r--s 0000a000 08:02 24643192                   /usr/lib/jvm/java-8-openjdk-amd64/jre/lib/ext/jaccess.jar
7fa811890000-7fa811891000 r--s 0000d000 08:02 24643189                   /usr/lib/jvm/java-8-openjdk-amd64/jre/lib/ext/sunec.jar
7fa811891000-7fa811895000 r--s 0003a000 08:02 24643196                   /usr/lib/jvm/java-8-openjdk-amd64/jre/lib/ext/sunpkcs11.jar
7fa811895000-7fa811896000 r--s 00010000 08:02 24643195                   /usr/lib/jvm/java-8-openjdk-amd64/jre/lib/ext/zipfs.jar
7fa811896000-7fa81189e000 rw-s 00000000 08:02 10627073                   /tmp/hsperfdata_njenga/13565
7fa81189e000-7fa81189f000 rw-p 00000000 00:00 0 
7fa81189f000-7fa8118a0000 r--p 00000000 00:00 0 
7fa8118a0000-7fa8118a1000 rw-p 00000000 00:00 0 
7fa8118a1000-7fa8118a2000 r--p 00025000 08:02 3546246                    /lib/x86_64-linux-gnu/ld-2.23.so
7fa8118a2000-7fa8118a3000 rw-p 00026000 08:02 3546246                    /lib/x86_64-linux-gnu/ld-2.23.so
7fa8118a3000-7fa8118a4000 rw-p 00000000 00:00 0 
7ffd5a3bc000-7ffd5a3e0000 rw-p 00000000 00:00 0                          [stack]
7ffd5a3fc000-7ffd5a3fe000 r--p 00000000 00:00 0                          [vvar]
7ffd5a3fe000-7ffd5a400000 r-xp 00000000 00:00 0                          [vdso]
ffffffffff600000-ffffffffff601000 r-xp 00000000 00:00 0                  [vsyscall]

VM Arguments:
jvm_args: -XX:TieredStopAtLevel=1 -Xverify:none -Dspring.output.ansi.enabled=always -Dcom.sun.management.jmxremote -Dspring.jmx.enabled=true -Dspring.liveBeansView.mbeanDomain -Dspring.application.admin.enabled=true -javaagent:/home/njenga/Downloads/idea-IU-201.7846.76/lib/idea_rt.jar=38551:/home/njenga/Downloads/idea-IU-201.7846.76/bin -Dfile.encoding=UTF-8 
java_command: com.kisokolab.authserver.AuthserverApplication
java_class_path (initial): /usr/lib/jvm/java-1.8.0-openjdk-amd64/jre/lib/charsets.jar:/usr/lib/jvm/java-1.8.0-openjdk-amd64/jre/lib/ext/cldrdata.jar:/usr/lib/jvm/java-1.8.0-openjdk-amd64/jre/lib/ext/dnsns.jar:/usr/lib/jvm/java-1.8.0-openjdk-amd64/jre/lib/ext/icedtea-sound.jar:/usr/lib/jvm/java-1.8.0-openjdk-amd64/jre/lib/ext/jaccess.jar:/usr/lib/jvm/java-1.8.0-openjdk-amd64/jre/lib/ext/localedata.jar:/usr/lib/jvm/java-1.8.0-openjdk-amd64/jre/lib/ext/nashorn.jar:/usr/lib/jvm/java-1.8.0-openjdk-amd64/jre/lib/ext/sunec.jar:/usr/lib/jvm/java-1.8.0-openjdk-amd64/jre/lib/ext/sunjce_provider.jar:/usr/lib/jvm/java-1.8.0-openjdk-amd64/jre/lib/ext/sunpkcs11.jar:/usr/lib/jvm/java-1.8.0-openjdk-amd64/jre/lib/ext/zipfs.jar:/usr/lib/jvm/java-1.8.0-openjdk-amd64/jre/lib/jce.jar:/usr/lib/jvm/java-1.8.0-openjdk-amd64/jre/lib/jsse.jar:/usr/lib/jvm/java-1.8.0-openjdk-amd64/jre/lib/management-agent.jar:/usr/lib/jvm/java-1.8.0-openjdk-amd64/jre/lib/resources.jar:/usr/lib/jvm/java-1.8.0-openjdk-amd64/jre/lib/rt.jar:/home/njenga/Desktop/project/kisokolab/authserver/target/classes:/home/njenga/.m2/repository/org/springframework/boot/spring-boot-starter-data-jpa/2.3.2.RELEASE/spring-boot-starter-data-jpa-2.3.2.RELEASE.jar:/home/njenga/.m2/repository/org/springframework/boot/spring-boot-starter-aop/2.3.2.RELEASE/spring-boot-starter-aop-2.3.2.RELEASE.jar:/home/njenga/.m2/repository/org/springframework/spring-aop/5.2.8.RELEASE/spring-aop-5.2.8.RELEASE.jar:/home/njenga/.m2/repository/org/aspectj/aspectjweaver/1.9.6/aspectjweaver-1.9.6.jar:/home/njenga/.m2/repository/org/springframework/boot/spring-boot-starter-jdbc/2.3.2.RELEASE/spring-boot-starter-jdbc-2.3.2.RELEASE.jar:/home/njenga/.m2/repository/com/zaxxer/HikariCP/3.4.5/HikariCP-3.4.5.jar:/home/njenga/.m2/repository/org/springframework/spring-jdbc/5.2.8.RELEASE/spring-jdbc-5.2.8.RELEASE.jar:/home/njenga/.m2/repository/jakarta/transaction/jakarta.transaction-api/1.3.3/jakarta.transaction-api-1.3.3.jar:/home/njenga/.m2/repository/jakarta/pe
Launcher Type: SUN_STANDARD

Environment Variables:
JAVA_HOME=/usr/lib/jvm/jdk1.8.0_251
PATH=/home/njenga/bin:/home/njenga/.local/bin:/usr/local/sbin:/usr/local/bin:/usr/sbin:/usr/bin:/sbin:/bin:/usr/games:/usr/local/games
SHELL=/usr/bin/zsh
DISPLAY=:0

Signal Handlers:
SIGSEGV: [libjvm.so+0xa7bb00], sa_mask[0]=11111111011111111101111111111110, sa_flags=SA_RESTART|SA_SIGINFO
SIGBUS: [libjvm.so+0xa7bb00], sa_mask[0]=11111111011111111101111111111110, sa_flags=SA_RESTART|SA_SIGINFO
SIGFPE: [libjvm.so+0x8c3d50], sa_mask[0]=11111111011111111101111111111110, sa_flags=SA_RESTART|SA_SIGINFO
SIGPIPE: [libjvm.so+0x8c3d50], sa_mask[0]=11111111011111111101111111111110, sa_flags=SA_RESTART|SA_SIGINFO
SIGXFSZ: [libjvm.so+0x8c3d50], sa_mask[0]=11111111011111111101111111111110, sa_flags=SA_RESTART|SA_SIGINFO
SIGILL: [libjvm.so+0x8c3d50], sa_mask[0]=11111111011111111101111111111110, sa_flags=SA_RESTART|SA_SIGINFO
SIGUSR1: SIG_DFL, sa_mask[0]=00000000000000000000000000000000, sa_flags=none
SIGUSR2: [libjvm.so+0x8c3c00], sa_mask[0]=00100000000000000000000000000000, sa_flags=SA_RESTART|SA_SIGINFO
SIGHUP: [libjvm.so+0x8c4290], sa_mask[0]=11111111011111111101111111111110, sa_flags=SA_RESTART|SA_SIGINFO
SIGINT: [libjvm.so+0x8c4290], sa_mask[0]=11111111011111111101111111111110, sa_flags=SA_RESTART|SA_SIGINFO
SIGTERM: [libjvm.so+0x8c4290], sa_mask[0]=11111111011111111101111111111110, sa_flags=SA_RESTART|SA_SIGINFO
SIGQUIT: [libjvm.so+0x8c4290], sa_mask[0]=11111111011111111101111111111110, sa_flags=SA_RESTART|SA_SIGINFO


---------------  S Y S T E M  ---------------

OS:DISTRIB_ID=LinuxMint
DISTRIB_RELEASE=18.2
DISTRIB_CODENAME=sonya
DISTRIB_DESCRIPTION="Linux Mint 18.2 Sonya"

uname:Linux 4.8.0-53-generic #56~16.04.1-Ubuntu SMP Tue May 16 01:18:56 UTC 2017 x86_64
libc:glibc 2.23 NPTL 2.23 
rlimit: STACK 8192k, CORE 0k, NPROC 47183, NOFILE 65536, AS infinity
load average:1.32 1.04 0.97

/proc/meminfo:
MemTotal:       12192948 kB
MemFree:          181080 kB
MemAvailable:    1196452 kB
Buffers:          532068 kB
Cached:          1334648 kB
SwapCached:        22296 kB
Active:          9540108 kB
Inactive:        2015940 kB
Active(anon):    8797196 kB
Inactive(anon):  1554644 kB
Active(file):     742912 kB
Inactive(file):   461296 kB
Unevictable:         120 kB
Mlocked:             120 kB
SwapTotal:       4083708 kB
SwapFree:        2611172 kB
Dirty:             13300 kB
Writeback:             0 kB
AnonPages:       9615256 kB
Mapped:           796260 kB
Shmem:            662508 kB
Slab:             211944 kB
SReclaimable:      99340 kB
SUnreclaim:       112604 kB
KernelStack:       25152 kB
PageTables:       113736 kB
NFS_Unstable:          0 kB
Bounce:                0 kB
WritebackTmp:          0 kB
CommitLimit:    10180180 kB
Committed_AS:   23607912 kB
VmallocTotal:   34359738367 kB
VmallocUsed:           0 kB
VmallocChunk:          0 kB
HardwareCorrupted:     0 kB
AnonHugePages:   4968448 kB
ShmemHugePages:        0 kB
ShmemPmdMapped:        0 kB
CmaTotal:              0 kB
CmaFree:               0 kB
HugePages_Total:       0
HugePages_Free:        0
HugePages_Rsvd:        0
HugePages_Surp:        0
Hugepagesize:       2048 kB
DirectMap4k:      402176 kB
DirectMap2M:    12070912 kB
DirectMap1G:     1048576 kB

container (cgroup) information:
container_type: cgroupv1
cpu_cpuset_cpus: 0-3
cpu_memory_nodes: 0
active_processor_count: 4
cpu_quota: -1
cpu_period: 100000
cpu_shares: -1
memory_limit_in_bytes: -1
memory_and_swap_limit_in_bytes: -2
memory_soft_limit_in_bytes: -1
memory_usage_in_bytes: 9485463552
memory_max_usage_in_bytes: 9876430848


CPU:total 4 (initial active 4) (2 cores per cpu, 2 threads per core) family 6 model 69 stepping 1, cmov, cx8, fxsr, mmx, sse, sse2, sse3, ssse3, sse4.1, sse4.2, popcnt, avx, avx2, aes, clmul, erms, lzcnt, ht, tsc, tscinvbit, bmi1, bmi2

/proc/cpuinfo:
processor	: 0
vendor_id	: GenuineIntel
cpu family	: 6
model		: 69
model name	: Intel(R) Core(TM) i5-4210U CPU @ 1.70GHz
stepping	: 1
microcode	: 0x26
cpu MHz		: 2400.000
cache size	: 3072 KB
physical id	: 0
siblings	: 4
core id		: 0
cpu cores	: 2
apicid		: 0
initial apicid	: 0
fpu		: yes
fpu_exception	: yes
cpuid level	: 13
wp		: yes
flags		: fpu vme de pse tsc msr pae mce cx8 apic sep mtrr pge mca cmov pat pse36 clflush dts acpi mmx fxsr sse sse2 ss ht tm pbe syscall nx pdpe1gb rdtscp lm constant_tsc arch_perfmon pebs bts rep_good nopl xtopology nonstop_tsc aperfmperf eagerfpu pni pclmulqdq dtes64 monitor ds_cpl vmx est tm2 ssse3 sdbg fma cx16 xtpr pdcm pcid sse4_1 sse4_2 movbe popcnt tsc_deadline_timer aes xsave avx f16c rdrand lahf_lm abm epb tpr_shadow vnmi flexpriority ept vpid fsgsbase tsc_adjust bmi1 avx2 smep bmi2 erms invpcid xsaveopt dtherm ida arat pln pts
bugs		:
bogomips	: 4788.85
clflush size	: 64
cache_alignment	: 64
address sizes	: 39 bits physical, 48 bits virtual
power management:

processor	: 1
vendor_id	: GenuineIntel
cpu family	: 6
model		: 69
model name	: Intel(R) Core(TM) i5-4210U CPU @ 1.70GHz
stepping	: 1
microcode	: 0x26
cpu MHz		: 2400.000
cache size	: 3072 KB
physical id	: 0
siblings	: 4
core id		: 0
cpu cores	: 2
apicid		: 1
initial apicid	: 1
fpu		: yes
fpu_exception	: yes
cpuid level	: 13
wp		: yes
flags		: fpu vme de pse tsc msr pae mce cx8 apic sep mtrr pge mca cmov pat pse36 clflush dts acpi mmx fxsr sse sse2 ss ht tm pbe syscall nx pdpe1gb rdtscp lm constant_tsc arch_perfmon pebs bts rep_good nopl xtopology nonstop_tsc aperfmperf eagerfpu pni pclmulqdq dtes64 monitor ds_cpl vmx est tm2 ssse3 sdbg fma cx16 xtpr pdcm pcid sse4_1 sse4_2 movbe popcnt tsc_deadline_timer aes xsave avx f16c rdrand lahf_lm abm epb tpr_shadow vnmi flexpriority ept vpid fsgsbase tsc_adjust bmi1 avx2 smep bmi2 erms invpcid xsaveopt dtherm ida arat pln pts
bugs		:
bogomips	: 4788.85
clflush size	: 64
cache_alignment	: 64
address sizes	: 39 bits physical, 48 bits virtual
power management:

processor	: 2
vendor_id	: GenuineIntel
cpu family	: 6
model		: 69
model name	: Intel(R) Core(TM) i5-4210U CPU @ 1.70GHz
stepping	: 1
microcode	: 0x26
cpu MHz		: 2556.884
cache size	: 3072 KB
physical id	: 0
siblings	: 4
core id		: 1
cpu cores	: 2
apicid		: 2
initial apicid	: 2
fpu		: yes
fpu_exception	: yes
cpuid level	: 13
wp		: yes
flags		: fpu vme de pse tsc msr pae mce cx8 apic sep mtrr pge mca cmov pat pse36 clflush dts acpi mmx fxsr sse sse2 ss ht tm pbe syscall nx pdpe1gb rdtscp lm constant_tsc arch_perfmon pebs bts rep_good nopl xtopology nonstop_tsc aperfmperf eagerfpu pni pclmulqdq dtes64 monitor ds_cpl vmx est tm2 ssse3 sdbg fma cx16 xtpr pdcm pcid sse4_1 sse4_2 movbe popcnt tsc_deadline_timer aes xsave avx f16c rdrand lahf_lm abm epb tpr_shadow vnmi flexpriority ept vpid fsgsbase tsc_adjust bmi1 avx2 smep bmi2 erms invpcid xsaveopt dtherm ida arat pln pts
bugs		:
bogomips	: 4788.85
clflush size	: 64
cache_alignment	: 64
address sizes	: 39 bits physical, 48 bits virtual
power management:

processor	: 3
vendor_id	: GenuineIntel
cpu family	: 6
model		: 69
model name	: Intel(R) Core(TM) i5-4210U CPU @ 1.70GHz
stepping	: 1
microcode	: 0x26
cpu MHz		: 2399.853
cache size	: 3072 KB
physical id	: 0
siblings	: 4
core id		: 1
cpu cores	: 2
apicid		: 3
initial apicid	: 3
fpu		: yes
fpu_exception	: yes
cpuid level	: 13
wp		: yes
flags		: fpu vme de pse tsc msr pae mce cx8 apic sep mtrr pge mca cmov pat pse36 clflush dts acpi mmx fxsr sse sse2 ss ht tm pbe syscall nx pdpe1gb rdtscp lm constant_tsc arch_perfmon pebs bts rep_good nopl xtopology nonstop_tsc aperfmperf eagerfpu pni pclmulqdq dtes64 monitor ds_cpl vmx est tm2 ssse3 sdbg fma cx16 xtpr pdcm pcid sse4_1 sse4_2 movbe popcnt tsc_deadline_timer aes xsave avx f16c rdrand lahf_lm abm epb tpr_shadow vnmi flexpriority ept vpid fsgsbase tsc_adjust bmi1 avx2 smep bmi2 erms invpcid xsaveopt dtherm ida arat pln pts
bugs		:
bogomips	: 4788.85
clflush size	: 64
cache_alignment	: 64
address sizes	: 39 bits physical, 48 bits virtual
power management:



Memory: 4k page, physical 12192948k(181080k free), swap 4083708k(2611172k free)

vm_info: OpenJDK 64-Bit Server VM (25.252-b09) for linux-amd64 JRE (1.8.0_252-8u252-b09-1~16.04-b09), built on Apr 15 2020 21:06:51 by "buildd" with gcc 5.4.0 20160609

time: Mon Aug 10 13:57:07 2020
timezone: EAT
elapsed time: 3 seconds (0d 0h 0m 3s)

