#
# A fatal error has been detected by the Java Runtime Environment:
#
#  SIGSEGV (0xb) at pc=0x00007fd9e3add3a6, pid=13389, tid=0x00007fd9c57de700
#
# JRE version: OpenJDK Runtime Environment (8.0_252-b09) (build 1.8.0_252-8u252-b09-1~16.04-b09)
# Java VM: OpenJDK 64-Bit Server VM (25.252-b09 mixed mode linux-amd64 compressed oops)
# Problematic frame:
# V  [libjvm.so+0x7653a6]
#
# Failed to write core dump. Core dumps have been disabled. To enable core dumping, try "ulimit -c unlimited" before starting Java again
#
# If you would like to submit a bug report, please visit:
#   http://bugreport.java.com/bugreport/crash.jsp
#

---------------  T H R E A D  ---------------

Current thread (0x00007fd96c002800):  JavaThread "restartedMain" [_thread_in_vm, id=13430, stack(0x00007fd9c56de000,0x00007fd9c57df000)]

siginfo: si_signo: 11 (SIGSEGV), si_code: 1 (SEGV_MAPERR), si_addr: 0x0000000000000008

Registers:
RAX=0x00000000000001a8, RBX=0x00007fd990244f10, RCX=0x000000000000001f, RDX=0x00000007c031df50
RSP=0x00007fd9c57dbe80, RBP=0x00007fd9c57dbfb0, RSI=0x0000000000000000, RDI=0x00000007c031df40
R8 =0x00007fd9c4e31338, R9 =0x00007fd96c002d10, R10=0x00007fd9700ee040, R11=0x000000000000000c
R12=0x000000070600c9b8, R13=0x0000000000000000, R14=0x0000000000000010, R15=0x0000000000000002
RIP=0x00007fd9e3add3a6, EFLAGS=0x0000000000010206, CSGSFS=0x002b000000000033, ERR=0x0000000000000004
  TRAPNO=0x000000000000000e

Top of Stack: (sp=0x00007fd9c57dbe80)
0x00007fd9c57dbe80:   00007fd96c001920 00007fd9c57dbf50
0x00007fd9c57dbe90:   00000007c031df40 ffffffffffffffff
0x00007fd9c57dbea0:   00007fd9c57dbef0 00007fd9c49d7130
0x00007fd9c57dbeb0:   00007fd9c57dbec0 00007fd9e3d9d366
0x00007fd9c57dbec0:   00007fd9c57dbf60 00007fd970595930
0x00007fd9c57dbed0:   00007fd9641b55b0 00000000000003d8
0x00007fd9c57dbee0:   00007fd9902452e8 00007fd990244f30
0x00007fd9c57dbef0:   00000007c0147dd0 00000007c031df40
0x00007fd9c57dbf00:   01007fd990244f00 0000000000000000
0x00007fd9c57dbf10:   00007fd990244f00 00007fd96c002d08
0x00007fd9c57dbf20:   00007fd9c57dc000 00007fd9e3cdb600
0x00007fd9c57dbf30:   00007fd96c002800 00007fd9c57dc020
0x00007fd9c57dbf40:   00007fd9641b5580 0000000000000005
0x00007fd9c57dbf50:   00007fd9c4e31338 00007fd96c002800
0x00007fd9c57dbf60:   00007fd9c49d6ad0 00000007c0147dd0
0x00007fd9c57dbf70:   0000000000000005 bf15417d6c9f1900
0x00007fd9c57dbf80:   00007fd9c57dbfa0 00007fd96c002800
0x00007fd9c57dbf90:   00007fd9c49d7138 00007fd9c57dc030
0x00007fd9c57dbfa0:   00007fd9c49d73a0 00007fd990244f10
0x00007fd9c57dbfb0:   00007fd9c57dc0a0 00007fd9e3adf32a
0x00007fd9c57dbfc0:   00007fd96c002800 00007fd9e3adf2ab
0x00007fd9c57dbfd0:   00007fd90000000b bf15417d6c9f1900
0x00007fd9c57dbfe0:   00007fd900000054 0000000000000000
0x00007fd9c57dbff0:   00007fd96c002800 00000001c57dc050
0x00007fd9c57dc000:   00007fd9c49d7198 00007fd900000001
0x00007fd9c57dc010:   00007fd9c57dc020 0000000500000005
0x00007fd9c57dc020:   00007fd9c49d73a0 00007fd96c002800
0x00007fd9c57dc030:   00007fd96c002800 00007fd96c001960
0x00007fd9c57dc040:   00007fd96c002cb0 00007fd96c002d08
0x00007fd9c57dc050:   00007fd96c002d98 00000000000000d8
0x00007fd9c57dc060:   00007fd9c57dc220 bf15417d6c9f1900
0x00007fd9c57dc070:   0000000000000005 00007fd96c002800 

Instructions: (pc=0x00007fd9e3add3a6)
0x00007fd9e3add386:   48 8d 45 b0 48 89 85 10 ff ff ff eb 40 0f 1f 44
0x00007fd9e3add396:   00 00 48 63 43 08 4c 89 f2 48 03 13 4c 8b 2c 02
0x00007fd9e3add3a6:   49 8b 45 08 48 8b 7d 90 0f b7 48 22 48 8b 50 08
0x00007fd9e3add3b6:   48 3b 7c ca 50 0f 84 0f 01 00 00 41 83 c7 01 49 

Register to memory mapping:

RAX=0x00000000000001a8 is an unknown value
RBX=0x00007fd990244f10 is an unknown value
RCX=0x000000000000001f is an unknown value
RDX=0x00000007c031df50 is pointing into metadata
RSP=0x00007fd9c57dbe80 is pointing into the stack for thread: 0x00007fd96c002800
RBP=0x00007fd9c57dbfb0 is pointing into the stack for thread: 0x00007fd96c002800
RSI=0x0000000000000000 is an unknown value
RDI=0x00000007c031df40 is pointing into metadata
R8 ={method} {0x00007fd9c4e31338} 'authenticationManagerBean' '()Lorg/springframework/security/authentication/AuthenticationManager;' in 'com/kisokolab/authserver/config/SecurityConfig'
R9 =0x00007fd96c002d10 is an unknown value
R10=0x00007fd9700ee040 is an unknown value
R11=0x000000000000000c is an unknown value
R12=0x000000070600c9b8 is an oop
org.springframework.boot.devtools.restart.classloader.RestartClassLoader 
 - klass: 'org/springframework/boot/devtools/restart/classloader/RestartClassLoader'
R13=0x0000000000000000 is an unknown value
R14=0x0000000000000010 is an unknown value
R15=0x0000000000000002 is an unknown value


Stack: [0x00007fd9c56de000,0x00007fd9c57df000],  sp=0x00007fd9c57dbe80,  free space=1015k
Native frames: (J=compiled Java code, j=interpreted, Vv=VM code, C=native code)
V  [libjvm.so+0x7653a6]
V  [libjvm.so+0x76732a]
V  [libjvm.so+0x622d33]
V  [libjvm.so+0x6294ff]
V  [libjvm.so+0x629a80]
V  [libjvm.so+0x6b7c26]
V  [libjvm.so+0x6b7fbc]  JVM_FindClassFromCaller+0x17c
C  [libjava.so+0xd660]  Java_java_lang_Class_forName0+0x140
J 681  java.lang.Class.forName0(Ljava/lang/String;ZLjava/lang/ClassLoader;Ljava/lang/Class;)Ljava/lang/Class; (0 bytes) @ 0x00007fd9cd20c5f4 [0x00007fd9cd20c500+0xf4]
J 740 C1 java.lang.Class.forName(Ljava/lang/String;ZLjava/lang/ClassLoader;)Ljava/lang/Class; (53 bytes) @ 0x00007fd9cd225a44 [0x00007fd9cd225920+0x124]
j  org.springframework.cglib.core.ReflectUtils.defineClass(Ljava/lang/String;[BLjava/lang/ClassLoader;Ljava/security/ProtectionDomain;Ljava/lang/Class;)Ljava/lang/Class;+390
j  org.springframework.cglib.core.AbstractClassGenerator.generate(Lorg/springframework/cglib/core/AbstractClassGenerator$ClassLoaderData;)Ljava/lang/Class;+184
j  org.springframework.cglib.proxy.Enhancer.generate(Lorg/springframework/cglib/core/AbstractClassGenerator$ClassLoaderData;)Ljava/lang/Class;+53
j  org.springframework.cglib.core.AbstractClassGenerator$ClassLoaderData$3.apply(Lorg/springframework/cglib/core/AbstractClassGenerator;)Ljava/lang/Object;+5
j  org.springframework.cglib.core.AbstractClassGenerator$ClassLoaderData$3.apply(Ljava/lang/Object;)Ljava/lang/Object;+5
j  org.springframework.cglib.core.internal.LoadingCache$2.call()Ljava/lang/Object;+11
j  java.util.concurrent.FutureTask.run()V+42
j  org.springframework.cglib.core.internal.LoadingCache.createEntry(Ljava/lang/Object;Ljava/lang/Object;Ljava/lang/Object;)Ljava/lang/Object;+58
j  org.springframework.cglib.core.internal.LoadingCache.get(Ljava/lang/Object;)Ljava/lang/Object;+39
j  org.springframework.cglib.core.AbstractClassGenerator$ClassLoaderData.get(Lorg/springframework/cglib/core/AbstractClassGenerator;Z)Ljava/lang/Object;+15
j  org.springframework.cglib.core.AbstractClassGenerator.create(Ljava/lang/Object;)Ljava/lang/Object;+115
j  org.springframework.cglib.proxy.Enhancer.createHelper()Ljava/lang/Object;+86
j  org.springframework.cglib.proxy.Enhancer.createClass()Ljava/lang/Class;+6
j  org.springframework.context.annotation.ConfigurationClassEnhancer.createClass(Lorg/springframework/cglib/proxy/Enhancer;)Ljava/lang/Class;+1
j  org.springframework.context.annotation.ConfigurationClassEnhancer.enhance(Ljava/lang/Class;Ljava/lang/ClassLoader;)Ljava/lang/Class;+53
j  org.springframework.context.annotation.ConfigurationClassPostProcessor.enhanceConfigurationClasses(Lorg/springframework/beans/factory/config/ConfigurableListableBeanFactory;)V+381
j  org.springframework.context.annotation.ConfigurationClassPostProcessor.postProcessBeanFactory(Lorg/springframework/beans/factory/config/ConfigurableListableBeanFactory;)V+88
j  org.springframework.context.support.PostProcessorRegistrationDelegate.invokeBeanFactoryPostProcessors(Ljava/util/Collection;Lorg/springframework/beans/factory/config/ConfigurableListableBeanFactory;)V+28
j  org.springframework.context.support.PostProcessorRegistrationDelegate.invokeBeanFactoryPostProcessors(Lorg/springframework/beans/factory/config/ConfigurableListableBeanFactory;Ljava/util/List;)V+494
j  org.springframework.context.support.AbstractApplicationContext.invokeBeanFactoryPostProcessors(Lorg/springframework/beans/factory/config/ConfigurableListableBeanFactory;)V+5
j  org.springframework.context.support.AbstractApplicationContext.refresh()V+28
j  org.springframework.boot.web.servlet.context.ServletWebServerApplicationContext.refresh()V+1
j  org.springframework.boot.SpringApplication.refresh(Lorg/springframework/context/ConfigurableApplicationContext;)V+1
j  org.springframework.boot.SpringApplication.refresh(Lorg/springframework/context/ApplicationContext;)V+11
j  org.springframework.boot.SpringApplication.refreshContext(Lorg/springframework/context/ConfigurableApplicationContext;)V+2
j  org.springframework.boot.SpringApplication.run([Ljava/lang/String;)Lorg/springframework/context/ConfigurableApplicationContext;+118
j  org.springframework.boot.SpringApplication.run([Ljava/lang/Class;[Ljava/lang/String;)Lorg/springframework/context/ConfigurableApplicationContext;+9
j  org.springframework.boot.SpringApplication.run(Ljava/lang/Class;[Ljava/lang/String;)Lorg/springframework/context/ConfigurableApplicationContext;+9
j  com.kisokolab.authserver.AuthserverApplication.main([Ljava/lang/String;)V+3
v  ~StubRoutines::call_stub
V  [libjvm.so+0x66abf0]
V  [libjvm.so+0x94b309]
V  [libjvm.so+0x94d02f]
V  [libjvm.so+0x6b87f7]  JVM_InvokeMethod+0x137
j  sun.reflect.NativeMethodAccessorImpl.invoke0(Ljava/lang/reflect/Method;Ljava/lang/Object;[Ljava/lang/Object;)Ljava/lang/Object;+0
j  sun.reflect.NativeMethodAccessorImpl.invoke(Ljava/lang/Object;[Ljava/lang/Object;)Ljava/lang/Object;+100
j  sun.reflect.DelegatingMethodAccessorImpl.invoke(Ljava/lang/Object;[Ljava/lang/Object;)Ljava/lang/Object;+6
j  java.lang.reflect.Method.invoke(Ljava/lang/Object;[Ljava/lang/Object;)Ljava/lang/Object;+56
j  org.springframework.boot.devtools.restart.RestartLauncher.run()V+42
v  ~StubRoutines::call_stub
V  [libjvm.so+0x66abf0]
V  [libjvm.so+0x6680d4]
V  [libjvm.so+0x6686b7]
V  [libjvm.so+0x6acad4]
V  [libjvm.so+0xa1ff87]
V  [libjvm.so+0xa20370]
V  [libjvm.so+0x8c6042]
C  [libpthread.so.0+0x76ba]  start_thread+0xca

Java frames: (J=compiled Java code, j=interpreted, Vv=VM code)
J 681  java.lang.Class.forName0(Ljava/lang/String;ZLjava/lang/ClassLoader;Ljava/lang/Class;)Ljava/lang/Class; (0 bytes) @ 0x00007fd9cd20c57a [0x00007fd9cd20c500+0x7a]
J 740 C1 java.lang.Class.forName(Ljava/lang/String;ZLjava/lang/ClassLoader;)Ljava/lang/Class; (53 bytes) @ 0x00007fd9cd225a44 [0x00007fd9cd225920+0x124]
j  org.springframework.cglib.core.ReflectUtils.defineClass(Ljava/lang/String;[BLjava/lang/ClassLoader;Ljava/security/ProtectionDomain;Ljava/lang/Class;)Ljava/lang/Class;+390
j  org.springframework.cglib.core.AbstractClassGenerator.generate(Lorg/springframework/cglib/core/AbstractClassGenerator$ClassLoaderData;)Ljava/lang/Class;+184
j  org.springframework.cglib.proxy.Enhancer.generate(Lorg/springframework/cglib/core/AbstractClassGenerator$ClassLoaderData;)Ljava/lang/Class;+53
j  org.springframework.cglib.core.AbstractClassGenerator$ClassLoaderData$3.apply(Lorg/springframework/cglib/core/AbstractClassGenerator;)Ljava/lang/Object;+5
j  org.springframework.cglib.core.AbstractClassGenerator$ClassLoaderData$3.apply(Ljava/lang/Object;)Ljava/lang/Object;+5
j  org.springframework.cglib.core.internal.LoadingCache$2.call()Ljava/lang/Object;+11
j  java.util.concurrent.FutureTask.run()V+42
j  org.springframework.cglib.core.internal.LoadingCache.createEntry(Ljava/lang/Object;Ljava/lang/Object;Ljava/lang/Object;)Ljava/lang/Object;+58
j  org.springframework.cglib.core.internal.LoadingCache.get(Ljava/lang/Object;)Ljava/lang/Object;+39
j  org.springframework.cglib.core.AbstractClassGenerator$ClassLoaderData.get(Lorg/springframework/cglib/core/AbstractClassGenerator;Z)Ljava/lang/Object;+15
j  org.springframework.cglib.core.AbstractClassGenerator.create(Ljava/lang/Object;)Ljava/lang/Object;+115
j  org.springframework.cglib.proxy.Enhancer.createHelper()Ljava/lang/Object;+86
j  org.springframework.cglib.proxy.Enhancer.createClass()Ljava/lang/Class;+6
j  org.springframework.context.annotation.ConfigurationClassEnhancer.createClass(Lorg/springframework/cglib/proxy/Enhancer;)Ljava/lang/Class;+1
j  org.springframework.context.annotation.ConfigurationClassEnhancer.enhance(Ljava/lang/Class;Ljava/lang/ClassLoader;)Ljava/lang/Class;+53
j  org.springframework.context.annotation.ConfigurationClassPostProcessor.enhanceConfigurationClasses(Lorg/springframework/beans/factory/config/ConfigurableListableBeanFactory;)V+381
j  org.springframework.context.annotation.ConfigurationClassPostProcessor.postProcessBeanFactory(Lorg/springframework/beans/factory/config/ConfigurableListableBeanFactory;)V+88
j  org.springframework.context.support.PostProcessorRegistrationDelegate.invokeBeanFactoryPostProcessors(Ljava/util/Collection;Lorg/springframework/beans/factory/config/ConfigurableListableBeanFactory;)V+28
j  org.springframework.context.support.PostProcessorRegistrationDelegate.invokeBeanFactoryPostProcessors(Lorg/springframework/beans/factory/config/ConfigurableListableBeanFactory;Ljava/util/List;)V+494
j  org.springframework.context.support.AbstractApplicationContext.invokeBeanFactoryPostProcessors(Lorg/springframework/beans/factory/config/ConfigurableListableBeanFactory;)V+5
j  org.springframework.context.support.AbstractApplicationContext.refresh()V+28
j  org.springframework.boot.web.servlet.context.ServletWebServerApplicationContext.refresh()V+1
j  org.springframework.boot.SpringApplication.refresh(Lorg/springframework/context/ConfigurableApplicationContext;)V+1
j  org.springframework.boot.SpringApplication.refresh(Lorg/springframework/context/ApplicationContext;)V+11
j  org.springframework.boot.SpringApplication.refreshContext(Lorg/springframework/context/ConfigurableApplicationContext;)V+2
j  org.springframework.boot.SpringApplication.run([Ljava/lang/String;)Lorg/springframework/context/ConfigurableApplicationContext;+118
j  org.springframework.boot.SpringApplication.run([Ljava/lang/Class;[Ljava/lang/String;)Lorg/springframework/context/ConfigurableApplicationContext;+9
j  org.springframework.boot.SpringApplication.run(Ljava/lang/Class;[Ljava/lang/String;)Lorg/springframework/context/ConfigurableApplicationContext;+9
j  com.kisokolab.authserver.AuthserverApplication.main([Ljava/lang/String;)V+3
v  ~StubRoutines::call_stub
j  sun.reflect.NativeMethodAccessorImpl.invoke0(Ljava/lang/reflect/Method;Ljava/lang/Object;[Ljava/lang/Object;)Ljava/lang/Object;+0
j  sun.reflect.NativeMethodAccessorImpl.invoke(Ljava/lang/Object;[Ljava/lang/Object;)Ljava/lang/Object;+100
j  sun.reflect.DelegatingMethodAccessorImpl.invoke(Ljava/lang/Object;[Ljava/lang/Object;)Ljava/lang/Object;+6
j  java.lang.reflect.Method.invoke(Ljava/lang/Object;[Ljava/lang/Object;)Ljava/lang/Object;+56
j  org.springframework.boot.devtools.restart.RestartLauncher.run()V+42
v  ~StubRoutines::call_stub

---------------  P R O C E S S  ---------------

Java Threads: ( => current thread )
=>0x00007fd96c002800 JavaThread "restartedMain" [_thread_in_vm, id=13430, stack(0x00007fd9c56de000,0x00007fd9c57df000)]
  0x00007fd9dc940800 JavaThread "Thread-2" [_thread_blocked, id=13429, stack(0x00007fd9c57df000,0x00007fd9c58e0000)]
  0x00007fd97400c000 JavaThread "RMI Scheduler(0)" daemon [_thread_blocked, id=13426, stack(0x00007fd9c58e0000,0x00007fd9c59e1000)]
  0x00007fd988001800 JavaThread "RMI TCP Connection(1)-127.0.0.1" daemon [_thread_in_native, id=13424, stack(0x00007fd9c59e1000,0x00007fd9c5ae2000)]
  0x00007fd9a0001000 JavaThread "Attach Listener" daemon [_thread_blocked, id=13421, stack(0x00007fd9c5ae2000,0x00007fd9c5be3000)]
  0x00007fd9dc73e800 JavaThread "RMI TCP Accept-0" daemon [_thread_in_native, id=13418, stack(0x00007fd9c5ee4000,0x00007fd9c5fe5000)]
  0x00007fd9dc68d800 JavaThread "Service Thread" daemon [_thread_blocked, id=13417, stack(0x00007fd9c61f4000,0x00007fd9c62f5000)]
  0x00007fd9dc689000 JavaThread "C1 CompilerThread2" daemon [_thread_blocked, id=13416, stack(0x00007fd9c62f5000,0x00007fd9c63f6000)]
  0x00007fd9dc687000 JavaThread "C2 CompilerThread1" daemon [_thread_blocked, id=13415, stack(0x00007fd9c63f6000,0x00007fd9c64f7000)]
  0x00007fd9dc685000 JavaThread "C2 CompilerThread0" daemon [_thread_blocked, id=13414, stack(0x00007fd9c64f7000,0x00007fd9c65f8000)]
  0x00007fd9dc683000 JavaThread "Monitor Ctrl-Break" daemon [_thread_in_native, id=13413, stack(0x00007fd9c65f8000,0x00007fd9c66f9000)]
  0x00007fd9dc185000 JavaThread "Signal Dispatcher" daemon [_thread_blocked, id=13412, stack(0x00007fd9c6eea000,0x00007fd9c6feb000)]
  0x00007fd9dc154000 JavaThread "Finalizer" daemon [_thread_blocked, id=13411, stack(0x00007fd9c73f4000,0x00007fd9c74f5000)]
  0x00007fd9dc14f800 JavaThread "Reference Handler" daemon [_thread_blocked, id=13410, stack(0x00007fd9c74f5000,0x00007fd9c75f6000)]
  0x00007fd9dc011000 JavaThread "main" [_thread_blocked, id=13390, stack(0x00007fd9e4fe3000,0x00007fd9e50e4000)]

Other Threads:
  0x00007fd9dc146000 VMThread [stack: 0x00007fd9c75f6000,0x00007fd9c76f7000] [id=13409]
  0x00007fd9dc753000 WatcherThread [stack: 0x00007fd9c5de3000,0x00007fd9c5ee4000] [id=13419]

VM state:not at safepoint (normal execution)

VM Mutex/Monitor currently owned by a thread: None

heap address: 0x0000000705e00000, size: 2978 MB, Compressed Oops mode: Zero based, Oop shift amount: 3
Narrow klass base: 0x0000000000000000, Narrow klass shift: 3
Compressed class space size: 1073741824 Address: 0x00000007c0000000

Heap:
 PSYoungGen      total 202240K, used 96099K [0x0000000781f80000, 0x000000079b380000, 0x00000007c0000000)
  eden space 194560K, 49% used [0x0000000781f80000,0x0000000787d58f78,0x000000078dd80000)
  from space 7680K, 0% used [0x000000078dd80000,0x000000078dd80000,0x000000078e500000)
  to   space 12288K, 0% used [0x000000079a780000,0x000000079a780000,0x000000079b380000)
 ParOldGen       total 74752K, used 8235K [0x0000000705e00000, 0x000000070a700000, 0x0000000781f80000)
  object space 74752K, 11% used [0x0000000705e00000,0x000000070660ac08,0x000000070a700000)
 Metaspace       used 23791K, capacity 24990K, committed 25216K, reserved 1071104K
  class space    used 3161K, capacity 3445K, committed 3456K, reserved 1048576K

Card table byte_map: [0x00007fd9e0eac000,0x00007fd9e147e000] byte_map_base: 0x00007fd9dd67d000

Marking Bits: (ParMarkBitMap*) 0x00007fd9e42b05a0
 Begin Bits: [0x00007fd9aa2f0000, 0x00007fd9ad178000)
 End Bits:   [0x00007fd9ad178000, 0x00007fd9b0000000)

Polling page: 0x00007fd9e5104000

CodeCache: size=245760Kb used=5594Kb max_used=5594Kb free=240165Kb
 bounds [0x00007fd9cd000000, 0x00007fd9cd580000, 0x00007fd9dc000000]
 total_blobs=3126 nmethods=2732 adapters=307
 compilation: enabled

Compilation events (10 events):
Event: 4.654 Thread 0x00007fd9dc689000 2728       1       org.springframework.asm.Frame::push (59 bytes)
Event: 4.655 Thread 0x00007fd9dc689000 nmethod 2728 0x00007fd9cd574110 code [0x00007fd9cd5742c0, 0x00007fd9cd574548]
Event: 4.655 Thread 0x00007fd9dc689000 2729       1       org.springframework.asm.Type::getOpcode (284 bytes)
Event: 4.655 Thread 0x00007fd9dc689000 nmethod 2729 0x00007fd9cd574790 code [0x00007fd9cd574980, 0x00007fd9cd574ed8]
Event: 4.656 Thread 0x00007fd9dc689000 2730       1       org.springframework.asm.ByteVector::put122 (93 bytes)
Event: 4.656 Thread 0x00007fd9dc689000 nmethod 2730 0x00007fd9cd575150 code [0x00007fd9cd5752c0, 0x00007fd9cd5754e8]
Event: 4.656 Thread 0x00007fd9dc689000 2731       1       org.springframework.asm.Type::getArgumentTypes (154 bytes)
Event: 4.657 Thread 0x00007fd9dc689000 nmethod 2731 0x00007fd9cd5756d0 code [0x00007fd9cd5758e0, 0x00007fd9cd576048]
Event: 4.658 Thread 0x00007fd9dc689000 2732       1       org.springframework.asm.MethodVisitor::visitInsn (16 bytes)
Event: 4.658 Thread 0x00007fd9dc689000 nmethod 2732 0x00007fd9cd576790 code [0x00007fd9cd576900, 0x00007fd9cd576a48]

GC Heap History (10 events):
Event: 1.330 GC heap before
{Heap before GC invocations=2 (full 0):
 PSYoungGen      total 56320K, used 53152K [0x0000000781f80000, 0x0000000788d80000, 0x00000007c0000000)
  eden space 48640K, 100% used [0x0000000781f80000,0x0000000784f00000,0x0000000784f00000)
  from space 7680K, 58% used [0x0000000784f00000,0x0000000785368360,0x0000000785680000)
  to   space 7680K, 0% used [0x0000000788600000,0x0000000788600000,0x0000000788d80000)
 ParOldGen       total 128512K, used 8K [0x0000000705e00000, 0x000000070db80000, 0x0000000781f80000)
  object space 128512K, 0% used [0x0000000705e00000,0x0000000705e02000,0x000000070db80000)
 Metaspace       used 10845K, capacity 11122K, committed 11392K, reserved 1058816K
  class space    used 1297K, capacity 1384K, committed 1408K, reserved 1048576K
Event: 1.341 GC heap after
Heap after GC invocations=2 (full 0):
 PSYoungGen      total 104960K, used 6406K [0x0000000781f80000, 0x0000000788d80000, 0x00000007c0000000)
  eden space 97280K, 0% used [0x0000000781f80000,0x0000000781f80000,0x0000000787e80000)
  from space 7680K, 83% used [0x0000000788600000,0x0000000788c41988,0x0000000788d80000)
  to   space 7680K, 0% used [0x0000000787e80000,0x0000000787e80000,0x0000000788600000)
 ParOldGen       total 128512K, used 16K [0x0000000705e00000, 0x000000070db80000, 0x0000000781f80000)
  object space 128512K, 0% used [0x0000000705e00000,0x0000000705e04000,0x000000070db80000)
 Metaspace       used 10845K, capacity 11122K, committed 11392K, reserved 1058816K
  class space    used 1297K, capacity 1384K, committed 1408K, reserved 1048576K
}
Event: 2.665 GC heap before
{Heap before GC invocations=3 (full 0):
 PSYoungGen      total 104960K, used 103686K [0x0000000781f80000, 0x0000000788d80000, 0x00000007c0000000)
  eden space 97280K, 100% used [0x0000000781f80000,0x0000000787e80000,0x0000000787e80000)
  from space 7680K, 83% used [0x0000000788600000,0x0000000788c41988,0x0000000788d80000)
  to   space 7680K, 0% used [0x0000000787e80000,0x0000000787e80000,0x0000000788600000)
 ParOldGen       total 128512K, used 16K [0x0000000705e00000, 0x000000070db80000, 0x0000000781f80000)
  object space 128512K, 0% used [0x0000000705e00000,0x0000000705e04000,0x000000070db80000)
 Metaspace       used 18657K, capacity 19356K, committed 19584K, reserved 1067008K
  class space    used 2370K, capacity 2561K, committed 2688K, reserved 1048576K
Event: 2.678 GC heap after
Heap after GC invocations=3 (full 0):
 PSYoungGen      total 104960K, used 7656K [0x0000000781f80000, 0x000000078ec80000, 0x00000007c0000000)
  eden space 97280K, 0% used [0x0000000781f80000,0x0000000781f80000,0x0000000787e80000)
  from space 7680K, 99% used [0x0000000787e80000,0x00000007885fa000,0x0000000788600000)
  to   space 7680K, 0% used [0x000000078e500000,0x000000078e500000,0x000000078ec80000)
 ParOldGen       total 128512K, used 3845K [0x0000000705e00000, 0x000000070db80000, 0x0000000781f80000)
  object space 128512K, 2% used [0x0000000705e00000,0x00000007061c1400,0x000000070db80000)
 Metaspace       used 18657K, capacity 19356K, committed 19584K, reserved 1067008K
  class space    used 2370K, capacity 2561K, committed 2688K, reserved 1048576K
}
Event: 3.458 GC heap before
{Heap before GC invocations=4 (full 0):
 PSYoungGen      total 104960K, used 104936K [0x0000000781f80000, 0x000000078ec80000, 0x00000007c0000000)
  eden space 97280K, 100% used [0x0000000781f80000,0x0000000787e80000,0x0000000787e80000)
  from space 7680K, 99% used [0x0000000787e80000,0x00000007885fa000,0x0000000788600000)
  to   space 7680K, 0% used [0x000000078e500000,0x000000078e500000,0x000000078ec80000)
 ParOldGen       total 128512K, used 3845K [0x0000000705e00000, 0x000000070db80000, 0x0000000781f80000)
  object space 128512K, 2% used [0x0000000705e00000,0x00000007061c1400,0x000000070db80000)
 Metaspace       used 20143K, capacity 21052K, committed 21248K, reserved 1067008K
  class space    used 2571K, capacity 2768K, committed 2816K, reserved 1048576K
Event: 3.474 GC heap after
Heap after GC invocations=4 (full 0):
 PSYoungGen      total 202240K, used 7666K [0x0000000781f80000, 0x000000078ec80000, 0x00000007c0000000)
  eden space 194560K, 0% used [0x0000000781f80000,0x0000000781f80000,0x000000078dd80000)
  from space 7680K, 99% used [0x000000078e500000,0x000000078ec7c900,0x000000078ec80000)
  to   space 7680K, 0% used [0x000000078dd80000,0x000000078dd80000,0x000000078e500000)
 ParOldGen       total 128512K, used 5829K [0x0000000705e00000, 0x000000070db80000, 0x0000000781f80000)
  object space 128512K, 4% used [0x0000000705e00000,0x00000007063b17e8,0x000000070db80000)
 Metaspace       used 20143K, capacity 21052K, committed 21248K, reserved 1067008K
  class space    used 2571K, capacity 2768K, committed 2816K, reserved 1048576K
}
Event: 3.583 GC heap before
{Heap before GC invocations=5 (full 0):
 PSYoungGen      total 202240K, used 27101K [0x0000000781f80000, 0x000000078ec80000, 0x00000007c0000000)
  eden space 194560K, 9% used [0x0000000781f80000,0x000000078327ae98,0x000000078dd80000)
  from space 7680K, 99% used [0x000000078e500000,0x000000078ec7c900,0x000000078ec80000)
  to   space 7680K, 0% used [0x000000078dd80000,0x000000078dd80000,0x000000078e500000)
 ParOldGen       total 128512K, used 5829K [0x0000000705e00000, 0x000000070db80000, 0x0000000781f80000)
  object space 128512K, 4% used [0x0000000705e00000,0x00000007063b17e8,0x000000070db80000)
 Metaspace       used 20294K, capacity 21178K, committed 21248K, reserved 1067008K
  class space    used 2595K, capacity 2809K, committed 2816K, reserved 1048576K
Event: 3.599 GC heap after
Heap after GC invocations=5 (full 0):
 PSYoungGen      total 202240K, used 7649K [0x0000000781f80000, 0x000000079b380000, 0x00000007c0000000)
  eden space 194560K, 0% used [0x0000000781f80000,0x0000000781f80000,0x000000078dd80000)
  from space 7680K, 99% used [0x000000078dd80000,0x000000078e4f86c0,0x000000078e500000)
  to   space 12288K, 0% used [0x000000079a780000,0x000000079a780000,0x000000079b380000)
 ParOldGen       total 128512K, used 6510K [0x0000000705e00000, 0x000000070db80000, 0x0000000781f80000)
  object space 128512K, 5% used [0x0000000705e00000,0x000000070645b818,0x000000070db80000)
 Metaspace       used 20294K, capacity 21178K, committed 21248K, reserved 1067008K
  class space    used 2595K, capacity 2809K, committed 2816K, reserved 1048576K
}
Event: 3.599 GC heap before
{Heap before GC invocations=6 (full 1):
 PSYoungGen      total 202240K, used 7649K [0x0000000781f80000, 0x000000079b380000, 0x00000007c0000000)
  eden space 194560K, 0% used [0x0000000781f80000,0x0000000781f80000,0x000000078dd80000)
  from space 7680K, 99% used [0x000000078dd80000,0x000000078e4f86c0,0x000000078e500000)
  to   space 12288K, 0% used [0x000000079a780000,0x000000079a780000,0x000000079b380000)
 ParOldGen       total 128512K, used 6510K [0x0000000705e00000, 0x000000070db80000, 0x0000000781f80000)
  object space 128512K, 5% used [0x0000000705e00000,0x000000070645b818,0x000000070db80000)
 Metaspace       used 20294K, capacity 21178K, committed 21248K, reserved 1067008K
  class space    used 2595K, capacity 2809K, committed 2816K, reserved 1048576K
Event: 3.677 GC heap after
Heap after GC invocations=6 (full 1):
 PSYoungGen      total 202240K, used 0K [0x0000000781f80000, 0x000000079b380000, 0x00000007c0000000)
  eden space 194560K, 0% used [0x0000000781f80000,0x0000000781f80000,0x000000078dd80000)
  from space 7680K, 0% used [0x000000078dd80000,0x000000078dd80000,0x000000078e500000)
  to   space 12288K, 0% used [0x000000079a780000,0x000000079a780000,0x000000079b380000)
 ParOldGen       total 74752K, used 8235K [0x0000000705e00000, 0x000000070a700000, 0x0000000781f80000)
  object space 74752K, 11% used [0x0000000705e00000,0x000000070660ac08,0x000000070a700000)
 Metaspace       used 20292K, capacity 21172K, committed 21248K, reserved 1067008K
  class space    used 2594K, capacity 2808K, committed 2816K, reserved 1048576K
}

Deoptimization events (0 events):
No events

Classes redefined (0 events):
No events

Internal exceptions (10 events):
Event: 4.327 Thread 0x00007fd96c002800 Exception <a 'java/lang/ArrayIndexOutOfBoundsException'> (0x0000000786335680) thrown at [/build/openjdk-8-uwNjBd/openjdk-8-8u252-b09/src/hotspot/src/share/vm/runtime/sharedRuntime.cpp, line 605]
Event: 4.327 Thread 0x00007fd96c002800 Exception <a 'java/lang/ArrayIndexOutOfBoundsException'> (0x0000000786338040) thrown at [/build/openjdk-8-uwNjBd/openjdk-8-8u252-b09/src/hotspot/src/share/vm/runtime/sharedRuntime.cpp, line 605]
Event: 4.327 Thread 0x00007fd96c002800 Exception <a 'java/lang/ArrayIndexOutOfBoundsException'> (0x000000078633c8e0) thrown at [/build/openjdk-8-uwNjBd/openjdk-8-8u252-b09/src/hotspot/src/share/vm/runtime/sharedRuntime.cpp, line 605]
Event: 4.327 Thread 0x00007fd96c002800 Exception <a 'java/lang/ArrayIndexOutOfBoundsException'> (0x000000078633df00) thrown at [/build/openjdk-8-uwNjBd/openjdk-8-8u252-b09/src/hotspot/src/share/vm/runtime/sharedRuntime.cpp, line 605]
Event: 4.330 Thread 0x00007fd96c002800 Exception <a 'java/lang/ArrayIndexOutOfBoundsException'> (0x00000007863a0a30) thrown at [/build/openjdk-8-uwNjBd/openjdk-8-8u252-b09/src/hotspot/src/share/vm/runtime/sharedRuntime.cpp, line 605]
Event: 4.341 Thread 0x00007fd988001800 Exception <a 'java/lang/reflect/InvocationTargetException'> (0x0000000782c6abe0) thrown at [/build/openjdk-8-uwNjBd/openjdk-8-8u252-b09/src/hotspot/src/share/vm/runtime/reflection.cpp, line 1092]
Event: 4.362 Thread 0x00007fd96c002800 Exception <a 'java/lang/ArrayIndexOutOfBoundsException'> (0x00000007867f6cf0) thrown at [/build/openjdk-8-uwNjBd/openjdk-8-8u252-b09/src/hotspot/src/share/vm/runtime/sharedRuntime.cpp, line 605]
Event: 4.390 Thread 0x00007fd96c002800 Exception <a 'java/lang/ArrayIndexOutOfBoundsException'> (0x0000000786a0eb38) thrown at [/build/openjdk-8-uwNjBd/openjdk-8-8u252-b09/src/hotspot/src/share/vm/runtime/sharedRuntime.cpp, line 605]
Event: 4.421 Thread 0x00007fd96c002800 Exception <a 'java/lang/ArrayIndexOutOfBoundsException'> (0x0000000786c61c48) thrown at [/build/openjdk-8-uwNjBd/openjdk-8-8u252-b09/src/hotspot/src/share/vm/runtime/sharedRuntime.cpp, line 605]
Event: 4.434 Thread 0x00007fd96c002800 Exception <a 'java/lang/ArrayIndexOutOfBoundsException'> (0x0000000786d83e48) thrown at [/build/openjdk-8-uwNjBd/openjdk-8-8u252-b09/src/hotspot/src/share/vm/runtime/sharedRuntime.cpp, line 605]

Events (10 events):
Event: 4.632 loading class org/springframework/cglib/core/ReflectUtils$7
Event: 4.632 loading class org/springframework/cglib/core/ReflectUtils$7 done
Event: 4.636 loading class org/springframework/cglib/core/ClassEmitter$2
Event: 4.636 loading class org/springframework/cglib/core/ClassEmitter$2 done
Event: 4.638 loading class org/springframework/cglib/proxy/MethodProxy
Event: 4.638 loading class org/springframework/cglib/proxy/MethodProxy done
Event: 4.639 loading class org/springframework/cglib/proxy/MethodProxy$CreateInfo
Event: 4.639 loading class org/springframework/cglib/proxy/MethodProxy$CreateInfo done
Event: 4.639 loading class org/springframework/cglib/proxy/Enhancer$EnhancerFactoryData
Event: 4.639 loading class org/springframework/cglib/proxy/Enhancer$EnhancerFactoryData done


Dynamic libraries:
705e00000-70a700000 rw-p 00000000 00:00 0 
70a700000-781f80000 ---p 00000000 00:00 0 
781f80000-79b380000 rw-p 00000000 00:00 0 
79b380000-7c0000000 ---p 00000000 00:00 0 
7c0000000-7c0360000 rw-p 00000000 00:00 0 
7c0360000-800000000 ---p 00000000 00:00 0 
5635a0531000-5635a0532000 r-xp 00000000 08:02 24643205                   /usr/lib/jvm/java-8-openjdk-amd64/jre/bin/java
5635a0731000-5635a0732000 r--p 00000000 08:02 24643205                   /usr/lib/jvm/java-8-openjdk-amd64/jre/bin/java
5635a0732000-5635a0733000 rw-p 00001000 08:02 24643205                   /usr/lib/jvm/java-8-openjdk-amd64/jre/bin/java
5635a16e6000-5635a1707000 rw-p 00000000 00:00 0                          [heap]
7fd964000000-7fd9641c2000 rw-p 00000000 00:00 0 
7fd9641c2000-7fd968000000 ---p 00000000 00:00 0 
7fd968000000-7fd968021000 rw-p 00000000 00:00 0 
7fd968021000-7fd96c000000 ---p 00000000 00:00 0 
7fd96c000000-7fd96c021000 rw-p 00000000 00:00 0 
7fd96c021000-7fd970000000 ---p 00000000 00:00 0 
7fd970000000-7fd9705ab000 rw-p 00000000 00:00 0 
7fd9705ab000-7fd974000000 ---p 00000000 00:00 0 
7fd974000000-7fd974021000 rw-p 00000000 00:00 0 
7fd974021000-7fd978000000 ---p 00000000 00:00 0 
7fd978000000-7fd978021000 rw-p 00000000 00:00 0 
7fd978021000-7fd97c000000 ---p 00000000 00:00 0 
7fd97c000000-7fd97c021000 rw-p 00000000 00:00 0 
7fd97c021000-7fd980000000 ---p 00000000 00:00 0 
7fd980000000-7fd980021000 rw-p 00000000 00:00 0 
7fd980021000-7fd984000000 ---p 00000000 00:00 0 
7fd984000000-7fd984021000 rw-p 00000000 00:00 0 
7fd984021000-7fd988000000 ---p 00000000 00:00 0 
7fd988000000-7fd988021000 rw-p 00000000 00:00 0 
7fd988021000-7fd98c000000 ---p 00000000 00:00 0 
7fd98c000000-7fd98c021000 rw-p 00000000 00:00 0 
7fd98c021000-7fd990000000 ---p 00000000 00:00 0 
7fd990000000-7fd990435000 rw-p 00000000 00:00 0 
7fd990435000-7fd994000000 ---p 00000000 00:00 0 
7fd994000000-7fd994021000 rw-p 00000000 00:00 0 
7fd994021000-7fd998000000 ---p 00000000 00:00 0 
7fd998000000-7fd998056000 rw-p 00000000 00:00 0 
7fd998056000-7fd99c000000 ---p 00000000 00:00 0 
7fd99c000000-7fd99c021000 rw-p 00000000 00:00 0 
7fd99c021000-7fd9a0000000 ---p 00000000 00:00 0 
7fd9a0000000-7fd9a0021000 rw-p 00000000 00:00 0 
7fd9a0021000-7fd9a4000000 ---p 00000000 00:00 0 
7fd9a4000000-7fd9a4021000 rw-p 00000000 00:00 0 
7fd9a4021000-7fd9a8000000 ---p 00000000 00:00 0 
7fd9aa2f0000-7fd9b0000000 rw-p 00000000 00:00 0 
7fd9b0000000-7fd9b0021000 rw-p 00000000 00:00 0 
7fd9b0021000-7fd9b4000000 ---p 00000000 00:00 0 
7fd9b4000000-7fd9b4021000 rw-p 00000000 00:00 0 
7fd9b4021000-7fd9b8000000 ---p 00000000 00:00 0 
7fd9b8000000-7fd9b8021000 rw-p 00000000 00:00 0 
7fd9b8021000-7fd9bc000000 ---p 00000000 00:00 0 
7fd9c0000000-7fd9c0021000 rw-p 00000000 00:00 0 
7fd9c0021000-7fd9c4000000 ---p 00000000 00:00 0 
7fd9c48dc000-7fd9c4a1c000 rw-p 00000000 00:00 0 
7fd9c4a1c000-7fd9c4adc000 ---p 00000000 00:00 0 
7fd9c4adc000-7fd9c4cdc000 rw-p 00000000 00:00 0 
7fd9c4cdc000-7fd9c4edc000 rw-p 00000000 00:00 0 
7fd9c4edc000-7fd9c50dc000 rw-p 00000000 00:00 0 
7fd9c50dc000-7fd9c50df000 ---p 00000000 00:00 0 
7fd9c50df000-7fd9c53dd000 rw-p 00000000 00:00 0 
7fd9c53dd000-7fd9c55dd000 rw-p 00000000 00:00 0 
7fd9c55dd000-7fd9c55e0000 ---p 00000000 00:00 0 
7fd9c55e0000-7fd9c56de000 rw-p 00000000 00:00 0 
7fd9c56de000-7fd9c56e1000 ---p 00000000 00:00 0 
7fd9c56e1000-7fd9c57df000 rw-p 00000000 00:00 0 
7fd9c57df000-7fd9c57e2000 ---p 00000000 00:00 0 
7fd9c57e2000-7fd9c58e0000 rw-p 00000000 00:00 0 
7fd9c58e0000-7fd9c58e3000 ---p 00000000 00:00 0 
7fd9c58e3000-7fd9c59e1000 rw-p 00000000 00:00 0 
7fd9c59e1000-7fd9c59e4000 ---p 00000000 00:00 0 
7fd9c59e4000-7fd9c5ae2000 rw-p 00000000 00:00 0 
7fd9c5ae2000-7fd9c5ae5000 ---p 00000000 00:00 0 
7fd9c5ae5000-7fd9c5de3000 rw-p 00000000 00:00 0 
7fd9c5de3000-7fd9c5de4000 ---p 00000000 00:00 0 
7fd9c5de4000-7fd9c5ee4000 rw-p 00000000 00:00 0 
7fd9c5ee4000-7fd9c5ee7000 ---p 00000000 00:00 0 
7fd9c5ee7000-7fd9c5fe5000 rw-p 00000000 00:00 0 
7fd9c5fe5000-7fd9c5fea000 r--s 000a7000 08:02 24643174                   /usr/lib/jvm/java-8-openjdk-amd64/jre/lib/jsse.jar
7fd9c5fea000-7fd9c5ff3000 r-xp 00000000 08:02 24643150                   /usr/lib/jvm/java-8-openjdk-amd64/jre/lib/amd64/libmanagement.so
7fd9c5ff3000-7fd9c61f2000 ---p 00009000 08:02 24643150                   /usr/lib/jvm/java-8-openjdk-amd64/jre/lib/amd64/libmanagement.so
7fd9c61f2000-7fd9c61f3000 r--p 00008000 08:02 24643150                   /usr/lib/jvm/java-8-openjdk-amd64/jre/lib/amd64/libmanagement.so
7fd9c61f3000-7fd9c61f4000 rw-p 00009000 08:02 24643150                   /usr/lib/jvm/java-8-openjdk-amd64/jre/lib/amd64/libmanagement.so
7fd9c61f4000-7fd9c61f7000 ---p 00000000 00:00 0 
7fd9c61f7000-7fd9c62f5000 rw-p 00000000 00:00 0 
7fd9c62f5000-7fd9c62f8000 ---p 00000000 00:00 0 
7fd9c62f8000-7fd9c63f6000 rw-p 00000000 00:00 0 
7fd9c63f6000-7fd9c63f9000 ---p 00000000 00:00 0 
7fd9c63f9000-7fd9c64f7000 rw-p 00000000 00:00 0 
7fd9c64f7000-7fd9c64fa000 ---p 00000000 00:00 0 
7fd9c64fa000-7fd9c65f8000 rw-p 00000000 00:00 0 
7fd9c65f8000-7fd9c65fb000 ---p 00000000 00:00 0 
7fd9c65fb000-7fd9c66f9000 rw-p 00000000 00:00 0 
7fd9c66f9000-7fd9c6710000 r-xp 00000000 08:02 24643152                   /usr/lib/jvm/java-8-openjdk-amd64/jre/lib/amd64/libnet.so
7fd9c6710000-7fd9c6910000 ---p 00017000 08:02 24643152                   /usr/lib/jvm/java-8-openjdk-amd64/jre/lib/amd64/libnet.so
7fd9c6910000-7fd9c6911000 r--p 00017000 08:02 24643152                   /usr/lib/jvm/java-8-openjdk-amd64/jre/lib/amd64/libnet.so
7fd9c6911000-7fd9c6912000 rw-p 00018000 08:02 24643152                   /usr/lib/jvm/java-8-openjdk-amd64/jre/lib/amd64/libnet.so
7fd9c6912000-7fd9c6924000 r-xp 00000000 08:02 24643148                   /usr/lib/jvm/java-8-openjdk-amd64/jre/lib/amd64/libnio.so
7fd9c6924000-7fd9c6b23000 ---p 00012000 08:02 24643148                   /usr/lib/jvm/java-8-openjdk-amd64/jre/lib/amd64/libnio.so
7fd9c6b23000-7fd9c6b24000 r--p 00011000 08:02 24643148                   /usr/lib/jvm/java-8-openjdk-amd64/jre/lib/amd64/libnio.so
7fd9c6b24000-7fd9c6b25000 rw-p 00012000 08:02 24643148                   /usr/lib/jvm/java-8-openjdk-amd64/jre/lib/amd64/libnio.so
7fd9c6b25000-7fd9c6b28000 r--s 0001c000 08:02 22557241                   /home/njenga/Downloads/idea-IU-201.7846.76/lib/idea_rt.jar
7fd9c6b28000-7fd9c6b37000 r--s 0007c000 08:02 1056824                    /home/njenga/.m2/repository/org/springframework/security/spring-security-web/5.3.3.RELEASE/spring-security-web-5.3.3.RELEASE.jar
7fd9c6b37000-7fd9c6b44000 r--s 00060000 08:02 1056827                    /home/njenga/.m2/repository/org/springframework/security/spring-security-core/5.3.3.RELEASE/spring-security-core-5.3.3.RELEASE.jar
7fd9c6b44000-7fd9c6b45000 r--s 00005000 08:02 3284240                    /home/njenga/.m2/repository/org/springframework/spring-jcl/5.2.8.RELEASE/spring-jcl-5.2.8.RELEASE.jar
7fd9c6b45000-7fd9c6b60000 r--s 00146000 08:02 3029473                    /home/njenga/.m2/repository/org/springframework/spring-core/5.2.8.RELEASE/spring-core-5.2.8.RELEASE.jar
7fd9c6b60000-7fd9c6b62000 r--s 0000a000 08:02 4722996                    /home/njenga/.m2/repository/jakarta/activation/jakarta.activation-api/1.2.2/jakarta.activation-api-1.2.2.jar
7fd9c6b62000-7fd9c6b66000 r--s 00019000 08:02 4722979                    /home/njenga/.m2/repository/jakarta/xml/bind/jakarta.xml.bind-api/2.3.3/jakarta.xml.bind-api-2.3.3.jar
7fd9c6b66000-7fd9c6b6b000 r--s 00012000 08:02 4589591                    /home/njenga/.m2/repository/jakarta/validation/jakarta.validation-api/2.0.2/jakarta.validation-api-2.0.2.jar
7fd9c6b6b000-7fd9c6bb6000 r--s 002ff000 08:02 5773763                    /home/njenga/.m2/repository/org/bouncycastle/bcprov-jdk15on/1.56/bcprov-jdk15on-1.56.jar
7fd9c6bb6000-7fd9c6bc7000 r--s 00097000 08:02 5773761                    /home/njenga/.m2/repository/org/bouncycastle/bcpkix-jdk15on/1.56/bcpkix-jdk15on-1.56.jar
7fd9c6bc7000-7fd9c6bc9000 r--s 00008000 08:02 1184405                    /home/njenga/.m2/repository/org/springframework/security/spring-security-jwt/1.0.9.RELEASE/spring-security-jwt-1.0.9.RELEASE.jar
7fd9c6bc9000-7fd9c6bcd000 r--s 00035000 08:02 5511966                    /home/njenga/.m2/repository/org/codehaus/jackson/jackson-core-asl/1.9.13/jackson-core-asl-1.9.13.jar
7fd9c6bcd000-7fd9c6bdb000 r--s 000b1000 08:02 5382080                    /home/njenga/.m2/repository/org/codehaus/jackson/jackson-mapper-asl/1.9.13/jackson-mapper-asl-1.9.13.jar
7fd9c6bdb000-7fd9c6be2000 r--s 0004e000 08:02 5249494                    /home/njenga/.m2/repository/commons-codec/commons-codec/1.14/commons-codec-1.14.jar
7fd9c6be2000-7fd9c6bf4000 r--s 000f7000 08:02 1056819                    /home/njenga/.m2/repository/org/springframework/security/spring-security-config/5.3.3.RELEASE/spring-security-config-5.3.3.RELEASE.jar
7fd9c6bf4000-7fd9c6c01000 r--s 0006c000 08:02 1058052                    /home/njenga/.m2/repository/org/springframework/security/oauth/spring-security-oauth2/2.3.4.RELEASE/spring-security-oauth2-2.3.4.RELEASE.jar
7fd9c6c01000-7fd9c6c03000 r--s 0000c000 08:02 4589812                    /home/njenga/.m2/repository/javax/activation/javax.activation-api/1.2.0/javax.activation-api-1.2.0.jar
7fd9c6c03000-7fd9c6c07000 r--s 0001c000 08:02 4589799                    /home/njenga/.m2/repository/javax/xml/bind/jaxb-api/2.3.1/jaxb-api-2.3.1.jar
7fd9c6c07000-7fd9c6c19000 r--s 000d9000 08:02 5382074                    /home/njenga/.m2/repository/com/sun/xml/bind/jaxb-impl/2.3.0.1/jaxb-impl-2.3.0.1.jar
7fd9c6c19000-7fd9c6c20000 r--s 00038000 08:02 5249623                    /home/njenga/.m2/repository/com/sun/xml/bind/jaxb-core/2.3.0.1/jaxb-core-2.3.0.1.jar
7fd9c6c20000-7fd9c6c24000 r--s 00052000 08:02 4722965                    /home/njenga/.m2/repository/com/fasterxml/jackson/core/jackson-core/2.11.1/jackson-core-2.11.1.jar
7fd9c6c24000-7fd9c6c39000 r--s 00146000 08:02 4722962                    /home/njenga/.m2/repository/com/fasterxml/jackson/core/jackson-databind/2.11.1/jackson-databind-2.11.1.jar
7fd9c6c39000-7fd9c6c3c000 r--s 0000e000 08:02 4722971                    /home/njenga/.m2/repository/com/fasterxml/jackson/core/jackson-annotations/2.11.1/jackson-annotations-2.11.1.jar
7fd9c6c3c000-7fd9c6c41000 r--s 00013000 08:02 1058050                    /home/njenga/.m2/repository/org/springframework/security/oauth/boot/spring-security-oauth2-autoconfigure/2.1.2.RELEASE/spring-security-oauth2-autoconfigure-2.1.2.RELEASE.jar
7fd9c6c41000-7fd9c6c59000 r--s 0019f000 08:02 4722985                    /home/njenga/.m2/repository/org/projectlombok/lombok/1.18.12/lombok-1.18.12.jar
7fd9c6c59000-7fd9c6c5c000 r--s 0001a000 08:02 29901429                   /home/njenga/.m2/repository/org/springframework/boot/spring-boot-configuration-processor/2.3.2.RELEASE/spring-boot-configuration-processor-2.3.2.RELEASE.jar
7fd9c6c5c000-7fd9c6c86000 r--s 0013e000 08:02 4590772                    /home/njenga/.m2/repository/org/springframework/boot/spring-boot-autoconfigure/2.3.2.RELEASE/spring-boot-autoconfigure-2.3.2.RELEASE.jar
7fd9c6c86000-7fd9c6c9f000 r--s 000f9000 08:02 2757950                    /home/njenga/.m2/repository/org/springframework/boot/spring-boot/2.3.2.RELEASE/spring-boot-2.3.2.RELEASE.jar
7fd9c6c9f000-7fd9c6ca5000 r--s 00031000 08:02 4722983                    /home/njenga/.m2/repository/org/springframework/boot/spring-boot-devtools/2.3.2.RELEASE/spring-boot-devtools-2.3.2.RELEASE.jar
7fd9c6ca5000-7fd9c6cbf000 r--s 0022d000 08:02 5249500                    /home/njenga/.m2/repository/mysql/mysql-connector-java/8.0.20/mysql-connector-java-8.0.20.jar
7fd9c6cbf000-7fd9c6cc1000 r--s 00006000 08:02 4589616                    /home/njenga/.m2/repository/org/latencyutils/LatencyUtils/2.0.3/LatencyUtils-2.0.3.jar
7fd9c6cc1000-7fd9c6cc5000 r--s 00027000 08:02 5249524                    /home/njenga/.m2/repository/org/hdrhistogram/HdrHistogram/2.1.12/HdrHistogram-2.1.12.jar
7fd9c6cc5000-7fd9c6cd0000 r--s 00084000 08:02 5249522                    /home/njenga/.m2/repository/io/micrometer/micrometer-core/1.5.3/micrometer-core-1.5.3.jar
7fd9c6cd0000-7fd9c6ce1000 r--s 00080000 08:02 5249520                    /home/njenga/.m2/repository/org/springframework/boot/spring-boot-actuator/2.3.2.RELEASE/spring-boot-actuator-2.3.2.RELEASE.jar
7fd9c6ce1000-7fd9c6cf2000 r--s 0006d000 08:02 5249518                    /home/njenga/.m2/repository/org/springframework/boot/spring-boot-actuator-autoconfigure/2.3.2.RELEASE/spring-boot-actuator-autoconfigure-2.3.2.RELEASE.jar
7fd9c6cf2000-7fd9c6cf3000 r--s 00000000 08:02 4589574                    /home/njenga/.m2/repository/org/springframework/boot/spring-boot-starter-actuator/2.2.2.RELEASE/spring-boot-starter-actuator-2.2.2.RELEASE.jar
7fd9c6cf3000-7fd9c6cf8000 r--s 00040000 08:02 4331066                    /home/njenga/.m2/repository/org/springframework/spring-expression/5.2.8.RELEASE/spring-expression-5.2.8.RELEASE.jar
7fd9c6cf8000-7fd9c6d0a000 r--s 000d8000 08:02 4722981                    /home/njenga/.m2/repository/org/springframework/spring-webmvc/5.2.8.RELEASE/spring-webmvc-5.2.8.RELEASE.jar
7fd9c6d0a000-7fd9c6d26000 r--s 00144000 08:02 4722961                    /home/njenga/.m2/repository/org/springframework/spring-web/5.2.8.RELEASE/spring-web-5.2.8.RELEASE.jar
7fd9c6d26000-7fd9c6d2c000 r--s 0003c000 08:02 4722978                    /home/njenga/.m2/repository/org/apache/tomcat/embed/tomcat-embed-websocket/9.0.37/tomcat-embed-websocket-9.0.37.jar
7fd9c6d2c000-7fd9c6d31000 r--s 00036000 08:02 4589645                    /home/njenga/.m2/repository/org/glassfish/jakarta.el/3.0.3/jakarta.el-3.0.3.jar
7fd9c6d31000-7fd9c6d5d000 r--s 0030f000 08:02 4722974                    /home/njenga/.m2/repository/org/apache/tomcat/embed/tomcat-embed-core/9.0.37/tomcat-embed-core-9.0.37.jar
7fd9c6d5d000-7fd9c6d5e000 r--s 00001000 08:02 4722963                    /home/njenga/.m2/repository/org/springframework/boot/spring-boot-starter-tomcat/2.3.2.RELEASE/spring-boot-starter-tomcat-2.3.2.RELEASE.jar
7fd9c6d5e000-7fd9c6d60000 r--s 00001000 08:02 4722964                    /home/njenga/.m2/repository/com/fasterxml/jackson/module/jackson-module-parameter-names/2.11.1/jackson-module-parameter-names-2.11.1.jar
7fd9c6d60000-7fd9c6d64000 r--s 00018000 08:02 4722969                    /home/njenga/.m2/repository/com/fasterxml/jackson/datatype/jackson-datatype-jsr310/2.11.1/jackson-datatype-jsr310-2.11.1.jar
7fd9c6d64000-7fd9c6d66000 r--s 00007000 08:02 4722968                    /home/njenga/.m2/repository/com/fasterxml/jackson/datatype/jackson-datatype-jdk8/2.11.1/jackson-datatype-jdk8-2.11.1.jar
7fd9c6d66000-7fd9c6d67000 r--s 00001000 08:02 4722959                    /home/njenga/.m2/repository/org/springframework/boot/spring-boot-starter-json/2.3.2.RELEASE/spring-boot-starter-json-2.3.2.RELEASE.jar
7fd9c6d67000-7fd9c6d6e000 r--s 00045000 08:02 4722864                    /home/njenga/.m2/repository/org/yaml/snakeyaml/1.26/snakeyaml-1.26.jar
7fd9c6d6e000-7fd9c6d70000 r--s 00005000 08:02 4589603                    /home/njenga/.m2/repository/jakarta/annotation/jakarta.annotation-api/1.3.5/jakarta.annotation-api-1.3.5.jar
7fd9c6d70000-7fd9c6d72000 r--s 00000000 08:02 4589570                    /home/njenga/.m2/repository/org/slf4j/jul-to-slf4j/1.7.30/jul-to-slf4j-1.7.30.jar
7fd9c6d72000-7fd9c6d78000 r--s 00042000 08:02 4722862                    /home/njenga/.m2/repository/org/apache/logging/log4j/log4j-api/2.13.3/log4j-api-2.13.3.jar
7fd9c6d78000-7fd9c6d7a000 r--s 00003000 08:02 4590780                    /home/njenga/.m2/repository/org/apache/logging/log4j/log4j-to-slf4j/2.13.3/log4j-to-slf4j-2.13.3.jar
7fd9c6d7a000-7fd9c6d85000 r--s 00069000 08:02 4589556                    /home/njenga/.m2/repository/ch/qos/logback/logback-core/1.2.3/logback-core-1.2.3.jar
7fd9c6d85000-7fd9c6d8b000 r--s 00041000 08:02 4589551                    /home/njenga/.m2/repository/ch/qos/logback/logback-classic/1.2.3/logback-classic-1.2.3.jar
7fd9c6d8b000-7fd9c6d8c000 r--s 00001000 08:02 4590778                    /home/njenga/.m2/repository/org/springframework/boot/spring-boot-starter-logging/2.3.2.RELEASE/spring-boot-starter-logging-2.3.2.RELEASE.jar
7fd9c6d8c000-7fd9c6d8d000 r--s 00001000 08:02 2500913                    /home/njenga/.m2/repository/org/springframework/boot/spring-boot-starter/2.3.2.RELEASE/spring-boot-starter-2.3.2.RELEASE.jar
7fd9c6d8d000-7fd9c6d8f000 r--s 0000a000 08:02 5381905                    /home/njenga/.m2/repository/org/springframework/spring-aspects/5.2.8.RELEASE/spring-aspects-5.2.8.RELEASE.jar
7fd9c6d8f000-7fd9c6d91000 r--s 00009000 08:02 4589809                    /home/njenga/.m2/repository/org/slf4j/slf4j-api/1.7.30/slf4j-api-1.7.30.jar
7fd9c6d91000-7fd9c6d9e000 r--s 0009c000 08:02 4069223                    /home/njenga/.m2/repository/org/springframework/spring-beans/5.2.8.RELEASE/spring-beans-5.2.8.RELEASE.jar
7fd9c6d9e000-7fd9c6da7000 r--s 00044000 08:02 4722866                    /home/njenga/.m2/repository/org/springframework/spring-tx/5.2.8.RELEASE/spring-tx-5.2.8.RELEASE.jar
7fd9c6da7000-7fd9c6dc2000 r--s 00111000 08:02 3547383                    /home/njenga/.m2/repository/org/springframework/spring-context/5.2.8.RELEASE/spring-context-5.2.8.RELEASE.jar
7fd9c6dc2000-7fd9c6dc7000 r--s 0002d000 08:02 5249545                    /home/njenga/.m2/repository/org/springframework/spring-orm/5.2.8.RELEASE/spring-orm-5.2.8.RELEASE.jar
7fd9c6dc7000-7fd9c6ddf000 r--s 00110000 08:02 4722868                    /home/njenga/.m2/repository/org/springframework/data/spring-data-commons/2.3.2.RELEASE/spring-data-commons-2.3.2.RELEASE.jar
7fd9c6ddf000-7fd9c6de7000 r--s 00052000 08:02 5249543                    /home/njenga/.m2/repository/org/springframework/data/spring-data-jpa/2.3.2.RELEASE/spring-data-jpa-2.3.2.RELEASE.jar
7fd9c6de7000-7fd9c6de9000 r--s 0000f000 08:02 5381904                    /home/njenga/.m2/repository/com/sun/activation/jakarta.activation/1.2.2/jakarta.activation-1.2.2.jar
7fd9c6de9000-7fd9c6deb000 r--s 00006000 08:02 5381901                    /home/njenga/.m2/repository/com/sun/istack/istack-commons-runtime/3.0.11/istack-commons-runtime-3.0.11.jar
7fd9c6deb000-7fd9c6ded000 r--s 00010000 08:02 5381899                    /home/njenga/.m2/repository/org/glassfish/jaxb/txw2/2.3.3/txw2-2.3.3.jar
7fd9c6ded000-7fd9c6e02000 r--s 000e8000 08:02 5249573                    /home/njenga/.m2/repository/org/glassfish/jaxb/jaxb-runtime/2.3.3/jaxb-runtime-2.3.3.jar
7fd9c6e02000-7fd9c6e05000 r--s 00010000 08:02 4589506                    /home/njenga/.m2/repository/org/hibernate/common/hibernate-commons-annotations/5.1.0.Final/hibernate-commons-annotations-5.1.0.Final.jar
7fd9c6e05000-7fd9c6e0a000 r--s 0004b000 08:02 5249571                    /home/njenga/.m2/repository/org/dom4j/dom4j/2.1.3/dom4j-2.1.3.jar
7fd9c6e0a000-7fd9c6e0c000 r--s 0000f000 08:02 4589596                    /home/njenga/.m2/repository/com/fasterxml/classmate/1.5.1/classmate-1.5.1.jar
7fd9c6e0c000-7fd9c6e0f000 r--s 0002d000 08:02 5119726                    /home/njenga/.m2/repository/org/jboss/jandex/2.1.3.Final/jandex-2.1.3.Final.jar
7fd9c6e0f000-7fd9c6e59000 r--s 00308000 08:02 4856647                    /home/njenga/.m2/repository/net/bytebuddy/byte-buddy/1.10.13/byte-buddy-1.10.13.jar
7fd9c6e59000-7fd9c6e63000 r--s 000b4000 08:02 4589494                    /home/njenga/.m2/repository/org/javassist/javassist/3.24.0-GA/javassist-3.24.0-GA.jar
7fd9c6e63000-7fd9c6eea000 r--s 00670000 08:02 4987693                    /home/njenga/.m2/repository/org/hibernate/hibernate-core/5.4.18.Final/hibernate-core-5.4.18.Final.jar
7fd9c6eea000-7fd9c6eed000 ---p 00000000 00:00 0 
7fd9c6eed000-7fd9c6feb000 rw-p 00000000 00:00 0 
7fd9c6feb000-7fd9c73f4000 r--p 00000000 08:02 21896633                   /usr/lib/locale/locale-archive
7fd9c73f4000-7fd9c73f7000 ---p 00000000 00:00 0 
7fd9c73f7000-7fd9c74f5000 rw-p 00000000 00:00 0 
7fd9c74f5000-7fd9c74f8000 ---p 00000000 00:00 0 
7fd9c74f8000-7fd9c75f6000 rw-p 00000000 00:00 0 
7fd9c75f6000-7fd9c75f7000 ---p 00000000 00:00 0 
7fd9c75f7000-7fd9c8000000 rw-p 00000000 00:00 0 
7fd9c8000000-7fd9c8021000 rw-p 00000000 00:00 0 
7fd9c8021000-7fd9cc000000 ---p 00000000 00:00 0 
7fd9cc000000-7fd9cc001000 r--s 00001000 08:02 4722954                    /home/njenga/.m2/repository/org/springframework/boot/spring-boot-starter-web/2.3.2.RELEASE/spring-boot-starter-web-2.3.2.RELEASE.jar
7fd9cc001000-7fd9cc006000 r--s 00068000 08:02 4589498                    /home/njenga/.m2/repository/antlr/antlr/2.7.7/antlr-2.7.7.jar
7fd9cc006000-7fd9cc008000 r--s 0000d000 08:02 4589595                    /home/njenga/.m2/repository/org/jboss/logging/jboss-logging/3.4.1.Final/jboss-logging-3.4.1.Final.jar
7fd9cc008000-7fd9cc00e000 r--s 00023000 08:02 4589486                    /home/njenga/.m2/repository/jakarta/persistence/jakarta.persistence-api/2.2.3/jakarta.persistence-api-2.2.3.jar
7fd9cc00e000-7fd9cc00f000 r--s 00003000 08:02 4589489                    /home/njenga/.m2/repository/jakarta/transaction/jakarta.transaction-api/1.3.3/jakarta.transaction-api-1.3.3.jar
7fd9cc00f000-7fd9cc028000 r--s 001dc000 08:02 4590788                    /home/njenga/.m2/repository/org/aspectj/aspectjweaver/1.9.6/aspectjweaver-1.9.6.jar
7fd9cc028000-7fd9cc62e000 rw-p 00000000 00:00 0 
7fd9cc62e000-7fd9cc800000 r--s 03ca5000 08:02 24643171                   /usr/lib/jvm/java-8-openjdk-amd64/jre/lib/rt.jar
7fd9cc800000-7fd9cd000000 rw-p 00000000 00:00 0 
7fd9cd000000-7fd9cd580000 rwxp 00000000 00:00 0 
7fd9cd580000-7fd9dc000000 ---p 00000000 00:00 0 
7fd9dc000000-7fd9dc953000 rw-p 00000000 00:00 0 
7fd9dc953000-7fd9e0000000 ---p 00000000 00:00 0 
7fd9e0000000-7fd9e0009000 r--s 0005b000 08:02 5249547                    /home/njenga/.m2/repository/org/springframework/spring-jdbc/5.2.8.RELEASE/spring-jdbc-5.2.8.RELEASE.jar
7fd9e0009000-7fd9e000d000 r--s 00023000 08:02 4856808                    /home/njenga/.m2/repository/com/zaxxer/HikariCP/3.4.5/HikariCP-3.4.5.jar
7fd9e000d000-7fd9e000e000 r--s 00001000 08:02 4723003                    /home/njenga/.m2/repository/org/springframework/boot/spring-boot-starter-jdbc/2.3.2.RELEASE/spring-boot-starter-jdbc-2.3.2.RELEASE.jar
7fd9e000e000-7fd9e0017000 r--s 00052000 08:02 3807445                    /home/njenga/.m2/repository/org/springframework/spring-aop/5.2.8.RELEASE/spring-aop-5.2.8.RELEASE.jar
7fd9e0017000-7fd9e0018000 r--s 00001000 08:02 2233427                    /home/njenga/.m2/repository/org/springframework/boot/spring-boot-starter-aop/2.3.2.RELEASE/spring-boot-starter-aop-2.3.2.RELEASE.jar
7fd9e0018000-7fd9e002b000 r--s 00346000 08:02 24643175                   /usr/lib/jvm/java-8-openjdk-amd64/jre/lib/resources.jar
7fd9e002b000-7fd9e0030000 r--s 000a7000 08:02 24643174                   /usr/lib/jvm/java-8-openjdk-amd64/jre/lib/jsse.jar
7fd9e0030000-7fd9e0032000 r--s 00016000 08:02 24643113                   /usr/lib/jvm/java-8-openjdk-amd64/jre/lib/jce.jar
7fd9e0032000-7fd9e06c7000 rw-p 00000000 00:00 0 
7fd9e06c7000-7fd9e06c8000 ---p 00000000 00:00 0 
7fd9e06c8000-7fd9e07c8000 rw-p 00000000 00:00 0 
7fd9e07c8000-7fd9e07c9000 ---p 00000000 00:00 0 
7fd9e07c9000-7fd9e08c9000 rw-p 00000000 00:00 0 
7fd9e08c9000-7fd9e08ca000 ---p 00000000 00:00 0 
7fd9e08ca000-7fd9e09ca000 rw-p 00000000 00:00 0 
7fd9e09ca000-7fd9e09cb000 ---p 00000000 00:00 0 
7fd9e09cb000-7fd9e0af0000 rw-p 00000000 00:00 0 
7fd9e0af0000-7fd9e0eac000 ---p 00000000 00:00 0 
7fd9e0eac000-7fd9e0ed1000 rw-p 00000000 00:00 0 
7fd9e0ed1000-7fd9e128c000 ---p 00000000 00:00 0 
7fd9e128c000-7fd9e1357000 rw-p 00000000 00:00 0 
7fd9e1357000-7fd9e147d000 ---p 00000000 00:00 0 
7fd9e147d000-7fd9e1494000 rw-p 00000000 00:00 0 
7fd9e1494000-7fd9e183e000 ---p 00000000 00:00 0 
7fd9e183e000-7fd9e1846000 r-xp 00000000 08:02 24643141                   /usr/lib/jvm/java-8-openjdk-amd64/jre/lib/amd64/libzip.so
7fd9e1846000-7fd9e1a45000 ---p 00008000 08:02 24643141                   /usr/lib/jvm/java-8-openjdk-amd64/jre/lib/amd64/libzip.so
7fd9e1a45000-7fd9e1a46000 r--p 00007000 08:02 24643141                   /usr/lib/jvm/java-8-openjdk-amd64/jre/lib/amd64/libzip.so
7fd9e1a46000-7fd9e1a47000 rw-p 00008000 08:02 24643141                   /usr/lib/jvm/java-8-openjdk-amd64/jre/lib/amd64/libzip.so
7fd9e1a47000-7fd9e1a52000 r-xp 00000000 08:02 3546248                    /lib/x86_64-linux-gnu/libnss_files-2.23.so
7fd9e1a52000-7fd9e1c51000 ---p 0000b000 08:02 3546248                    /lib/x86_64-linux-gnu/libnss_files-2.23.so
7fd9e1c51000-7fd9e1c52000 r--p 0000a000 08:02 3546248                    /lib/x86_64-linux-gnu/libnss_files-2.23.so
7fd9e1c52000-7fd9e1c53000 rw-p 0000b000 08:02 3546248                    /lib/x86_64-linux-gnu/libnss_files-2.23.so
7fd9e1c53000-7fd9e1c59000 rw-p 00000000 00:00 0 
7fd9e1c59000-7fd9e1c64000 r-xp 00000000 08:02 3546252                    /lib/x86_64-linux-gnu/libnss_nis-2.23.so
7fd9e1c64000-7fd9e1e63000 ---p 0000b000 08:02 3546252                    /lib/x86_64-linux-gnu/libnss_nis-2.23.so
7fd9e1e63000-7fd9e1e64000 r--p 0000a000 08:02 3546252                    /lib/x86_64-linux-gnu/libnss_nis-2.23.so
7fd9e1e64000-7fd9e1e65000 rw-p 0000b000 08:02 3546252                    /lib/x86_64-linux-gnu/libnss_nis-2.23.so
7fd9e1e65000-7fd9e1e7b000 r-xp 00000000 08:02 3546238                    /lib/x86_64-linux-gnu/libnsl-2.23.so
7fd9e1e7b000-7fd9e207a000 ---p 00016000 08:02 3546238                    /lib/x86_64-linux-gnu/libnsl-2.23.so
7fd9e207a000-7fd9e207b000 r--p 00015000 08:02 3546238                    /lib/x86_64-linux-gnu/libnsl-2.23.so
7fd9e207b000-7fd9e207c000 rw-p 00016000 08:02 3546238                    /lib/x86_64-linux-gnu/libnsl-2.23.so
7fd9e207c000-7fd9e207e000 rw-p 00000000 00:00 0 
7fd9e207e000-7fd9e2086000 r-xp 00000000 08:02 3546250                    /lib/x86_64-linux-gnu/libnss_compat-2.23.so
7fd9e2086000-7fd9e2285000 ---p 00008000 08:02 3546250                    /lib/x86_64-linux-gnu/libnss_compat-2.23.so
7fd9e2285000-7fd9e2286000 r--p 00007000 08:02 3546250                    /lib/x86_64-linux-gnu/libnss_compat-2.23.so
7fd9e2286000-7fd9e2287000 rw-p 00008000 08:02 3546250                    /lib/x86_64-linux-gnu/libnss_compat-2.23.so
7fd9e2287000-7fd9e2291000 r-xp 00000000 08:02 24643145                   /usr/lib/jvm/java-8-openjdk-amd64/jre/lib/amd64/libinstrument.so
7fd9e2291000-7fd9e2490000 ---p 0000a000 08:02 24643145                   /usr/lib/jvm/java-8-openjdk-amd64/jre/lib/amd64/libinstrument.so
7fd9e2490000-7fd9e2491000 r--p 00009000 08:02 24643145                   /usr/lib/jvm/java-8-openjdk-amd64/jre/lib/amd64/libinstrument.so
7fd9e2491000-7fd9e2492000 rw-p 0000a000 08:02 24643145                   /usr/lib/jvm/java-8-openjdk-amd64/jre/lib/amd64/libinstrument.so
7fd9e2492000-7fd9e24bb000 r-xp 00000000 08:02 24643133                   /usr/lib/jvm/java-8-openjdk-amd64/jre/lib/amd64/libjava.so
7fd9e24bb000-7fd9e26bb000 ---p 00029000 08:02 24643133                   /usr/lib/jvm/java-8-openjdk-amd64/jre/lib/amd64/libjava.so
7fd9e26bb000-7fd9e26bc000 r--p 00029000 08:02 24643133                   /usr/lib/jvm/java-8-openjdk-amd64/jre/lib/amd64/libjava.so
7fd9e26bc000-7fd9e26be000 rw-p 0002a000 08:02 24643133                   /usr/lib/jvm/java-8-openjdk-amd64/jre/lib/amd64/libjava.so
7fd9e26be000-7fd9e26cd000 r-xp 00000000 08:02 24643155                   /usr/lib/jvm/java-8-openjdk-amd64/jre/lib/amd64/libverify.so
7fd9e26cd000-7fd9e28cc000 ---p 0000f000 08:02 24643155                   /usr/lib/jvm/java-8-openjdk-amd64/jre/lib/amd64/libverify.so
7fd9e28cc000-7fd9e28ce000 r--p 0000e000 08:02 24643155                   /usr/lib/jvm/java-8-openjdk-amd64/jre/lib/amd64/libverify.so
7fd9e28ce000-7fd9e28cf000 rw-p 00010000 08:02 24643155                   /usr/lib/jvm/java-8-openjdk-amd64/jre/lib/amd64/libverify.so
7fd9e28cf000-7fd9e28d6000 r-xp 00000000 08:02 3546255                    /lib/x86_64-linux-gnu/librt-2.23.so
7fd9e28d6000-7fd9e2ad5000 ---p 00007000 08:02 3546255                    /lib/x86_64-linux-gnu/librt-2.23.so
7fd9e2ad5000-7fd9e2ad6000 r--p 00006000 08:02 3546255                    /lib/x86_64-linux-gnu/librt-2.23.so
7fd9e2ad6000-7fd9e2ad7000 rw-p 00007000 08:02 3546255                    /lib/x86_64-linux-gnu/librt-2.23.so
7fd9e2ad7000-7fd9e2aed000 r-xp 00000000 08:02 3543525                    /lib/x86_64-linux-gnu/libgcc_s.so.1
7fd9e2aed000-7fd9e2cec000 ---p 00016000 08:02 3543525                    /lib/x86_64-linux-gnu/libgcc_s.so.1
7fd9e2cec000-7fd9e2ced000 rw-p 00015000 08:02 3543525                    /lib/x86_64-linux-gnu/libgcc_s.so.1
7fd9e2ced000-7fd9e2df5000 r-xp 00000000 08:02 3546239                    /lib/x86_64-linux-gnu/libm-2.23.so
7fd9e2df5000-7fd9e2ff4000 ---p 00108000 08:02 3546239                    /lib/x86_64-linux-gnu/libm-2.23.so
7fd9e2ff4000-7fd9e2ff5000 r--p 00107000 08:02 3546239                    /lib/x86_64-linux-gnu/libm-2.23.so
7fd9e2ff5000-7fd9e2ff6000 rw-p 00108000 08:02 3546239                    /lib/x86_64-linux-gnu/libm-2.23.so
7fd9e2ff6000-7fd9e3168000 r-xp 00000000 08:02 21890876                   /usr/lib/x86_64-linux-gnu/libstdc++.so.6.0.21
7fd9e3168000-7fd9e3368000 ---p 00172000 08:02 21890876                   /usr/lib/x86_64-linux-gnu/libstdc++.so.6.0.21
7fd9e3368000-7fd9e3372000 r--p 00172000 08:02 21890876                   /usr/lib/x86_64-linux-gnu/libstdc++.so.6.0.21
7fd9e3372000-7fd9e3374000 rw-p 0017c000 08:02 21890876                   /usr/lib/x86_64-linux-gnu/libstdc++.so.6.0.21
7fd9e3374000-7fd9e3378000 rw-p 00000000 00:00 0 
7fd9e3378000-7fd9e3fe0000 r-xp 00000000 08:02 24643135                   /usr/lib/jvm/java-8-openjdk-amd64/jre/lib/amd64/server/libjvm.so
7fd9e3fe0000-7fd9e41e0000 ---p 00c68000 08:02 24643135                   /usr/lib/jvm/java-8-openjdk-amd64/jre/lib/amd64/server/libjvm.so
7fd9e41e0000-7fd9e4274000 r--p 00c68000 08:02 24643135                   /usr/lib/jvm/java-8-openjdk-amd64/jre/lib/amd64/server/libjvm.so
7fd9e4274000-7fd9e429d000 rw-p 00cfc000 08:02 24643135                   /usr/lib/jvm/java-8-openjdk-amd64/jre/lib/amd64/server/libjvm.so
7fd9e429d000-7fd9e42cd000 rw-p 00000000 00:00 0 
7fd9e42cd000-7fd9e42e5000 r-xp 00000000 08:02 3546236                    /lib/x86_64-linux-gnu/libpthread-2.23.so
7fd9e42e5000-7fd9e44e4000 ---p 00018000 08:02 3546236                    /lib/x86_64-linux-gnu/libpthread-2.23.so
7fd9e44e4000-7fd9e44e5000 r--p 00017000 08:02 3546236                    /lib/x86_64-linux-gnu/libpthread-2.23.so
7fd9e44e5000-7fd9e44e6000 rw-p 00018000 08:02 3546236                    /lib/x86_64-linux-gnu/libpthread-2.23.so
7fd9e44e6000-7fd9e44ea000 rw-p 00000000 00:00 0 
7fd9e44ea000-7fd9e44ed000 r-xp 00000000 08:02 3546233                    /lib/x86_64-linux-gnu/libdl-2.23.so
7fd9e44ed000-7fd9e46ec000 ---p 00003000 08:02 3546233                    /lib/x86_64-linux-gnu/libdl-2.23.so
7fd9e46ec000-7fd9e46ed000 r--p 00002000 08:02 3546233                    /lib/x86_64-linux-gnu/libdl-2.23.so
7fd9e46ed000-7fd9e46ee000 rw-p 00003000 08:02 3546233                    /lib/x86_64-linux-gnu/libdl-2.23.so
7fd9e46ee000-7fd9e4707000 r-xp 00000000 08:02 3543678                    /lib/x86_64-linux-gnu/libz.so.1.2.8
7fd9e4707000-7fd9e4906000 ---p 00019000 08:02 3543678                    /lib/x86_64-linux-gnu/libz.so.1.2.8
7fd9e4906000-7fd9e4907000 r--p 00018000 08:02 3543678                    /lib/x86_64-linux-gnu/libz.so.1.2.8
7fd9e4907000-7fd9e4908000 rw-p 00019000 08:02 3543678                    /lib/x86_64-linux-gnu/libz.so.1.2.8
7fd9e4908000-7fd9e4ac8000 r-xp 00000000 08:02 3546235                    /lib/x86_64-linux-gnu/libc-2.23.so
7fd9e4ac8000-7fd9e4cc8000 ---p 001c0000 08:02 3546235                    /lib/x86_64-linux-gnu/libc-2.23.so
7fd9e4cc8000-7fd9e4ccc000 r--p 001c0000 08:02 3546235                    /lib/x86_64-linux-gnu/libc-2.23.so
7fd9e4ccc000-7fd9e4cce000 rw-p 001c4000 08:02 3546235                    /lib/x86_64-linux-gnu/libc-2.23.so
7fd9e4cce000-7fd9e4cd2000 rw-p 00000000 00:00 0 
7fd9e4cd2000-7fd9e4cdf000 r-xp 00000000 08:02 24643132                   /usr/lib/jvm/java-8-openjdk-amd64/jre/lib/amd64/jli/libjli.so
7fd9e4cdf000-7fd9e4edf000 ---p 0000d000 08:02 24643132                   /usr/lib/jvm/java-8-openjdk-amd64/jre/lib/amd64/jli/libjli.so
7fd9e4edf000-7fd9e4ee0000 r--p 0000d000 08:02 24643132                   /usr/lib/jvm/java-8-openjdk-amd64/jre/lib/amd64/jli/libjli.so
7fd9e4ee0000-7fd9e4ee1000 rw-p 0000e000 08:02 24643132                   /usr/lib/jvm/java-8-openjdk-amd64/jre/lib/amd64/jli/libjli.so
7fd9e4ee1000-7fd9e4f07000 r-xp 00000000 08:02 3546246                    /lib/x86_64-linux-gnu/ld-2.23.so
7fd9e4f07000-7fd9e4f08000 r--s 00001000 08:02 29106031                   /home/njenga/.m2/repository/org/springframework/boot/spring-boot-starter-data-jpa/2.3.2.RELEASE/spring-boot-starter-data-jpa-2.3.2.RELEASE.jar
7fd9e4f08000-7fd9e4f0d000 r--s 002f9000 08:02 24643112                   /usr/lib/jvm/java-8-openjdk-amd64/jre/lib/charsets.jar
7fd9e4f0d000-7fd9e4f17000 r--s 00116000 08:02 24643191                   /usr/lib/jvm/java-8-openjdk-amd64/jre/lib/ext/localedata.jar
7fd9e4f17000-7fd9e4f32000 r--s 001d6000 08:02 24643188                   /usr/lib/jvm/java-8-openjdk-amd64/jre/lib/ext/nashorn.jar
7fd9e4f32000-7fd9e4f4d000 r--s 00394000 08:02 24643193                   /usr/lib/jvm/java-8-openjdk-amd64/jre/lib/ext/cldrdata.jar
7fd9e4f4d000-7fd9e4fe3000 rw-p 00000000 00:00 0 
7fd9e4fe3000-7fd9e4fe6000 ---p 00000000 00:00 0 
7fd9e4fe6000-7fd9e50e8000 rw-p 00000000 00:00 0 
7fd9e50e8000-7fd9e50e9000 r--s 00000000 08:02 24643170                   /usr/lib/jvm/java-8-openjdk-amd64/jre/lib/management-agent.jar
7fd9e50e9000-7fd9e50eb000 r--s 00001000 08:02 24643190                   /usr/lib/jvm/java-8-openjdk-amd64/jre/lib/ext/dnsns.jar
7fd9e50eb000-7fd9e50f1000 r--s 0003d000 08:02 24643187                   /usr/lib/jvm/java-8-openjdk-amd64/jre/lib/ext/sunjce_provider.jar
7fd9e50f1000-7fd9e50f4000 r--s 0000f000 08:02 24643194                   /usr/lib/jvm/java-8-openjdk-amd64/jre/lib/ext/icedtea-sound.jar
7fd9e50f4000-7fd9e50f5000 r--s 0000a000 08:02 24643192                   /usr/lib/jvm/java-8-openjdk-amd64/jre/lib/ext/jaccess.jar
7fd9e50f5000-7fd9e50f6000 r--s 0000d000 08:02 24643189                   /usr/lib/jvm/java-8-openjdk-amd64/jre/lib/ext/sunec.jar
7fd9e50f6000-7fd9e50fa000 r--s 0003a000 08:02 24643196                   /usr/lib/jvm/java-8-openjdk-amd64/jre/lib/ext/sunpkcs11.jar
7fd9e50fa000-7fd9e50fb000 r--s 00010000 08:02 24643195                   /usr/lib/jvm/java-8-openjdk-amd64/jre/lib/ext/zipfs.jar
7fd9e50fb000-7fd9e5103000 rw-s 00000000 08:02 10627073                   /tmp/hsperfdata_njenga/13389
7fd9e5103000-7fd9e5104000 rw-p 00000000 00:00 0 
7fd9e5104000-7fd9e5105000 r--p 00000000 00:00 0 
7fd9e5105000-7fd9e5106000 rw-p 00000000 00:00 0 
7fd9e5106000-7fd9e5107000 r--p 00025000 08:02 3546246                    /lib/x86_64-linux-gnu/ld-2.23.so
7fd9e5107000-7fd9e5108000 rw-p 00026000 08:02 3546246                    /lib/x86_64-linux-gnu/ld-2.23.so
7fd9e5108000-7fd9e5109000 rw-p 00000000 00:00 0 
7ffda9be3000-7ffda9c07000 rw-p 00000000 00:00 0                          [stack]
7ffda9d96000-7ffda9d98000 r--p 00000000 00:00 0                          [vvar]
7ffda9d98000-7ffda9d9a000 r-xp 00000000 00:00 0                          [vdso]
ffffffffff600000-ffffffffff601000 r-xp 00000000 00:00 0                  [vsyscall]

VM Arguments:
jvm_args: -XX:TieredStopAtLevel=1 -Xverify:none -Dspring.output.ansi.enabled=always -Dcom.sun.management.jmxremote -Dspring.jmx.enabled=true -Dspring.liveBeansView.mbeanDomain -Dspring.application.admin.enabled=true -javaagent:/home/njenga/Downloads/idea-IU-201.7846.76/lib/idea_rt.jar=42543:/home/njenga/Downloads/idea-IU-201.7846.76/bin -Dfile.encoding=UTF-8 
java_command: com.kisokolab.authserver.AuthserverApplication
java_class_path (initial): /usr/lib/jvm/java-1.8.0-openjdk-amd64/jre/lib/charsets.jar:/usr/lib/jvm/java-1.8.0-openjdk-amd64/jre/lib/ext/cldrdata.jar:/usr/lib/jvm/java-1.8.0-openjdk-amd64/jre/lib/ext/dnsns.jar:/usr/lib/jvm/java-1.8.0-openjdk-amd64/jre/lib/ext/icedtea-sound.jar:/usr/lib/jvm/java-1.8.0-openjdk-amd64/jre/lib/ext/jaccess.jar:/usr/lib/jvm/java-1.8.0-openjdk-amd64/jre/lib/ext/localedata.jar:/usr/lib/jvm/java-1.8.0-openjdk-amd64/jre/lib/ext/nashorn.jar:/usr/lib/jvm/java-1.8.0-openjdk-amd64/jre/lib/ext/sunec.jar:/usr/lib/jvm/java-1.8.0-openjdk-amd64/jre/lib/ext/sunjce_provider.jar:/usr/lib/jvm/java-1.8.0-openjdk-amd64/jre/lib/ext/sunpkcs11.jar:/usr/lib/jvm/java-1.8.0-openjdk-amd64/jre/lib/ext/zipfs.jar:/usr/lib/jvm/java-1.8.0-openjdk-amd64/jre/lib/jce.jar:/usr/lib/jvm/java-1.8.0-openjdk-amd64/jre/lib/jsse.jar:/usr/lib/jvm/java-1.8.0-openjdk-amd64/jre/lib/management-agent.jar:/usr/lib/jvm/java-1.8.0-openjdk-amd64/jre/lib/resources.jar:/usr/lib/jvm/java-1.8.0-openjdk-amd64/jre/lib/rt.jar:/home/njenga/Desktop/project/kisokolab/authserver/target/classes:/home/njenga/.m2/repository/org/springframework/boot/spring-boot-starter-data-jpa/2.3.2.RELEASE/spring-boot-starter-data-jpa-2.3.2.RELEASE.jar:/home/njenga/.m2/repository/org/springframework/boot/spring-boot-starter-aop/2.3.2.RELEASE/spring-boot-starter-aop-2.3.2.RELEASE.jar:/home/njenga/.m2/repository/org/springframework/spring-aop/5.2.8.RELEASE/spring-aop-5.2.8.RELEASE.jar:/home/njenga/.m2/repository/org/aspectj/aspectjweaver/1.9.6/aspectjweaver-1.9.6.jar:/home/njenga/.m2/repository/org/springframework/boot/spring-boot-starter-jdbc/2.3.2.RELEASE/spring-boot-starter-jdbc-2.3.2.RELEASE.jar:/home/njenga/.m2/repository/com/zaxxer/HikariCP/3.4.5/HikariCP-3.4.5.jar:/home/njenga/.m2/repository/org/springframework/spring-jdbc/5.2.8.RELEASE/spring-jdbc-5.2.8.RELEASE.jar:/home/njenga/.m2/repository/jakarta/transaction/jakarta.transaction-api/1.3.3/jakarta.transaction-api-1.3.3.jar:/home/njenga/.m2/repository/jakarta/pe
Launcher Type: SUN_STANDARD

Environment Variables:
JAVA_HOME=/usr/lib/jvm/jdk1.8.0_251
PATH=/home/njenga/bin:/home/njenga/.local/bin:/usr/local/sbin:/usr/local/bin:/usr/sbin:/usr/bin:/sbin:/bin:/usr/games:/usr/local/games
SHELL=/usr/bin/zsh
DISPLAY=:0

Signal Handlers:
SIGSEGV: [libjvm.so+0xa7bb00], sa_mask[0]=11111111011111111101111111111110, sa_flags=SA_RESTART|SA_SIGINFO
SIGBUS: [libjvm.so+0xa7bb00], sa_mask[0]=11111111011111111101111111111110, sa_flags=SA_RESTART|SA_SIGINFO
SIGFPE: [libjvm.so+0x8c3d50], sa_mask[0]=11111111011111111101111111111110, sa_flags=SA_RESTART|SA_SIGINFO
SIGPIPE: [libjvm.so+0x8c3d50], sa_mask[0]=11111111011111111101111111111110, sa_flags=SA_RESTART|SA_SIGINFO
SIGXFSZ: [libjvm.so+0x8c3d50], sa_mask[0]=11111111011111111101111111111110, sa_flags=SA_RESTART|SA_SIGINFO
SIGILL: [libjvm.so+0x8c3d50], sa_mask[0]=11111111011111111101111111111110, sa_flags=SA_RESTART|SA_SIGINFO
SIGUSR1: SIG_DFL, sa_mask[0]=00000000000000000000000000000000, sa_flags=none
SIGUSR2: [libjvm.so+0x8c3c00], sa_mask[0]=00100000000000000000000000000000, sa_flags=SA_RESTART|SA_SIGINFO
SIGHUP: [libjvm.so+0x8c4290], sa_mask[0]=11111111011111111101111111111110, sa_flags=SA_RESTART|SA_SIGINFO
SIGINT: [libjvm.so+0x8c4290], sa_mask[0]=11111111011111111101111111111110, sa_flags=SA_RESTART|SA_SIGINFO
SIGTERM: [libjvm.so+0x8c4290], sa_mask[0]=11111111011111111101111111111110, sa_flags=SA_RESTART|SA_SIGINFO
SIGQUIT: [libjvm.so+0x8c4290], sa_mask[0]=11111111011111111101111111111110, sa_flags=SA_RESTART|SA_SIGINFO


---------------  S Y S T E M  ---------------

OS:DISTRIB_ID=LinuxMint
DISTRIB_RELEASE=18.2
DISTRIB_CODENAME=sonya
DISTRIB_DESCRIPTION="Linux Mint 18.2 Sonya"

uname:Linux 4.8.0-53-generic #56~16.04.1-Ubuntu SMP Tue May 16 01:18:56 UTC 2017 x86_64
libc:glibc 2.23 NPTL 2.23 
rlimit: STACK 8192k, CORE 0k, NPROC 47183, NOFILE 65536, AS infinity
load average:1.39 1.01 0.96

/proc/meminfo:
MemTotal:       12192948 kB
MemFree:          156364 kB
MemAvailable:    1190804 kB
Buffers:          547324 kB
Cached:          1339396 kB
SwapCached:        26516 kB
Active:          9591392 kB
Inactive:        1987740 kB
Active(anon):    8807656 kB
Inactive(anon):  1548228 kB
Active(file):     783736 kB
Inactive(file):   439512 kB
Unevictable:         120 kB
Mlocked:             120 kB
SwapTotal:       4083708 kB
SwapFree:        2618080 kB
Dirty:             25364 kB
Writeback:             0 kB
AnonPages:       9614092 kB
Mapped:           797680 kB
Shmem:            663464 kB
Slab:             212008 kB
SReclaimable:      99400 kB
SUnreclaim:       112608 kB
KernelStack:       25040 kB
PageTables:       113748 kB
NFS_Unstable:          0 kB
Bounce:                0 kB
WritebackTmp:          0 kB
CommitLimit:    10180180 kB
Committed_AS:   23800960 kB
VmallocTotal:   34359738367 kB
VmallocUsed:           0 kB
VmallocChunk:          0 kB
HardwareCorrupted:     0 kB
AnonHugePages:   4962304 kB
ShmemHugePages:        0 kB
ShmemPmdMapped:        0 kB
CmaTotal:              0 kB
CmaFree:               0 kB
HugePages_Total:       0
HugePages_Free:        0
HugePages_Rsvd:        0
HugePages_Surp:        0
Hugepagesize:       2048 kB
DirectMap4k:      402176 kB
DirectMap2M:    12070912 kB
DirectMap1G:     1048576 kB

container (cgroup) information:
container_type: cgroupv1
cpu_cpuset_cpus: 0-3
cpu_memory_nodes: 0
active_processor_count: 4
cpu_quota: -1
cpu_period: 100000
cpu_shares: -1
memory_limit_in_bytes: -1
memory_and_swap_limit_in_bytes: -2
memory_soft_limit_in_bytes: -1
memory_usage_in_bytes: 9486790656
memory_max_usage_in_bytes: 9876430848


CPU:total 4 (initial active 4) (2 cores per cpu, 2 threads per core) family 6 model 69 stepping 1, cmov, cx8, fxsr, mmx, sse, sse2, sse3, ssse3, sse4.1, sse4.2, popcnt, avx, avx2, aes, clmul, erms, lzcnt, ht, tsc, tscinvbit, bmi1, bmi2

/proc/cpuinfo:
processor	: 0
vendor_id	: GenuineIntel
cpu family	: 6
model		: 69
model name	: Intel(R) Core(TM) i5-4210U CPU @ 1.70GHz
stepping	: 1
microcode	: 0x26
cpu MHz		: 2400.000
cache size	: 3072 KB
physical id	: 0
siblings	: 4
core id		: 0
cpu cores	: 2
apicid		: 0
initial apicid	: 0
fpu		: yes
fpu_exception	: yes
cpuid level	: 13
wp		: yes
flags		: fpu vme de pse tsc msr pae mce cx8 apic sep mtrr pge mca cmov pat pse36 clflush dts acpi mmx fxsr sse sse2 ss ht tm pbe syscall nx pdpe1gb rdtscp lm constant_tsc arch_perfmon pebs bts rep_good nopl xtopology nonstop_tsc aperfmperf eagerfpu pni pclmulqdq dtes64 monitor ds_cpl vmx est tm2 ssse3 sdbg fma cx16 xtpr pdcm pcid sse4_1 sse4_2 movbe popcnt tsc_deadline_timer aes xsave avx f16c rdrand lahf_lm abm epb tpr_shadow vnmi flexpriority ept vpid fsgsbase tsc_adjust bmi1 avx2 smep bmi2 erms invpcid xsaveopt dtherm ida arat pln pts
bugs		:
bogomips	: 4788.85
clflush size	: 64
cache_alignment	: 64
address sizes	: 39 bits physical, 48 bits virtual
power management:

processor	: 1
vendor_id	: GenuineIntel
cpu family	: 6
model		: 69
model name	: Intel(R) Core(TM) i5-4210U CPU @ 1.70GHz
stepping	: 1
microcode	: 0x26
cpu MHz		: 2399.853
cache size	: 3072 KB
physical id	: 0
siblings	: 4
core id		: 0
cpu cores	: 2
apicid		: 1
initial apicid	: 1
fpu		: yes
fpu_exception	: yes
cpuid level	: 13
wp		: yes
flags		: fpu vme de pse tsc msr pae mce cx8 apic sep mtrr pge mca cmov pat pse36 clflush dts acpi mmx fxsr sse sse2 ss ht tm pbe syscall nx pdpe1gb rdtscp lm constant_tsc arch_perfmon pebs bts rep_good nopl xtopology nonstop_tsc aperfmperf eagerfpu pni pclmulqdq dtes64 monitor ds_cpl vmx est tm2 ssse3 sdbg fma cx16 xtpr pdcm pcid sse4_1 sse4_2 movbe popcnt tsc_deadline_timer aes xsave avx f16c rdrand lahf_lm abm epb tpr_shadow vnmi flexpriority ept vpid fsgsbase tsc_adjust bmi1 avx2 smep bmi2 erms invpcid xsaveopt dtherm ida arat pln pts
bugs		:
bogomips	: 4788.85
clflush size	: 64
cache_alignment	: 64
address sizes	: 39 bits physical, 48 bits virtual
power management:

processor	: 2
vendor_id	: GenuineIntel
cpu family	: 6
model		: 69
model name	: Intel(R) Core(TM) i5-4210U CPU @ 1.70GHz
stepping	: 1
microcode	: 0x26
cpu MHz		: 2400.000
cache size	: 3072 KB
physical id	: 0
siblings	: 4
core id		: 1
cpu cores	: 2
apicid		: 2
initial apicid	: 2
fpu		: yes
fpu_exception	: yes
cpuid level	: 13
wp		: yes
flags		: fpu vme de pse tsc msr pae mce cx8 apic sep mtrr pge mca cmov pat pse36 clflush dts acpi mmx fxsr sse sse2 ss ht tm pbe syscall nx pdpe1gb rdtscp lm constant_tsc arch_perfmon pebs bts rep_good nopl xtopology nonstop_tsc aperfmperf eagerfpu pni pclmulqdq dtes64 monitor ds_cpl vmx est tm2 ssse3 sdbg fma cx16 xtpr pdcm pcid sse4_1 sse4_2 movbe popcnt tsc_deadline_timer aes xsave avx f16c rdrand lahf_lm abm epb tpr_shadow vnmi flexpriority ept vpid fsgsbase tsc_adjust bmi1 avx2 smep bmi2 erms invpcid xsaveopt dtherm ida arat pln pts
bugs		:
bogomips	: 4788.85
clflush size	: 64
cache_alignment	: 64
address sizes	: 39 bits physical, 48 bits virtual
power management:

processor	: 3
vendor_id	: GenuineIntel
cpu family	: 6
model		: 69
model name	: Intel(R) Core(TM) i5-4210U CPU @ 1.70GHz
stepping	: 1
microcode	: 0x26
cpu MHz		: 2399.853
cache size	: 3072 KB
physical id	: 0
siblings	: 4
core id		: 1
cpu cores	: 2
apicid		: 3
initial apicid	: 3
fpu		: yes
fpu_exception	: yes
cpuid level	: 13
wp		: yes
flags		: fpu vme de pse tsc msr pae mce cx8 apic sep mtrr pge mca cmov pat pse36 clflush dts acpi mmx fxsr sse sse2 ss ht tm pbe syscall nx pdpe1gb rdtscp lm constant_tsc arch_perfmon pebs bts rep_good nopl xtopology nonstop_tsc aperfmperf eagerfpu pni pclmulqdq dtes64 monitor ds_cpl vmx est tm2 ssse3 sdbg fma cx16 xtpr pdcm pcid sse4_1 sse4_2 movbe popcnt tsc_deadline_timer aes xsave avx f16c rdrand lahf_lm abm epb tpr_shadow vnmi flexpriority ept vpid fsgsbase tsc_adjust bmi1 avx2 smep bmi2 erms invpcid xsaveopt dtherm ida arat pln pts
bugs		:
bogomips	: 4788.85
clflush size	: 64
cache_alignment	: 64
address sizes	: 39 bits physical, 48 bits virtual
power management:



Memory: 4k page, physical 12192948k(156364k free), swap 4083708k(2618080k free)

vm_info: OpenJDK 64-Bit Server VM (25.252-b09) for linux-amd64 JRE (1.8.0_252-8u252-b09-1~16.04-b09), built on Apr 15 2020 21:06:51 by "buildd" with gcc 5.4.0 20160609

time: Mon Aug 10 13:56:11 2020
timezone: EAT
elapsed time: 4 seconds (0d 0h 0m 4s)

