#
# A fatal error has been detected by the Java Runtime Environment:
#
#  SIGSEGV (0xb) at pc=0x00007fc896b023a6, pid=9843, tid=0x00007fc7fedf1700
#
# JRE version: OpenJDK Runtime Environment (8.0_252-b09) (build 1.8.0_252-8u252-b09-1~16.04-b09)
# Java VM: OpenJDK 64-Bit Server VM (25.252-b09 mixed mode linux-amd64 compressed oops)
# Problematic frame:
# V  [libjvm.so+0x7653a6]
#
# Failed to write core dump. Core dumps have been disabled. To enable core dumping, try "ulimit -c unlimited" before starting Java again
#
# If you would like to submit a bug report, please visit:
#   http://bugreport.java.com/bugreport/crash.jsp
#

---------------  T H R E A D  ---------------

Current thread (0x00007fc860006800):  JavaThread "restartedMain" [_thread_in_vm, id=9966, stack(0x00007fc7fecf1000,0x00007fc7fedf2000)]

siginfo: si_signo: 11 (SIGSEGV), si_code: 1 (SEGV_MAPERR), si_addr: 0x0000000000000008

Registers:
RAX=0x00000000000001a8, RBX=0x00007fc8404bc110, RCX=0x0000000000000033, RDX=0x00000007c0849988
RSP=0x00007fc7fedeede0, RBP=0x00007fc7fedeef10, RSI=0x0000000000000000, RDI=0x00000007c0849968
R8 =0x00007fc7fe9b6480, R9 =0x00007fc820eadfe0, R10=0x00007fc80051eec0, R11=0x000000000000000c
R12=0x0000000781f80cd0, R13=0x0000000000000000, R14=0x0000000000000020, R15=0x0000000000000004
RIP=0x00007fc896b023a6, EFLAGS=0x0000000000010206, CSGSFS=0x002b000000000033, ERR=0x0000000000000004
  TRAPNO=0x000000000000000e

Top of Stack: (sp=0x00007fc7fedeede0)
0x00007fc7fedeede0:   00007fc8600045d0 00007fc7fedeeeb0
0x00007fc7fedeedf0:   00000007c0849968 ffffffffffffffff
0x00007fc7fedeee00:   00007fc7fedeee50 00007fc7fe9d03c0
0x00007fc7fedeee10:   00007fc7fedeee20 00007fc896dc2366
0x00007fc7fedeee20:   00007fc7fedeeec0 00007fc8205d8870
0x00007fc7fedeee30:   00007fc820332450 00000000000003d8
0x00007fc7fedeee40:   00007fc8404bc4e8 00007fc8404bc130
0x00007fc7fedeee50:   00000007c0845bf8 00000007c0849968
0x00007fc7fedeee60:   01007fc8404bc100 0000000000000000
0x00007fc7fedeee70:   00007fc8404bc100 00007fc820eadfd8
0x00007fc7fedeee80:   00007fc7fedeef00 00007fc896d00600
0x00007fc7fedeee90:   00007fc860006800 00007fc7fedeef80
0x00007fc7fedeeea0:   00007fc820332430 0000000000000005
0x00007fc7fedeeeb0:   00007fc7fe9b6480 00007fc860006800
0x00007fc7fedeeec0:   00007fc7fe9cfd70 00000007c0845bf8
0x00007fc7fedeeed0:   0000000000000005 25fc0c3ca0d5c500
0x00007fc7fedeeee0:   00007fc7fedeef00 00007fc860006800
0x00007fc7fedeeef0:   00007fc7fe9d03d8 00007fc7fedeef90
0x00007fc7fedeef00:   00007fc7fe9d0620 00007fc8404bc110
0x00007fc7fedeef10:   00007fc7fedef000 00007fc896b0432a
0x00007fc7fedeef20:   00007fc860006800 00007fc896b042ab
0x00007fc7fedeef30:   00007fc80000000b 25fc0c3ca0d5c500
0x00007fc7fedeef40:   00007fc700000053 0000000000000000
0x00007fc7fedeef50:   00007fc860006800 00000001fedeefb0
0x00007fc7fedeef60:   00007fc7fe9d0428 00007fc700000001
0x00007fc7fedeef70:   00007fc7fedeef80 0000000500000005
0x00007fc7fedeef80:   00007fc7fe9d0620 00007fc860006800
0x00007fc7fedeef90:   00007fc860006800 00007fc860004740
0x00007fc7fedeefa0:   00007fc820eadf80 00007fc820eadfd8
0x00007fc7fedeefb0:   00007fc820eae068 00000000000000d8
0x00007fc7fedeefc0:   00007fc7fedef180 25fc0c3ca0d5c500
0x00007fc7fedeefd0:   0000000000000005 00007fc860006800 

Instructions: (pc=0x00007fc896b023a6)
0x00007fc896b02386:   48 8d 45 b0 48 89 85 10 ff ff ff eb 40 0f 1f 44
0x00007fc896b02396:   00 00 48 63 43 08 4c 89 f2 48 03 13 4c 8b 2c 02
0x00007fc896b023a6:   49 8b 45 08 48 8b 7d 90 0f b7 48 22 48 8b 50 08
0x00007fc896b023b6:   48 3b 7c ca 50 0f 84 0f 01 00 00 41 83 c7 01 49 

Register to memory mapping:

RAX=0x00000000000001a8 is an unknown value
RBX=0x00007fc8404bc110 is an unknown value
RCX=0x0000000000000033 is an unknown value
RDX=0x00000007c0849988 is pointing into metadata
RSP=0x00007fc7fedeede0 is pointing into the stack for thread: 0x00007fc860006800
RBP=0x00007fc7fedeef10 is pointing into the stack for thread: 0x00007fc860006800
RSI=0x0000000000000000 is an unknown value
RDI=0x00000007c0849968 is pointing into metadata
R8 ={method} {0x00007fc7fe9b6480} 'tokenStore' '()Lorg/springframework/security/oauth2/provider/token/TokenStore;' in 'com/kisokolab/authserver/config/OAuth2AuthorizationServer'
R9 =0x00007fc820eadfe0 is an unknown value
R10=0x00007fc80051eec0 is an unknown value
R11=0x000000000000000c is an unknown value
R12=0x0000000781f80cd0 is an oop
org.springframework.boot.devtools.restart.classloader.RestartClassLoader 
 - klass: 'org/springframework/boot/devtools/restart/classloader/RestartClassLoader'
R13=0x0000000000000000 is an unknown value
R14=0x0000000000000020 is an unknown value
R15=0x0000000000000004 is an unknown value


Stack: [0x00007fc7fecf1000,0x00007fc7fedf2000],  sp=0x00007fc7fedeede0,  free space=1015k
Native frames: (J=compiled Java code, j=interpreted, Vv=VM code, C=native code)
V  [libjvm.so+0x7653a6]
V  [libjvm.so+0x76732a]
V  [libjvm.so+0x622d33]
V  [libjvm.so+0x6294ff]
V  [libjvm.so+0x629a80]
V  [libjvm.so+0x6b7c26]
V  [libjvm.so+0x6b7fbc]  JVM_FindClassFromCaller+0x17c
C  [libjava.so+0xd660]  Java_java_lang_Class_forName0+0x140
J 854  java.lang.Class.forName0(Ljava/lang/String;ZLjava/lang/ClassLoader;Ljava/lang/Class;)Ljava/lang/Class; (0 bytes) @ 0x00007fc881264974 [0x00007fc881264880+0xf4]
J 747 C1 java.lang.Class.forName(Ljava/lang/String;ZLjava/lang/ClassLoader;)Ljava/lang/Class; (53 bytes) @ 0x00007fc881230644 [0x00007fc881230520+0x124]
j  org.springframework.cglib.core.ReflectUtils.defineClass(Ljava/lang/String;[BLjava/lang/ClassLoader;Ljava/security/ProtectionDomain;Ljava/lang/Class;)Ljava/lang/Class;+390
j  org.springframework.cglib.core.AbstractClassGenerator.generate(Lorg/springframework/cglib/core/AbstractClassGenerator$ClassLoaderData;)Ljava/lang/Class;+184
j  org.springframework.cglib.proxy.Enhancer.generate(Lorg/springframework/cglib/core/AbstractClassGenerator$ClassLoaderData;)Ljava/lang/Class;+53
j  org.springframework.cglib.core.AbstractClassGenerator$ClassLoaderData$3.apply(Lorg/springframework/cglib/core/AbstractClassGenerator;)Ljava/lang/Object;+5
j  org.springframework.cglib.core.AbstractClassGenerator$ClassLoaderData$3.apply(Ljava/lang/Object;)Ljava/lang/Object;+5
j  org.springframework.cglib.core.internal.LoadingCache$2.call()Ljava/lang/Object;+11
j  java.util.concurrent.FutureTask.run()V+42
j  org.springframework.cglib.core.internal.LoadingCache.createEntry(Ljava/lang/Object;Ljava/lang/Object;Ljava/lang/Object;)Ljava/lang/Object;+58
j  org.springframework.cglib.core.internal.LoadingCache.get(Ljava/lang/Object;)Ljava/lang/Object;+39
j  org.springframework.cglib.core.AbstractClassGenerator$ClassLoaderData.get(Lorg/springframework/cglib/core/AbstractClassGenerator;Z)Ljava/lang/Object;+15
j  org.springframework.cglib.core.AbstractClassGenerator.create(Ljava/lang/Object;)Ljava/lang/Object;+115
j  org.springframework.cglib.proxy.Enhancer.createHelper()Ljava/lang/Object;+86
j  org.springframework.cglib.proxy.Enhancer.createClass()Ljava/lang/Class;+6
j  org.springframework.context.annotation.ConfigurationClassEnhancer.createClass(Lorg/springframework/cglib/proxy/Enhancer;)Ljava/lang/Class;+1
j  org.springframework.context.annotation.ConfigurationClassEnhancer.enhance(Ljava/lang/Class;Ljava/lang/ClassLoader;)Ljava/lang/Class;+53
j  org.springframework.context.annotation.ConfigurationClassPostProcessor.enhanceConfigurationClasses(Lorg/springframework/beans/factory/config/ConfigurableListableBeanFactory;)V+381
j  org.springframework.context.annotation.ConfigurationClassPostProcessor.postProcessBeanFactory(Lorg/springframework/beans/factory/config/ConfigurableListableBeanFactory;)V+88
j  org.springframework.context.support.PostProcessorRegistrationDelegate.invokeBeanFactoryPostProcessors(Ljava/util/Collection;Lorg/springframework/beans/factory/config/ConfigurableListableBeanFactory;)V+28
j  org.springframework.context.support.PostProcessorRegistrationDelegate.invokeBeanFactoryPostProcessors(Lorg/springframework/beans/factory/config/ConfigurableListableBeanFactory;Ljava/util/List;)V+494
j  org.springframework.context.support.AbstractApplicationContext.invokeBeanFactoryPostProcessors(Lorg/springframework/beans/factory/config/ConfigurableListableBeanFactory;)V+5
j  org.springframework.context.support.AbstractApplicationContext.refresh()V+28
j  org.springframework.boot.web.servlet.context.ServletWebServerApplicationContext.refresh()V+1
j  org.springframework.boot.SpringApplication.refresh(Lorg/springframework/context/ConfigurableApplicationContext;)V+1
j  org.springframework.boot.SpringApplication.refresh(Lorg/springframework/context/ApplicationContext;)V+11
j  org.springframework.boot.SpringApplication.refreshContext(Lorg/springframework/context/ConfigurableApplicationContext;)V+2
j  org.springframework.boot.SpringApplication.run([Ljava/lang/String;)Lorg/springframework/context/ConfigurableApplicationContext;+118
j  org.springframework.boot.SpringApplication.run([Ljava/lang/Class;[Ljava/lang/String;)Lorg/springframework/context/ConfigurableApplicationContext;+9
j  org.springframework.boot.SpringApplication.run(Ljava/lang/Class;[Ljava/lang/String;)Lorg/springframework/context/ConfigurableApplicationContext;+9
j  com.kisokolab.authserver.AuthserverApplication.main([Ljava/lang/String;)V+3
v  ~StubRoutines::call_stub
V  [libjvm.so+0x66abf0]
V  [libjvm.so+0x94b309]
V  [libjvm.so+0x94d02f]
V  [libjvm.so+0x6b87f7]  JVM_InvokeMethod+0x137
J 2327  sun.reflect.NativeMethodAccessorImpl.invoke0(Ljava/lang/reflect/Method;Ljava/lang/Object;[Ljava/lang/Object;)Ljava/lang/Object; (0 bytes) @ 0x00007fc8814b98ad [0x00007fc8814b97c0+0xed]
J 1916 C1 sun.reflect.NativeMethodAccessorImpl.invoke(Ljava/lang/Object;[Ljava/lang/Object;)Ljava/lang/Object; (104 bytes) @ 0x00007fc8813fc14c [0x00007fc8813fbda0+0x3ac]
J 1804 C1 sun.reflect.DelegatingMethodAccessorImpl.invoke(Ljava/lang/Object;[Ljava/lang/Object;)Ljava/lang/Object; (10 bytes) @ 0x00007fc8813cc8c4 [0x00007fc8813cc880+0x44]
J 1803 C1 java.lang.reflect.Method.invoke(Ljava/lang/Object;[Ljava/lang/Object;)Ljava/lang/Object; (62 bytes) @ 0x00007fc8813cc4a4 [0x00007fc8813cc3a0+0x104]
j  org.springframework.boot.devtools.restart.RestartLauncher.run()V+42
v  ~StubRoutines::call_stub
V  [libjvm.so+0x66abf0]
V  [libjvm.so+0x6680d4]
V  [libjvm.so+0x6686b7]
V  [libjvm.so+0x6acad4]
V  [libjvm.so+0xa1ff87]
V  [libjvm.so+0xa20370]
V  [libjvm.so+0x8c6042]
C  [libpthread.so.0+0x76ba]  start_thread+0xca

Java frames: (J=compiled Java code, j=interpreted, Vv=VM code)
J 854  java.lang.Class.forName0(Ljava/lang/String;ZLjava/lang/ClassLoader;Ljava/lang/Class;)Ljava/lang/Class; (0 bytes) @ 0x00007fc8812648fa [0x00007fc881264880+0x7a]
J 747 C1 java.lang.Class.forName(Ljava/lang/String;ZLjava/lang/ClassLoader;)Ljava/lang/Class; (53 bytes) @ 0x00007fc881230644 [0x00007fc881230520+0x124]
j  org.springframework.cglib.core.ReflectUtils.defineClass(Ljava/lang/String;[BLjava/lang/ClassLoader;Ljava/security/ProtectionDomain;Ljava/lang/Class;)Ljava/lang/Class;+390
j  org.springframework.cglib.core.AbstractClassGenerator.generate(Lorg/springframework/cglib/core/AbstractClassGenerator$ClassLoaderData;)Ljava/lang/Class;+184
j  org.springframework.cglib.proxy.Enhancer.generate(Lorg/springframework/cglib/core/AbstractClassGenerator$ClassLoaderData;)Ljava/lang/Class;+53
j  org.springframework.cglib.core.AbstractClassGenerator$ClassLoaderData$3.apply(Lorg/springframework/cglib/core/AbstractClassGenerator;)Ljava/lang/Object;+5
j  org.springframework.cglib.core.AbstractClassGenerator$ClassLoaderData$3.apply(Ljava/lang/Object;)Ljava/lang/Object;+5
j  org.springframework.cglib.core.internal.LoadingCache$2.call()Ljava/lang/Object;+11
j  java.util.concurrent.FutureTask.run()V+42
j  org.springframework.cglib.core.internal.LoadingCache.createEntry(Ljava/lang/Object;Ljava/lang/Object;Ljava/lang/Object;)Ljava/lang/Object;+58
j  org.springframework.cglib.core.internal.LoadingCache.get(Ljava/lang/Object;)Ljava/lang/Object;+39
j  org.springframework.cglib.core.AbstractClassGenerator$ClassLoaderData.get(Lorg/springframework/cglib/core/AbstractClassGenerator;Z)Ljava/lang/Object;+15
j  org.springframework.cglib.core.AbstractClassGenerator.create(Ljava/lang/Object;)Ljava/lang/Object;+115
j  org.springframework.cglib.proxy.Enhancer.createHelper()Ljava/lang/Object;+86
j  org.springframework.cglib.proxy.Enhancer.createClass()Ljava/lang/Class;+6
j  org.springframework.context.annotation.ConfigurationClassEnhancer.createClass(Lorg/springframework/cglib/proxy/Enhancer;)Ljava/lang/Class;+1
j  org.springframework.context.annotation.ConfigurationClassEnhancer.enhance(Ljava/lang/Class;Ljava/lang/ClassLoader;)Ljava/lang/Class;+53
j  org.springframework.context.annotation.ConfigurationClassPostProcessor.enhanceConfigurationClasses(Lorg/springframework/beans/factory/config/ConfigurableListableBeanFactory;)V+381
j  org.springframework.context.annotation.ConfigurationClassPostProcessor.postProcessBeanFactory(Lorg/springframework/beans/factory/config/ConfigurableListableBeanFactory;)V+88
j  org.springframework.context.support.PostProcessorRegistrationDelegate.invokeBeanFactoryPostProcessors(Ljava/util/Collection;Lorg/springframework/beans/factory/config/ConfigurableListableBeanFactory;)V+28
j  org.springframework.context.support.PostProcessorRegistrationDelegate.invokeBeanFactoryPostProcessors(Lorg/springframework/beans/factory/config/ConfigurableListableBeanFactory;Ljava/util/List;)V+494
j  org.springframework.context.support.AbstractApplicationContext.invokeBeanFactoryPostProcessors(Lorg/springframework/beans/factory/config/ConfigurableListableBeanFactory;)V+5
j  org.springframework.context.support.AbstractApplicationContext.refresh()V+28
j  org.springframework.boot.web.servlet.context.ServletWebServerApplicationContext.refresh()V+1
j  org.springframework.boot.SpringApplication.refresh(Lorg/springframework/context/ConfigurableApplicationContext;)V+1
j  org.springframework.boot.SpringApplication.refresh(Lorg/springframework/context/ApplicationContext;)V+11
j  org.springframework.boot.SpringApplication.refreshContext(Lorg/springframework/context/ConfigurableApplicationContext;)V+2
j  org.springframework.boot.SpringApplication.run([Ljava/lang/String;)Lorg/springframework/context/ConfigurableApplicationContext;+118
j  org.springframework.boot.SpringApplication.run([Ljava/lang/Class;[Ljava/lang/String;)Lorg/springframework/context/ConfigurableApplicationContext;+9
j  org.springframework.boot.SpringApplication.run(Ljava/lang/Class;[Ljava/lang/String;)Lorg/springframework/context/ConfigurableApplicationContext;+9
j  com.kisokolab.authserver.AuthserverApplication.main([Ljava/lang/String;)V+3
v  ~StubRoutines::call_stub
J 2327  sun.reflect.NativeMethodAccessorImpl.invoke0(Ljava/lang/reflect/Method;Ljava/lang/Object;[Ljava/lang/Object;)Ljava/lang/Object; (0 bytes) @ 0x00007fc8814b9837 [0x00007fc8814b97c0+0x77]
J 1916 C1 sun.reflect.NativeMethodAccessorImpl.invoke(Ljava/lang/Object;[Ljava/lang/Object;)Ljava/lang/Object; (104 bytes) @ 0x00007fc8813fc14c [0x00007fc8813fbda0+0x3ac]
J 1804 C1 sun.reflect.DelegatingMethodAccessorImpl.invoke(Ljava/lang/Object;[Ljava/lang/Object;)Ljava/lang/Object; (10 bytes) @ 0x00007fc8813cc8c4 [0x00007fc8813cc880+0x44]
J 1803 C1 java.lang.reflect.Method.invoke(Ljava/lang/Object;[Ljava/lang/Object;)Ljava/lang/Object; (62 bytes) @ 0x00007fc8813cc4a4 [0x00007fc8813cc3a0+0x104]
j  org.springframework.boot.devtools.restart.RestartLauncher.run()V+42
v  ~StubRoutines::call_stub

---------------  P R O C E S S  ---------------

Java Threads: ( => current thread )
=>0x00007fc860006800 JavaThread "restartedMain" [_thread_in_vm, id=9966, stack(0x00007fc7fecf1000,0x00007fc7fedf2000)]
  0x00007fc7f8012800 JavaThread "Thread-16" [_thread_blocked, id=9963, stack(0x00007fc864ee5000,0x00007fc864fe6000)]
  0x00007fc838005000 JavaThread "RMI TCP Connection(5)-127.0.0.1" daemon [_thread_in_native, id=9943, stack(0x00007fc7fe9f0000,0x00007fc7feaf1000)]
  0x00007fc838004000 JavaThread "RMI TCP Connection(4)-127.0.0.1" daemon [_thread_in_native, id=9942, stack(0x00007fc870602000,0x00007fc870703000)]
  0x00007fc890011000 JavaThread "DestroyJavaVM" [_thread_blocked, id=9844, stack(0x00007fc898008000,0x00007fc898109000)]
  0x00007fc804005800 JavaThread "Live Reload Server" daemon [_thread_in_native, id=9921, stack(0x00007fc7ffcff000,0x00007fc7ffe00000)]
  0x00007fc820adb800 JavaThread "mysql-cj-abandoned-connection-cleanup" daemon [_thread_blocked, id=9907, stack(0x00007fc8652ec000,0x00007fc8653ed000)]
  0x00007fc838003000 JavaThread "RMI TCP Connection(3)-127.0.0.1" daemon [_thread_in_native, id=9897, stack(0x00007fc870703000,0x00007fc870804000)]
  0x00007fc83400a000 JavaThread "RMI Scheduler(0)" daemon [_thread_blocked, id=9877, stack(0x00007fc870804000,0x00007fc870905000)]
  0x00007fc838001800 JavaThread "RMI TCP Connection(2)-127.0.0.1" daemon [_thread_in_native, id=9875, stack(0x00007fc870a06000,0x00007fc870b07000)]
  0x00007fc850001000 JavaThread "Attach Listener" daemon [_thread_blocked, id=9872, stack(0x00007fc870b07000,0x00007fc870c08000)]
  0x00007fc89071f000 JavaThread "RMI TCP Accept-0" daemon [_thread_in_native, id=9870, stack(0x00007fc870f09000,0x00007fc87100a000)]
  0x00007fc89068d000 JavaThread "Service Thread" daemon [_thread_blocked, id=9868, stack(0x00007fc871219000,0x00007fc87131a000)]
  0x00007fc890689000 JavaThread "C1 CompilerThread2" daemon [_thread_blocked, id=9867, stack(0x00007fc87131a000,0x00007fc87141b000)]
  0x00007fc890687000 JavaThread "C2 CompilerThread1" daemon [_thread_blocked, id=9866, stack(0x00007fc87141b000,0x00007fc87151c000)]
  0x00007fc890685000 JavaThread "C2 CompilerThread0" daemon [_thread_blocked, id=9865, stack(0x00007fc87151c000,0x00007fc87161d000)]
  0x00007fc890683000 JavaThread "Monitor Ctrl-Break" daemon [_thread_in_native, id=9864, stack(0x00007fc87161d000,0x00007fc87171e000)]
  0x00007fc890185000 JavaThread "Signal Dispatcher" daemon [_thread_blocked, id=9863, stack(0x00007fc871f12000,0x00007fc872013000)]
  0x00007fc890154000 JavaThread "Finalizer" daemon [_thread_blocked, id=9856, stack(0x00007fc87241c000,0x00007fc87251d000)]
  0x00007fc89014f800 JavaThread "Reference Handler" daemon [_thread_blocked, id=9855, stack(0x00007fc87251d000,0x00007fc87261e000)]

Other Threads:
  0x00007fc890146000 VMThread [stack: 0x00007fc87261e000,0x00007fc87271f000] [id=9854]
  0x00007fc890733800 WatcherThread [stack: 0x00007fc870e08000,0x00007fc870f09000] [id=9871]

VM state:not at safepoint (normal execution)

VM Mutex/Monitor currently owned by a thread: None

heap address: 0x0000000705e00000, size: 2978 MB, Compressed Oops mode: Zero based, Oop shift amount: 3
Narrow klass base: 0x0000000000000000, Narrow klass shift: 3
Compressed class space size: 1073741824 Address: 0x00000007c0000000

Heap:
 PSYoungGen      total 629248K, used 111432K [0x0000000781f80000, 0x00000007ab880000, 0x00000007c0000000)
  eden space 628736K, 17% used [0x0000000781f80000,0x0000000788c523c0,0x00000007a8580000)
  from space 512K, 0% used [0x00000007ab800000,0x00000007ab800000,0x00000007ab880000)
  to   space 24576K, 0% used [0x00000007a8880000,0x00000007a8880000,0x00000007aa080000)
 ParOldGen       total 156160K, used 24121K [0x0000000705e00000, 0x000000070f680000, 0x0000000781f80000)
  object space 156160K, 15% used [0x0000000705e00000,0x000000070758e7a0,0x000000070f680000)
 Metaspace       used 55819K, capacity 59648K, committed 59800K, reserved 1099776K
  class space    used 7823K, capacity 8514K, committed 8600K, reserved 1048576K

Card table byte_map: [0x00007fc880a2e000,0x00007fc881000000] byte_map_base: 0x00007fc87d1ff000

Marking Bits: (ParMarkBitMap*) 0x00007fc8972d55a0
 Begin Bits: [0x00007fc8662f0000, 0x00007fc869178000)
 End Bits:   [0x00007fc869178000, 0x00007fc86c000000)

Polling page: 0x00007fc898129000

CodeCache: size=245760Kb used=9990Kb max_used=9990Kb free=235769Kb
 bounds [0x00007fc881000000, 0x00007fc8819d0000, 0x00007fc890000000]
 total_blobs=5788 nmethods=5234 adapters=466
 compilation: enabled

Compilation events (10 events):
Event: 15.360 Thread 0x00007fc890689000 nmethod 5318 0x00007fc8819c14d0 code [0x00007fc8819c1660, 0x00007fc8819c1848]
Event: 15.360 Thread 0x00007fc890689000 5319       1       org.springframework.cglib.core.Signature::hashCode (16 bytes)
Event: 15.360 Thread 0x00007fc890689000 nmethod 5319 0x00007fc8819c1950 code [0x00007fc8819c1ac0, 0x00007fc8819c1c38]
Event: 15.360 Thread 0x00007fc890689000 5320       1       org.springframework.cglib.core.CodeEmitter::load_this (35 bytes)
Event: 15.361 Thread 0x00007fc890689000 nmethod 5320 0x00007fc8819c1d10 code [0x00007fc8819c1e80, 0x00007fc8819c2098]
Event: 15.361 Thread 0x00007fc890689000 5321       1       org.springframework.asm.ClassWriter::visitField (53 bytes)
Event: 15.361 Thread 0x00007fc890689000 nmethod 5321 0x00007fc8819c2190 code [0x00007fc8819c2300, 0x00007fc8819c2548]
Event: 15.361 Thread 0x00007fc890689000 5322       1       org.springframework.asm.FieldWriter::<init> (69 bytes)
Event: 15.362 Thread 0x00007fc890689000 nmethod 5322 0x00007fc8819c2650 code [0x00007fc8819c27e0, 0x00007fc8819c2a48]
Event: 15.362 Thread 0x00007fc890689000 5324       1       org.springframework.cglib.core.CodeEmitter::getfield (47 bytes)

GC Heap History (10 events):
Event: 8.220 GC heap before
{Heap before GC invocations=10 (full 2):
 PSYoungGen      total 398848K, used 382976K [0x0000000781f80000, 0x000000079ff00000, 0x00000007c0000000)
  eden space 382976K, 100% used [0x0000000781f80000,0x0000000799580000,0x0000000799580000)
  from space 15872K, 0% used [0x0000000799580000,0x0000000799580000,0x000000079a500000)
  to   space 17920K, 0% used [0x000000079ed80000,0x000000079ed80000,0x000000079ff00000)
 ParOldGen       total 126976K, used 20477K [0x0000000705e00000, 0x000000070da00000, 0x0000000781f80000)
  object space 126976K, 16% used [0x0000000705e00000,0x00000007071ff4f8,0x000000070da00000)
 Metaspace       used 55285K, capacity 58892K, committed 59056K, reserved 1099776K
  class space    used 7725K, capacity 8345K, committed 8368K, reserved 1048576K
Event: 8.245 GC heap after
Heap after GC invocations=10 (full 2):
 PSYoungGen      total 466432K, used 17910K [0x0000000781f80000, 0x00000007a7100000, 0x00000007c0000000)
  eden space 448512K, 0% used [0x0000000781f80000,0x0000000781f80000,0x000000079d580000)
  from space 17920K, 99% used [0x000000079ed80000,0x000000079fefd868,0x000000079ff00000)
  to   space 24576K, 0% used [0x000000079d580000,0x000000079d580000,0x000000079ed80000)
 ParOldGen       total 126976K, used 30916K [0x0000000705e00000, 0x000000070da00000, 0x0000000781f80000)
  object space 126976K, 24% used [0x0000000705e00000,0x0000000707c31338,0x000000070da00000)
 Metaspace       used 55285K, capacity 58892K, committed 59056K, reserved 1099776K
  class space    used 7725K, capacity 8345K, committed 8368K, reserved 1048576K
}
Event: 8.266 GC heap before
{Heap before GC invocations=11 (full 2):
 PSYoungGen      total 466432K, used 27670K [0x0000000781f80000, 0x00000007a7100000, 0x00000007c0000000)
  eden space 448512K, 2% used [0x0000000781f80000,0x0000000782907ff8,0x000000079d580000)
  from space 17920K, 99% used [0x000000079ed80000,0x000000079fefd868,0x000000079ff00000)
  to   space 24576K, 0% used [0x000000079d580000,0x000000079d580000,0x000000079ed80000)
 ParOldGen       total 126976K, used 30916K [0x0000000705e00000, 0x000000070da00000, 0x0000000781f80000)
  object space 126976K, 24% used [0x0000000705e00000,0x0000000707c31338,0x000000070da00000)
 Metaspace       used 55434K, capacity 59052K, committed 59160K, reserved 1099776K
  class space    used 7746K, capacity 8377K, committed 8472K, reserved 1048576K
Event: 8.280 GC heap after
Heap after GC invocations=11 (full 2):
 PSYoungGen      total 473088K, used 10330K [0x0000000781f80000, 0x00000007acf00000, 0x00000007c0000000)
  eden space 448512K, 0% used [0x0000000781f80000,0x0000000781f80000,0x000000079d580000)
  from space 24576K, 42% used [0x000000079d580000,0x000000079df96908,0x000000079ed80000)
  to   space 23552K, 0% used [0x00000007ab800000,0x00000007ab800000,0x00000007acf00000)
 ParOldGen       total 126976K, used 30924K [0x0000000705e00000, 0x000000070da00000, 0x0000000781f80000)
  object space 126976K, 24% used [0x0000000705e00000,0x0000000707c33338,0x000000070da00000)
 Metaspace       used 55434K, capacity 59052K, committed 59160K, reserved 1099776K
  class space    used 7746K, capacity 8377K, committed 8472K, reserved 1048576K
}
Event: 8.280 GC heap before
{Heap before GC invocations=12 (full 3):
 PSYoungGen      total 473088K, used 10330K [0x0000000781f80000, 0x00000007acf00000, 0x00000007c0000000)
  eden space 448512K, 0% used [0x0000000781f80000,0x0000000781f80000,0x000000079d580000)
  from space 24576K, 42% used [0x000000079d580000,0x000000079df96908,0x000000079ed80000)
  to   space 23552K, 0% used [0x00000007ab800000,0x00000007ab800000,0x00000007acf00000)
 ParOldGen       total 126976K, used 30924K [0x0000000705e00000, 0x000000070da00000, 0x0000000781f80000)
  object space 126976K, 24% used [0x0000000705e00000,0x0000000707c33338,0x000000070da00000)
 Metaspace       used 55434K, capacity 59052K, committed 59160K, reserved 1099776K
  class space    used 7746K, capacity 8377K, committed 8472K, reserved 1048576K
Event: 8.581 GC heap after
Heap after GC invocations=12 (full 3):
 PSYoungGen      total 473088K, used 0K [0x0000000781f80000, 0x00000007acf00000, 0x00000007c0000000)
  eden space 448512K, 0% used [0x0000000781f80000,0x0000000781f80000,0x000000079d580000)
  from space 24576K, 0% used [0x000000079d580000,0x000000079d580000,0x000000079ed80000)
  to   space 23552K, 0% used [0x00000007ab800000,0x00000007ab800000,0x00000007acf00000)
 ParOldGen       total 156160K, used 25852K [0x0000000705e00000, 0x000000070f680000, 0x0000000781f80000)
  object space 156160K, 16% used [0x0000000705e00000,0x000000070773f3d0,0x000000070f680000)
 Metaspace       used 55430K, capacity 59046K, committed 59160K, reserved 1099776K
  class space    used 7745K, capacity 8376K, committed 8472K, reserved 1048576K
}
Event: 14.699 GC heap before
{Heap before GC invocations=13 (full 3):
 PSYoungGen      total 473088K, used 56034K [0x0000000781f80000, 0x00000007acf00000, 0x00000007c0000000)
  eden space 448512K, 12% used [0x0000000781f80000,0x0000000785638a28,0x000000079d580000)
  from space 24576K, 0% used [0x000000079d580000,0x000000079d580000,0x000000079ed80000)
  to   space 23552K, 0% used [0x00000007ab800000,0x00000007ab800000,0x00000007acf00000)
 ParOldGen       total 156160K, used 25852K [0x0000000705e00000, 0x000000070f680000, 0x0000000781f80000)
  object space 156160K, 16% used [0x0000000705e00000,0x000000070773f3d0,0x000000070f680000)
 Metaspace       used 55688K, capacity 59436K, committed 59672K, reserved 1099776K
  class space    used 7806K, capacity 8470K, committed 8472K, reserved 1048576K
Event: 14.701 GC heap after
Heap after GC invocations=13 (full 3):
 PSYoungGen      total 629248K, used 484K [0x0000000781f80000, 0x00000007ab880000, 0x00000007c0000000)
  eden space 628736K, 0% used [0x0000000781f80000,0x0000000781f80000,0x00000007a8580000)
  from space 512K, 94% used [0x00000007ab800000,0x00000007ab8792c0,0x00000007ab880000)
  to   space 24576K, 0% used [0x00000007a8880000,0x00000007a8880000,0x00000007aa080000)
 ParOldGen       total 156160K, used 25860K [0x0000000705e00000, 0x000000070f680000, 0x0000000781f80000)
  object space 156160K, 16% used [0x0000000705e00000,0x00000007077413d0,0x000000070f680000)
 Metaspace       used 55688K, capacity 59436K, committed 59672K, reserved 1099776K
  class space    used 7806K, capacity 8470K, committed 8472K, reserved 1048576K
}
Event: 14.701 GC heap before
{Heap before GC invocations=14 (full 4):
 PSYoungGen      total 629248K, used 484K [0x0000000781f80000, 0x00000007ab880000, 0x00000007c0000000)
  eden space 628736K, 0% used [0x0000000781f80000,0x0000000781f80000,0x00000007a8580000)
  from space 512K, 94% used [0x00000007ab800000,0x00000007ab8792c0,0x00000007ab880000)
  to   space 24576K, 0% used [0x00000007a8880000,0x00000007a8880000,0x00000007aa080000)
 ParOldGen       total 156160K, used 25860K [0x0000000705e00000, 0x000000070f680000, 0x0000000781f80000)
  object space 156160K, 16% used [0x0000000705e00000,0x00000007077413d0,0x000000070f680000)
 Metaspace       used 55688K, capacity 59436K, committed 59672K, reserved 1099776K
  class space    used 7806K, capacity 8470K, committed 8472K, reserved 1048576K
Event: 14.964 GC heap after
Heap after GC invocations=14 (full 4):
 PSYoungGen      total 629248K, used 0K [0x0000000781f80000, 0x00000007ab880000, 0x00000007c0000000)
  eden space 628736K, 0% used [0x0000000781f80000,0x0000000781f80000,0x00000007a8580000)
  from space 512K, 0% used [0x00000007ab800000,0x00000007ab800000,0x00000007ab880000)
  to   space 24576K, 0% used [0x00000007a8880000,0x00000007a8880000,0x00000007aa080000)
 ParOldGen       total 156160K, used 24121K [0x0000000705e00000, 0x000000070f680000, 0x0000000781f80000)
  object space 156160K, 15% used [0x0000000705e00000,0x000000070758e7a0,0x000000070f680000)
 Metaspace       used 55688K, capacity 59436K, committed 59672K, reserved 1099776K
  class space    used 7806K, capacity 8470K, committed 8472K, reserved 1048576K
}

Deoptimization events (0 events):
No events

Classes redefined (0 events):
No events

Internal exceptions (10 events):
Event: 15.311 Thread 0x00007fc860006800 Exception <a 'java/lang/ArrayIndexOutOfBoundsException'> (0x0000000788613cb8) thrown at [/build/openjdk-8-uwNjBd/openjdk-8-8u252-b09/src/hotspot/src/share/vm/runtime/sharedRuntime.cpp, line 605]
Event: 15.313 Thread 0x00007fc860006800 Exception <a 'java/lang/ArrayIndexOutOfBoundsException'> (0x0000000788672280) thrown at [/build/openjdk-8-uwNjBd/openjdk-8-8u252-b09/src/hotspot/src/share/vm/runtime/sharedRuntime.cpp, line 605]
Event: 15.315 Thread 0x00007fc860006800 Exception <a 'java/lang/ArrayIndexOutOfBoundsException'> (0x00000007886ca580) thrown at [/build/openjdk-8-uwNjBd/openjdk-8-8u252-b09/src/hotspot/src/share/vm/runtime/sharedRuntime.cpp, line 605]
Event: 15.317 Thread 0x00007fc860006800 Exception <a 'java/lang/ArrayIndexOutOfBoundsException'> (0x0000000788726c28) thrown at [/build/openjdk-8-uwNjBd/openjdk-8-8u252-b09/src/hotspot/src/share/vm/runtime/sharedRuntime.cpp, line 605]
Event: 15.324 Thread 0x00007fc860006800 Exception <a 'java/lang/ArrayIndexOutOfBoundsException'> (0x00000007888067b0) thrown at [/build/openjdk-8-uwNjBd/openjdk-8-8u252-b09/src/hotspot/src/share/vm/runtime/sharedRuntime.cpp, line 605]
Event: 15.325 Thread 0x00007fc860006800 Exception <a 'java/lang/ArrayIndexOutOfBoundsException'> (0x000000078882b038) thrown at [/build/openjdk-8-uwNjBd/openjdk-8-8u252-b09/src/hotspot/src/share/vm/runtime/sharedRuntime.cpp, line 605]
Event: 15.334 Thread 0x00007fc860006800 Exception <a 'java/lang/ArrayIndexOutOfBoundsException'> (0x00000007889ad808) thrown at [/build/openjdk-8-uwNjBd/openjdk-8-8u252-b09/src/hotspot/src/share/vm/runtime/sharedRuntime.cpp, line 605]
Event: 15.339 Thread 0x00007fc860006800 Exception <a 'java/lang/ArrayIndexOutOfBoundsException'> (0x0000000788a321b8) thrown at [/build/openjdk-8-uwNjBd/openjdk-8-8u252-b09/src/hotspot/src/share/vm/runtime/sharedRuntime.cpp, line 605]
Event: 15.346 Thread 0x00007fc860006800 Exception <a 'java/lang/ArrayIndexOutOfBoundsException'> (0x0000000788ab3288) thrown at [/build/openjdk-8-uwNjBd/openjdk-8-8u252-b09/src/hotspot/src/share/vm/runtime/sharedRuntime.cpp, line 605]
Event: 15.350 Thread 0x00007fc860006800 Exception <a 'java/lang/ArrayIndexOutOfBoundsException'> (0x0000000788b07ea0) thrown at [/build/openjdk-8-uwNjBd/openjdk-8-8u252-b09/src/hotspot/src/share/vm/runtime/sharedRuntime.cpp, line 605]

Events (10 events):
Event: 15.323 loading class javax/inject$Qualifier
Event: 15.323 loading class javax/inject$Qualifier done
Event: 15.330 loading class org/springframework/web/reactive/HandlerResult
Event: 15.330 loading class org/springframework/web/reactive/HandlerResult done
Event: 15.330 loading class org/springframework/messaging/rsocket/annotation/support/RSocketMessageHandler
Event: 15.330 loading class org/springframework/messaging/rsocket/annotation/support/RSocketMessageHandler done
Event: 15.333 loading class org/springframework/security/oauth2/jwt/JwtDecoder
Event: 15.333 loading class org/springframework/security/oauth2/jwt/JwtDecoder done
Event: 15.333 loading class org/springframework/security/oauth2/server/resource/introspection/OpaqueTokenIntrospector
Event: 15.333 loading class org/springframework/security/oauth2/server/resource/introspection/OpaqueTokenIntrospector done


Dynamic libraries:
705e00000-70f680000 rw-p 00000000 00:00 0 
70f680000-781f80000 ---p 00000000 00:00 0 
781f80000-7ab880000 rw-p 00000000 00:00 0 
7ab880000-7c0000000 ---p 00000000 00:00 0 
7c0000000-7c0866000 rw-p 00000000 00:00 0 
7c0866000-800000000 ---p 00000000 00:00 0 
555a11605000-555a11606000 r-xp 00000000 08:02 24643205                   /usr/lib/jvm/java-8-openjdk-amd64/jre/bin/java
555a11805000-555a11806000 r--p 00000000 08:02 24643205                   /usr/lib/jvm/java-8-openjdk-amd64/jre/bin/java
555a11806000-555a11807000 rw-p 00001000 08:02 24643205                   /usr/lib/jvm/java-8-openjdk-amd64/jre/bin/java
555a128e9000-555a1290a000 rw-p 00000000 00:00 0                          [heap]
7fc7f8000000-7fc7f8021000 rw-p 00000000 00:00 0 
7fc7f8021000-7fc7fc000000 ---p 00000000 00:00 0 
7fc7fe5ee000-7fc7fe5f1000 ---p 00000000 00:00 0 
7fc7fe5f1000-7fc7fe6ef000 rw-p 00000000 00:00 0 
7fc7fe6ef000-7fc7fe6f2000 ---p 00000000 00:00 0 
7fc7fe6f2000-7fc7fe9f0000 rw-p 00000000 00:00 0 
7fc7fe9f0000-7fc7fe9f3000 ---p 00000000 00:00 0 
7fc7fe9f3000-7fc7fecf1000 rw-p 00000000 00:00 0 
7fc7fecf1000-7fc7fecf4000 ---p 00000000 00:00 0 
7fc7fecf4000-7fc7fedf2000 rw-p 00000000 00:00 0 
7fc7fedf2000-7fc7fedf5000 ---p 00000000 00:00 0 
7fc7fedf5000-7fc7feef3000 rw-p 00000000 00:00 0 
7fc7feef3000-7fc7feef6000 ---p 00000000 00:00 0 
7fc7feef6000-7fc7feff4000 rw-p 00000000 00:00 0 
7fc7feff4000-7fc7feff7000 ---p 00000000 00:00 0 
7fc7feff7000-7fc7ff0f5000 rw-p 00000000 00:00 0 
7fc7ff0f5000-7fc7ff0f8000 ---p 00000000 00:00 0 
7fc7ff0f8000-7fc7ff1f6000 rw-p 00000000 00:00 0 
7fc7ff1f6000-7fc7ff1f9000 ---p 00000000 00:00 0 
7fc7ff1f9000-7fc7ff2f7000 rw-p 00000000 00:00 0 
7fc7ff2f7000-7fc7ff2fa000 ---p 00000000 00:00 0 
7fc7ff2fa000-7fc7ff3f8000 rw-p 00000000 00:00 0 
7fc7ff3f8000-7fc7ff3fb000 ---p 00000000 00:00 0 
7fc7ff3fb000-7fc7ff4f9000 rw-p 00000000 00:00 0 
7fc7ff4f9000-7fc7ff4fc000 ---p 00000000 00:00 0 
7fc7ff4fc000-7fc7ff5fa000 rw-p 00000000 00:00 0 
7fc7ff5fa000-7fc7ff5fd000 ---p 00000000 00:00 0 
7fc7ff5fd000-7fc7ff6fb000 rw-p 00000000 00:00 0 
7fc7ff6fb000-7fc7ff6fe000 ---p 00000000 00:00 0 
7fc7ff6fe000-7fc7ff7fc000 rw-p 00000000 00:00 0 
7fc7ff7fc000-7fc7ff7ff000 ---p 00000000 00:00 0 
7fc7ff7ff000-7fc7ff8fd000 rw-p 00000000 00:00 0 
7fc7ff8fd000-7fc7ff900000 ---p 00000000 00:00 0 
7fc7ff900000-7fc7ff9fe000 rw-p 00000000 00:00 0 
7fc7ff9fe000-7fc7ffa01000 ---p 00000000 00:00 0 
7fc7ffa01000-7fc7ffcff000 rw-p 00000000 00:00 0 
7fc7ffcff000-7fc7ffd02000 ---p 00000000 00:00 0 
7fc7ffd02000-7fc800000000 rw-p 00000000 00:00 0 
7fc800000000-7fc800522000 rw-p 00000000 00:00 0 
7fc800522000-7fc804000000 ---p 00000000 00:00 0 
7fc804000000-7fc804021000 rw-p 00000000 00:00 0 
7fc804021000-7fc808000000 ---p 00000000 00:00 0 
7fc808000000-7fc808021000 rw-p 00000000 00:00 0 
7fc808021000-7fc80c000000 ---p 00000000 00:00 0 
7fc80c000000-7fc80c021000 rw-p 00000000 00:00 0 
7fc80c021000-7fc810000000 ---p 00000000 00:00 0 
7fc810000000-7fc810021000 rw-p 00000000 00:00 0 
7fc810021000-7fc814000000 ---p 00000000 00:00 0 
7fc814000000-7fc814021000 rw-p 00000000 00:00 0 
7fc814021000-7fc818000000 ---p 00000000 00:00 0 
7fc818000000-7fc818021000 rw-p 00000000 00:00 0 
7fc818021000-7fc81c000000 ---p 00000000 00:00 0 
7fc81c000000-7fc81c021000 rw-p 00000000 00:00 0 
7fc81c021000-7fc820000000 ---p 00000000 00:00 0 
7fc820000000-7fc8210ac000 rw-p 00000000 00:00 0 
7fc8210ac000-7fc824000000 ---p 00000000 00:00 0 
7fc824000000-7fc8241c8000 rw-p 00000000 00:00 0 
7fc8241c8000-7fc828000000 ---p 00000000 00:00 0 
7fc828000000-7fc828021000 rw-p 00000000 00:00 0 
7fc828021000-7fc82c000000 ---p 00000000 00:00 0 
7fc82c000000-7fc82c021000 rw-p 00000000 00:00 0 
7fc82c021000-7fc830000000 ---p 00000000 00:00 0 
7fc830000000-7fc830021000 rw-p 00000000 00:00 0 
7fc830021000-7fc834000000 ---p 00000000 00:00 0 
7fc834000000-7fc834021000 rw-p 00000000 00:00 0 
7fc834021000-7fc838000000 ---p 00000000 00:00 0 
7fc838000000-7fc838040000 rw-p 00000000 00:00 0 
7fc838040000-7fc83c000000 ---p 00000000 00:00 0 
7fc83c000000-7fc83c021000 rw-p 00000000 00:00 0 
7fc83c021000-7fc840000000 ---p 00000000 00:00 0 
7fc840000000-7fc840539000 rw-p 00000000 00:00 0 
7fc840539000-7fc844000000 ---p 00000000 00:00 0 
7fc844000000-7fc84404c000 rw-p 00000000 00:00 0 
7fc84404c000-7fc848000000 ---p 00000000 00:00 0 
7fc848000000-7fc84804e000 rw-p 00000000 00:00 0 
7fc84804e000-7fc84c000000 ---p 00000000 00:00 0 
7fc84c000000-7fc84c021000 rw-p 00000000 00:00 0 
7fc84c021000-7fc850000000 ---p 00000000 00:00 0 
7fc850000000-7fc850021000 rw-p 00000000 00:00 0 
7fc850021000-7fc854000000 ---p 00000000 00:00 0 
7fc854000000-7fc854021000 rw-p 00000000 00:00 0 
7fc854021000-7fc858000000 ---p 00000000 00:00 0 
7fc858000000-7fc858021000 rw-p 00000000 00:00 0 
7fc858021000-7fc85c000000 ---p 00000000 00:00 0 
7fc85c000000-7fc85c021000 rw-p 00000000 00:00 0 
7fc85c021000-7fc860000000 ---p 00000000 00:00 0 
7fc860000000-7fc860021000 rw-p 00000000 00:00 0 
7fc860021000-7fc864000000 ---p 00000000 00:00 0 
7fc8640e3000-7fc8642e3000 rw-p 00000000 00:00 0 
7fc8642e3000-7fc8644e3000 rw-p 00000000 00:00 0 
7fc8644e3000-7fc8646e3000 rw-p 00000000 00:00 0 
7fc8646e3000-7fc8648e3000 rw-p 00000000 00:00 0 
7fc8648e3000-7fc8648e6000 ---p 00000000 00:00 0 
7fc8648e6000-7fc864be4000 rw-p 00000000 00:00 0 
7fc864be4000-7fc864be7000 ---p 00000000 00:00 0 
7fc864be7000-7fc864ee5000 rw-p 00000000 00:00 0 
7fc864ee5000-7fc864ee8000 ---p 00000000 00:00 0 
7fc864ee8000-7fc864fe6000 rw-p 00000000 00:00 0 
7fc864fe6000-7fc864feb000 r--s 002f9000 08:02 24643112                   /usr/lib/jvm/java-8-openjdk-amd64/jre/lib/charsets.jar
7fc864feb000-7fc8651eb000 rw-p 00000000 00:00 0 
7fc8651eb000-7fc8651ee000 ---p 00000000 00:00 0 
7fc8651ee000-7fc8652ec000 rw-p 00000000 00:00 0 
7fc8652ec000-7fc8652ef000 ---p 00000000 00:00 0 
7fc8652ef000-7fc8653ed000 rw-p 00000000 00:00 0 
7fc8653ed000-7fc8653f0000 ---p 00000000 00:00 0 
7fc8653f0000-7fc8654ee000 rw-p 00000000 00:00 0 
7fc8654ee000-7fc8654f1000 ---p 00000000 00:00 0 
7fc8654f1000-7fc8657ef000 rw-p 00000000 00:00 0 
7fc8657ef000-7fc8659ef000 rw-p 00000000 00:00 0 
7fc8659ef000-7fc865bef000 rw-p 00000000 00:00 0 
7fc865bef000-7fc865def000 rw-p 00000000 00:00 0 
7fc865def000-7fc865fef000 rw-p 00000000 00:00 0 
7fc865fef000-7fc865ff2000 ---p 00000000 00:00 0 
7fc865ff2000-7fc86c000000 rw-p 00000000 00:00 0 
7fc86c000000-7fc86c021000 rw-p 00000000 00:00 0 
7fc86c021000-7fc870000000 ---p 00000000 00:00 0 
7fc870000000-7fc870002000 r--s 00016000 08:02 24643113                   /usr/lib/jvm/java-8-openjdk-amd64/jre/lib/jce.jar
7fc870002000-7fc870202000 rw-p 00000000 00:00 0 
7fc870202000-7fc870402000 rw-p 00000000 00:00 0 
7fc870402000-7fc870602000 rw-p 00000000 00:00 0 
7fc870602000-7fc870605000 ---p 00000000 00:00 0 
7fc870605000-7fc870703000 rw-p 00000000 00:00 0 
7fc870703000-7fc870706000 ---p 00000000 00:00 0 
7fc870706000-7fc870804000 rw-p 00000000 00:00 0 
7fc870804000-7fc870807000 ---p 00000000 00:00 0 
7fc870807000-7fc870905000 rw-p 00000000 00:00 0 
7fc870905000-7fc870908000 ---p 00000000 00:00 0 
7fc870908000-7fc870a06000 rw-p 00000000 00:00 0 
7fc870a06000-7fc870a09000 ---p 00000000 00:00 0 
7fc870a09000-7fc870b07000 rw-p 00000000 00:00 0 
7fc870b07000-7fc870b0a000 ---p 00000000 00:00 0 
7fc870b0a000-7fc870e08000 rw-p 00000000 00:00 0 
7fc870e08000-7fc870e09000 ---p 00000000 00:00 0 
7fc870e09000-7fc870f09000 rw-p 00000000 00:00 0 
7fc870f09000-7fc870f0c000 ---p 00000000 00:00 0 
7fc870f0c000-7fc87100a000 rw-p 00000000 00:00 0 
7fc87100a000-7fc87100f000 r--s 000a7000 08:02 24643174                   /usr/lib/jvm/java-8-openjdk-amd64/jre/lib/jsse.jar
7fc87100f000-7fc871018000 r-xp 00000000 08:02 24643150                   /usr/lib/jvm/java-8-openjdk-amd64/jre/lib/amd64/libmanagement.so
7fc871018000-7fc871217000 ---p 00009000 08:02 24643150                   /usr/lib/jvm/java-8-openjdk-amd64/jre/lib/amd64/libmanagement.so
7fc871217000-7fc871218000 r--p 00008000 08:02 24643150                   /usr/lib/jvm/java-8-openjdk-amd64/jre/lib/amd64/libmanagement.so
7fc871218000-7fc871219000 rw-p 00009000 08:02 24643150                   /usr/lib/jvm/java-8-openjdk-amd64/jre/lib/amd64/libmanagement.so
7fc871219000-7fc87121c000 ---p 00000000 00:00 0 
7fc87121c000-7fc87131a000 rw-p 00000000 00:00 0 
7fc87131a000-7fc87131d000 ---p 00000000 00:00 0 
7fc87131d000-7fc87141b000 rw-p 00000000 00:00 0 
7fc87141b000-7fc87141e000 ---p 00000000 00:00 0 
7fc87141e000-7fc87151c000 rw-p 00000000 00:00 0 
7fc87151c000-7fc87151f000 ---p 00000000 00:00 0 
7fc87151f000-7fc87161d000 rw-p 00000000 00:00 0 
7fc87161d000-7fc871620000 ---p 00000000 00:00 0 
7fc871620000-7fc87171e000 rw-p 00000000 00:00 0 
7fc87171e000-7fc871735000 r-xp 00000000 08:02 24643152                   /usr/lib/jvm/java-8-openjdk-amd64/jre/lib/amd64/libnet.so
7fc871735000-7fc871935000 ---p 00017000 08:02 24643152                   /usr/lib/jvm/java-8-openjdk-amd64/jre/lib/amd64/libnet.so
7fc871935000-7fc871936000 r--p 00017000 08:02 24643152                   /usr/lib/jvm/java-8-openjdk-amd64/jre/lib/amd64/libnet.so
7fc871936000-7fc871937000 rw-p 00018000 08:02 24643152                   /usr/lib/jvm/java-8-openjdk-amd64/jre/lib/amd64/libnet.so
7fc871937000-7fc871949000 r-xp 00000000 08:02 24643148                   /usr/lib/jvm/java-8-openjdk-amd64/jre/lib/amd64/libnio.so
7fc871949000-7fc871b48000 ---p 00012000 08:02 24643148                   /usr/lib/jvm/java-8-openjdk-amd64/jre/lib/amd64/libnio.so
7fc871b48000-7fc871b49000 r--p 00011000 08:02 24643148                   /usr/lib/jvm/java-8-openjdk-amd64/jre/lib/amd64/libnio.so
7fc871b49000-7fc871b4a000 rw-p 00012000 08:02 24643148                   /usr/lib/jvm/java-8-openjdk-amd64/jre/lib/amd64/libnio.so
7fc871b4a000-7fc871b4d000 r--s 0001c000 08:02 22557241                   /home/njenga/Downloads/idea-IU-201.7846.76/lib/idea_rt.jar
7fc871b4d000-7fc871b5c000 r--s 0007c000 08:02 1056824                    /home/njenga/.m2/repository/org/springframework/security/spring-security-web/5.3.3.RELEASE/spring-security-web-5.3.3.RELEASE.jar
7fc871b5c000-7fc871b69000 r--s 00060000 08:02 1056827                    /home/njenga/.m2/repository/org/springframework/security/spring-security-core/5.3.3.RELEASE/spring-security-core-5.3.3.RELEASE.jar
7fc871b69000-7fc871b6a000 r--s 00005000 08:02 3284240                    /home/njenga/.m2/repository/org/springframework/spring-jcl/5.2.8.RELEASE/spring-jcl-5.2.8.RELEASE.jar
7fc871b6a000-7fc871b85000 r--s 00146000 08:02 3029473                    /home/njenga/.m2/repository/org/springframework/spring-core/5.2.8.RELEASE/spring-core-5.2.8.RELEASE.jar
7fc871b85000-7fc871b87000 r--s 0000a000 08:02 4722996                    /home/njenga/.m2/repository/jakarta/activation/jakarta.activation-api/1.2.2/jakarta.activation-api-1.2.2.jar
7fc871b87000-7fc871b8b000 r--s 00019000 08:02 4722979                    /home/njenga/.m2/repository/jakarta/xml/bind/jakarta.xml.bind-api/2.3.3/jakarta.xml.bind-api-2.3.3.jar
7fc871b8b000-7fc871b90000 r--s 00012000 08:02 4589591                    /home/njenga/.m2/repository/jakarta/validation/jakarta.validation-api/2.0.2/jakarta.validation-api-2.0.2.jar
7fc871b90000-7fc871bdb000 r--s 002ff000 08:02 5773763                    /home/njenga/.m2/repository/org/bouncycastle/bcprov-jdk15on/1.56/bcprov-jdk15on-1.56.jar
7fc871bdb000-7fc871bec000 r--s 00097000 08:02 5773761                    /home/njenga/.m2/repository/org/bouncycastle/bcpkix-jdk15on/1.56/bcpkix-jdk15on-1.56.jar
7fc871bec000-7fc871bee000 r--s 00008000 08:02 1184405                    /home/njenga/.m2/repository/org/springframework/security/spring-security-jwt/1.0.9.RELEASE/spring-security-jwt-1.0.9.RELEASE.jar
7fc871bee000-7fc871bf2000 r--s 00035000 08:02 5511966                    /home/njenga/.m2/repository/org/codehaus/jackson/jackson-core-asl/1.9.13/jackson-core-asl-1.9.13.jar
7fc871bf2000-7fc871c00000 r--s 000b1000 08:02 5382080                    /home/njenga/.m2/repository/org/codehaus/jackson/jackson-mapper-asl/1.9.13/jackson-mapper-asl-1.9.13.jar
7fc871c00000-7fc871c07000 r--s 0004e000 08:02 5249494                    /home/njenga/.m2/repository/commons-codec/commons-codec/1.14/commons-codec-1.14.jar
7fc871c07000-7fc871c19000 r--s 000f7000 08:02 1056819                    /home/njenga/.m2/repository/org/springframework/security/spring-security-config/5.3.3.RELEASE/spring-security-config-5.3.3.RELEASE.jar
7fc871c19000-7fc871c26000 r--s 0006c000 08:02 1058052                    /home/njenga/.m2/repository/org/springframework/security/oauth/spring-security-oauth2/2.3.4.RELEASE/spring-security-oauth2-2.3.4.RELEASE.jar
7fc871c26000-7fc871c28000 r--s 0000c000 08:02 4589812                    /home/njenga/.m2/repository/javax/activation/javax.activation-api/1.2.0/javax.activation-api-1.2.0.jar
7fc871c28000-7fc871c2c000 r--s 0001c000 08:02 4589799                    /home/njenga/.m2/repository/javax/xml/bind/jaxb-api/2.3.1/jaxb-api-2.3.1.jar
7fc871c2c000-7fc871c3e000 r--s 000d9000 08:02 5382074                    /home/njenga/.m2/repository/com/sun/xml/bind/jaxb-impl/2.3.0.1/jaxb-impl-2.3.0.1.jar
7fc871c3e000-7fc871c45000 r--s 00038000 08:02 5249623                    /home/njenga/.m2/repository/com/sun/xml/bind/jaxb-core/2.3.0.1/jaxb-core-2.3.0.1.jar
7fc871c45000-7fc871c49000 r--s 00052000 08:02 4722965                    /home/njenga/.m2/repository/com/fasterxml/jackson/core/jackson-core/2.11.1/jackson-core-2.11.1.jar
7fc871c49000-7fc871c5e000 r--s 00146000 08:02 4722962                    /home/njenga/.m2/repository/com/fasterxml/jackson/core/jackson-databind/2.11.1/jackson-databind-2.11.1.jar
7fc871c5e000-7fc871c61000 r--s 0000e000 08:02 4722971                    /home/njenga/.m2/repository/com/fasterxml/jackson/core/jackson-annotations/2.11.1/jackson-annotations-2.11.1.jar
7fc871c61000-7fc871c66000 r--s 00013000 08:02 1058050                    /home/njenga/.m2/repository/org/springframework/security/oauth/boot/spring-security-oauth2-autoconfigure/2.1.2.RELEASE/spring-security-oauth2-autoconfigure-2.1.2.RELEASE.jar
7fc871c66000-7fc871c7e000 r--s 0019f000 08:02 4722985                    /home/njenga/.m2/repository/org/projectlombok/lombok/1.18.12/lombok-1.18.12.jar
7fc871c7e000-7fc871c81000 r--s 0001a000 08:02 29901429                   /home/njenga/.m2/repository/org/springframework/boot/spring-boot-configuration-processor/2.3.2.RELEASE/spring-boot-configuration-processor-2.3.2.RELEASE.jar
7fc871c81000-7fc871cab000 r--s 0013e000 08:02 4590772                    /home/njenga/.m2/repository/org/springframework/boot/spring-boot-autoconfigure/2.3.2.RELEASE/spring-boot-autoconfigure-2.3.2.RELEASE.jar
7fc871cab000-7fc871cc4000 r--s 000f9000 08:02 2757950                    /home/njenga/.m2/repository/org/springframework/boot/spring-boot/2.3.2.RELEASE/spring-boot-2.3.2.RELEASE.jar
7fc871cc4000-7fc871cca000 r--s 00031000 08:02 4722983                    /home/njenga/.m2/repository/org/springframework/boot/spring-boot-devtools/2.3.2.RELEASE/spring-boot-devtools-2.3.2.RELEASE.jar
7fc871cca000-7fc871ce4000 r--s 0022d000 08:02 5249500                    /home/njenga/.m2/repository/mysql/mysql-connector-java/8.0.20/mysql-connector-java-8.0.20.jar
7fc871ce4000-7fc871ce6000 r--s 00006000 08:02 4589616                    /home/njenga/.m2/repository/org/latencyutils/LatencyUtils/2.0.3/LatencyUtils-2.0.3.jar
7fc871ce6000-7fc871cea000 r--s 00027000 08:02 5249524                    /home/njenga/.m2/repository/org/hdrhistogram/HdrHistogram/2.1.12/HdrHistogram-2.1.12.jar
7fc871cea000-7fc871cf5000 r--s 00084000 08:02 5249522                    /home/njenga/.m2/repository/io/micrometer/micrometer-core/1.5.3/micrometer-core-1.5.3.jar
7fc871cf5000-7fc871d06000 r--s 00080000 08:02 5249520                    /home/njenga/.m2/repository/org/springframework/boot/spring-boot-actuator/2.3.2.RELEASE/spring-boot-actuator-2.3.2.RELEASE.jar
7fc871d06000-7fc871d17000 r--s 0006d000 08:02 5249518                    /home/njenga/.m2/repository/org/springframework/boot/spring-boot-actuator-autoconfigure/2.3.2.RELEASE/spring-boot-actuator-autoconfigure-2.3.2.RELEASE.jar
7fc871d17000-7fc871d18000 r--s 00000000 08:02 4589574                    /home/njenga/.m2/repository/org/springframework/boot/spring-boot-starter-actuator/2.2.2.RELEASE/spring-boot-starter-actuator-2.2.2.RELEASE.jar
7fc871d18000-7fc871d1d000 r--s 00040000 08:02 4331066                    /home/njenga/.m2/repository/org/springframework/spring-expression/5.2.8.RELEASE/spring-expression-5.2.8.RELEASE.jar
7fc871d1d000-7fc871d2f000 r--s 000d8000 08:02 4722981                    /home/njenga/.m2/repository/org/springframework/spring-webmvc/5.2.8.RELEASE/spring-webmvc-5.2.8.RELEASE.jar
7fc871d2f000-7fc871d4b000 r--s 00144000 08:02 4722961                    /home/njenga/.m2/repository/org/springframework/spring-web/5.2.8.RELEASE/spring-web-5.2.8.RELEASE.jar
7fc871d4b000-7fc871d51000 r--s 0003c000 08:02 4722978                    /home/njenga/.m2/repository/org/apache/tomcat/embed/tomcat-embed-websocket/9.0.37/tomcat-embed-websocket-9.0.37.jar
7fc871d51000-7fc871d56000 r--s 00036000 08:02 4589645                    /home/njenga/.m2/repository/org/glassfish/jakarta.el/3.0.3/jakarta.el-3.0.3.jar
7fc871d56000-7fc871d82000 r--s 0030f000 08:02 4722974                    /home/njenga/.m2/repository/org/apache/tomcat/embed/tomcat-embed-core/9.0.37/tomcat-embed-core-9.0.37.jar
7fc871d82000-7fc871d83000 r--s 00001000 08:02 4722963                    /home/njenga/.m2/repository/org/springframework/boot/spring-boot-starter-tomcat/2.3.2.RELEASE/spring-boot-starter-tomcat-2.3.2.RELEASE.jar
7fc871d83000-7fc871d85000 r--s 00001000 08:02 4722964                    /home/njenga/.m2/repository/com/fasterxml/jackson/module/jackson-module-parameter-names/2.11.1/jackson-module-parameter-names-2.11.1.jar
7fc871d85000-7fc871d89000 r--s 00018000 08:02 4722969                    /home/njenga/.m2/repository/com/fasterxml/jackson/datatype/jackson-datatype-jsr310/2.11.1/jackson-datatype-jsr310-2.11.1.jar
7fc871d89000-7fc871d8b000 r--s 00007000 08:02 4722968                    /home/njenga/.m2/repository/com/fasterxml/jackson/datatype/jackson-datatype-jdk8/2.11.1/jackson-datatype-jdk8-2.11.1.jar
7fc871d8b000-7fc871d8c000 r--s 00001000 08:02 4722959                    /home/njenga/.m2/repository/org/springframework/boot/spring-boot-starter-json/2.3.2.RELEASE/spring-boot-starter-json-2.3.2.RELEASE.jar
7fc871d8c000-7fc871d93000 r--s 00045000 08:02 4722864                    /home/njenga/.m2/repository/org/yaml/snakeyaml/1.26/snakeyaml-1.26.jar
7fc871d93000-7fc871d95000 r--s 00005000 08:02 4589603                    /home/njenga/.m2/repository/jakarta/annotation/jakarta.annotation-api/1.3.5/jakarta.annotation-api-1.3.5.jar
7fc871d95000-7fc871d97000 r--s 00000000 08:02 4589570                    /home/njenga/.m2/repository/org/slf4j/jul-to-slf4j/1.7.30/jul-to-slf4j-1.7.30.jar
7fc871d97000-7fc871d9d000 r--s 00042000 08:02 4722862                    /home/njenga/.m2/repository/org/apache/logging/log4j/log4j-api/2.13.3/log4j-api-2.13.3.jar
7fc871d9d000-7fc871d9f000 r--s 00003000 08:02 4590780                    /home/njenga/.m2/repository/org/apache/logging/log4j/log4j-to-slf4j/2.13.3/log4j-to-slf4j-2.13.3.jar
7fc871d9f000-7fc871daa000 r--s 00069000 08:02 4589556                    /home/njenga/.m2/repository/ch/qos/logback/logback-core/1.2.3/logback-core-1.2.3.jar
7fc871daa000-7fc871db0000 r--s 00041000 08:02 4589551                    /home/njenga/.m2/repository/ch/qos/logback/logback-classic/1.2.3/logback-classic-1.2.3.jar
7fc871db0000-7fc871db1000 r--s 00001000 08:02 4590778                    /home/njenga/.m2/repository/org/springframework/boot/spring-boot-starter-logging/2.3.2.RELEASE/spring-boot-starter-logging-2.3.2.RELEASE.jar
7fc871db1000-7fc871db2000 r--s 00001000 08:02 2500913                    /home/njenga/.m2/repository/org/springframework/boot/spring-boot-starter/2.3.2.RELEASE/spring-boot-starter-2.3.2.RELEASE.jar
7fc871db2000-7fc871db3000 r--s 00001000 08:02 4722954                    /home/njenga/.m2/repository/org/springframework/boot/spring-boot-starter-web/2.3.2.RELEASE/spring-boot-starter-web-2.3.2.RELEASE.jar
7fc871db3000-7fc871db5000 r--s 0000a000 08:02 5381905                    /home/njenga/.m2/repository/org/springframework/spring-aspects/5.2.8.RELEASE/spring-aspects-5.2.8.RELEASE.jar
7fc871db5000-7fc871db7000 r--s 00009000 08:02 4589809                    /home/njenga/.m2/repository/org/slf4j/slf4j-api/1.7.30/slf4j-api-1.7.30.jar
7fc871db7000-7fc871dc4000 r--s 0009c000 08:02 4069223                    /home/njenga/.m2/repository/org/springframework/spring-beans/5.2.8.RELEASE/spring-beans-5.2.8.RELEASE.jar
7fc871dc4000-7fc871dcd000 r--s 00044000 08:02 4722866                    /home/njenga/.m2/repository/org/springframework/spring-tx/5.2.8.RELEASE/spring-tx-5.2.8.RELEASE.jar
7fc871dcd000-7fc871de8000 r--s 00111000 08:02 3547383                    /home/njenga/.m2/repository/org/springframework/spring-context/5.2.8.RELEASE/spring-context-5.2.8.RELEASE.jar
7fc871de8000-7fc871ded000 r--s 0002d000 08:02 5249545                    /home/njenga/.m2/repository/org/springframework/spring-orm/5.2.8.RELEASE/spring-orm-5.2.8.RELEASE.jar
7fc871ded000-7fc871e05000 r--s 00110000 08:02 4722868                    /home/njenga/.m2/repository/org/springframework/data/spring-data-commons/2.3.2.RELEASE/spring-data-commons-2.3.2.RELEASE.jar
7fc871e05000-7fc871e0d000 r--s 00052000 08:02 5249543                    /home/njenga/.m2/repository/org/springframework/data/spring-data-jpa/2.3.2.RELEASE/spring-data-jpa-2.3.2.RELEASE.jar
7fc871e0d000-7fc871e0f000 r--s 0000f000 08:02 5381904                    /home/njenga/.m2/repository/com/sun/activation/jakarta.activation/1.2.2/jakarta.activation-1.2.2.jar
7fc871e0f000-7fc871e11000 r--s 00006000 08:02 5381901                    /home/njenga/.m2/repository/com/sun/istack/istack-commons-runtime/3.0.11/istack-commons-runtime-3.0.11.jar
7fc871e11000-7fc871e13000 r--s 00010000 08:02 5381899                    /home/njenga/.m2/repository/org/glassfish/jaxb/txw2/2.3.3/txw2-2.3.3.jar
7fc871e13000-7fc871e28000 r--s 000e8000 08:02 5249573                    /home/njenga/.m2/repository/org/glassfish/jaxb/jaxb-runtime/2.3.3/jaxb-runtime-2.3.3.jar
7fc871e28000-7fc871e2b000 r--s 00010000 08:02 4589506                    /home/njenga/.m2/repository/org/hibernate/common/hibernate-commons-annotations/5.1.0.Final/hibernate-commons-annotations-5.1.0.Final.jar
7fc871e2b000-7fc871e30000 r--s 0004b000 08:02 5249571                    /home/njenga/.m2/repository/org/dom4j/dom4j/2.1.3/dom4j-2.1.3.jar
7fc871e30000-7fc871e32000 r--s 0000f000 08:02 4589596                    /home/njenga/.m2/repository/com/fasterxml/classmate/1.5.1/classmate-1.5.1.jar
7fc871e32000-7fc871e37000 r--s 00068000 08:02 4589498                    /home/njenga/.m2/repository/antlr/antlr/2.7.7/antlr-2.7.7.jar
7fc871e37000-7fc871e81000 r--s 00308000 08:02 4856647                    /home/njenga/.m2/repository/net/bytebuddy/byte-buddy/1.10.13/byte-buddy-1.10.13.jar
7fc871e81000-7fc871e8b000 r--s 000b4000 08:02 4589494                    /home/njenga/.m2/repository/org/javassist/javassist/3.24.0-GA/javassist-3.24.0-GA.jar
7fc871e8b000-7fc871f12000 r--s 00670000 08:02 4987693                    /home/njenga/.m2/repository/org/hibernate/hibernate-core/5.4.18.Final/hibernate-core-5.4.18.Final.jar
7fc871f12000-7fc871f15000 ---p 00000000 00:00 0 
7fc871f15000-7fc872013000 rw-p 00000000 00:00 0 
7fc872013000-7fc87241c000 r--p 00000000 08:02 21896633                   /usr/lib/locale/locale-archive
7fc87241c000-7fc87241f000 ---p 00000000 00:00 0 
7fc87241f000-7fc87251d000 rw-p 00000000 00:00 0 
7fc87251d000-7fc872520000 ---p 00000000 00:00 0 
7fc872520000-7fc87261e000 rw-p 00000000 00:00 0 
7fc87261e000-7fc87261f000 ---p 00000000 00:00 0 
7fc87261f000-7fc87362e000 rw-p 00000000 00:00 0 
7fc87362e000-7fc873800000 r--s 03ca5000 08:02 24643171                   /usr/lib/jvm/java-8-openjdk-amd64/jre/lib/rt.jar
7fc873800000-7fc874000000 rw-p 00000000 00:00 0 
7fc874000000-7fc874021000 rw-p 00000000 00:00 0 
7fc874021000-7fc878000000 ---p 00000000 00:00 0 
7fc878000000-7fc878021000 rw-p 00000000 00:00 0 
7fc878021000-7fc87c000000 ---p 00000000 00:00 0 
7fc87c000000-7fc87c029000 rw-p 00000000 00:00 0 
7fc87c029000-7fc880000000 ---p 00000000 00:00 0 
7fc880000000-7fc880003000 r--s 0002d000 08:02 5119726                    /home/njenga/.m2/repository/org/jboss/jandex/2.1.3.Final/jandex-2.1.3.Final.jar
7fc880003000-7fc880005000 r--s 0000d000 08:02 4589595                    /home/njenga/.m2/repository/org/jboss/logging/jboss-logging/3.4.1.Final/jboss-logging-3.4.1.Final.jar
7fc880005000-7fc88000b000 r--s 00023000 08:02 4589486                    /home/njenga/.m2/repository/jakarta/persistence/jakarta.persistence-api/2.2.3/jakarta.persistence-api-2.2.3.jar
7fc88000b000-7fc88062a000 rw-p 00000000 00:00 0 
7fc88062a000-7fc88062b000 ---p 00000000 00:00 0 
7fc88062b000-7fc88072b000 rw-p 00000000 00:00 0 
7fc88072b000-7fc88072c000 ---p 00000000 00:00 0 
7fc88072c000-7fc88082c000 rw-p 00000000 00:00 0 
7fc88082c000-7fc88082d000 ---p 00000000 00:00 0 
7fc88082d000-7fc88092d000 rw-p 00000000 00:00 0 
7fc88092d000-7fc88092e000 ---p 00000000 00:00 0 
7fc88092e000-7fc880a7b000 rw-p 00000000 00:00 0 
7fc880a7b000-7fc880e0e000 ---p 00000000 00:00 0 
7fc880e0e000-7fc880f5c000 rw-p 00000000 00:00 0 
7fc880f5c000-7fc880fff000 ---p 00000000 00:00 0 
7fc880fff000-7fc881000000 rw-p 00000000 00:00 0 
7fc881000000-7fc8819d0000 rwxp 00000000 00:00 0 
7fc8819d0000-7fc890000000 ---p 00000000 00:00 0 
7fc890000000-7fc890910000 rw-p 00000000 00:00 0 
7fc890910000-7fc894000000 ---p 00000000 00:00 0 
7fc894000000-7fc894001000 r--s 00003000 08:02 4589489                    /home/njenga/.m2/repository/jakarta/transaction/jakarta.transaction-api/1.3.3/jakarta.transaction-api-1.3.3.jar
7fc894001000-7fc89400a000 r--s 0005b000 08:02 5249547                    /home/njenga/.m2/repository/org/springframework/spring-jdbc/5.2.8.RELEASE/spring-jdbc-5.2.8.RELEASE.jar
7fc89400a000-7fc89400e000 r--s 00023000 08:02 4856808                    /home/njenga/.m2/repository/com/zaxxer/HikariCP/3.4.5/HikariCP-3.4.5.jar
7fc89400e000-7fc89400f000 r--s 00001000 08:02 4723003                    /home/njenga/.m2/repository/org/springframework/boot/spring-boot-starter-jdbc/2.3.2.RELEASE/spring-boot-starter-jdbc-2.3.2.RELEASE.jar
7fc89400f000-7fc894028000 r--s 001dc000 08:02 4590788                    /home/njenga/.m2/repository/org/aspectj/aspectjweaver/1.9.6/aspectjweaver-1.9.6.jar
7fc894028000-7fc894031000 r--s 00052000 08:02 3807445                    /home/njenga/.m2/repository/org/springframework/spring-aop/5.2.8.RELEASE/spring-aop-5.2.8.RELEASE.jar
7fc894031000-7fc894032000 r--s 00001000 08:02 2233427                    /home/njenga/.m2/repository/org/springframework/boot/spring-boot-starter-aop/2.3.2.RELEASE/spring-boot-starter-aop-2.3.2.RELEASE.jar
7fc894032000-7fc894045000 r--s 00346000 08:02 24643175                   /usr/lib/jvm/java-8-openjdk-amd64/jre/lib/resources.jar
7fc894045000-7fc89404a000 r--s 000a7000 08:02 24643174                   /usr/lib/jvm/java-8-openjdk-amd64/jre/lib/jsse.jar
7fc89404a000-7fc89404c000 r--s 00016000 08:02 24643113                   /usr/lib/jvm/java-8-openjdk-amd64/jre/lib/jce.jar
7fc89404c000-7fc89410f000 rw-p 00000000 00:00 0 
7fc89410f000-7fc8944a3000 ---p 00000000 00:00 0 
7fc8944a3000-7fc8944cb000 rw-p 00000000 00:00 0 
7fc8944cb000-7fc894863000 ---p 00000000 00:00 0 
7fc894863000-7fc89486b000 r-xp 00000000 08:02 24643141                   /usr/lib/jvm/java-8-openjdk-amd64/jre/lib/amd64/libzip.so
7fc89486b000-7fc894a6a000 ---p 00008000 08:02 24643141                   /usr/lib/jvm/java-8-openjdk-amd64/jre/lib/amd64/libzip.so
7fc894a6a000-7fc894a6b000 r--p 00007000 08:02 24643141                   /usr/lib/jvm/java-8-openjdk-amd64/jre/lib/amd64/libzip.so
7fc894a6b000-7fc894a6c000 rw-p 00008000 08:02 24643141                   /usr/lib/jvm/java-8-openjdk-amd64/jre/lib/amd64/libzip.so
7fc894a6c000-7fc894a77000 r-xp 00000000 08:02 3546248                    /lib/x86_64-linux-gnu/libnss_files-2.23.so
7fc894a77000-7fc894c76000 ---p 0000b000 08:02 3546248                    /lib/x86_64-linux-gnu/libnss_files-2.23.so
7fc894c76000-7fc894c77000 r--p 0000a000 08:02 3546248                    /lib/x86_64-linux-gnu/libnss_files-2.23.so
7fc894c77000-7fc894c78000 rw-p 0000b000 08:02 3546248                    /lib/x86_64-linux-gnu/libnss_files-2.23.so
7fc894c78000-7fc894c7e000 rw-p 00000000 00:00 0 
7fc894c7e000-7fc894c89000 r-xp 00000000 08:02 3546252                    /lib/x86_64-linux-gnu/libnss_nis-2.23.so
7fc894c89000-7fc894e88000 ---p 0000b000 08:02 3546252                    /lib/x86_64-linux-gnu/libnss_nis-2.23.so
7fc894e88000-7fc894e89000 r--p 0000a000 08:02 3546252                    /lib/x86_64-linux-gnu/libnss_nis-2.23.so
7fc894e89000-7fc894e8a000 rw-p 0000b000 08:02 3546252                    /lib/x86_64-linux-gnu/libnss_nis-2.23.so
7fc894e8a000-7fc894ea0000 r-xp 00000000 08:02 3546238                    /lib/x86_64-linux-gnu/libnsl-2.23.so
7fc894ea0000-7fc89509f000 ---p 00016000 08:02 3546238                    /lib/x86_64-linux-gnu/libnsl-2.23.so
7fc89509f000-7fc8950a0000 r--p 00015000 08:02 3546238                    /lib/x86_64-linux-gnu/libnsl-2.23.so
7fc8950a0000-7fc8950a1000 rw-p 00016000 08:02 3546238                    /lib/x86_64-linux-gnu/libnsl-2.23.so
7fc8950a1000-7fc8950a3000 rw-p 00000000 00:00 0 
7fc8950a3000-7fc8950ab000 r-xp 00000000 08:02 3546250                    /lib/x86_64-linux-gnu/libnss_compat-2.23.so
7fc8950ab000-7fc8952aa000 ---p 00008000 08:02 3546250                    /lib/x86_64-linux-gnu/libnss_compat-2.23.so
7fc8952aa000-7fc8952ab000 r--p 00007000 08:02 3546250                    /lib/x86_64-linux-gnu/libnss_compat-2.23.so
7fc8952ab000-7fc8952ac000 rw-p 00008000 08:02 3546250                    /lib/x86_64-linux-gnu/libnss_compat-2.23.so
7fc8952ac000-7fc8952b6000 r-xp 00000000 08:02 24643145                   /usr/lib/jvm/java-8-openjdk-amd64/jre/lib/amd64/libinstrument.so
7fc8952b6000-7fc8954b5000 ---p 0000a000 08:02 24643145                   /usr/lib/jvm/java-8-openjdk-amd64/jre/lib/amd64/libinstrument.so
7fc8954b5000-7fc8954b6000 r--p 00009000 08:02 24643145                   /usr/lib/jvm/java-8-openjdk-amd64/jre/lib/amd64/libinstrument.so
7fc8954b6000-7fc8954b7000 rw-p 0000a000 08:02 24643145                   /usr/lib/jvm/java-8-openjdk-amd64/jre/lib/amd64/libinstrument.so
7fc8954b7000-7fc8954e0000 r-xp 00000000 08:02 24643133                   /usr/lib/jvm/java-8-openjdk-amd64/jre/lib/amd64/libjava.so
7fc8954e0000-7fc8956e0000 ---p 00029000 08:02 24643133                   /usr/lib/jvm/java-8-openjdk-amd64/jre/lib/amd64/libjava.so
7fc8956e0000-7fc8956e1000 r--p 00029000 08:02 24643133                   /usr/lib/jvm/java-8-openjdk-amd64/jre/lib/amd64/libjava.so
7fc8956e1000-7fc8956e3000 rw-p 0002a000 08:02 24643133                   /usr/lib/jvm/java-8-openjdk-amd64/jre/lib/amd64/libjava.so
7fc8956e3000-7fc8956f2000 r-xp 00000000 08:02 24643155                   /usr/lib/jvm/java-8-openjdk-amd64/jre/lib/amd64/libverify.so
7fc8956f2000-7fc8958f1000 ---p 0000f000 08:02 24643155                   /usr/lib/jvm/java-8-openjdk-amd64/jre/lib/amd64/libverify.so
7fc8958f1000-7fc8958f3000 r--p 0000e000 08:02 24643155                   /usr/lib/jvm/java-8-openjdk-amd64/jre/lib/amd64/libverify.so
7fc8958f3000-7fc8958f4000 rw-p 00010000 08:02 24643155                   /usr/lib/jvm/java-8-openjdk-amd64/jre/lib/amd64/libverify.so
7fc8958f4000-7fc8958fb000 r-xp 00000000 08:02 3546255                    /lib/x86_64-linux-gnu/librt-2.23.so
7fc8958fb000-7fc895afa000 ---p 00007000 08:02 3546255                    /lib/x86_64-linux-gnu/librt-2.23.so
7fc895afa000-7fc895afb000 r--p 00006000 08:02 3546255                    /lib/x86_64-linux-gnu/librt-2.23.so
7fc895afb000-7fc895afc000 rw-p 00007000 08:02 3546255                    /lib/x86_64-linux-gnu/librt-2.23.so
7fc895afc000-7fc895b12000 r-xp 00000000 08:02 3543525                    /lib/x86_64-linux-gnu/libgcc_s.so.1
7fc895b12000-7fc895d11000 ---p 00016000 08:02 3543525                    /lib/x86_64-linux-gnu/libgcc_s.so.1
7fc895d11000-7fc895d12000 rw-p 00015000 08:02 3543525                    /lib/x86_64-linux-gnu/libgcc_s.so.1
7fc895d12000-7fc895e1a000 r-xp 00000000 08:02 3546239                    /lib/x86_64-linux-gnu/libm-2.23.so
7fc895e1a000-7fc896019000 ---p 00108000 08:02 3546239                    /lib/x86_64-linux-gnu/libm-2.23.so
7fc896019000-7fc89601a000 r--p 00107000 08:02 3546239                    /lib/x86_64-linux-gnu/libm-2.23.so
7fc89601a000-7fc89601b000 rw-p 00108000 08:02 3546239                    /lib/x86_64-linux-gnu/libm-2.23.so
7fc89601b000-7fc89618d000 r-xp 00000000 08:02 21890876                   /usr/lib/x86_64-linux-gnu/libstdc++.so.6.0.21
7fc89618d000-7fc89638d000 ---p 00172000 08:02 21890876                   /usr/lib/x86_64-linux-gnu/libstdc++.so.6.0.21
7fc89638d000-7fc896397000 r--p 00172000 08:02 21890876                   /usr/lib/x86_64-linux-gnu/libstdc++.so.6.0.21
7fc896397000-7fc896399000 rw-p 0017c000 08:02 21890876                   /usr/lib/x86_64-linux-gnu/libstdc++.so.6.0.21
7fc896399000-7fc89639d000 rw-p 00000000 00:00 0 
7fc89639d000-7fc897005000 r-xp 00000000 08:02 24643135                   /usr/lib/jvm/java-8-openjdk-amd64/jre/lib/amd64/server/libjvm.so
7fc897005000-7fc897205000 ---p 00c68000 08:02 24643135                   /usr/lib/jvm/java-8-openjdk-amd64/jre/lib/amd64/server/libjvm.so
7fc897205000-7fc897299000 r--p 00c68000 08:02 24643135                   /usr/lib/jvm/java-8-openjdk-amd64/jre/lib/amd64/server/libjvm.so
7fc897299000-7fc8972c2000 rw-p 00cfc000 08:02 24643135                   /usr/lib/jvm/java-8-openjdk-amd64/jre/lib/amd64/server/libjvm.so
7fc8972c2000-7fc8972f2000 rw-p 00000000 00:00 0 
7fc8972f2000-7fc89730a000 r-xp 00000000 08:02 3546236                    /lib/x86_64-linux-gnu/libpthread-2.23.so
7fc89730a000-7fc897509000 ---p 00018000 08:02 3546236                    /lib/x86_64-linux-gnu/libpthread-2.23.so
7fc897509000-7fc89750a000 r--p 00017000 08:02 3546236                    /lib/x86_64-linux-gnu/libpthread-2.23.so
7fc89750a000-7fc89750b000 rw-p 00018000 08:02 3546236                    /lib/x86_64-linux-gnu/libpthread-2.23.so
7fc89750b000-7fc89750f000 rw-p 00000000 00:00 0 
7fc89750f000-7fc897512000 r-xp 00000000 08:02 3546233                    /lib/x86_64-linux-gnu/libdl-2.23.so
7fc897512000-7fc897711000 ---p 00003000 08:02 3546233                    /lib/x86_64-linux-gnu/libdl-2.23.so
7fc897711000-7fc897712000 r--p 00002000 08:02 3546233                    /lib/x86_64-linux-gnu/libdl-2.23.so
7fc897712000-7fc897713000 rw-p 00003000 08:02 3546233                    /lib/x86_64-linux-gnu/libdl-2.23.so
7fc897713000-7fc89772c000 r-xp 00000000 08:02 3543678                    /lib/x86_64-linux-gnu/libz.so.1.2.8
7fc89772c000-7fc89792b000 ---p 00019000 08:02 3543678                    /lib/x86_64-linux-gnu/libz.so.1.2.8
7fc89792b000-7fc89792c000 r--p 00018000 08:02 3543678                    /lib/x86_64-linux-gnu/libz.so.1.2.8
7fc89792c000-7fc89792d000 rw-p 00019000 08:02 3543678                    /lib/x86_64-linux-gnu/libz.so.1.2.8
7fc89792d000-7fc897aed000 r-xp 00000000 08:02 3546235                    /lib/x86_64-linux-gnu/libc-2.23.so
7fc897aed000-7fc897ced000 ---p 001c0000 08:02 3546235                    /lib/x86_64-linux-gnu/libc-2.23.so
7fc897ced000-7fc897cf1000 r--p 001c0000 08:02 3546235                    /lib/x86_64-linux-gnu/libc-2.23.so
7fc897cf1000-7fc897cf3000 rw-p 001c4000 08:02 3546235                    /lib/x86_64-linux-gnu/libc-2.23.so
7fc897cf3000-7fc897cf7000 rw-p 00000000 00:00 0 
7fc897cf7000-7fc897d04000 r-xp 00000000 08:02 24643132                   /usr/lib/jvm/java-8-openjdk-amd64/jre/lib/amd64/jli/libjli.so
7fc897d04000-7fc897f04000 ---p 0000d000 08:02 24643132                   /usr/lib/jvm/java-8-openjdk-amd64/jre/lib/amd64/jli/libjli.so
7fc897f04000-7fc897f05000 r--p 0000d000 08:02 24643132                   /usr/lib/jvm/java-8-openjdk-amd64/jre/lib/amd64/jli/libjli.so
7fc897f05000-7fc897f06000 rw-p 0000e000 08:02 24643132                   /usr/lib/jvm/java-8-openjdk-amd64/jre/lib/amd64/jli/libjli.so
7fc897f06000-7fc897f2c000 r-xp 00000000 08:02 3546246                    /lib/x86_64-linux-gnu/ld-2.23.so
7fc897f2c000-7fc897f2d000 r--s 00001000 08:02 29106031                   /home/njenga/.m2/repository/org/springframework/boot/spring-boot-starter-data-jpa/2.3.2.RELEASE/spring-boot-starter-data-jpa-2.3.2.RELEASE.jar
7fc897f2d000-7fc897f32000 r--s 002f9000 08:02 24643112                   /usr/lib/jvm/java-8-openjdk-amd64/jre/lib/charsets.jar
7fc897f32000-7fc897f3c000 r--s 00116000 08:02 24643191                   /usr/lib/jvm/java-8-openjdk-amd64/jre/lib/ext/localedata.jar
7fc897f3c000-7fc897f57000 r--s 001d6000 08:02 24643188                   /usr/lib/jvm/java-8-openjdk-amd64/jre/lib/ext/nashorn.jar
7fc897f57000-7fc897f72000 r--s 00394000 08:02 24643193                   /usr/lib/jvm/java-8-openjdk-amd64/jre/lib/ext/cldrdata.jar
7fc897f72000-7fc898008000 rw-p 00000000 00:00 0 
7fc898008000-7fc89800b000 ---p 00000000 00:00 0 
7fc89800b000-7fc89810d000 rw-p 00000000 00:00 0 
7fc89810d000-7fc89810e000 r--s 00000000 08:02 24643170                   /usr/lib/jvm/java-8-openjdk-amd64/jre/lib/management-agent.jar
7fc89810e000-7fc898110000 r--s 00001000 08:02 24643190                   /usr/lib/jvm/java-8-openjdk-amd64/jre/lib/ext/dnsns.jar
7fc898110000-7fc898116000 r--s 0003d000 08:02 24643187                   /usr/lib/jvm/java-8-openjdk-amd64/jre/lib/ext/sunjce_provider.jar
7fc898116000-7fc898119000 r--s 0000f000 08:02 24643194                   /usr/lib/jvm/java-8-openjdk-amd64/jre/lib/ext/icedtea-sound.jar
7fc898119000-7fc89811a000 r--s 0000a000 08:02 24643192                   /usr/lib/jvm/java-8-openjdk-amd64/jre/lib/ext/jaccess.jar
7fc89811a000-7fc89811b000 r--s 0000d000 08:02 24643189                   /usr/lib/jvm/java-8-openjdk-amd64/jre/lib/ext/sunec.jar
7fc89811b000-7fc89811f000 r--s 0003a000 08:02 24643196                   /usr/lib/jvm/java-8-openjdk-amd64/jre/lib/ext/sunpkcs11.jar
7fc89811f000-7fc898120000 r--s 00010000 08:02 24643195                   /usr/lib/jvm/java-8-openjdk-amd64/jre/lib/ext/zipfs.jar
7fc898120000-7fc898128000 rw-s 00000000 08:02 10627073                   /tmp/hsperfdata_njenga/9843
7fc898128000-7fc898129000 rw-p 00000000 00:00 0 
7fc898129000-7fc89812a000 r--p 00000000 00:00 0 
7fc89812a000-7fc89812b000 rw-p 00000000 00:00 0 
7fc89812b000-7fc89812c000 r--p 00025000 08:02 3546246                    /lib/x86_64-linux-gnu/ld-2.23.so
7fc89812c000-7fc89812d000 rw-p 00026000 08:02 3546246                    /lib/x86_64-linux-gnu/ld-2.23.so
7fc89812d000-7fc89812e000 rw-p 00000000 00:00 0 
7ffc47fe2000-7ffc48006000 rw-p 00000000 00:00 0                          [stack]
7ffc480c2000-7ffc480c4000 r--p 00000000 00:00 0                          [vvar]
7ffc480c4000-7ffc480c6000 r-xp 00000000 00:00 0                          [vdso]
ffffffffff600000-ffffffffff601000 r-xp 00000000 00:00 0                  [vsyscall]

VM Arguments:
jvm_args: -XX:TieredStopAtLevel=1 -Xverify:none -Dspring.output.ansi.enabled=always -Dcom.sun.management.jmxremote -Dspring.jmx.enabled=true -Dspring.liveBeansView.mbeanDomain -Dspring.application.admin.enabled=true -javaagent:/home/njenga/Downloads/idea-IU-201.7846.76/lib/idea_rt.jar=44421:/home/njenga/Downloads/idea-IU-201.7846.76/bin -Dfile.encoding=UTF-8 
java_command: com.kisokolab.authserver.AuthserverApplication
java_class_path (initial): /usr/lib/jvm/java-1.8.0-openjdk-amd64/jre/lib/charsets.jar:/usr/lib/jvm/java-1.8.0-openjdk-amd64/jre/lib/ext/cldrdata.jar:/usr/lib/jvm/java-1.8.0-openjdk-amd64/jre/lib/ext/dnsns.jar:/usr/lib/jvm/java-1.8.0-openjdk-amd64/jre/lib/ext/icedtea-sound.jar:/usr/lib/jvm/java-1.8.0-openjdk-amd64/jre/lib/ext/jaccess.jar:/usr/lib/jvm/java-1.8.0-openjdk-amd64/jre/lib/ext/localedata.jar:/usr/lib/jvm/java-1.8.0-openjdk-amd64/jre/lib/ext/nashorn.jar:/usr/lib/jvm/java-1.8.0-openjdk-amd64/jre/lib/ext/sunec.jar:/usr/lib/jvm/java-1.8.0-openjdk-amd64/jre/lib/ext/sunjce_provider.jar:/usr/lib/jvm/java-1.8.0-openjdk-amd64/jre/lib/ext/sunpkcs11.jar:/usr/lib/jvm/java-1.8.0-openjdk-amd64/jre/lib/ext/zipfs.jar:/usr/lib/jvm/java-1.8.0-openjdk-amd64/jre/lib/jce.jar:/usr/lib/jvm/java-1.8.0-openjdk-amd64/jre/lib/jsse.jar:/usr/lib/jvm/java-1.8.0-openjdk-amd64/jre/lib/management-agent.jar:/usr/lib/jvm/java-1.8.0-openjdk-amd64/jre/lib/resources.jar:/usr/lib/jvm/java-1.8.0-openjdk-amd64/jre/lib/rt.jar:/home/njenga/Desktop/project/kisokolab/authserver/target/classes:/home/njenga/.m2/repository/org/springframework/boot/spring-boot-starter-data-jpa/2.3.2.RELEASE/spring-boot-starter-data-jpa-2.3.2.RELEASE.jar:/home/njenga/.m2/repository/org/springframework/boot/spring-boot-starter-aop/2.3.2.RELEASE/spring-boot-starter-aop-2.3.2.RELEASE.jar:/home/njenga/.m2/repository/org/springframework/spring-aop/5.2.8.RELEASE/spring-aop-5.2.8.RELEASE.jar:/home/njenga/.m2/repository/org/aspectj/aspectjweaver/1.9.6/aspectjweaver-1.9.6.jar:/home/njenga/.m2/repository/org/springframework/boot/spring-boot-starter-jdbc/2.3.2.RELEASE/spring-boot-starter-jdbc-2.3.2.RELEASE.jar:/home/njenga/.m2/repository/com/zaxxer/HikariCP/3.4.5/HikariCP-3.4.5.jar:/home/njenga/.m2/repository/org/springframework/spring-jdbc/5.2.8.RELEASE/spring-jdbc-5.2.8.RELEASE.jar:/home/njenga/.m2/repository/jakarta/transaction/jakarta.transaction-api/1.3.3/jakarta.transaction-api-1.3.3.jar:/home/njenga/.m2/repository/jakarta/pe
Launcher Type: SUN_STANDARD

Environment Variables:
JAVA_HOME=/usr/lib/jvm/jdk1.8.0_251
PATH=/home/njenga/bin:/home/njenga/.local/bin:/usr/local/sbin:/usr/local/bin:/usr/sbin:/usr/bin:/sbin:/bin:/usr/games:/usr/local/games
SHELL=/usr/bin/zsh
DISPLAY=:0

Signal Handlers:
SIGSEGV: [libjvm.so+0xa7bb00], sa_mask[0]=11111111011111111101111111111110, sa_flags=SA_RESTART|SA_SIGINFO
SIGBUS: [libjvm.so+0xa7bb00], sa_mask[0]=11111111011111111101111111111110, sa_flags=SA_RESTART|SA_SIGINFO
SIGFPE: [libjvm.so+0x8c3d50], sa_mask[0]=11111111011111111101111111111110, sa_flags=SA_RESTART|SA_SIGINFO
SIGPIPE: [libjvm.so+0x8c3d50], sa_mask[0]=11111111011111111101111111111110, sa_flags=SA_RESTART|SA_SIGINFO
SIGXFSZ: [libjvm.so+0x8c3d50], sa_mask[0]=11111111011111111101111111111110, sa_flags=SA_RESTART|SA_SIGINFO
SIGILL: [libjvm.so+0x8c3d50], sa_mask[0]=11111111011111111101111111111110, sa_flags=SA_RESTART|SA_SIGINFO
SIGUSR1: SIG_DFL, sa_mask[0]=00000000000000000000000000000000, sa_flags=none
SIGUSR2: [libjvm.so+0x8c3c00], sa_mask[0]=00100000000000000000000000000000, sa_flags=SA_RESTART|SA_SIGINFO
SIGHUP: [libjvm.so+0x8c4290], sa_mask[0]=11111111011111111101111111111110, sa_flags=SA_RESTART|SA_SIGINFO
SIGINT: [libjvm.so+0x8c4290], sa_mask[0]=11111111011111111101111111111110, sa_flags=SA_RESTART|SA_SIGINFO
SIGTERM: [libjvm.so+0x8c4290], sa_mask[0]=11111111011111111101111111111110, sa_flags=SA_RESTART|SA_SIGINFO
SIGQUIT: [libjvm.so+0x8c4290], sa_mask[0]=11111111011111111101111111111110, sa_flags=SA_RESTART|SA_SIGINFO


---------------  S Y S T E M  ---------------

OS:DISTRIB_ID=LinuxMint
DISTRIB_RELEASE=18.2
DISTRIB_CODENAME=sonya
DISTRIB_DESCRIPTION="Linux Mint 18.2 Sonya"

uname:Linux 4.8.0-53-generic #56~16.04.1-Ubuntu SMP Tue May 16 01:18:56 UTC 2017 x86_64
libc:glibc 2.23 NPTL 2.23 
rlimit: STACK 8192k, CORE 0k, NPROC 47183, NOFILE 65536, AS infinity
load average:2.19 1.12 0.88

/proc/meminfo:
MemTotal:       12192948 kB
MemFree:          333308 kB
MemAvailable:     973476 kB
Buffers:          129268 kB
Cached:          1376576 kB
SwapCached:        99148 kB
Active:          9480244 kB
Inactive:        1935696 kB
Active(anon):    8925096 kB
Inactive(anon):  1656060 kB
Active(file):     555148 kB
Inactive(file):   279636 kB
Unevictable:         120 kB
Mlocked:             120 kB
SwapTotal:       4083708 kB
SwapFree:        2642328 kB
Dirty:             13240 kB
Writeback:             0 kB
AnonPages:       9796424 kB
Mapped:           808396 kB
Shmem:            671060 kB
Slab:             198552 kB
SReclaimable:      87784 kB
SUnreclaim:       110768 kB
KernelStack:       24944 kB
PageTables:       113036 kB
NFS_Unstable:          0 kB
Bounce:                0 kB
WritebackTmp:          0 kB
CommitLimit:    10180180 kB
Committed_AS:   23840060 kB
VmallocTotal:   34359738367 kB
VmallocUsed:           0 kB
VmallocChunk:          0 kB
HardwareCorrupted:     0 kB
AnonHugePages:   5275648 kB
ShmemHugePages:        0 kB
ShmemPmdMapped:        0 kB
CmaTotal:              0 kB
CmaFree:               0 kB
HugePages_Total:       0
HugePages_Free:        0
HugePages_Rsvd:        0
HugePages_Surp:        0
Hugepagesize:       2048 kB
DirectMap4k:      398080 kB
DirectMap2M:    12075008 kB
DirectMap1G:     1048576 kB

container (cgroup) information:
container_type: cgroupv1
cpu_cpuset_cpus: 0-3
cpu_memory_nodes: 0
active_processor_count: 4
cpu_quota: -1
cpu_period: 100000
cpu_shares: -1
memory_limit_in_bytes: -1
memory_and_swap_limit_in_bytes: -2
memory_soft_limit_in_bytes: -1
memory_usage_in_bytes: 9678987264
memory_max_usage_in_bytes: 9876430848


CPU:total 4 (initial active 4) (2 cores per cpu, 2 threads per core) family 6 model 69 stepping 1, cmov, cx8, fxsr, mmx, sse, sse2, sse3, ssse3, sse4.1, sse4.2, popcnt, avx, avx2, aes, clmul, erms, lzcnt, ht, tsc, tscinvbit, bmi1, bmi2

/proc/cpuinfo:
processor	: 0
vendor_id	: GenuineIntel
cpu family	: 6
model		: 69
model name	: Intel(R) Core(TM) i5-4210U CPU @ 1.70GHz
stepping	: 1
microcode	: 0x26
cpu MHz		: 2400.000
cache size	: 3072 KB
physical id	: 0
siblings	: 4
core id		: 0
cpu cores	: 2
apicid		: 0
initial apicid	: 0
fpu		: yes
fpu_exception	: yes
cpuid level	: 13
wp		: yes
flags		: fpu vme de pse tsc msr pae mce cx8 apic sep mtrr pge mca cmov pat pse36 clflush dts acpi mmx fxsr sse sse2 ss ht tm pbe syscall nx pdpe1gb rdtscp lm constant_tsc arch_perfmon pebs bts rep_good nopl xtopology nonstop_tsc aperfmperf eagerfpu pni pclmulqdq dtes64 monitor ds_cpl vmx est tm2 ssse3 sdbg fma cx16 xtpr pdcm pcid sse4_1 sse4_2 movbe popcnt tsc_deadline_timer aes xsave avx f16c rdrand lahf_lm abm epb tpr_shadow vnmi flexpriority ept vpid fsgsbase tsc_adjust bmi1 avx2 smep bmi2 erms invpcid xsaveopt dtherm ida arat pln pts
bugs		:
bogomips	: 4788.85
clflush size	: 64
cache_alignment	: 64
address sizes	: 39 bits physical, 48 bits virtual
power management:

processor	: 1
vendor_id	: GenuineIntel
cpu family	: 6
model		: 69
model name	: Intel(R) Core(TM) i5-4210U CPU @ 1.70GHz
stepping	: 1
microcode	: 0x26
cpu MHz		: 2400.000
cache size	: 3072 KB
physical id	: 0
siblings	: 4
core id		: 0
cpu cores	: 2
apicid		: 1
initial apicid	: 1
fpu		: yes
fpu_exception	: yes
cpuid level	: 13
wp		: yes
flags		: fpu vme de pse tsc msr pae mce cx8 apic sep mtrr pge mca cmov pat pse36 clflush dts acpi mmx fxsr sse sse2 ss ht tm pbe syscall nx pdpe1gb rdtscp lm constant_tsc arch_perfmon pebs bts rep_good nopl xtopology nonstop_tsc aperfmperf eagerfpu pni pclmulqdq dtes64 monitor ds_cpl vmx est tm2 ssse3 sdbg fma cx16 xtpr pdcm pcid sse4_1 sse4_2 movbe popcnt tsc_deadline_timer aes xsave avx f16c rdrand lahf_lm abm epb tpr_shadow vnmi flexpriority ept vpid fsgsbase tsc_adjust bmi1 avx2 smep bmi2 erms invpcid xsaveopt dtherm ida arat pln pts
bugs		:
bogomips	: 4788.85
clflush size	: 64
cache_alignment	: 64
address sizes	: 39 bits physical, 48 bits virtual
power management:

processor	: 2
vendor_id	: GenuineIntel
cpu family	: 6
model		: 69
model name	: Intel(R) Core(TM) i5-4210U CPU @ 1.70GHz
stepping	: 1
microcode	: 0x26
cpu MHz		: 2640.966
cache size	: 3072 KB
physical id	: 0
siblings	: 4
core id		: 1
cpu cores	: 2
apicid		: 2
initial apicid	: 2
fpu		: yes
fpu_exception	: yes
cpuid level	: 13
wp		: yes
flags		: fpu vme de pse tsc msr pae mce cx8 apic sep mtrr pge mca cmov pat pse36 clflush dts acpi mmx fxsr sse sse2 ss ht tm pbe syscall nx pdpe1gb rdtscp lm constant_tsc arch_perfmon pebs bts rep_good nopl xtopology nonstop_tsc aperfmperf eagerfpu pni pclmulqdq dtes64 monitor ds_cpl vmx est tm2 ssse3 sdbg fma cx16 xtpr pdcm pcid sse4_1 sse4_2 movbe popcnt tsc_deadline_timer aes xsave avx f16c rdrand lahf_lm abm epb tpr_shadow vnmi flexpriority ept vpid fsgsbase tsc_adjust bmi1 avx2 smep bmi2 erms invpcid xsaveopt dtherm ida arat pln pts
bugs		:
bogomips	: 4788.85
clflush size	: 64
cache_alignment	: 64
address sizes	: 39 bits physical, 48 bits virtual
power management:

processor	: 3
vendor_id	: GenuineIntel
cpu family	: 6
model		: 69
model name	: Intel(R) Core(TM) i5-4210U CPU @ 1.70GHz
stepping	: 1
microcode	: 0x26
cpu MHz		: 2408.789
cache size	: 3072 KB
physical id	: 0
siblings	: 4
core id		: 1
cpu cores	: 2
apicid		: 3
initial apicid	: 3
fpu		: yes
fpu_exception	: yes
cpuid level	: 13
wp		: yes
flags		: fpu vme de pse tsc msr pae mce cx8 apic sep mtrr pge mca cmov pat pse36 clflush dts acpi mmx fxsr sse sse2 ss ht tm pbe syscall nx pdpe1gb rdtscp lm constant_tsc arch_perfmon pebs bts rep_good nopl xtopology nonstop_tsc aperfmperf eagerfpu pni pclmulqdq dtes64 monitor ds_cpl vmx est tm2 ssse3 sdbg fma cx16 xtpr pdcm pcid sse4_1 sse4_2 movbe popcnt tsc_deadline_timer aes xsave avx f16c rdrand lahf_lm abm epb tpr_shadow vnmi flexpriority ept vpid fsgsbase tsc_adjust bmi1 avx2 smep bmi2 erms invpcid xsaveopt dtherm ida arat pln pts
bugs		:
bogomips	: 4788.85
clflush size	: 64
cache_alignment	: 64
address sizes	: 39 bits physical, 48 bits virtual
power management:



Memory: 4k page, physical 12192948k(333308k free), swap 4083708k(2642328k free)

vm_info: OpenJDK 64-Bit Server VM (25.252-b09) for linux-amd64 JRE (1.8.0_252-8u252-b09-1~16.04-b09), built on Apr 15 2020 21:06:51 by "buildd" with gcc 5.4.0 20160609

time: Sun Aug  9 09:06:11 2020
timezone: EAT
elapsed time: 15 seconds (0d 0h 0m 15s)

