#
# A fatal error has been detected by the Java Runtime Environment:
#
#  SIGSEGV (0xb) at pc=0x00007f05ed5493a6, pid=9427, tid=0x00007f05957eb700
#
# JRE version: OpenJDK Runtime Environment (8.0_252-b09) (build 1.8.0_252-8u252-b09-1~16.04-b09)
# Java VM: OpenJDK 64-Bit Server VM (25.252-b09 mixed mode linux-amd64 compressed oops)
# Problematic frame:
# V  [libjvm.so+0x7653a6]
#
# Failed to write core dump. Core dumps have been disabled. To enable core dumping, try "ulimit -c unlimited" before starting Java again
#
# If you would like to submit a bug report, please visit:
#   http://bugreport.java.com/bugreport/crash.jsp
#

---------------  T H R E A D  ---------------

Current thread (0x00007f05bc016800):  JavaThread "restartedMain" [_thread_in_vm, id=9707, stack(0x00007f05956eb000,0x00007f05957ec000)]

siginfo: si_signo: 11 (SIGSEGV), si_code: 1 (SEGV_MAPERR), si_addr: 0x0000000000000008

Registers:
RAX=0x00000000000001a8, RBX=0x00007f0580ef9890, RCX=0x0000000000000033, RDX=0x00000007c08ea188
RSP=0x00007f05957e8de0, RBP=0x00007f05957e8f10, RSI=0x0000000000000000, RDI=0x00000007c08ea168
R8 =0x00007f059537d478, R9 =0x00007f0580efa240, R10=0x00007f058c002190, R11=0x000000000000000c
R12=0x0000000781f80cd0, R13=0x0000000000000000, R14=0x0000000000000020, R15=0x0000000000000004
RIP=0x00007f05ed5493a6, EFLAGS=0x0000000000010206, CSGSFS=0x002b000000000033, ERR=0x0000000000000004
  TRAPNO=0x000000000000000e

Top of Stack: (sp=0x00007f05957e8de0)
0x00007f05957e8de0:   00007f05bc014570 00007f05957e8eb0
0x00007f05957e8df0:   00000007c08ea168 ffffffffffffffff
0x00007f05957e8e00:   00007f05957e8e50 00007f0594a8e7c0
0x00007f05957e8e10:   00007f05957e8e20 00007f05ed809366
0x00007f05957e8e20:   00007f05957e8ec0 00007f058061eac0
0x00007f05957e8e30:   00007f0580350ed0 00000000000003d8
0x00007f05957e8e40:   00007f0580ef9c68 00007f0580ef98b0
0x00007f05957e8e50:   00000007c08e67f8 00000007c08ea168
0x00007f05957e8e60:   01007f0580ef9880 0000000000000000
0x00007f05957e8e70:   00007f0580ef9880 00007f0580efa238
0x00007f05957e8e80:   00007f05957e8f00 00007f05ed747600
0x00007f05957e8e90:   00007f05bc016800 00007f05957e8f80
0x00007f05957e8ea0:   00007f0580350eb0 0000000000000005
0x00007f05957e8eb0:   00007f059537d478 00007f05bc016800
0x00007f05957e8ec0:   00007f0594a8e170 00000007c08e67f8
0x00007f05957e8ed0:   0000000000000005 2746ad06a83d5600
0x00007f05957e8ee0:   00007f05957e8f00 00007f05bc016800
0x00007f05957e8ef0:   00007f0594a8e7c8 00007f05957e8f90
0x00007f05957e8f00:   00007f0594a8ea20 00007f0580ef9890
0x00007f05957e8f10:   00007f05957e9000 00007f05ed54b32a
0x00007f05957e8f20:   00007f05bc016800 00007f05ed54b2ab
0x00007f05957e8f30:   00007f050000000b 2746ad06a83d5600
0x00007f05957e8f40:   0000000000000053 0000000000000000
0x00007f05957e8f50:   00007f05bc016800 00000001957e8fb0
0x00007f05957e8f60:   00007f0594a8e828 00007f0500000001
0x00007f05957e8f70:   00007f05957e8f80 0000000500000005
0x00007f05957e8f80:   00007f0594a8ea20 00007f05bc016800
0x00007f05957e8f90:   00007f05bc016800 00007f05bc0146e0
0x00007f05957e8fa0:   00007f0580efa1e0 00007f0580efa238
0x00007f05957e8fb0:   00007f0580efa2c8 00000000000000d8
0x00007f05957e8fc0:   00007f05957e9180 2746ad06a83d5600
0x00007f05957e8fd0:   0000000000000005 00007f05bc016800 

Instructions: (pc=0x00007f05ed5493a6)
0x00007f05ed549386:   48 8d 45 b0 48 89 85 10 ff ff ff eb 40 0f 1f 44
0x00007f05ed549396:   00 00 48 63 43 08 4c 89 f2 48 03 13 4c 8b 2c 02
0x00007f05ed5493a6:   49 8b 45 08 48 8b 7d 90 0f b7 48 22 48 8b 50 08
0x00007f05ed5493b6:   48 3b 7c ca 50 0f 84 0f 01 00 00 41 83 c7 01 49 

Register to memory mapping:

RAX=0x00000000000001a8 is an unknown value
RBX=0x00007f0580ef9890 is an unknown value
RCX=0x0000000000000033 is an unknown value
RDX=0x00000007c08ea188 is pointing into metadata
RSP=0x00007f05957e8de0 is pointing into the stack for thread: 0x00007f05bc016800
RBP=0x00007f05957e8f10 is pointing into the stack for thread: 0x00007f05bc016800
RSI=0x0000000000000000 is an unknown value
RDI=0x00000007c08ea168 is pointing into metadata
R8 ={method} {0x00007f059537d478} 'tokenStore' '()Lorg/springframework/security/oauth2/provider/token/TokenStore;' in 'com/kisokolab/authserver/config/OAuth2AuthorizationServer'
R9 =0x00007f0580efa240 is an unknown value
R10=0x00007f058c002190 is an unknown value
R11=0x000000000000000c is an unknown value
R12=0x0000000781f80cd0 is an oop
org.springframework.boot.devtools.restart.classloader.RestartClassLoader 
 - klass: 'org/springframework/boot/devtools/restart/classloader/RestartClassLoader'
R13=0x0000000000000000 is an unknown value
R14=0x0000000000000020 is an unknown value
R15=0x0000000000000004 is an unknown value


Stack: [0x00007f05956eb000,0x00007f05957ec000],  sp=0x00007f05957e8de0,  free space=1015k
Native frames: (J=compiled Java code, j=interpreted, Vv=VM code, C=native code)
V  [libjvm.so+0x7653a6]
V  [libjvm.so+0x76732a]
V  [libjvm.so+0x622d33]
V  [libjvm.so+0x6294ff]
V  [libjvm.so+0x629a80]
V  [libjvm.so+0x6b7c26]
V  [libjvm.so+0x6b7fbc]  JVM_FindClassFromCaller+0x17c
C  [libjava.so+0xd660]  Java_java_lang_Class_forName0+0x140
J 698  java.lang.Class.forName0(Ljava/lang/String;ZLjava/lang/ClassLoader;Ljava/lang/Class;)Ljava/lang/Class; (0 bytes) @ 0x00007f05d8397ef4 [0x00007f05d8397e00+0xf4]
J 740 C1 java.lang.Class.forName(Ljava/lang/String;ZLjava/lang/ClassLoader;)Ljava/lang/Class; (53 bytes) @ 0x00007f05d83aa804 [0x00007f05d83aa6e0+0x124]
j  org.springframework.cglib.core.ReflectUtils.defineClass(Ljava/lang/String;[BLjava/lang/ClassLoader;Ljava/security/ProtectionDomain;Ljava/lang/Class;)Ljava/lang/Class;+390
j  org.springframework.cglib.core.AbstractClassGenerator.generate(Lorg/springframework/cglib/core/AbstractClassGenerator$ClassLoaderData;)Ljava/lang/Class;+184
j  org.springframework.cglib.proxy.Enhancer.generate(Lorg/springframework/cglib/core/AbstractClassGenerator$ClassLoaderData;)Ljava/lang/Class;+53
j  org.springframework.cglib.core.AbstractClassGenerator$ClassLoaderData$3.apply(Lorg/springframework/cglib/core/AbstractClassGenerator;)Ljava/lang/Object;+5
j  org.springframework.cglib.core.AbstractClassGenerator$ClassLoaderData$3.apply(Ljava/lang/Object;)Ljava/lang/Object;+5
j  org.springframework.cglib.core.internal.LoadingCache$2.call()Ljava/lang/Object;+11
j  java.util.concurrent.FutureTask.run()V+42
j  org.springframework.cglib.core.internal.LoadingCache.createEntry(Ljava/lang/Object;Ljava/lang/Object;Ljava/lang/Object;)Ljava/lang/Object;+58
j  org.springframework.cglib.core.internal.LoadingCache.get(Ljava/lang/Object;)Ljava/lang/Object;+39
j  org.springframework.cglib.core.AbstractClassGenerator$ClassLoaderData.get(Lorg/springframework/cglib/core/AbstractClassGenerator;Z)Ljava/lang/Object;+15
j  org.springframework.cglib.core.AbstractClassGenerator.create(Ljava/lang/Object;)Ljava/lang/Object;+115
j  org.springframework.cglib.proxy.Enhancer.createHelper()Ljava/lang/Object;+86
j  org.springframework.cglib.proxy.Enhancer.createClass()Ljava/lang/Class;+6
j  org.springframework.context.annotation.ConfigurationClassEnhancer.createClass(Lorg/springframework/cglib/proxy/Enhancer;)Ljava/lang/Class;+1
j  org.springframework.context.annotation.ConfigurationClassEnhancer.enhance(Ljava/lang/Class;Ljava/lang/ClassLoader;)Ljava/lang/Class;+53
j  org.springframework.context.annotation.ConfigurationClassPostProcessor.enhanceConfigurationClasses(Lorg/springframework/beans/factory/config/ConfigurableListableBeanFactory;)V+381
j  org.springframework.context.annotation.ConfigurationClassPostProcessor.postProcessBeanFactory(Lorg/springframework/beans/factory/config/ConfigurableListableBeanFactory;)V+88
j  org.springframework.context.support.PostProcessorRegistrationDelegate.invokeBeanFactoryPostProcessors(Ljava/util/Collection;Lorg/springframework/beans/factory/config/ConfigurableListableBeanFactory;)V+28
j  org.springframework.context.support.PostProcessorRegistrationDelegate.invokeBeanFactoryPostProcessors(Lorg/springframework/beans/factory/config/ConfigurableListableBeanFactory;Ljava/util/List;)V+494
j  org.springframework.context.support.AbstractApplicationContext.invokeBeanFactoryPostProcessors(Lorg/springframework/beans/factory/config/ConfigurableListableBeanFactory;)V+5
j  org.springframework.context.support.AbstractApplicationContext.refresh()V+28
j  org.springframework.boot.web.servlet.context.ServletWebServerApplicationContext.refresh()V+1
j  org.springframework.boot.SpringApplication.refresh(Lorg/springframework/context/ConfigurableApplicationContext;)V+1
j  org.springframework.boot.SpringApplication.refresh(Lorg/springframework/context/ApplicationContext;)V+11
j  org.springframework.boot.SpringApplication.refreshContext(Lorg/springframework/context/ConfigurableApplicationContext;)V+2
j  org.springframework.boot.SpringApplication.run([Ljava/lang/String;)Lorg/springframework/context/ConfigurableApplicationContext;+118
j  org.springframework.boot.SpringApplication.run([Ljava/lang/Class;[Ljava/lang/String;)Lorg/springframework/context/ConfigurableApplicationContext;+9
j  org.springframework.boot.SpringApplication.run(Ljava/lang/Class;[Ljava/lang/String;)Lorg/springframework/context/ConfigurableApplicationContext;+9
j  com.kisokolab.authserver.AuthserverApplication.main([Ljava/lang/String;)V+3
v  ~StubRoutines::call_stub
V  [libjvm.so+0x66abf0]
V  [libjvm.so+0x94b309]
V  [libjvm.so+0x94d02f]
V  [libjvm.so+0x6b87f7]  JVM_InvokeMethod+0x137
J 1883  sun.reflect.NativeMethodAccessorImpl.invoke0(Ljava/lang/reflect/Method;Ljava/lang/Object;[Ljava/lang/Object;)Ljava/lang/Object; (0 bytes) @ 0x00007f05d856e92d [0x00007f05d856e840+0xed]
J 1882 C1 sun.reflect.NativeMethodAccessorImpl.invoke(Ljava/lang/Object;[Ljava/lang/Object;)Ljava/lang/Object; (104 bytes) @ 0x00007f05d856f00c [0x00007f05d856ec60+0x3ac]
J 1935 C1 sun.reflect.DelegatingMethodAccessorImpl.invoke(Ljava/lang/Object;[Ljava/lang/Object;)Ljava/lang/Object; (10 bytes) @ 0x00007f05d858e104 [0x00007f05d858e0c0+0x44]
J 1934 C1 java.lang.reflect.Method.invoke(Ljava/lang/Object;[Ljava/lang/Object;)Ljava/lang/Object; (62 bytes) @ 0x00007f05d858dce4 [0x00007f05d858dbe0+0x104]
j  org.springframework.boot.devtools.restart.RestartLauncher.run()V+42
v  ~StubRoutines::call_stub
V  [libjvm.so+0x66abf0]
V  [libjvm.so+0x6680d4]
V  [libjvm.so+0x6686b7]
V  [libjvm.so+0x6acad4]
V  [libjvm.so+0xa1ff87]
V  [libjvm.so+0xa20370]
V  [libjvm.so+0x8c6042]
C  [libpthread.so.0+0x76ba]  start_thread+0xca

Java frames: (J=compiled Java code, j=interpreted, Vv=VM code)
J 698  java.lang.Class.forName0(Ljava/lang/String;ZLjava/lang/ClassLoader;Ljava/lang/Class;)Ljava/lang/Class; (0 bytes) @ 0x00007f05d8397e7a [0x00007f05d8397e00+0x7a]
J 740 C1 java.lang.Class.forName(Ljava/lang/String;ZLjava/lang/ClassLoader;)Ljava/lang/Class; (53 bytes) @ 0x00007f05d83aa804 [0x00007f05d83aa6e0+0x124]
j  org.springframework.cglib.core.ReflectUtils.defineClass(Ljava/lang/String;[BLjava/lang/ClassLoader;Ljava/security/ProtectionDomain;Ljava/lang/Class;)Ljava/lang/Class;+390
j  org.springframework.cglib.core.AbstractClassGenerator.generate(Lorg/springframework/cglib/core/AbstractClassGenerator$ClassLoaderData;)Ljava/lang/Class;+184
j  org.springframework.cglib.proxy.Enhancer.generate(Lorg/springframework/cglib/core/AbstractClassGenerator$ClassLoaderData;)Ljava/lang/Class;+53
j  org.springframework.cglib.core.AbstractClassGenerator$ClassLoaderData$3.apply(Lorg/springframework/cglib/core/AbstractClassGenerator;)Ljava/lang/Object;+5
j  org.springframework.cglib.core.AbstractClassGenerator$ClassLoaderData$3.apply(Ljava/lang/Object;)Ljava/lang/Object;+5
j  org.springframework.cglib.core.internal.LoadingCache$2.call()Ljava/lang/Object;+11
j  java.util.concurrent.FutureTask.run()V+42
j  org.springframework.cglib.core.internal.LoadingCache.createEntry(Ljava/lang/Object;Ljava/lang/Object;Ljava/lang/Object;)Ljava/lang/Object;+58
j  org.springframework.cglib.core.internal.LoadingCache.get(Ljava/lang/Object;)Ljava/lang/Object;+39
j  org.springframework.cglib.core.AbstractClassGenerator$ClassLoaderData.get(Lorg/springframework/cglib/core/AbstractClassGenerator;Z)Ljava/lang/Object;+15
j  org.springframework.cglib.core.AbstractClassGenerator.create(Ljava/lang/Object;)Ljava/lang/Object;+115
j  org.springframework.cglib.proxy.Enhancer.createHelper()Ljava/lang/Object;+86
j  org.springframework.cglib.proxy.Enhancer.createClass()Ljava/lang/Class;+6
j  org.springframework.context.annotation.ConfigurationClassEnhancer.createClass(Lorg/springframework/cglib/proxy/Enhancer;)Ljava/lang/Class;+1
j  org.springframework.context.annotation.ConfigurationClassEnhancer.enhance(Ljava/lang/Class;Ljava/lang/ClassLoader;)Ljava/lang/Class;+53
j  org.springframework.context.annotation.ConfigurationClassPostProcessor.enhanceConfigurationClasses(Lorg/springframework/beans/factory/config/ConfigurableListableBeanFactory;)V+381
j  org.springframework.context.annotation.ConfigurationClassPostProcessor.postProcessBeanFactory(Lorg/springframework/beans/factory/config/ConfigurableListableBeanFactory;)V+88
j  org.springframework.context.support.PostProcessorRegistrationDelegate.invokeBeanFactoryPostProcessors(Ljava/util/Collection;Lorg/springframework/beans/factory/config/ConfigurableListableBeanFactory;)V+28
j  org.springframework.context.support.PostProcessorRegistrationDelegate.invokeBeanFactoryPostProcessors(Lorg/springframework/beans/factory/config/ConfigurableListableBeanFactory;Ljava/util/List;)V+494
j  org.springframework.context.support.AbstractApplicationContext.invokeBeanFactoryPostProcessors(Lorg/springframework/beans/factory/config/ConfigurableListableBeanFactory;)V+5
j  org.springframework.context.support.AbstractApplicationContext.refresh()V+28
j  org.springframework.boot.web.servlet.context.ServletWebServerApplicationContext.refresh()V+1
j  org.springframework.boot.SpringApplication.refresh(Lorg/springframework/context/ConfigurableApplicationContext;)V+1
j  org.springframework.boot.SpringApplication.refresh(Lorg/springframework/context/ApplicationContext;)V+11
j  org.springframework.boot.SpringApplication.refreshContext(Lorg/springframework/context/ConfigurableApplicationContext;)V+2
j  org.springframework.boot.SpringApplication.run([Ljava/lang/String;)Lorg/springframework/context/ConfigurableApplicationContext;+118
j  org.springframework.boot.SpringApplication.run([Ljava/lang/Class;[Ljava/lang/String;)Lorg/springframework/context/ConfigurableApplicationContext;+9
j  org.springframework.boot.SpringApplication.run(Ljava/lang/Class;[Ljava/lang/String;)Lorg/springframework/context/ConfigurableApplicationContext;+9
j  com.kisokolab.authserver.AuthserverApplication.main([Ljava/lang/String;)V+3
v  ~StubRoutines::call_stub
J 1883  sun.reflect.NativeMethodAccessorImpl.invoke0(Ljava/lang/reflect/Method;Ljava/lang/Object;[Ljava/lang/Object;)Ljava/lang/Object; (0 bytes) @ 0x00007f05d856e8b7 [0x00007f05d856e840+0x77]
J 1882 C1 sun.reflect.NativeMethodAccessorImpl.invoke(Ljava/lang/Object;[Ljava/lang/Object;)Ljava/lang/Object; (104 bytes) @ 0x00007f05d856f00c [0x00007f05d856ec60+0x3ac]
J 1935 C1 sun.reflect.DelegatingMethodAccessorImpl.invoke(Ljava/lang/Object;[Ljava/lang/Object;)Ljava/lang/Object; (10 bytes) @ 0x00007f05d858e104 [0x00007f05d858e0c0+0x44]
J 1934 C1 java.lang.reflect.Method.invoke(Ljava/lang/Object;[Ljava/lang/Object;)Ljava/lang/Object; (62 bytes) @ 0x00007f05d858dce4 [0x00007f05d858dbe0+0x104]
j  org.springframework.boot.devtools.restart.RestartLauncher.run()V+42
v  ~StubRoutines::call_stub

---------------  P R O C E S S  ---------------

Java Threads: ( => current thread )
=>0x00007f05bc016800 JavaThread "restartedMain" [_thread_in_vm, id=9707, stack(0x00007f05956eb000,0x00007f05957ec000)]
  0x00007f05501ce800 JavaThread "Thread-16" [_thread_blocked, id=9704, stack(0x00007f05c173d000,0x00007f05c183e000)]
  0x00007f05e88fd000 JavaThread "DestroyJavaVM" [_thread_blocked, id=9428, stack(0x00007f05eea4f000,0x00007f05eeb50000)]
  0x00007f0554007800 JavaThread "Live Reload Server" daemon [_thread_in_native, id=9512, stack(0x00007f05966f9000,0x00007f05967fa000)]
  0x00007f0580b17800 JavaThread "mysql-cj-abandoned-connection-cleanup" daemon [_thread_blocked, id=9498, stack(0x00007f0597bfe000,0x00007f0597cff000)]
  0x00007f057c00a000 JavaThread "RMI Scheduler(0)" daemon [_thread_blocked, id=9465, stack(0x00007f05c1139000,0x00007f05c123a000)]
  0x00007f05a8001000 JavaThread "Attach Listener" daemon [_thread_blocked, id=9460, stack(0x00007f05c163c000,0x00007f05c173d000)]
  0x00007f05e873e800 JavaThread "RMI TCP Accept-0" daemon [_thread_in_native, id=9454, stack(0x00007f05c1c40000,0x00007f05c1d41000)]
  0x00007f05e8697000 JavaThread "Service Thread" daemon [_thread_blocked, id=9450, stack(0x00007f05c1f50000,0x00007f05c2051000)]
  0x00007f05e8689000 JavaThread "C1 CompilerThread2" daemon [_thread_blocked, id=9449, stack(0x00007f05c2051000,0x00007f05c2152000)]
  0x00007f05e8687000 JavaThread "C2 CompilerThread1" daemon [_thread_blocked, id=9448, stack(0x00007f05c2152000,0x00007f05c2253000)]
  0x00007f05e8685000 JavaThread "C2 CompilerThread0" daemon [_thread_blocked, id=9447, stack(0x00007f05c2253000,0x00007f05c2354000)]
  0x00007f05e8683000 JavaThread "Monitor Ctrl-Break" daemon [_thread_in_native, id=9446, stack(0x00007f05c2354000,0x00007f05c2455000)]
  0x00007f05e8185000 JavaThread "Signal Dispatcher" daemon [_thread_blocked, id=9445, stack(0x00007f05c2be7000,0x00007f05c2ce8000)]
  0x00007f05e8154000 JavaThread "Finalizer" daemon [_thread_blocked, id=9438, stack(0x00007f05c30f1000,0x00007f05c31f2000)]
  0x00007f05e814f800 JavaThread "Reference Handler" daemon [_thread_blocked, id=9437, stack(0x00007f05c31f2000,0x00007f05c32f3000)]

Other Threads:
  0x00007f05e8146000 VMThread [stack: 0x00007f05c32f3000,0x00007f05c33f4000] [id=9436]
  0x00007f05e8753000 WatcherThread [stack: 0x00007f05c1b3f000,0x00007f05c1c40000] [id=9455]

VM state:not at safepoint (normal execution)

VM Mutex/Monitor currently owned by a thread: None

heap address: 0x0000000705e00000, size: 2978 MB, Compressed Oops mode: Zero based, Oop shift amount: 3
Narrow klass base: 0x0000000000000000, Narrow klass shift: 3
Compressed class space size: 1073741824 Address: 0x00000007c0000000

Heap:
 PSYoungGen      total 430592K, used 100428K [0x0000000781f80000, 0x00000007a4400000, 0x00000007c0000000)
  eden space 409088K, 24% used [0x0000000781f80000,0x0000000788193088,0x000000079af00000)
  from space 21504K, 0% used [0x000000079af00000,0x000000079af00000,0x000000079c400000)
  to   space 21504K, 0% used [0x00000007a2f00000,0x00000007a2f00000,0x00000007a4400000)
 ParOldGen       total 155136K, used 29040K [0x0000000705e00000, 0x000000070f580000, 0x0000000781f80000)
  object space 155136K, 18% used [0x0000000705e00000,0x0000000707a5c280,0x000000070f580000)
 Metaspace       used 61217K, capacity 65171K, committed 65320K, reserved 1105920K
  class space    used 8480K, capacity 9156K, committed 9264K, reserved 1048576K

Card table byte_map: [0x00007f05d77ee000,0x00007f05d7dc0000] byte_map_base: 0x00007f05d3fbf000

Marking Bits: (ParMarkBitMap*) 0x00007f05edd1c5a0
 Begin Bits: [0x00007f05d13fa000, 0x00007f05d4282000)
 End Bits:   [0x00007f05d4282000, 0x00007f05d710a000)

Polling page: 0x00007f05eeb70000

CodeCache: size=245760Kb used=10618Kb max_used=10618Kb free=235141Kb
 bounds [0x00007f05d8180000, 0x00007f05d8bf0000, 0x00007f05e7180000]
 total_blobs=6144 nmethods=5567 adapters=489
 compilation: enabled

Compilation events (10 events):
Event: 116.497 Thread 0x00007f05e8689000 nmethod 5675 0x00007f05d8bde250 code [0x00007f05d8bde440, 0x00007f05d8bde8d8]
Event: 116.498 Thread 0x00007f05e8689000 5676       1       org.springframework.cglib.core.ClassEmitter::visitMethod (20 bytes)
Event: 116.499 Thread 0x00007f05e8689000 nmethod 5676 0x00007f05d8bdec50 code [0x00007f05d8bdede0, 0x00007f05d8bdefc8]
Event: 116.499 Thread 0x00007f05e8689000 5677       1       org.springframework.cglib.core.CodeEmitter::load_this (35 bytes)
Event: 116.499 Thread 0x00007f05e8689000 nmethod 5677 0x00007f05d8bdf0d0 code [0x00007f05d8bdf240, 0x00007f05d8bdf458]
Event: 116.499 Thread 0x00007f05e8689000 5678       1       org.springframework.asm.ClassWriter::visitField (53 bytes)
Event: 116.500 Thread 0x00007f05e8689000 nmethod 5678 0x00007f05d8bdf550 code [0x00007f05d8bdf6c0, 0x00007f05d8bdf908]
Event: 116.500 Thread 0x00007f05e8689000 5679       1       org.springframework.asm.FieldWriter::<init> (69 bytes)
Event: 116.500 Thread 0x00007f05e8689000 nmethod 5679 0x00007f05d8bdfa10 code [0x00007f05d8bdfba0, 0x00007f05d8bdfe08]
Event: 116.500 Thread 0x00007f05e8689000 5681       1       org.springframework.cglib.core.CodeEmitter::getfield (47 bytes)

GC Heap History (10 events):
Event: 7.359 GC heap before
{Heap before GC invocations=11 (full 2):
 PSYoungGen      total 322560K, used 308224K [0x0000000781f80000, 0x0000000796d80000, 0x00000007c0000000)
  eden space 308224K, 100% used [0x0000000781f80000,0x0000000794c80000,0x0000000794c80000)
  from space 14336K, 0% used [0x0000000795f80000,0x0000000795f80000,0x0000000796d80000)
  to   space 16384K, 0% used [0x0000000794d80000,0x0000000794d80000,0x0000000795d80000)
 ParOldGen       total 115200K, used 20788K [0x0000000705e00000, 0x000000070ce80000, 0x0000000781f80000)
  object space 115200K, 18% used [0x0000000705e00000,0x000000070724d068,0x000000070ce80000)
 Metaspace       used 53444K, capacity 56752K, committed 57000K, reserved 1097728K
  class space    used 7441K, capacity 8029K, committed 8112K, reserved 1048576K
Event: 7.378 GC heap after
Heap after GC invocations=11 (full 2):
 PSYoungGen      total 325632K, used 16359K [0x0000000781f80000, 0x000000079db00000, 0x00000007c0000000)
  eden space 309248K, 0% used [0x0000000781f80000,0x0000000781f80000,0x0000000794d80000)
  from space 16384K, 99% used [0x0000000794d80000,0x0000000795d79de0,0x0000000795d80000)
  to   space 22528K, 0% used [0x000000079c500000,0x000000079c500000,0x000000079db00000)
 ParOldGen       total 115200K, used 30527K [0x0000000705e00000, 0x000000070ce80000, 0x0000000781f80000)
  object space 115200K, 26% used [0x0000000705e00000,0x0000000707bcfd90,0x000000070ce80000)
 Metaspace       used 53444K, capacity 56752K, committed 57000K, reserved 1097728K
  class space    used 7441K, capacity 8029K, committed 8112K, reserved 1048576K
}
Event: 7.885 GC heap before
{Heap before GC invocations=12 (full 2):
 PSYoungGen      total 325632K, used 77885K [0x0000000781f80000, 0x000000079db00000, 0x00000007c0000000)
  eden space 309248K, 19% used [0x0000000781f80000,0x0000000785b95648,0x0000000794d80000)
  from space 16384K, 99% used [0x0000000794d80000,0x0000000795d79de0,0x0000000795d80000)
  to   space 22528K, 0% used [0x000000079c500000,0x000000079c500000,0x000000079db00000)
 ParOldGen       total 115200K, used 30527K [0x0000000705e00000, 0x000000070ce80000, 0x0000000781f80000)
  object space 115200K, 26% used [0x0000000705e00000,0x0000000707bcfd90,0x000000070ce80000)
 Metaspace       used 55409K, capacity 59087K, committed 59160K, reserved 1099776K
  class space    used 7732K, capacity 8368K, committed 8368K, reserved 1048576K
Event: 7.901 GC heap after
Heap after GC invocations=12 (full 2):
 PSYoungGen      total 429568K, used 11629K [0x0000000781f80000, 0x000000079d900000, 0x00000007c0000000)
  eden space 409088K, 0% used [0x0000000781f80000,0x0000000781f80000,0x000000079af00000)
  from space 20480K, 56% used [0x000000079c500000,0x000000079d05b440,0x000000079d900000)
  to   space 21504K, 0% used [0x000000079af00000,0x000000079af00000,0x000000079c400000)
 ParOldGen       total 115200K, used 30535K [0x0000000705e00000, 0x000000070ce80000, 0x0000000781f80000)
  object space 115200K, 26% used [0x0000000705e00000,0x0000000707bd1d90,0x000000070ce80000)
 Metaspace       used 55409K, capacity 59087K, committed 59160K, reserved 1099776K
  class space    used 7732K, capacity 8368K, committed 8368K, reserved 1048576K
}
Event: 7.902 GC heap before
{Heap before GC invocations=13 (full 3):
 PSYoungGen      total 429568K, used 11629K [0x0000000781f80000, 0x000000079d900000, 0x00000007c0000000)
  eden space 409088K, 0% used [0x0000000781f80000,0x0000000781f80000,0x000000079af00000)
  from space 20480K, 56% used [0x000000079c500000,0x000000079d05b440,0x000000079d900000)
  to   space 21504K, 0% used [0x000000079af00000,0x000000079af00000,0x000000079c400000)
 ParOldGen       total 115200K, used 30535K [0x0000000705e00000, 0x000000070ce80000, 0x0000000781f80000)
  object space 115200K, 26% used [0x0000000705e00000,0x0000000707bd1d90,0x000000070ce80000)
 Metaspace       used 55409K, capacity 59087K, committed 59160K, reserved 1099776K
  class space    used 7732K, capacity 8368K, committed 8368K, reserved 1048576K
Event: 8.068 GC heap after
Heap after GC invocations=13 (full 3):
 PSYoungGen      total 429568K, used 0K [0x0000000781f80000, 0x000000079d900000, 0x00000007c0000000)
  eden space 409088K, 0% used [0x0000000781f80000,0x0000000781f80000,0x000000079af00000)
  from space 20480K, 0% used [0x000000079c500000,0x000000079c500000,0x000000079d900000)
  to   space 21504K, 0% used [0x000000079af00000,0x000000079af00000,0x000000079c400000)
 ParOldGen       total 155136K, used 27066K [0x0000000705e00000, 0x000000070f580000, 0x0000000781f80000)
  object space 155136K, 17% used [0x0000000705e00000,0x000000070786eb58,0x000000070f580000)
 Metaspace       used 55405K, capacity 59081K, committed 59160K, reserved 1099776K
  class space    used 7731K, capacity 8367K, committed 8368K, reserved 1048576K
}
Event: 115.729 GC heap before
{Heap before GC invocations=14 (full 3):
 PSYoungGen      total 429568K, used 103999K [0x0000000781f80000, 0x000000079d900000, 0x00000007c0000000)
  eden space 409088K, 25% used [0x0000000781f80000,0x000000078850fe50,0x000000079af00000)
  from space 20480K, 0% used [0x000000079c500000,0x000000079c500000,0x000000079d900000)
  to   space 21504K, 0% used [0x000000079af00000,0x000000079af00000,0x000000079c400000)
 ParOldGen       total 155136K, used 27066K [0x0000000705e00000, 0x000000070f580000, 0x0000000781f80000)
  object space 155136K, 17% used [0x0000000705e00000,0x000000070786eb58,0x000000070f580000)
 Metaspace       used 61077K, capacity 64837K, committed 64936K, reserved 1105920K
  class space    used 8463K, capacity 9113K, committed 9136K, reserved 1048576K
Event: 115.738 GC heap after
Heap after GC invocations=14 (full 3):
 PSYoungGen      total 430592K, used 4937K [0x0000000781f80000, 0x00000007a4400000, 0x00000007c0000000)
  eden space 409088K, 0% used [0x0000000781f80000,0x0000000781f80000,0x000000079af00000)
  from space 21504K, 22% used [0x000000079af00000,0x000000079b3d24f0,0x000000079c400000)
  to   space 21504K, 0% used [0x00000007a2f00000,0x00000007a2f00000,0x00000007a4400000)
 ParOldGen       total 155136K, used 27138K [0x0000000705e00000, 0x000000070f580000, 0x0000000781f80000)
  object space 155136K, 17% used [0x0000000705e00000,0x0000000707880b68,0x000000070f580000)
 Metaspace       used 61077K, capacity 64837K, committed 64936K, reserved 1105920K
  class space    used 8463K, capacity 9113K, committed 9136K, reserved 1048576K
}
Event: 115.738 GC heap before
{Heap before GC invocations=15 (full 4):
 PSYoungGen      total 430592K, used 4937K [0x0000000781f80000, 0x00000007a4400000, 0x00000007c0000000)
  eden space 409088K, 0% used [0x0000000781f80000,0x0000000781f80000,0x000000079af00000)
  from space 21504K, 22% used [0x000000079af00000,0x000000079b3d24f0,0x000000079c400000)
  to   space 21504K, 0% used [0x00000007a2f00000,0x00000007a2f00000,0x00000007a4400000)
 ParOldGen       total 155136K, used 27138K [0x0000000705e00000, 0x000000070f580000, 0x0000000781f80000)
  object space 155136K, 17% used [0x0000000705e00000,0x0000000707880b68,0x000000070f580000)
 Metaspace       used 61077K, capacity 64837K, committed 64936K, reserved 1105920K
  class space    used 8463K, capacity 9113K, committed 9136K, reserved 1048576K
Event: 116.079 GC heap after
Heap after GC invocations=15 (full 4):
 PSYoungGen      total 430592K, used 0K [0x0000000781f80000, 0x00000007a4400000, 0x00000007c0000000)
  eden space 409088K, 0% used [0x0000000781f80000,0x0000000781f80000,0x000000079af00000)
  from space 21504K, 0% used [0x000000079af00000,0x000000079af00000,0x000000079c400000)
  to   space 21504K, 0% used [0x00000007a2f00000,0x00000007a2f00000,0x00000007a4400000)
 ParOldGen       total 155136K, used 29040K [0x0000000705e00000, 0x000000070f580000, 0x0000000781f80000)
  object space 155136K, 18% used [0x0000000705e00000,0x0000000707a5c280,0x000000070f580000)
 Metaspace       used 61073K, capacity 64831K, committed 64936K, reserved 1105920K
  class space    used 8462K, capacity 9112K, committed 9136K, reserved 1048576K
}

Deoptimization events (0 events):
No events

Classes redefined (0 events):
No events

Internal exceptions (10 events):
Event: 116.455 Thread 0x00007f05bc016800 Exception <a 'java/lang/ArrayIndexOutOfBoundsException'> (0x0000000787b2d980) thrown at [/build/openjdk-8-uwNjBd/openjdk-8-8u252-b09/src/hotspot/src/share/vm/runtime/sharedRuntime.cpp, line 605]
Event: 116.457 Thread 0x00007f05bc016800 Exception <a 'java/lang/ArrayIndexOutOfBoundsException'> (0x0000000787b8bf48) thrown at [/build/openjdk-8-uwNjBd/openjdk-8-8u252-b09/src/hotspot/src/share/vm/runtime/sharedRuntime.cpp, line 605]
Event: 116.459 Thread 0x00007f05bc016800 Exception <a 'java/lang/ArrayIndexOutOfBoundsException'> (0x0000000787be4358) thrown at [/build/openjdk-8-uwNjBd/openjdk-8-8u252-b09/src/hotspot/src/share/vm/runtime/sharedRuntime.cpp, line 605]
Event: 116.461 Thread 0x00007f05bc016800 Exception <a 'java/lang/ArrayIndexOutOfBoundsException'> (0x0000000787c40908) thrown at [/build/openjdk-8-uwNjBd/openjdk-8-8u252-b09/src/hotspot/src/share/vm/runtime/sharedRuntime.cpp, line 605]
Event: 116.466 Thread 0x00007f05bc016800 Exception <a 'java/lang/ArrayIndexOutOfBoundsException'> (0x0000000787d20a58) thrown at [/build/openjdk-8-uwNjBd/openjdk-8-8u252-b09/src/hotspot/src/share/vm/runtime/sharedRuntime.cpp, line 605]
Event: 116.467 Thread 0x00007f05bc016800 Exception <a 'java/lang/ArrayIndexOutOfBoundsException'> (0x0000000787d452e0) thrown at [/build/openjdk-8-uwNjBd/openjdk-8-8u252-b09/src/hotspot/src/share/vm/runtime/sharedRuntime.cpp, line 605]
Event: 116.476 Thread 0x00007f05bc016800 Exception <a 'java/lang/ArrayIndexOutOfBoundsException'> (0x0000000787ec79d0) thrown at [/build/openjdk-8-uwNjBd/openjdk-8-8u252-b09/src/hotspot/src/share/vm/runtime/sharedRuntime.cpp, line 605]
Event: 116.481 Thread 0x00007f05bc016800 Exception <a 'java/lang/ArrayIndexOutOfBoundsException'> (0x0000000787f4c380) thrown at [/build/openjdk-8-uwNjBd/openjdk-8-8u252-b09/src/hotspot/src/share/vm/runtime/sharedRuntime.cpp, line 605]
Event: 116.486 Thread 0x00007f05bc016800 Exception <a 'java/lang/ArrayIndexOutOfBoundsException'> (0x0000000787fcd3d8) thrown at [/build/openjdk-8-uwNjBd/openjdk-8-8u252-b09/src/hotspot/src/share/vm/runtime/sharedRuntime.cpp, line 605]
Event: 116.489 Thread 0x00007f05bc016800 Exception <a 'java/lang/ArrayIndexOutOfBoundsException'> (0x0000000788021ff0) thrown at [/build/openjdk-8-uwNjBd/openjdk-8-8u252-b09/src/hotspot/src/share/vm/runtime/sharedRuntime.cpp, line 605]

Events (10 events):
Event: 116.465 loading class javax/inject$Qualifier
Event: 116.465 loading class javax/inject$Qualifier done
Event: 116.471 loading class org/springframework/web/reactive/HandlerResult
Event: 116.471 loading class org/springframework/web/reactive/HandlerResult done
Event: 116.472 loading class org/springframework/messaging/rsocket/annotation/support/RSocketMessageHandler
Event: 116.472 loading class org/springframework/messaging/rsocket/annotation/support/RSocketMessageHandler done
Event: 116.474 loading class org/springframework/security/oauth2/jwt/JwtDecoder
Event: 116.474 loading class org/springframework/security/oauth2/jwt/JwtDecoder done
Event: 116.475 loading class org/springframework/security/oauth2/server/resource/introspection/OpaqueTokenIntrospector
Event: 116.475 loading class org/springframework/security/oauth2/server/resource/introspection/OpaqueTokenIntrospector done


Dynamic libraries:
705e00000-70f580000 rw-p 00000000 00:00 0 
70f580000-781f80000 ---p 00000000 00:00 0 
781f80000-7a4400000 rw-p 00000000 00:00 0 
7a4400000-7c0000000 ---p 00000000 00:00 0 
7c0000000-7c090c000 rw-p 00000000 00:00 0 
7c090c000-800000000 ---p 00000000 00:00 0 
55c9f97ae000-55c9f97af000 r-xp 00000000 08:02 24643205                   /usr/lib/jvm/java-8-openjdk-amd64/jre/bin/java
55c9f99ae000-55c9f99af000 r--p 00000000 08:02 24643205                   /usr/lib/jvm/java-8-openjdk-amd64/jre/bin/java
55c9f99af000-55c9f99b0000 rw-p 00001000 08:02 24643205                   /usr/lib/jvm/java-8-openjdk-amd64/jre/bin/java
55c9fa40e000-55c9fa42f000 rw-p 00000000 00:00 0                          [heap]
7f0550000000-7f0550506000 rw-p 00000000 00:00 0 
7f0550506000-7f0554000000 ---p 00000000 00:00 0 
7f0554000000-7f0554021000 rw-p 00000000 00:00 0 
7f0554021000-7f0558000000 ---p 00000000 00:00 0 
7f0558000000-7f05581f6000 rw-p 00000000 00:00 0 
7f05581f6000-7f055c000000 ---p 00000000 00:00 0 
7f055c000000-7f055c021000 rw-p 00000000 00:00 0 
7f055c021000-7f0560000000 ---p 00000000 00:00 0 
7f0560000000-7f0560021000 rw-p 00000000 00:00 0 
7f0560021000-7f0564000000 ---p 00000000 00:00 0 
7f0564000000-7f0564021000 rw-p 00000000 00:00 0 
7f0564021000-7f0568000000 ---p 00000000 00:00 0 
7f0568000000-7f056808e000 rw-p 00000000 00:00 0 
7f056808e000-7f056c000000 ---p 00000000 00:00 0 
7f056c000000-7f056c021000 rw-p 00000000 00:00 0 
7f056c021000-7f0570000000 ---p 00000000 00:00 0 
7f0570000000-7f0570021000 rw-p 00000000 00:00 0 
7f0570021000-7f0574000000 ---p 00000000 00:00 0 
7f0574000000-7f0574021000 rw-p 00000000 00:00 0 
7f0574021000-7f0578000000 ---p 00000000 00:00 0 
7f0578000000-7f05781e2000 rw-p 00000000 00:00 0 
7f05781e2000-7f057c000000 ---p 00000000 00:00 0 
7f057c000000-7f057c021000 rw-p 00000000 00:00 0 
7f057c021000-7f0580000000 ---p 00000000 00:00 0 
7f0580000000-7f05810f2000 rw-p 00000000 00:00 0 
7f05810f2000-7f0584000000 ---p 00000000 00:00 0 
7f0584000000-7f0584021000 rw-p 00000000 00:00 0 
7f0584021000-7f0588000000 ---p 00000000 00:00 0 
7f0588000000-7f0588021000 rw-p 00000000 00:00 0 
7f0588021000-7f058c000000 ---p 00000000 00:00 0 
7f058c000000-7f058c03e000 rw-p 00000000 00:00 0 
7f058c03e000-7f0590000000 ---p 00000000 00:00 0 
7f0590000000-7f059004a000 rw-p 00000000 00:00 0 
7f059004a000-7f0594000000 ---p 00000000 00:00 0 
7f05949e8000-7f0594aa8000 rw-p 00000000 00:00 0 
7f0594aa8000-7f0594be8000 ---p 00000000 00:00 0 
7f0594be8000-7f0594de8000 rw-p 00000000 00:00 0 
7f0594de8000-7f0594fe8000 rw-p 00000000 00:00 0 
7f0594fe8000-7f0594feb000 ---p 00000000 00:00 0 
7f0594feb000-7f05950e9000 rw-p 00000000 00:00 0 
7f05950e9000-7f05950ec000 ---p 00000000 00:00 0 
7f05950ec000-7f05953ea000 rw-p 00000000 00:00 0 
7f05953ea000-7f05953ed000 ---p 00000000 00:00 0 
7f05953ed000-7f05956eb000 rw-p 00000000 00:00 0 
7f05956eb000-7f05956ee000 ---p 00000000 00:00 0 
7f05956ee000-7f05957ec000 rw-p 00000000 00:00 0 
7f05957ec000-7f05957ef000 ---p 00000000 00:00 0 
7f05957ef000-7f05958ed000 rw-p 00000000 00:00 0 
7f05958ed000-7f05958f0000 ---p 00000000 00:00 0 
7f05958f0000-7f05959ee000 rw-p 00000000 00:00 0 
7f05959ee000-7f05959f1000 ---p 00000000 00:00 0 
7f05959f1000-7f0595aef000 rw-p 00000000 00:00 0 
7f0595aef000-7f0595af2000 ---p 00000000 00:00 0 
7f0595af2000-7f0595bf0000 rw-p 00000000 00:00 0 
7f0595bf0000-7f0595bf3000 ---p 00000000 00:00 0 
7f0595bf3000-7f0595cf1000 rw-p 00000000 00:00 0 
7f0595cf1000-7f0595cf4000 ---p 00000000 00:00 0 
7f0595cf4000-7f0595df2000 rw-p 00000000 00:00 0 
7f0595df2000-7f0595df5000 ---p 00000000 00:00 0 
7f0595df5000-7f0595ef3000 rw-p 00000000 00:00 0 
7f0595ef3000-7f0595ef6000 ---p 00000000 00:00 0 
7f0595ef6000-7f0595ff4000 rw-p 00000000 00:00 0 
7f0595ff4000-7f0595ff7000 ---p 00000000 00:00 0 
7f0595ff7000-7f05960f5000 rw-p 00000000 00:00 0 
7f05960f5000-7f05960f8000 ---p 00000000 00:00 0 
7f05960f8000-7f05961f6000 rw-p 00000000 00:00 0 
7f05961f6000-7f05961f9000 ---p 00000000 00:00 0 
7f05961f9000-7f05962f7000 rw-p 00000000 00:00 0 
7f05962f7000-7f05962fa000 ---p 00000000 00:00 0 
7f05962fa000-7f05963f8000 rw-p 00000000 00:00 0 
7f05963f8000-7f05963fb000 ---p 00000000 00:00 0 
7f05963fb000-7f05966f9000 rw-p 00000000 00:00 0 
7f05966f9000-7f05966fc000 ---p 00000000 00:00 0 
7f05966fc000-7f05969fa000 rw-p 00000000 00:00 0 
7f05969fa000-7f0596bfa000 rw-p 00000000 00:00 0 
7f0596bfa000-7f0596dfa000 rw-p 00000000 00:00 0 
7f0596dfa000-7f0596dfd000 ---p 00000000 00:00 0 
7f0596dfd000-7f05970fb000 rw-p 00000000 00:00 0 
7f05970fb000-7f05972fb000 rw-p 00000000 00:00 0 
7f05972fb000-7f05974fb000 rw-p 00000000 00:00 0 
7f05974fb000-7f05976fb000 rw-p 00000000 00:00 0 
7f05976fb000-7f05976fe000 ---p 00000000 00:00 0 
7f05976fe000-7f05977fc000 rw-p 00000000 00:00 0 
7f05977fc000-7f05977ff000 ---p 00000000 00:00 0 
7f05977ff000-7f05978fd000 rw-p 00000000 00:00 0 
7f05978fd000-7f0597900000 ---p 00000000 00:00 0 
7f0597900000-7f0597bfc000 rw-p 00000000 00:00 0 
7f0597bfc000-7f0597bfe000 ---p 00000000 00:00 0 
7f0597bfe000-7f0597c01000 ---p 00000000 00:00 0 
7f0597c01000-7f0597cff000 rw-p 00000000 00:00 0 
7f0597cff000-7f0597d02000 ---p 00000000 00:00 0 
7f0597d02000-7f0598000000 rw-p 00000000 00:00 0 
7f0598000000-7f0598699000 rw-p 00000000 00:00 0 
7f0598699000-7f059c000000 ---p 00000000 00:00 0 
7f059c000000-7f059c021000 rw-p 00000000 00:00 0 
7f059c021000-7f05a0000000 ---p 00000000 00:00 0 
7f05a0000000-7f05a0066000 rw-p 00000000 00:00 0 
7f05a0066000-7f05a4000000 ---p 00000000 00:00 0 
7f05a4000000-7f05a4021000 rw-p 00000000 00:00 0 
7f05a4021000-7f05a8000000 ---p 00000000 00:00 0 
7f05a8000000-7f05a8021000 rw-p 00000000 00:00 0 
7f05a8021000-7f05ac000000 ---p 00000000 00:00 0 
7f05ac000000-7f05ac021000 rw-p 00000000 00:00 0 
7f05ac021000-7f05b0000000 ---p 00000000 00:00 0 
7f05b0000000-7f05b0021000 rw-p 00000000 00:00 0 
7f05b0021000-7f05b4000000 ---p 00000000 00:00 0 
7f05b4000000-7f05b4021000 rw-p 00000000 00:00 0 
7f05b4021000-7f05b8000000 ---p 00000000 00:00 0 
7f05b8000000-7f05b8044000 rw-p 00000000 00:00 0 
7f05b8044000-7f05bc000000 ---p 00000000 00:00 0 
7f05bc000000-7f05bc021000 rw-p 00000000 00:00 0 
7f05bc021000-7f05c0000000 ---p 00000000 00:00 0 
7f05c002f000-7f05c0034000 r--s 002f9000 08:02 24643112                   /usr/lib/jvm/java-8-openjdk-amd64/jre/lib/charsets.jar
7f05c0034000-7f05c0037000 ---p 00000000 00:00 0 
7f05c0037000-7f05c0135000 rw-p 00000000 00:00 0 
7f05c0135000-7f05c0137000 r--s 00016000 08:02 24643113                   /usr/lib/jvm/java-8-openjdk-amd64/jre/lib/jce.jar
7f05c0137000-7f05c0337000 rw-p 00000000 00:00 0 
7f05c0337000-7f05c0537000 rw-p 00000000 00:00 0 
7f05c0537000-7f05c0737000 rw-p 00000000 00:00 0 
7f05c0737000-7f05c0937000 rw-p 00000000 00:00 0 
7f05c0937000-7f05c093a000 ---p 00000000 00:00 0 
7f05c093a000-7f05c0c38000 rw-p 00000000 00:00 0 
7f05c0c38000-7f05c0e38000 rw-p 00000000 00:00 0 
7f05c0e38000-7f05c1038000 rw-p 00000000 00:00 0 
7f05c1038000-7f05c103b000 ---p 00000000 00:00 0 
7f05c103b000-7f05c1139000 rw-p 00000000 00:00 0 
7f05c1139000-7f05c113c000 ---p 00000000 00:00 0 
7f05c113c000-7f05c143a000 rw-p 00000000 00:00 0 
7f05c143a000-7f05c143d000 ---p 00000000 00:00 0 
7f05c143d000-7f05c153b000 rw-p 00000000 00:00 0 
7f05c153b000-7f05c153e000 ---p 00000000 00:00 0 
7f05c153e000-7f05c163c000 rw-p 00000000 00:00 0 
7f05c163c000-7f05c163f000 ---p 00000000 00:00 0 
7f05c163f000-7f05c173d000 rw-p 00000000 00:00 0 
7f05c173d000-7f05c1740000 ---p 00000000 00:00 0 
7f05c1740000-7f05c183e000 rw-p 00000000 00:00 0 
7f05c183e000-7f05c1841000 ---p 00000000 00:00 0 
7f05c1841000-7f05c1b3f000 rw-p 00000000 00:00 0 
7f05c1b3f000-7f05c1b40000 ---p 00000000 00:00 0 
7f05c1b40000-7f05c1c40000 rw-p 00000000 00:00 0 
7f05c1c40000-7f05c1c43000 ---p 00000000 00:00 0 
7f05c1c43000-7f05c1d41000 rw-p 00000000 00:00 0 
7f05c1d41000-7f05c1d46000 r--s 000a7000 08:02 24643174                   /usr/lib/jvm/java-8-openjdk-amd64/jre/lib/jsse.jar
7f05c1d46000-7f05c1d4f000 r-xp 00000000 08:02 24643150                   /usr/lib/jvm/java-8-openjdk-amd64/jre/lib/amd64/libmanagement.so
7f05c1d4f000-7f05c1f4e000 ---p 00009000 08:02 24643150                   /usr/lib/jvm/java-8-openjdk-amd64/jre/lib/amd64/libmanagement.so
7f05c1f4e000-7f05c1f4f000 r--p 00008000 08:02 24643150                   /usr/lib/jvm/java-8-openjdk-amd64/jre/lib/amd64/libmanagement.so
7f05c1f4f000-7f05c1f50000 rw-p 00009000 08:02 24643150                   /usr/lib/jvm/java-8-openjdk-amd64/jre/lib/amd64/libmanagement.so
7f05c1f50000-7f05c1f53000 ---p 00000000 00:00 0 
7f05c1f53000-7f05c2051000 rw-p 00000000 00:00 0 
7f05c2051000-7f05c2054000 ---p 00000000 00:00 0 
7f05c2054000-7f05c2152000 rw-p 00000000 00:00 0 
7f05c2152000-7f05c2155000 ---p 00000000 00:00 0 
7f05c2155000-7f05c2253000 rw-p 00000000 00:00 0 
7f05c2253000-7f05c2256000 ---p 00000000 00:00 0 
7f05c2256000-7f05c2354000 rw-p 00000000 00:00 0 
7f05c2354000-7f05c2357000 ---p 00000000 00:00 0 
7f05c2357000-7f05c2455000 rw-p 00000000 00:00 0 
7f05c2455000-7f05c246c000 r-xp 00000000 08:02 24643152                   /usr/lib/jvm/java-8-openjdk-amd64/jre/lib/amd64/libnet.so
7f05c246c000-7f05c266c000 ---p 00017000 08:02 24643152                   /usr/lib/jvm/java-8-openjdk-amd64/jre/lib/amd64/libnet.so
7f05c266c000-7f05c266d000 r--p 00017000 08:02 24643152                   /usr/lib/jvm/java-8-openjdk-amd64/jre/lib/amd64/libnet.so
7f05c266d000-7f05c266e000 rw-p 00018000 08:02 24643152                   /usr/lib/jvm/java-8-openjdk-amd64/jre/lib/amd64/libnet.so
7f05c266e000-7f05c2680000 r-xp 00000000 08:02 24643148                   /usr/lib/jvm/java-8-openjdk-amd64/jre/lib/amd64/libnio.so
7f05c2680000-7f05c287f000 ---p 00012000 08:02 24643148                   /usr/lib/jvm/java-8-openjdk-amd64/jre/lib/amd64/libnio.so
7f05c287f000-7f05c2880000 r--p 00011000 08:02 24643148                   /usr/lib/jvm/java-8-openjdk-amd64/jre/lib/amd64/libnio.so
7f05c2880000-7f05c2881000 rw-p 00012000 08:02 24643148                   /usr/lib/jvm/java-8-openjdk-amd64/jre/lib/amd64/libnio.so
7f05c2881000-7f05c2884000 r--s 0001c000 08:02 22557241                   /home/njenga/Downloads/idea-IU-201.7846.76/lib/idea_rt.jar
7f05c2884000-7f05c2893000 r--s 0007c000 08:02 1056824                    /home/njenga/.m2/repository/org/springframework/security/spring-security-web/5.3.3.RELEASE/spring-security-web-5.3.3.RELEASE.jar
7f05c2893000-7f05c28a0000 r--s 00060000 08:02 1056827                    /home/njenga/.m2/repository/org/springframework/security/spring-security-core/5.3.3.RELEASE/spring-security-core-5.3.3.RELEASE.jar
7f05c28a0000-7f05c28a1000 r--s 00005000 08:02 3284240                    /home/njenga/.m2/repository/org/springframework/spring-jcl/5.2.8.RELEASE/spring-jcl-5.2.8.RELEASE.jar
7f05c28a1000-7f05c28bc000 r--s 00146000 08:02 3029473                    /home/njenga/.m2/repository/org/springframework/spring-core/5.2.8.RELEASE/spring-core-5.2.8.RELEASE.jar
7f05c28bc000-7f05c28be000 r--s 0000a000 08:02 4722996                    /home/njenga/.m2/repository/jakarta/activation/jakarta.activation-api/1.2.2/jakarta.activation-api-1.2.2.jar
7f05c28be000-7f05c28c2000 r--s 00019000 08:02 4722979                    /home/njenga/.m2/repository/jakarta/xml/bind/jakarta.xml.bind-api/2.3.3/jakarta.xml.bind-api-2.3.3.jar
7f05c28c2000-7f05c28c7000 r--s 00012000 08:02 4589591                    /home/njenga/.m2/repository/jakarta/validation/jakarta.validation-api/2.0.2/jakarta.validation-api-2.0.2.jar
7f05c28c7000-7f05c2912000 r--s 002ff000 08:02 5773763                    /home/njenga/.m2/repository/org/bouncycastle/bcprov-jdk15on/1.56/bcprov-jdk15on-1.56.jar
7f05c2912000-7f05c2923000 r--s 00097000 08:02 5773761                    /home/njenga/.m2/repository/org/bouncycastle/bcpkix-jdk15on/1.56/bcpkix-jdk15on-1.56.jar
7f05c2923000-7f05c2925000 r--s 00008000 08:02 1184405                    /home/njenga/.m2/repository/org/springframework/security/spring-security-jwt/1.0.9.RELEASE/spring-security-jwt-1.0.9.RELEASE.jar
7f05c2925000-7f05c2929000 r--s 00035000 08:02 5511966                    /home/njenga/.m2/repository/org/codehaus/jackson/jackson-core-asl/1.9.13/jackson-core-asl-1.9.13.jar
7f05c2929000-7f05c2937000 r--s 000b1000 08:02 5382080                    /home/njenga/.m2/repository/org/codehaus/jackson/jackson-mapper-asl/1.9.13/jackson-mapper-asl-1.9.13.jar
7f05c2937000-7f05c293e000 r--s 0004e000 08:02 5249494                    /home/njenga/.m2/repository/commons-codec/commons-codec/1.14/commons-codec-1.14.jar
7f05c293e000-7f05c2950000 r--s 000f7000 08:02 1056819                    /home/njenga/.m2/repository/org/springframework/security/spring-security-config/5.3.3.RELEASE/spring-security-config-5.3.3.RELEASE.jar
7f05c2950000-7f05c295d000 r--s 0006c000 08:02 1058052                    /home/njenga/.m2/repository/org/springframework/security/oauth/spring-security-oauth2/2.3.4.RELEASE/spring-security-oauth2-2.3.4.RELEASE.jar
7f05c295d000-7f05c295f000 r--s 0000c000 08:02 4589812                    /home/njenga/.m2/repository/javax/activation/javax.activation-api/1.2.0/javax.activation-api-1.2.0.jar
7f05c295f000-7f05c2963000 r--s 0001c000 08:02 4589799                    /home/njenga/.m2/repository/javax/xml/bind/jaxb-api/2.3.1/jaxb-api-2.3.1.jar
7f05c2963000-7f05c2975000 r--s 000d9000 08:02 5382074                    /home/njenga/.m2/repository/com/sun/xml/bind/jaxb-impl/2.3.0.1/jaxb-impl-2.3.0.1.jar
7f05c2975000-7f05c297c000 r--s 00038000 08:02 5249623                    /home/njenga/.m2/repository/com/sun/xml/bind/jaxb-core/2.3.0.1/jaxb-core-2.3.0.1.jar
7f05c297c000-7f05c2980000 r--s 00052000 08:02 4722965                    /home/njenga/.m2/repository/com/fasterxml/jackson/core/jackson-core/2.11.1/jackson-core-2.11.1.jar
7f05c2980000-7f05c2995000 r--s 00146000 08:02 4722962                    /home/njenga/.m2/repository/com/fasterxml/jackson/core/jackson-databind/2.11.1/jackson-databind-2.11.1.jar
7f05c2995000-7f05c2998000 r--s 0000e000 08:02 4722971                    /home/njenga/.m2/repository/com/fasterxml/jackson/core/jackson-annotations/2.11.1/jackson-annotations-2.11.1.jar
7f05c2998000-7f05c299d000 r--s 00013000 08:02 1058050                    /home/njenga/.m2/repository/org/springframework/security/oauth/boot/spring-security-oauth2-autoconfigure/2.1.2.RELEASE/spring-security-oauth2-autoconfigure-2.1.2.RELEASE.jar
7f05c299d000-7f05c29b5000 r--s 0019f000 08:02 4722985                    /home/njenga/.m2/repository/org/projectlombok/lombok/1.18.12/lombok-1.18.12.jar
7f05c29b5000-7f05c29b8000 r--s 0001a000 08:02 29901429                   /home/njenga/.m2/repository/org/springframework/boot/spring-boot-configuration-processor/2.3.2.RELEASE/spring-boot-configuration-processor-2.3.2.RELEASE.jar
7f05c29b8000-7f05c29e2000 r--s 0013e000 08:02 4590772                    /home/njenga/.m2/repository/org/springframework/boot/spring-boot-autoconfigure/2.3.2.RELEASE/spring-boot-autoconfigure-2.3.2.RELEASE.jar
7f05c29e2000-7f05c29fb000 r--s 000f9000 08:02 2757950                    /home/njenga/.m2/repository/org/springframework/boot/spring-boot/2.3.2.RELEASE/spring-boot-2.3.2.RELEASE.jar
7f05c29fb000-7f05c2a01000 r--s 00031000 08:02 4722983                    /home/njenga/.m2/repository/org/springframework/boot/spring-boot-devtools/2.3.2.RELEASE/spring-boot-devtools-2.3.2.RELEASE.jar
7f05c2a01000-7f05c2a1b000 r--s 0022d000 08:02 5249500                    /home/njenga/.m2/repository/mysql/mysql-connector-java/8.0.20/mysql-connector-java-8.0.20.jar
7f05c2a1b000-7f05c2a1d000 r--s 00006000 08:02 4589616                    /home/njenga/.m2/repository/org/latencyutils/LatencyUtils/2.0.3/LatencyUtils-2.0.3.jar
7f05c2a1d000-7f05c2a21000 r--s 00027000 08:02 5249524                    /home/njenga/.m2/repository/org/hdrhistogram/HdrHistogram/2.1.12/HdrHistogram-2.1.12.jar
7f05c2a21000-7f05c2a2c000 r--s 00084000 08:02 5249522                    /home/njenga/.m2/repository/io/micrometer/micrometer-core/1.5.3/micrometer-core-1.5.3.jar
7f05c2a2c000-7f05c2a3d000 r--s 00080000 08:02 5249520                    /home/njenga/.m2/repository/org/springframework/boot/spring-boot-actuator/2.3.2.RELEASE/spring-boot-actuator-2.3.2.RELEASE.jar
7f05c2a3d000-7f05c2a4e000 r--s 0006d000 08:02 5249518                    /home/njenga/.m2/repository/org/springframework/boot/spring-boot-actuator-autoconfigure/2.3.2.RELEASE/spring-boot-actuator-autoconfigure-2.3.2.RELEASE.jar
7f05c2a4e000-7f05c2a4f000 r--s 00000000 08:02 4589574                    /home/njenga/.m2/repository/org/springframework/boot/spring-boot-starter-actuator/2.2.2.RELEASE/spring-boot-starter-actuator-2.2.2.RELEASE.jar
7f05c2a4f000-7f05c2a54000 r--s 00040000 08:02 4331066                    /home/njenga/.m2/repository/org/springframework/spring-expression/5.2.8.RELEASE/spring-expression-5.2.8.RELEASE.jar
7f05c2a54000-7f05c2a66000 r--s 000d8000 08:02 4722981                    /home/njenga/.m2/repository/org/springframework/spring-webmvc/5.2.8.RELEASE/spring-webmvc-5.2.8.RELEASE.jar
7f05c2a66000-7f05c2a82000 r--s 00144000 08:02 4722961                    /home/njenga/.m2/repository/org/springframework/spring-web/5.2.8.RELEASE/spring-web-5.2.8.RELEASE.jar
7f05c2a82000-7f05c2a88000 r--s 0003c000 08:02 4722978                    /home/njenga/.m2/repository/org/apache/tomcat/embed/tomcat-embed-websocket/9.0.37/tomcat-embed-websocket-9.0.37.jar
7f05c2a88000-7f05c2a8d000 r--s 00036000 08:02 4589645                    /home/njenga/.m2/repository/org/glassfish/jakarta.el/3.0.3/jakarta.el-3.0.3.jar
7f05c2a8d000-7f05c2ab9000 r--s 0030f000 08:02 4722974                    /home/njenga/.m2/repository/org/apache/tomcat/embed/tomcat-embed-core/9.0.37/tomcat-embed-core-9.0.37.jar
7f05c2ab9000-7f05c2aba000 r--s 00001000 08:02 4722963                    /home/njenga/.m2/repository/org/springframework/boot/spring-boot-starter-tomcat/2.3.2.RELEASE/spring-boot-starter-tomcat-2.3.2.RELEASE.jar
7f05c2aba000-7f05c2abc000 r--s 00001000 08:02 4722964                    /home/njenga/.m2/repository/com/fasterxml/jackson/module/jackson-module-parameter-names/2.11.1/jackson-module-parameter-names-2.11.1.jar
7f05c2abc000-7f05c2ac0000 r--s 00018000 08:02 4722969                    /home/njenga/.m2/repository/com/fasterxml/jackson/datatype/jackson-datatype-jsr310/2.11.1/jackson-datatype-jsr310-2.11.1.jar
7f05c2ac0000-7f05c2ac2000 r--s 00007000 08:02 4722968                    /home/njenga/.m2/repository/com/fasterxml/jackson/datatype/jackson-datatype-jdk8/2.11.1/jackson-datatype-jdk8-2.11.1.jar
7f05c2ac2000-7f05c2ac3000 r--s 00001000 08:02 4722959                    /home/njenga/.m2/repository/org/springframework/boot/spring-boot-starter-json/2.3.2.RELEASE/spring-boot-starter-json-2.3.2.RELEASE.jar
7f05c2ac3000-7f05c2aca000 r--s 00045000 08:02 4722864                    /home/njenga/.m2/repository/org/yaml/snakeyaml/1.26/snakeyaml-1.26.jar
7f05c2aca000-7f05c2acc000 r--s 00005000 08:02 4589603                    /home/njenga/.m2/repository/jakarta/annotation/jakarta.annotation-api/1.3.5/jakarta.annotation-api-1.3.5.jar
7f05c2acc000-7f05c2ace000 r--s 00000000 08:02 4589570                    /home/njenga/.m2/repository/org/slf4j/jul-to-slf4j/1.7.30/jul-to-slf4j-1.7.30.jar
7f05c2ace000-7f05c2ad4000 r--s 00042000 08:02 4722862                    /home/njenga/.m2/repository/org/apache/logging/log4j/log4j-api/2.13.3/log4j-api-2.13.3.jar
7f05c2ad4000-7f05c2ad6000 r--s 00003000 08:02 4590780                    /home/njenga/.m2/repository/org/apache/logging/log4j/log4j-to-slf4j/2.13.3/log4j-to-slf4j-2.13.3.jar
7f05c2ad6000-7f05c2ae1000 r--s 00069000 08:02 4589556                    /home/njenga/.m2/repository/ch/qos/logback/logback-core/1.2.3/logback-core-1.2.3.jar
7f05c2ae1000-7f05c2ae7000 r--s 00041000 08:02 4589551                    /home/njenga/.m2/repository/ch/qos/logback/logback-classic/1.2.3/logback-classic-1.2.3.jar
7f05c2ae7000-7f05c2ae8000 r--s 00001000 08:02 4590778                    /home/njenga/.m2/repository/org/springframework/boot/spring-boot-starter-logging/2.3.2.RELEASE/spring-boot-starter-logging-2.3.2.RELEASE.jar
7f05c2ae8000-7f05c2ae9000 r--s 00001000 08:02 2500913                    /home/njenga/.m2/repository/org/springframework/boot/spring-boot-starter/2.3.2.RELEASE/spring-boot-starter-2.3.2.RELEASE.jar
7f05c2ae9000-7f05c2aea000 r--s 00001000 08:02 4722954                    /home/njenga/.m2/repository/org/springframework/boot/spring-boot-starter-web/2.3.2.RELEASE/spring-boot-starter-web-2.3.2.RELEASE.jar
7f05c2aea000-7f05c2aec000 r--s 0000a000 08:02 5381905                    /home/njenga/.m2/repository/org/springframework/spring-aspects/5.2.8.RELEASE/spring-aspects-5.2.8.RELEASE.jar
7f05c2aec000-7f05c2aee000 r--s 00009000 08:02 4589809                    /home/njenga/.m2/repository/org/slf4j/slf4j-api/1.7.30/slf4j-api-1.7.30.jar
7f05c2aee000-7f05c2afb000 r--s 0009c000 08:02 4069223                    /home/njenga/.m2/repository/org/springframework/spring-beans/5.2.8.RELEASE/spring-beans-5.2.8.RELEASE.jar
7f05c2afb000-7f05c2b04000 r--s 00044000 08:02 4722866                    /home/njenga/.m2/repository/org/springframework/spring-tx/5.2.8.RELEASE/spring-tx-5.2.8.RELEASE.jar
7f05c2b04000-7f05c2b1f000 r--s 00111000 08:02 3547383                    /home/njenga/.m2/repository/org/springframework/spring-context/5.2.8.RELEASE/spring-context-5.2.8.RELEASE.jar
7f05c2b1f000-7f05c2b24000 r--s 0002d000 08:02 5249545                    /home/njenga/.m2/repository/org/springframework/spring-orm/5.2.8.RELEASE/spring-orm-5.2.8.RELEASE.jar
7f05c2b24000-7f05c2b3c000 r--s 00110000 08:02 4722868                    /home/njenga/.m2/repository/org/springframework/data/spring-data-commons/2.3.2.RELEASE/spring-data-commons-2.3.2.RELEASE.jar
7f05c2b3c000-7f05c2b44000 r--s 00052000 08:02 5249543                    /home/njenga/.m2/repository/org/springframework/data/spring-data-jpa/2.3.2.RELEASE/spring-data-jpa-2.3.2.RELEASE.jar
7f05c2b44000-7f05c2b46000 r--s 0000f000 08:02 5381904                    /home/njenga/.m2/repository/com/sun/activation/jakarta.activation/1.2.2/jakarta.activation-1.2.2.jar
7f05c2b46000-7f05c2b48000 r--s 00006000 08:02 5381901                    /home/njenga/.m2/repository/com/sun/istack/istack-commons-runtime/3.0.11/istack-commons-runtime-3.0.11.jar
7f05c2b48000-7f05c2b5d000 r--s 000e8000 08:02 5249573                    /home/njenga/.m2/repository/org/glassfish/jaxb/jaxb-runtime/2.3.3/jaxb-runtime-2.3.3.jar
7f05c2b5d000-7f05c2b60000 r--s 00010000 08:02 4589506                    /home/njenga/.m2/repository/org/hibernate/common/hibernate-commons-annotations/5.1.0.Final/hibernate-commons-annotations-5.1.0.Final.jar
7f05c2b60000-7f05c2be7000 r--s 00670000 08:02 4987693                    /home/njenga/.m2/repository/org/hibernate/hibernate-core/5.4.18.Final/hibernate-core-5.4.18.Final.jar
7f05c2be7000-7f05c2bea000 ---p 00000000 00:00 0 
7f05c2bea000-7f05c2ce8000 rw-p 00000000 00:00 0 
7f05c2ce8000-7f05c30f1000 r--p 00000000 08:02 21896633                   /usr/lib/locale/locale-archive
7f05c30f1000-7f05c30f4000 ---p 00000000 00:00 0 
7f05c30f4000-7f05c31f2000 rw-p 00000000 00:00 0 
7f05c31f2000-7f05c31f5000 ---p 00000000 00:00 0 
7f05c31f5000-7f05c32f3000 rw-p 00000000 00:00 0 
7f05c32f3000-7f05c32f4000 ---p 00000000 00:00 0 
7f05c32f4000-7f05c4000000 rw-p 00000000 00:00 0 
7f05c4000000-7f05c4024000 rw-p 00000000 00:00 0 
7f05c4024000-7f05c8000000 ---p 00000000 00:00 0 
7f05c8000000-7f05c8021000 rw-p 00000000 00:00 0 
7f05c8021000-7f05cc000000 ---p 00000000 00:00 0 
7f05cc000000-7f05cc021000 rw-p 00000000 00:00 0 
7f05cc021000-7f05d0000000 ---p 00000000 00:00 0 
7f05d0000000-7f05d0002000 r--s 00010000 08:02 5381899                    /home/njenga/.m2/repository/org/glassfish/jaxb/txw2/2.3.3/txw2-2.3.3.jar
7f05d0002000-7f05d0007000 r--s 0004b000 08:02 5249571                    /home/njenga/.m2/repository/org/dom4j/dom4j/2.1.3/dom4j-2.1.3.jar
7f05d0007000-7f05d0009000 r--s 0000f000 08:02 4589596                    /home/njenga/.m2/repository/com/fasterxml/classmate/1.5.1/classmate-1.5.1.jar
7f05d0009000-7f05d000c000 r--s 0002d000 08:02 5119726                    /home/njenga/.m2/repository/org/jboss/jandex/2.1.3.Final/jandex-2.1.3.Final.jar
7f05d000c000-7f05d0011000 r--s 00068000 08:02 4589498                    /home/njenga/.m2/repository/antlr/antlr/2.7.7/antlr-2.7.7.jar
7f05d0011000-7f05d005b000 r--s 00308000 08:02 4856647                    /home/njenga/.m2/repository/net/bytebuddy/byte-buddy/1.10.13/byte-buddy-1.10.13.jar
7f05d005b000-7f05d0065000 r--s 000b4000 08:02 4589494                    /home/njenga/.m2/repository/org/javassist/javassist/3.24.0-GA/javassist-3.24.0-GA.jar
7f05d0065000-7f05d0067000 r--s 0000d000 08:02 4589595                    /home/njenga/.m2/repository/org/jboss/logging/jboss-logging/3.4.1.Final/jboss-logging-3.4.1.Final.jar
7f05d0067000-7f05d006d000 r--s 00023000 08:02 4589486                    /home/njenga/.m2/repository/jakarta/persistence/jakarta.persistence-api/2.2.3/jakarta.persistence-api-2.2.3.jar
7f05d006d000-7f05d006e000 r--s 00003000 08:02 4589489                    /home/njenga/.m2/repository/jakarta/transaction/jakarta.transaction-api/1.3.3/jakarta.transaction-api-1.3.3.jar
7f05d006e000-7f05d0077000 r--s 0005b000 08:02 5249547                    /home/njenga/.m2/repository/org/springframework/spring-jdbc/5.2.8.RELEASE/spring-jdbc-5.2.8.RELEASE.jar
7f05d0077000-7f05d0090000 r--s 001dc000 08:02 4590788                    /home/njenga/.m2/repository/org/aspectj/aspectjweaver/1.9.6/aspectjweaver-1.9.6.jar
7f05d0090000-7f05d03e1000 rw-p 00000000 00:00 0 
7f05d03e1000-7f05d05b3000 r--s 03ca5000 08:02 24643171                   /usr/lib/jvm/java-8-openjdk-amd64/jre/lib/rt.jar
7f05d05b3000-7f05d710a000 rw-p 00000000 00:00 0 
7f05d710a000-7f05d710b000 ---p 00000000 00:00 0 
7f05d710b000-7f05d720b000 rw-p 00000000 00:00 0 
7f05d720b000-7f05d720c000 ---p 00000000 00:00 0 
7f05d720c000-7f05d730c000 rw-p 00000000 00:00 0 
7f05d730c000-7f05d730d000 ---p 00000000 00:00 0 
7f05d730d000-7f05d7459000 rw-p 00000000 00:00 0 
7f05d7459000-7f05d77ee000 ---p 00000000 00:00 0 
7f05d77ee000-7f05d783a000 rw-p 00000000 00:00 0 
7f05d783a000-7f05d7bce000 ---p 00000000 00:00 0 
7f05d7bce000-7f05d7ce1000 rw-p 00000000 00:00 0 
7f05d7ce1000-7f05d7dbf000 ---p 00000000 00:00 0 
7f05d7dbf000-7f05d7dea000 rw-p 00000000 00:00 0 
7f05d7dea000-7f05d8180000 ---p 00000000 00:00 0 
7f05d8180000-7f05d8bf0000 rwxp 00000000 00:00 0 
7f05d8bf0000-7f05e7180000 ---p 00000000 00:00 0 
7f05e7180000-7f05e7188000 r-xp 00000000 08:02 24643141                   /usr/lib/jvm/java-8-openjdk-amd64/jre/lib/amd64/libzip.so
7f05e7188000-7f05e7387000 ---p 00008000 08:02 24643141                   /usr/lib/jvm/java-8-openjdk-amd64/jre/lib/amd64/libzip.so
7f05e7387000-7f05e7388000 r--p 00007000 08:02 24643141                   /usr/lib/jvm/java-8-openjdk-amd64/jre/lib/amd64/libzip.so
7f05e7388000-7f05e7389000 rw-p 00008000 08:02 24643141                   /usr/lib/jvm/java-8-openjdk-amd64/jre/lib/amd64/libzip.so
7f05e7389000-7f05e7394000 r-xp 00000000 08:02 3546248                    /lib/x86_64-linux-gnu/libnss_files-2.23.so
7f05e7394000-7f05e7593000 ---p 0000b000 08:02 3546248                    /lib/x86_64-linux-gnu/libnss_files-2.23.so
7f05e7593000-7f05e7594000 r--p 0000a000 08:02 3546248                    /lib/x86_64-linux-gnu/libnss_files-2.23.so
7f05e7594000-7f05e7595000 rw-p 0000b000 08:02 3546248                    /lib/x86_64-linux-gnu/libnss_files-2.23.so
7f05e7595000-7f05e759b000 rw-p 00000000 00:00 0 
7f05e759b000-7f05e75a6000 r-xp 00000000 08:02 3546252                    /lib/x86_64-linux-gnu/libnss_nis-2.23.so
7f05e75a6000-7f05e77a5000 ---p 0000b000 08:02 3546252                    /lib/x86_64-linux-gnu/libnss_nis-2.23.so
7f05e77a5000-7f05e77a6000 r--p 0000a000 08:02 3546252                    /lib/x86_64-linux-gnu/libnss_nis-2.23.so
7f05e77a6000-7f05e77a7000 rw-p 0000b000 08:02 3546252                    /lib/x86_64-linux-gnu/libnss_nis-2.23.so
7f05e77a7000-7f05e77bd000 r-xp 00000000 08:02 3546238                    /lib/x86_64-linux-gnu/libnsl-2.23.so
7f05e77bd000-7f05e79bc000 ---p 00016000 08:02 3546238                    /lib/x86_64-linux-gnu/libnsl-2.23.so
7f05e79bc000-7f05e79bd000 r--p 00015000 08:02 3546238                    /lib/x86_64-linux-gnu/libnsl-2.23.so
7f05e79bd000-7f05e79be000 rw-p 00016000 08:02 3546238                    /lib/x86_64-linux-gnu/libnsl-2.23.so
7f05e79be000-7f05e79c0000 rw-p 00000000 00:00 0 
7f05e79c0000-7f05e79c8000 r-xp 00000000 08:02 3546250                    /lib/x86_64-linux-gnu/libnss_compat-2.23.so
7f05e79c8000-7f05e7bc7000 ---p 00008000 08:02 3546250                    /lib/x86_64-linux-gnu/libnss_compat-2.23.so
7f05e7bc7000-7f05e7bc8000 r--p 00007000 08:02 3546250                    /lib/x86_64-linux-gnu/libnss_compat-2.23.so
7f05e7bc8000-7f05e7bc9000 rw-p 00008000 08:02 3546250                    /lib/x86_64-linux-gnu/libnss_compat-2.23.so
7f05e7bc9000-7f05e7bd3000 r-xp 00000000 08:02 24643145                   /usr/lib/jvm/java-8-openjdk-amd64/jre/lib/amd64/libinstrument.so
7f05e7bd3000-7f05e7dd2000 ---p 0000a000 08:02 24643145                   /usr/lib/jvm/java-8-openjdk-amd64/jre/lib/amd64/libinstrument.so
7f05e7dd2000-7f05e7dd3000 r--p 00009000 08:02 24643145                   /usr/lib/jvm/java-8-openjdk-amd64/jre/lib/amd64/libinstrument.so
7f05e7dd3000-7f05e7dd4000 rw-p 0000a000 08:02 24643145                   /usr/lib/jvm/java-8-openjdk-amd64/jre/lib/amd64/libinstrument.so
7f05e7dd4000-7f05e7dfd000 r-xp 00000000 08:02 24643133                   /usr/lib/jvm/java-8-openjdk-amd64/jre/lib/amd64/libjava.so
7f05e7dfd000-7f05e7ffd000 ---p 00029000 08:02 24643133                   /usr/lib/jvm/java-8-openjdk-amd64/jre/lib/amd64/libjava.so
7f05e7ffd000-7f05e7ffe000 r--p 00029000 08:02 24643133                   /usr/lib/jvm/java-8-openjdk-amd64/jre/lib/amd64/libjava.so
7f05e7ffe000-7f05e8000000 rw-p 0002a000 08:02 24643133                   /usr/lib/jvm/java-8-openjdk-amd64/jre/lib/amd64/libjava.so
7f05e8000000-7f05e890d000 rw-p 00000000 00:00 0 
7f05e890d000-7f05ec000000 ---p 00000000 00:00 0 
7f05ec000000-7f05ec004000 r--s 00023000 08:02 4856808                    /home/njenga/.m2/repository/com/zaxxer/HikariCP/3.4.5/HikariCP-3.4.5.jar
7f05ec004000-7f05ec005000 r--s 00001000 08:02 4723003                    /home/njenga/.m2/repository/org/springframework/boot/spring-boot-starter-jdbc/2.3.2.RELEASE/spring-boot-starter-jdbc-2.3.2.RELEASE.jar
7f05ec005000-7f05ec00e000 r--s 00052000 08:02 3807445                    /home/njenga/.m2/repository/org/springframework/spring-aop/5.2.8.RELEASE/spring-aop-5.2.8.RELEASE.jar
7f05ec00e000-7f05ec00f000 r--s 00001000 08:02 2233427                    /home/njenga/.m2/repository/org/springframework/boot/spring-boot-starter-aop/2.3.2.RELEASE/spring-boot-starter-aop-2.3.2.RELEASE.jar
7f05ec00f000-7f05ec022000 r--s 00346000 08:02 24643175                   /usr/lib/jvm/java-8-openjdk-amd64/jre/lib/resources.jar
7f05ec022000-7f05ec027000 r--s 000a7000 08:02 24643174                   /usr/lib/jvm/java-8-openjdk-amd64/jre/lib/jsse.jar
7f05ec027000-7f05ec029000 r--s 00016000 08:02 24643113                   /usr/lib/jvm/java-8-openjdk-amd64/jre/lib/jce.jar
7f05ec029000-7f05ec02a000 ---p 00000000 00:00 0 
7f05ec02a000-7f05ec12a000 rw-p 00000000 00:00 0 
7f05ec12a000-7f05ec139000 r-xp 00000000 08:02 24643155                   /usr/lib/jvm/java-8-openjdk-amd64/jre/lib/amd64/libverify.so
7f05ec139000-7f05ec338000 ---p 0000f000 08:02 24643155                   /usr/lib/jvm/java-8-openjdk-amd64/jre/lib/amd64/libverify.so
7f05ec338000-7f05ec33a000 r--p 0000e000 08:02 24643155                   /usr/lib/jvm/java-8-openjdk-amd64/jre/lib/amd64/libverify.so
7f05ec33a000-7f05ec33b000 rw-p 00010000 08:02 24643155                   /usr/lib/jvm/java-8-openjdk-amd64/jre/lib/amd64/libverify.so
7f05ec33b000-7f05ec342000 r-xp 00000000 08:02 3546255                    /lib/x86_64-linux-gnu/librt-2.23.so
7f05ec342000-7f05ec541000 ---p 00007000 08:02 3546255                    /lib/x86_64-linux-gnu/librt-2.23.so
7f05ec541000-7f05ec542000 r--p 00006000 08:02 3546255                    /lib/x86_64-linux-gnu/librt-2.23.so
7f05ec542000-7f05ec543000 rw-p 00007000 08:02 3546255                    /lib/x86_64-linux-gnu/librt-2.23.so
7f05ec543000-7f05ec559000 r-xp 00000000 08:02 3543525                    /lib/x86_64-linux-gnu/libgcc_s.so.1
7f05ec559000-7f05ec758000 ---p 00016000 08:02 3543525                    /lib/x86_64-linux-gnu/libgcc_s.so.1
7f05ec758000-7f05ec759000 rw-p 00015000 08:02 3543525                    /lib/x86_64-linux-gnu/libgcc_s.so.1
7f05ec759000-7f05ec861000 r-xp 00000000 08:02 3546239                    /lib/x86_64-linux-gnu/libm-2.23.so
7f05ec861000-7f05eca60000 ---p 00108000 08:02 3546239                    /lib/x86_64-linux-gnu/libm-2.23.so
7f05eca60000-7f05eca61000 r--p 00107000 08:02 3546239                    /lib/x86_64-linux-gnu/libm-2.23.so
7f05eca61000-7f05eca62000 rw-p 00108000 08:02 3546239                    /lib/x86_64-linux-gnu/libm-2.23.so
7f05eca62000-7f05ecbd4000 r-xp 00000000 08:02 21890876                   /usr/lib/x86_64-linux-gnu/libstdc++.so.6.0.21
7f05ecbd4000-7f05ecdd4000 ---p 00172000 08:02 21890876                   /usr/lib/x86_64-linux-gnu/libstdc++.so.6.0.21
7f05ecdd4000-7f05ecdde000 r--p 00172000 08:02 21890876                   /usr/lib/x86_64-linux-gnu/libstdc++.so.6.0.21
7f05ecdde000-7f05ecde0000 rw-p 0017c000 08:02 21890876                   /usr/lib/x86_64-linux-gnu/libstdc++.so.6.0.21
7f05ecde0000-7f05ecde4000 rw-p 00000000 00:00 0 
7f05ecde4000-7f05eda4c000 r-xp 00000000 08:02 24643135                   /usr/lib/jvm/java-8-openjdk-amd64/jre/lib/amd64/server/libjvm.so
7f05eda4c000-7f05edc4c000 ---p 00c68000 08:02 24643135                   /usr/lib/jvm/java-8-openjdk-amd64/jre/lib/amd64/server/libjvm.so
7f05edc4c000-7f05edce0000 r--p 00c68000 08:02 24643135                   /usr/lib/jvm/java-8-openjdk-amd64/jre/lib/amd64/server/libjvm.so
7f05edce0000-7f05edd09000 rw-p 00cfc000 08:02 24643135                   /usr/lib/jvm/java-8-openjdk-amd64/jre/lib/amd64/server/libjvm.so
7f05edd09000-7f05edd39000 rw-p 00000000 00:00 0 
7f05edd39000-7f05edd51000 r-xp 00000000 08:02 3546236                    /lib/x86_64-linux-gnu/libpthread-2.23.so
7f05edd51000-7f05edf50000 ---p 00018000 08:02 3546236                    /lib/x86_64-linux-gnu/libpthread-2.23.so
7f05edf50000-7f05edf51000 r--p 00017000 08:02 3546236                    /lib/x86_64-linux-gnu/libpthread-2.23.so
7f05edf51000-7f05edf52000 rw-p 00018000 08:02 3546236                    /lib/x86_64-linux-gnu/libpthread-2.23.so
7f05edf52000-7f05edf56000 rw-p 00000000 00:00 0 
7f05edf56000-7f05edf59000 r-xp 00000000 08:02 3546233                    /lib/x86_64-linux-gnu/libdl-2.23.so
7f05edf59000-7f05ee158000 ---p 00003000 08:02 3546233                    /lib/x86_64-linux-gnu/libdl-2.23.so
7f05ee158000-7f05ee159000 r--p 00002000 08:02 3546233                    /lib/x86_64-linux-gnu/libdl-2.23.so
7f05ee159000-7f05ee15a000 rw-p 00003000 08:02 3546233                    /lib/x86_64-linux-gnu/libdl-2.23.so
7f05ee15a000-7f05ee173000 r-xp 00000000 08:02 3543678                    /lib/x86_64-linux-gnu/libz.so.1.2.8
7f05ee173000-7f05ee372000 ---p 00019000 08:02 3543678                    /lib/x86_64-linux-gnu/libz.so.1.2.8
7f05ee372000-7f05ee373000 r--p 00018000 08:02 3543678                    /lib/x86_64-linux-gnu/libz.so.1.2.8
7f05ee373000-7f05ee374000 rw-p 00019000 08:02 3543678                    /lib/x86_64-linux-gnu/libz.so.1.2.8
7f05ee374000-7f05ee534000 r-xp 00000000 08:02 3546235                    /lib/x86_64-linux-gnu/libc-2.23.so
7f05ee534000-7f05ee734000 ---p 001c0000 08:02 3546235                    /lib/x86_64-linux-gnu/libc-2.23.so
7f05ee734000-7f05ee738000 r--p 001c0000 08:02 3546235                    /lib/x86_64-linux-gnu/libc-2.23.so
7f05ee738000-7f05ee73a000 rw-p 001c4000 08:02 3546235                    /lib/x86_64-linux-gnu/libc-2.23.so
7f05ee73a000-7f05ee73e000 rw-p 00000000 00:00 0 
7f05ee73e000-7f05ee74b000 r-xp 00000000 08:02 24643132                   /usr/lib/jvm/java-8-openjdk-amd64/jre/lib/amd64/jli/libjli.so
7f05ee74b000-7f05ee94b000 ---p 0000d000 08:02 24643132                   /usr/lib/jvm/java-8-openjdk-amd64/jre/lib/amd64/jli/libjli.so
7f05ee94b000-7f05ee94c000 r--p 0000d000 08:02 24643132                   /usr/lib/jvm/java-8-openjdk-amd64/jre/lib/amd64/jli/libjli.so
7f05ee94c000-7f05ee94d000 rw-p 0000e000 08:02 24643132                   /usr/lib/jvm/java-8-openjdk-amd64/jre/lib/amd64/jli/libjli.so
7f05ee94d000-7f05ee973000 r-xp 00000000 08:02 3546246                    /lib/x86_64-linux-gnu/ld-2.23.so
7f05ee973000-7f05ee974000 r--s 00001000 08:02 29106031                   /home/njenga/.m2/repository/org/springframework/boot/spring-boot-starter-data-jpa/2.3.2.RELEASE/spring-boot-starter-data-jpa-2.3.2.RELEASE.jar
7f05ee974000-7f05ee979000 r--s 002f9000 08:02 24643112                   /usr/lib/jvm/java-8-openjdk-amd64/jre/lib/charsets.jar
7f05ee979000-7f05ee983000 r--s 00116000 08:02 24643191                   /usr/lib/jvm/java-8-openjdk-amd64/jre/lib/ext/localedata.jar
7f05ee983000-7f05ee99e000 r--s 001d6000 08:02 24643188                   /usr/lib/jvm/java-8-openjdk-amd64/jre/lib/ext/nashorn.jar
7f05ee99e000-7f05ee9b9000 r--s 00394000 08:02 24643193                   /usr/lib/jvm/java-8-openjdk-amd64/jre/lib/ext/cldrdata.jar
7f05ee9b9000-7f05eea4f000 rw-p 00000000 00:00 0 
7f05eea4f000-7f05eea52000 ---p 00000000 00:00 0 
7f05eea52000-7f05eeb54000 rw-p 00000000 00:00 0 
7f05eeb54000-7f05eeb55000 r--s 00000000 08:02 24643170                   /usr/lib/jvm/java-8-openjdk-amd64/jre/lib/management-agent.jar
7f05eeb55000-7f05eeb57000 r--s 00001000 08:02 24643190                   /usr/lib/jvm/java-8-openjdk-amd64/jre/lib/ext/dnsns.jar
7f05eeb57000-7f05eeb5d000 r--s 0003d000 08:02 24643187                   /usr/lib/jvm/java-8-openjdk-amd64/jre/lib/ext/sunjce_provider.jar
7f05eeb5d000-7f05eeb60000 r--s 0000f000 08:02 24643194                   /usr/lib/jvm/java-8-openjdk-amd64/jre/lib/ext/icedtea-sound.jar
7f05eeb60000-7f05eeb61000 r--s 0000a000 08:02 24643192                   /usr/lib/jvm/java-8-openjdk-amd64/jre/lib/ext/jaccess.jar
7f05eeb61000-7f05eeb62000 r--s 0000d000 08:02 24643189                   /usr/lib/jvm/java-8-openjdk-amd64/jre/lib/ext/sunec.jar
7f05eeb62000-7f05eeb66000 r--s 0003a000 08:02 24643196                   /usr/lib/jvm/java-8-openjdk-amd64/jre/lib/ext/sunpkcs11.jar
7f05eeb66000-7f05eeb67000 r--s 00010000 08:02 24643195                   /usr/lib/jvm/java-8-openjdk-amd64/jre/lib/ext/zipfs.jar
7f05eeb67000-7f05eeb6f000 rw-s 00000000 08:02 10627073                   /tmp/hsperfdata_njenga/9427
7f05eeb6f000-7f05eeb70000 rw-p 00000000 00:00 0 
7f05eeb70000-7f05eeb71000 r--p 00000000 00:00 0 
7f05eeb71000-7f05eeb72000 rw-p 00000000 00:00 0 
7f05eeb72000-7f05eeb73000 r--p 00025000 08:02 3546246                    /lib/x86_64-linux-gnu/ld-2.23.so
7f05eeb73000-7f05eeb74000 rw-p 00026000 08:02 3546246                    /lib/x86_64-linux-gnu/ld-2.23.so
7f05eeb74000-7f05eeb75000 rw-p 00000000 00:00 0 
7ffdb5ca6000-7ffdb5cca000 rw-p 00000000 00:00 0                          [stack]
7ffdb5d10000-7ffdb5d12000 r--p 00000000 00:00 0                          [vvar]
7ffdb5d12000-7ffdb5d14000 r-xp 00000000 00:00 0                          [vdso]
ffffffffff600000-ffffffffff601000 r-xp 00000000 00:00 0                  [vsyscall]

VM Arguments:
jvm_args: -XX:TieredStopAtLevel=1 -Xverify:none -Dspring.output.ansi.enabled=always -Dcom.sun.management.jmxremote -Dspring.jmx.enabled=true -Dspring.liveBeansView.mbeanDomain -Dspring.application.admin.enabled=true -javaagent:/home/njenga/Downloads/idea-IU-201.7846.76/lib/idea_rt.jar=37519:/home/njenga/Downloads/idea-IU-201.7846.76/bin -Dfile.encoding=UTF-8 
java_command: com.kisokolab.authserver.AuthserverApplication
java_class_path (initial): /usr/lib/jvm/java-1.8.0-openjdk-amd64/jre/lib/charsets.jar:/usr/lib/jvm/java-1.8.0-openjdk-amd64/jre/lib/ext/cldrdata.jar:/usr/lib/jvm/java-1.8.0-openjdk-amd64/jre/lib/ext/dnsns.jar:/usr/lib/jvm/java-1.8.0-openjdk-amd64/jre/lib/ext/icedtea-sound.jar:/usr/lib/jvm/java-1.8.0-openjdk-amd64/jre/lib/ext/jaccess.jar:/usr/lib/jvm/java-1.8.0-openjdk-amd64/jre/lib/ext/localedata.jar:/usr/lib/jvm/java-1.8.0-openjdk-amd64/jre/lib/ext/nashorn.jar:/usr/lib/jvm/java-1.8.0-openjdk-amd64/jre/lib/ext/sunec.jar:/usr/lib/jvm/java-1.8.0-openjdk-amd64/jre/lib/ext/sunjce_provider.jar:/usr/lib/jvm/java-1.8.0-openjdk-amd64/jre/lib/ext/sunpkcs11.jar:/usr/lib/jvm/java-1.8.0-openjdk-amd64/jre/lib/ext/zipfs.jar:/usr/lib/jvm/java-1.8.0-openjdk-amd64/jre/lib/jce.jar:/usr/lib/jvm/java-1.8.0-openjdk-amd64/jre/lib/jsse.jar:/usr/lib/jvm/java-1.8.0-openjdk-amd64/jre/lib/management-agent.jar:/usr/lib/jvm/java-1.8.0-openjdk-amd64/jre/lib/resources.jar:/usr/lib/jvm/java-1.8.0-openjdk-amd64/jre/lib/rt.jar:/home/njenga/Desktop/project/kisokolab/authserver/target/classes:/home/njenga/.m2/repository/org/springframework/boot/spring-boot-starter-data-jpa/2.3.2.RELEASE/spring-boot-starter-data-jpa-2.3.2.RELEASE.jar:/home/njenga/.m2/repository/org/springframework/boot/spring-boot-starter-aop/2.3.2.RELEASE/spring-boot-starter-aop-2.3.2.RELEASE.jar:/home/njenga/.m2/repository/org/springframework/spring-aop/5.2.8.RELEASE/spring-aop-5.2.8.RELEASE.jar:/home/njenga/.m2/repository/org/aspectj/aspectjweaver/1.9.6/aspectjweaver-1.9.6.jar:/home/njenga/.m2/repository/org/springframework/boot/spring-boot-starter-jdbc/2.3.2.RELEASE/spring-boot-starter-jdbc-2.3.2.RELEASE.jar:/home/njenga/.m2/repository/com/zaxxer/HikariCP/3.4.5/HikariCP-3.4.5.jar:/home/njenga/.m2/repository/org/springframework/spring-jdbc/5.2.8.RELEASE/spring-jdbc-5.2.8.RELEASE.jar:/home/njenga/.m2/repository/jakarta/transaction/jakarta.transaction-api/1.3.3/jakarta.transaction-api-1.3.3.jar:/home/njenga/.m2/repository/jakarta/pe
Launcher Type: SUN_STANDARD

Environment Variables:
JAVA_HOME=/usr/lib/jvm/jdk1.8.0_251
PATH=/home/njenga/bin:/home/njenga/.local/bin:/usr/local/sbin:/usr/local/bin:/usr/sbin:/usr/bin:/sbin:/bin:/usr/games:/usr/local/games
SHELL=/usr/bin/zsh
DISPLAY=:0

Signal Handlers:
SIGSEGV: [libjvm.so+0xa7bb00], sa_mask[0]=11111111011111111101111111111110, sa_flags=SA_RESTART|SA_SIGINFO
SIGBUS: [libjvm.so+0xa7bb00], sa_mask[0]=11111111011111111101111111111110, sa_flags=SA_RESTART|SA_SIGINFO
SIGFPE: [libjvm.so+0x8c3d50], sa_mask[0]=11111111011111111101111111111110, sa_flags=SA_RESTART|SA_SIGINFO
SIGPIPE: [libjvm.so+0x8c3d50], sa_mask[0]=11111111011111111101111111111110, sa_flags=SA_RESTART|SA_SIGINFO
SIGXFSZ: [libjvm.so+0x8c3d50], sa_mask[0]=11111111011111111101111111111110, sa_flags=SA_RESTART|SA_SIGINFO
SIGILL: [libjvm.so+0x8c3d50], sa_mask[0]=11111111011111111101111111111110, sa_flags=SA_RESTART|SA_SIGINFO
SIGUSR1: SIG_DFL, sa_mask[0]=00000000000000000000000000000000, sa_flags=none
SIGUSR2: [libjvm.so+0x8c3c00], sa_mask[0]=00100000000000000000000000000000, sa_flags=SA_RESTART|SA_SIGINFO
SIGHUP: [libjvm.so+0x8c4290], sa_mask[0]=11111111011111111101111111111110, sa_flags=SA_RESTART|SA_SIGINFO
SIGINT: [libjvm.so+0x8c4290], sa_mask[0]=11111111011111111101111111111110, sa_flags=SA_RESTART|SA_SIGINFO
SIGTERM: [libjvm.so+0x8c4290], sa_mask[0]=11111111011111111101111111111110, sa_flags=SA_RESTART|SA_SIGINFO
SIGQUIT: [libjvm.so+0x8c4290], sa_mask[0]=11111111011111111101111111111110, sa_flags=SA_RESTART|SA_SIGINFO


---------------  S Y S T E M  ---------------

OS:DISTRIB_ID=LinuxMint
DISTRIB_RELEASE=18.2
DISTRIB_CODENAME=sonya
DISTRIB_DESCRIPTION="Linux Mint 18.2 Sonya"

uname:Linux 4.8.0-53-generic #56~16.04.1-Ubuntu SMP Tue May 16 01:18:56 UTC 2017 x86_64
libc:glibc 2.23 NPTL 2.23 
rlimit: STACK 8192k, CORE 0k, NPROC 47183, NOFILE 65536, AS infinity
load average:0.85 1.00 0.82

/proc/meminfo:
MemTotal:       12192948 kB
MemFree:          374460 kB
MemAvailable:    1011836 kB
Buffers:          127704 kB
Cached:          1402436 kB
SwapCached:        99080 kB
Active:          9408156 kB
Inactive:        1966280 kB
Active(anon):    8859380 kB
Inactive(anon):  1683036 kB
Active(file):     548776 kB
Inactive(file):   283244 kB
Unevictable:         120 kB
Mlocked:             120 kB
SwapTotal:       4083708 kB
SwapFree:        2642304 kB
Dirty:              3588 kB
Writeback:             4 kB
AnonPages:       9733980 kB
Mapped:           826320 kB
Shmem:            698120 kB
Slab:             198536 kB
SReclaimable:      87728 kB
SUnreclaim:       110808 kB
KernelStack:       24944 kB
PageTables:       113804 kB
NFS_Unstable:          0 kB
Bounce:                0 kB
WritebackTmp:          0 kB
CommitLimit:    10180180 kB
Committed_AS:   23850264 kB
VmallocTotal:   34359738367 kB
VmallocUsed:           0 kB
VmallocChunk:          0 kB
HardwareCorrupted:     0 kB
AnonHugePages:   5191680 kB
ShmemHugePages:        0 kB
ShmemPmdMapped:        0 kB
CmaTotal:              0 kB
CmaFree:               0 kB
HugePages_Total:       0
HugePages_Free:        0
HugePages_Rsvd:        0
HugePages_Surp:        0
Hugepagesize:       2048 kB
DirectMap4k:      398080 kB
DirectMap2M:    12075008 kB
DirectMap1G:     1048576 kB

container (cgroup) information:
container_type: cgroupv1
cpu_cpuset_cpus: 0-3
cpu_memory_nodes: 0
active_processor_count: 4
cpu_quota: -1
cpu_period: 100000
cpu_shares: -1
memory_limit_in_bytes: -1
memory_and_swap_limit_in_bytes: -2
memory_soft_limit_in_bytes: -1
memory_usage_in_bytes: 9634324480
memory_max_usage_in_bytes: 9876430848


CPU:total 4 (initial active 4) (2 cores per cpu, 2 threads per core) family 6 model 69 stepping 1, cmov, cx8, fxsr, mmx, sse, sse2, sse3, ssse3, sse4.1, sse4.2, popcnt, avx, avx2, aes, clmul, erms, lzcnt, ht, tsc, tscinvbit, bmi1, bmi2

/proc/cpuinfo:
processor	: 0
vendor_id	: GenuineIntel
cpu family	: 6
model		: 69
model name	: Intel(R) Core(TM) i5-4210U CPU @ 1.70GHz
stepping	: 1
microcode	: 0x26
cpu MHz		: 2445.703
cache size	: 3072 KB
physical id	: 0
siblings	: 4
core id		: 0
cpu cores	: 2
apicid		: 0
initial apicid	: 0
fpu		: yes
fpu_exception	: yes
cpuid level	: 13
wp		: yes
flags		: fpu vme de pse tsc msr pae mce cx8 apic sep mtrr pge mca cmov pat pse36 clflush dts acpi mmx fxsr sse sse2 ss ht tm pbe syscall nx pdpe1gb rdtscp lm constant_tsc arch_perfmon pebs bts rep_good nopl xtopology nonstop_tsc aperfmperf eagerfpu pni pclmulqdq dtes64 monitor ds_cpl vmx est tm2 ssse3 sdbg fma cx16 xtpr pdcm pcid sse4_1 sse4_2 movbe popcnt tsc_deadline_timer aes xsave avx f16c rdrand lahf_lm abm epb tpr_shadow vnmi flexpriority ept vpid fsgsbase tsc_adjust bmi1 avx2 smep bmi2 erms invpcid xsaveopt dtherm ida arat pln pts
bugs		:
bogomips	: 4788.85
clflush size	: 64
cache_alignment	: 64
address sizes	: 39 bits physical, 48 bits virtual
power management:

processor	: 1
vendor_id	: GenuineIntel
cpu family	: 6
model		: 69
model name	: Intel(R) Core(TM) i5-4210U CPU @ 1.70GHz
stepping	: 1
microcode	: 0x26
cpu MHz		: 2478.955
cache size	: 3072 KB
physical id	: 0
siblings	: 4
core id		: 0
cpu cores	: 2
apicid		: 1
initial apicid	: 1
fpu		: yes
fpu_exception	: yes
cpuid level	: 13
wp		: yes
flags		: fpu vme de pse tsc msr pae mce cx8 apic sep mtrr pge mca cmov pat pse36 clflush dts acpi mmx fxsr sse sse2 ss ht tm pbe syscall nx pdpe1gb rdtscp lm constant_tsc arch_perfmon pebs bts rep_good nopl xtopology nonstop_tsc aperfmperf eagerfpu pni pclmulqdq dtes64 monitor ds_cpl vmx est tm2 ssse3 sdbg fma cx16 xtpr pdcm pcid sse4_1 sse4_2 movbe popcnt tsc_deadline_timer aes xsave avx f16c rdrand lahf_lm abm epb tpr_shadow vnmi flexpriority ept vpid fsgsbase tsc_adjust bmi1 avx2 smep bmi2 erms invpcid xsaveopt dtherm ida arat pln pts
bugs		:
bogomips	: 4788.85
clflush size	: 64
cache_alignment	: 64
address sizes	: 39 bits physical, 48 bits virtual
power management:

processor	: 2
vendor_id	: GenuineIntel
cpu family	: 6
model		: 69
model name	: Intel(R) Core(TM) i5-4210U CPU @ 1.70GHz
stepping	: 1
microcode	: 0x26
cpu MHz		: 2400.000
cache size	: 3072 KB
physical id	: 0
siblings	: 4
core id		: 1
cpu cores	: 2
apicid		: 2
initial apicid	: 2
fpu		: yes
fpu_exception	: yes
cpuid level	: 13
wp		: yes
flags		: fpu vme de pse tsc msr pae mce cx8 apic sep mtrr pge mca cmov pat pse36 clflush dts acpi mmx fxsr sse sse2 ss ht tm pbe syscall nx pdpe1gb rdtscp lm constant_tsc arch_perfmon pebs bts rep_good nopl xtopology nonstop_tsc aperfmperf eagerfpu pni pclmulqdq dtes64 monitor ds_cpl vmx est tm2 ssse3 sdbg fma cx16 xtpr pdcm pcid sse4_1 sse4_2 movbe popcnt tsc_deadline_timer aes xsave avx f16c rdrand lahf_lm abm epb tpr_shadow vnmi flexpriority ept vpid fsgsbase tsc_adjust bmi1 avx2 smep bmi2 erms invpcid xsaveopt dtherm ida arat pln pts
bugs		:
bogomips	: 4788.85
clflush size	: 64
cache_alignment	: 64
address sizes	: 39 bits physical, 48 bits virtual
power management:

processor	: 3
vendor_id	: GenuineIntel
cpu family	: 6
model		: 69
model name	: Intel(R) Core(TM) i5-4210U CPU @ 1.70GHz
stepping	: 1
microcode	: 0x26
cpu MHz		: 2400.000
cache size	: 3072 KB
physical id	: 0
siblings	: 4
core id		: 1
cpu cores	: 2
apicid		: 3
initial apicid	: 3
fpu		: yes
fpu_exception	: yes
cpuid level	: 13
wp		: yes
flags		: fpu vme de pse tsc msr pae mce cx8 apic sep mtrr pge mca cmov pat pse36 clflush dts acpi mmx fxsr sse sse2 ss ht tm pbe syscall nx pdpe1gb rdtscp lm constant_tsc arch_perfmon pebs bts rep_good nopl xtopology nonstop_tsc aperfmperf eagerfpu pni pclmulqdq dtes64 monitor ds_cpl vmx est tm2 ssse3 sdbg fma cx16 xtpr pdcm pcid sse4_1 sse4_2 movbe popcnt tsc_deadline_timer aes xsave avx f16c rdrand lahf_lm abm epb tpr_shadow vnmi flexpriority ept vpid fsgsbase tsc_adjust bmi1 avx2 smep bmi2 erms invpcid xsaveopt dtherm ida arat pln pts
bugs		:
bogomips	: 4788.85
clflush size	: 64
cache_alignment	: 64
address sizes	: 39 bits physical, 48 bits virtual
power management:



Memory: 4k page, physical 12192948k(374460k free), swap 4083708k(2642304k free)

vm_info: OpenJDK 64-Bit Server VM (25.252-b09) for linux-amd64 JRE (1.8.0_252-8u252-b09-1~16.04-b09), built on Apr 15 2020 21:06:51 by "buildd" with gcc 5.4.0 20160609

time: Sun Aug  9 09:02:21 2020
timezone: EAT
elapsed time: 116 seconds (0d 0h 1m 56s)

