#
# A fatal error has been detected by the Java Runtime Environment:
#
#  SIGSEGV (0xb) at pc=0x00007f95858743a6, pid=5128, tid=0x00007f95672ec700
#
# JRE version: OpenJDK Runtime Environment (8.0_252-b09) (build 1.8.0_252-8u252-b09-1~16.04-b09)
# Java VM: OpenJDK 64-Bit Server VM (25.252-b09 mixed mode linux-amd64 compressed oops)
# Problematic frame:
# V  [libjvm.so+0x7653a6]
#
# Failed to write core dump. Core dumps have been disabled. To enable core dumping, try "ulimit -c unlimited" before starting Java again
#
# If you would like to submit a bug report, please visit:
#   http://bugreport.java.com/bugreport/crash.jsp
#

---------------  T H R E A D  ---------------

Current thread (0x00007f9510002800):  JavaThread "restartedMain" [_thread_in_vm, id=5171, stack(0x00007f95671ec000,0x00007f95672ed000)]

siginfo: si_signo: 11 (SIGSEGV), si_code: 1 (SEGV_MAPERR), si_addr: 0x0000000000000008

Registers:
RAX=0x00000000000001a8, RBX=0x00007f9518001e60, RCX=0x000000000000001f, RDX=0x00000007c031df50
RSP=0x00007f95672e9e80, RBP=0x00007f95672e9fb0, RSI=0x0000000000000000, RDI=0x00000007c031df40
R8 =0x00007f956673c338, R9 =0x00007f9510002cb0, R10=0x00007f9504149770, R11=0x000000000000000c
R12=0x0000000705ea9550, R13=0x0000000000000000, R14=0x0000000000000010, R15=0x0000000000000002
RIP=0x00007f95858743a6, EFLAGS=0x0000000000010206, CSGSFS=0x002b000000000033, ERR=0x0000000000000004
  TRAPNO=0x000000000000000e

Top of Stack: (sp=0x00007f95672e9e80)
0x00007f95672e9e80:   00007f95100018a0 00007f95672e9f50
0x00007f95672e9e90:   00000007c031df40 ffffffffffffffff
0x00007f95672e9ea0:   00007f95672e9ef0 00007f95661e4130
0x00007f95672e9eb0:   00007f95672e9ec0 00007f9585b34366
0x00007f95672e9ec0:   00007f95672e9f60 00007f95045f4120
0x00007f95672e9ed0:   00007f94f4055610 00000000000003d8
0x00007f95672e9ee0:   00007f9518002238 00007f9518001e80
0x00007f95672e9ef0:   00000007c0147dd0 00000007c031df40
0x00007f95672e9f00:   01007f9518001e50 0000000000000000
0x00007f95672e9f10:   00007f9518001e50 00007f9510002ca8
0x00007f95672e9f20:   00007f95672ea000 00007f9585a72600
0x00007f95672e9f30:   00007f9510002800 00007f95672ea020
0x00007f95672e9f40:   00007f94f40555e0 0000000000000005
0x00007f95672e9f50:   00007f956673c338 00007f9510002800
0x00007f95672e9f60:   00007f95661e3ad0 00000007c0147dd0
0x00007f95672e9f70:   0000000000000005 26c48b45c6527f00
0x00007f95672e9f80:   00007f95672e9fa0 00007f9510002800
0x00007f95672e9f90:   00007f95661e4138 00007f95672ea030
0x00007f95672e9fa0:   00007f95661e43a0 00007f9518001e60
0x00007f95672e9fb0:   00007f95672ea0a0 00007f958587632a
0x00007f95672e9fc0:   00007f9510002800 00007f95858762ab
0x00007f95672e9fd0:   00007f950000000b 26c48b45c6527f00
0x00007f95672e9fe0:   00007f9500000054 0000000000000000
0x00007f95672e9ff0:   00007f9510002800 00000001672ea050
0x00007f95672ea000:   00007f95661e4198 00007f9500000001
0x00007f95672ea010:   00007f95672ea020 0000000500000005
0x00007f95672ea020:   00007f95661e43a0 00007f9510002800
0x00007f95672ea030:   00007f9510002800 00007f95100018e0
0x00007f95672ea040:   00007f9510002c50 00007f9510002ca8
0x00007f95672ea050:   00007f9510002d38 00000000000000d8
0x00007f95672ea060:   00007f95672ea220 26c48b45c6527f00
0x00007f95672ea070:   0000000000000005 00007f9510002800 

Instructions: (pc=0x00007f95858743a6)
0x00007f9585874386:   48 8d 45 b0 48 89 85 10 ff ff ff eb 40 0f 1f 44
0x00007f9585874396:   00 00 48 63 43 08 4c 89 f2 48 03 13 4c 8b 2c 02
0x00007f95858743a6:   49 8b 45 08 48 8b 7d 90 0f b7 48 22 48 8b 50 08
0x00007f95858743b6:   48 3b 7c ca 50 0f 84 0f 01 00 00 41 83 c7 01 49 

Register to memory mapping:

RAX=0x00000000000001a8 is an unknown value
RBX=0x00007f9518001e60 is an unknown value
RCX=0x000000000000001f is an unknown value
RDX=0x00000007c031df50 is pointing into metadata
RSP=0x00007f95672e9e80 is pointing into the stack for thread: 0x00007f9510002800
RBP=0x00007f95672e9fb0 is pointing into the stack for thread: 0x00007f9510002800
RSI=0x0000000000000000 is an unknown value
RDI=0x00000007c031df40 is pointing into metadata
R8 ={method} {0x00007f956673c338} 'authenticationManagerBean' '()Lorg/springframework/security/authentication/AuthenticationManager;' in 'com/kisokolab/authserver/config/SecurityConfig'
R9 =0x00007f9510002cb0 is an unknown value
R10=0x00007f9504149770 is an unknown value
R11=0x000000000000000c is an unknown value
R12=0x0000000705ea9550 is an oop
org.springframework.boot.devtools.restart.classloader.RestartClassLoader 
 - klass: 'org/springframework/boot/devtools/restart/classloader/RestartClassLoader'
R13=0x0000000000000000 is an unknown value
R14=0x0000000000000010 is an unknown value
R15=0x0000000000000002 is an unknown value


Stack: [0x00007f95671ec000,0x00007f95672ed000],  sp=0x00007f95672e9e80,  free space=1015k
Native frames: (J=compiled Java code, j=interpreted, Vv=VM code, C=native code)
V  [libjvm.so+0x7653a6]
V  [libjvm.so+0x76732a]
V  [libjvm.so+0x622d33]
V  [libjvm.so+0x6294ff]
V  [libjvm.so+0x629a80]
V  [libjvm.so+0x6b7c26]
V  [libjvm.so+0x6b7fbc]  JVM_FindClassFromCaller+0x17c
C  [libjava.so+0xd660]  Java_java_lang_Class_forName0+0x140
J 666  java.lang.Class.forName0(Ljava/lang/String;ZLjava/lang/ClassLoader;Ljava/lang/Class;)Ljava/lang/Class; (0 bytes) @ 0x00007f95707cf974 [0x00007f95707cf880+0xf4]
J 776 C1 java.lang.Class.forName(Ljava/lang/String;ZLjava/lang/ClassLoader;)Ljava/lang/Class; (53 bytes) @ 0x00007f95707f7a04 [0x00007f95707f78e0+0x124]
j  org.springframework.cglib.core.ReflectUtils.defineClass(Ljava/lang/String;[BLjava/lang/ClassLoader;Ljava/security/ProtectionDomain;Ljava/lang/Class;)Ljava/lang/Class;+390
j  org.springframework.cglib.core.AbstractClassGenerator.generate(Lorg/springframework/cglib/core/AbstractClassGenerator$ClassLoaderData;)Ljava/lang/Class;+184
j  org.springframework.cglib.proxy.Enhancer.generate(Lorg/springframework/cglib/core/AbstractClassGenerator$ClassLoaderData;)Ljava/lang/Class;+53
j  org.springframework.cglib.core.AbstractClassGenerator$ClassLoaderData$3.apply(Lorg/springframework/cglib/core/AbstractClassGenerator;)Ljava/lang/Object;+5
j  org.springframework.cglib.core.AbstractClassGenerator$ClassLoaderData$3.apply(Ljava/lang/Object;)Ljava/lang/Object;+5
j  org.springframework.cglib.core.internal.LoadingCache$2.call()Ljava/lang/Object;+11
j  java.util.concurrent.FutureTask.run()V+42
j  org.springframework.cglib.core.internal.LoadingCache.createEntry(Ljava/lang/Object;Ljava/lang/Object;Ljava/lang/Object;)Ljava/lang/Object;+58
j  org.springframework.cglib.core.internal.LoadingCache.get(Ljava/lang/Object;)Ljava/lang/Object;+39
j  org.springframework.cglib.core.AbstractClassGenerator$ClassLoaderData.get(Lorg/springframework/cglib/core/AbstractClassGenerator;Z)Ljava/lang/Object;+15
j  org.springframework.cglib.core.AbstractClassGenerator.create(Ljava/lang/Object;)Ljava/lang/Object;+115
j  org.springframework.cglib.proxy.Enhancer.createHelper()Ljava/lang/Object;+86
j  org.springframework.cglib.proxy.Enhancer.createClass()Ljava/lang/Class;+6
j  org.springframework.context.annotation.ConfigurationClassEnhancer.createClass(Lorg/springframework/cglib/proxy/Enhancer;)Ljava/lang/Class;+1
j  org.springframework.context.annotation.ConfigurationClassEnhancer.enhance(Ljava/lang/Class;Ljava/lang/ClassLoader;)Ljava/lang/Class;+53
j  org.springframework.context.annotation.ConfigurationClassPostProcessor.enhanceConfigurationClasses(Lorg/springframework/beans/factory/config/ConfigurableListableBeanFactory;)V+381
j  org.springframework.context.annotation.ConfigurationClassPostProcessor.postProcessBeanFactory(Lorg/springframework/beans/factory/config/ConfigurableListableBeanFactory;)V+88
j  org.springframework.context.support.PostProcessorRegistrationDelegate.invokeBeanFactoryPostProcessors(Ljava/util/Collection;Lorg/springframework/beans/factory/config/ConfigurableListableBeanFactory;)V+28
j  org.springframework.context.support.PostProcessorRegistrationDelegate.invokeBeanFactoryPostProcessors(Lorg/springframework/beans/factory/config/ConfigurableListableBeanFactory;Ljava/util/List;)V+494
j  org.springframework.context.support.AbstractApplicationContext.invokeBeanFactoryPostProcessors(Lorg/springframework/beans/factory/config/ConfigurableListableBeanFactory;)V+5
j  org.springframework.context.support.AbstractApplicationContext.refresh()V+28
j  org.springframework.boot.web.servlet.context.ServletWebServerApplicationContext.refresh()V+1
j  org.springframework.boot.SpringApplication.refresh(Lorg/springframework/context/ConfigurableApplicationContext;)V+1
j  org.springframework.boot.SpringApplication.refresh(Lorg/springframework/context/ApplicationContext;)V+11
j  org.springframework.boot.SpringApplication.refreshContext(Lorg/springframework/context/ConfigurableApplicationContext;)V+2
j  org.springframework.boot.SpringApplication.run([Ljava/lang/String;)Lorg/springframework/context/ConfigurableApplicationContext;+118
j  org.springframework.boot.SpringApplication.run([Ljava/lang/Class;[Ljava/lang/String;)Lorg/springframework/context/ConfigurableApplicationContext;+9
j  org.springframework.boot.SpringApplication.run(Ljava/lang/Class;[Ljava/lang/String;)Lorg/springframework/context/ConfigurableApplicationContext;+9
j  com.kisokolab.authserver.AuthserverApplication.main([Ljava/lang/String;)V+3
v  ~StubRoutines::call_stub
V  [libjvm.so+0x66abf0]
V  [libjvm.so+0x94b309]
V  [libjvm.so+0x94d02f]
V  [libjvm.so+0x6b87f7]  JVM_InvokeMethod+0x137
j  sun.reflect.NativeMethodAccessorImpl.invoke0(Ljava/lang/reflect/Method;Ljava/lang/Object;[Ljava/lang/Object;)Ljava/lang/Object;+0
j  sun.reflect.NativeMethodAccessorImpl.invoke(Ljava/lang/Object;[Ljava/lang/Object;)Ljava/lang/Object;+100
j  sun.reflect.DelegatingMethodAccessorImpl.invoke(Ljava/lang/Object;[Ljava/lang/Object;)Ljava/lang/Object;+6
j  java.lang.reflect.Method.invoke(Ljava/lang/Object;[Ljava/lang/Object;)Ljava/lang/Object;+56
j  org.springframework.boot.devtools.restart.RestartLauncher.run()V+42
v  ~StubRoutines::call_stub
V  [libjvm.so+0x66abf0]
V  [libjvm.so+0x6680d4]
V  [libjvm.so+0x6686b7]
V  [libjvm.so+0x6acad4]
V  [libjvm.so+0xa1ff87]
V  [libjvm.so+0xa20370]
V  [libjvm.so+0x8c6042]
C  [libpthread.so.0+0x76ba]  start_thread+0xca

Java frames: (J=compiled Java code, j=interpreted, Vv=VM code)
J 666  java.lang.Class.forName0(Ljava/lang/String;ZLjava/lang/ClassLoader;Ljava/lang/Class;)Ljava/lang/Class; (0 bytes) @ 0x00007f95707cf8fa [0x00007f95707cf880+0x7a]
J 776 C1 java.lang.Class.forName(Ljava/lang/String;ZLjava/lang/ClassLoader;)Ljava/lang/Class; (53 bytes) @ 0x00007f95707f7a04 [0x00007f95707f78e0+0x124]
j  org.springframework.cglib.core.ReflectUtils.defineClass(Ljava/lang/String;[BLjava/lang/ClassLoader;Ljava/security/ProtectionDomain;Ljava/lang/Class;)Ljava/lang/Class;+390
j  org.springframework.cglib.core.AbstractClassGenerator.generate(Lorg/springframework/cglib/core/AbstractClassGenerator$ClassLoaderData;)Ljava/lang/Class;+184
j  org.springframework.cglib.proxy.Enhancer.generate(Lorg/springframework/cglib/core/AbstractClassGenerator$ClassLoaderData;)Ljava/lang/Class;+53
j  org.springframework.cglib.core.AbstractClassGenerator$ClassLoaderData$3.apply(Lorg/springframework/cglib/core/AbstractClassGenerator;)Ljava/lang/Object;+5
j  org.springframework.cglib.core.AbstractClassGenerator$ClassLoaderData$3.apply(Ljava/lang/Object;)Ljava/lang/Object;+5
j  org.springframework.cglib.core.internal.LoadingCache$2.call()Ljava/lang/Object;+11
j  java.util.concurrent.FutureTask.run()V+42
j  org.springframework.cglib.core.internal.LoadingCache.createEntry(Ljava/lang/Object;Ljava/lang/Object;Ljava/lang/Object;)Ljava/lang/Object;+58
j  org.springframework.cglib.core.internal.LoadingCache.get(Ljava/lang/Object;)Ljava/lang/Object;+39
j  org.springframework.cglib.core.AbstractClassGenerator$ClassLoaderData.get(Lorg/springframework/cglib/core/AbstractClassGenerator;Z)Ljava/lang/Object;+15
j  org.springframework.cglib.core.AbstractClassGenerator.create(Ljava/lang/Object;)Ljava/lang/Object;+115
j  org.springframework.cglib.proxy.Enhancer.createHelper()Ljava/lang/Object;+86
j  org.springframework.cglib.proxy.Enhancer.createClass()Ljava/lang/Class;+6
j  org.springframework.context.annotation.ConfigurationClassEnhancer.createClass(Lorg/springframework/cglib/proxy/Enhancer;)Ljava/lang/Class;+1
j  org.springframework.context.annotation.ConfigurationClassEnhancer.enhance(Ljava/lang/Class;Ljava/lang/ClassLoader;)Ljava/lang/Class;+53
j  org.springframework.context.annotation.ConfigurationClassPostProcessor.enhanceConfigurationClasses(Lorg/springframework/beans/factory/config/ConfigurableListableBeanFactory;)V+381
j  org.springframework.context.annotation.ConfigurationClassPostProcessor.postProcessBeanFactory(Lorg/springframework/beans/factory/config/ConfigurableListableBeanFactory;)V+88
j  org.springframework.context.support.PostProcessorRegistrationDelegate.invokeBeanFactoryPostProcessors(Ljava/util/Collection;Lorg/springframework/beans/factory/config/ConfigurableListableBeanFactory;)V+28
j  org.springframework.context.support.PostProcessorRegistrationDelegate.invokeBeanFactoryPostProcessors(Lorg/springframework/beans/factory/config/ConfigurableListableBeanFactory;Ljava/util/List;)V+494
j  org.springframework.context.support.AbstractApplicationContext.invokeBeanFactoryPostProcessors(Lorg/springframework/beans/factory/config/ConfigurableListableBeanFactory;)V+5
j  org.springframework.context.support.AbstractApplicationContext.refresh()V+28
j  org.springframework.boot.web.servlet.context.ServletWebServerApplicationContext.refresh()V+1
j  org.springframework.boot.SpringApplication.refresh(Lorg/springframework/context/ConfigurableApplicationContext;)V+1
j  org.springframework.boot.SpringApplication.refresh(Lorg/springframework/context/ApplicationContext;)V+11
j  org.springframework.boot.SpringApplication.refreshContext(Lorg/springframework/context/ConfigurableApplicationContext;)V+2
j  org.springframework.boot.SpringApplication.run([Ljava/lang/String;)Lorg/springframework/context/ConfigurableApplicationContext;+118
j  org.springframework.boot.SpringApplication.run([Ljava/lang/Class;[Ljava/lang/String;)Lorg/springframework/context/ConfigurableApplicationContext;+9
j  org.springframework.boot.SpringApplication.run(Ljava/lang/Class;[Ljava/lang/String;)Lorg/springframework/context/ConfigurableApplicationContext;+9
j  com.kisokolab.authserver.AuthserverApplication.main([Ljava/lang/String;)V+3
v  ~StubRoutines::call_stub
j  sun.reflect.NativeMethodAccessorImpl.invoke0(Ljava/lang/reflect/Method;Ljava/lang/Object;[Ljava/lang/Object;)Ljava/lang/Object;+0
j  sun.reflect.NativeMethodAccessorImpl.invoke(Ljava/lang/Object;[Ljava/lang/Object;)Ljava/lang/Object;+100
j  sun.reflect.DelegatingMethodAccessorImpl.invoke(Ljava/lang/Object;[Ljava/lang/Object;)Ljava/lang/Object;+6
j  java.lang.reflect.Method.invoke(Ljava/lang/Object;[Ljava/lang/Object;)Ljava/lang/Object;+56
j  org.springframework.boot.devtools.restart.RestartLauncher.run()V+42
v  ~StubRoutines::call_stub

---------------  P R O C E S S  ---------------

Java Threads: ( => current thread )
  0x00007f9524008000 JavaThread "RMI TCP Connection(11)-127.0.0.1" daemon [_thread_in_native, id=5184, stack(0x00007f9566fea000,0x00007f95670eb000)]
  0x00007f9524007000 JavaThread "RMI TCP Connection(10)-127.0.0.1" daemon [_thread_in_native, id=5178, stack(0x00007f9566ee9000,0x00007f9566fea000)]
  0x00007f9524005000 JavaThread "RMI TCP Connection(6)-127.0.0.1" daemon [_thread_in_native, id=5172, stack(0x00007f95670eb000,0x00007f95671ec000)]
=>0x00007f9510002800 JavaThread "restartedMain" [_thread_in_vm, id=5171, stack(0x00007f95671ec000,0x00007f95672ed000)]
  0x00007f95808f3000 JavaThread "Thread-5" [_thread_blocked, id=5170, stack(0x00007f95672ed000,0x00007f95673ee000)]
  0x00007f9524004000 JavaThread "RMI TCP Connection(8)-127.0.0.1" daemon [_thread_in_native, id=5167, stack(0x00007f95673ee000,0x00007f95674ef000)]
  0x00007f9524003000 JavaThread "RMI TCP Connection(4)-127.0.0.1" daemon [_thread_in_native, id=5163, stack(0x00007f95674ef000,0x00007f95675f0000)]
  0x00007f9520010000 JavaThread "RMI Scheduler(0)" daemon [_thread_blocked, id=5157, stack(0x00007f95675f0000,0x00007f95676f1000)]
  0x00007f9524001800 JavaThread "RMI TCP Connection(2)-127.0.0.1" daemon [_thread_in_native, id=5156, stack(0x00007f95676f1000,0x00007f95677f2000)]
  0x00007f953c001000 JavaThread "Attach Listener" daemon [_thread_blocked, id=5154, stack(0x00007f95679f2000,0x00007f9567af3000)]
  0x00007f958075e800 JavaThread "RMI TCP Accept-0" daemon [_thread_in_native, id=5150, stack(0x00007f9567bf4000,0x00007f9567cf5000)]
  0x00007f95806a7800 JavaThread "Service Thread" daemon [_thread_blocked, id=5147, stack(0x00007f9567eff000,0x00007f9568000000)]
  0x00007f9580689000 JavaThread "C1 CompilerThread2" daemon [_thread_blocked, id=5146, stack(0x00007f956c08c000,0x00007f956c18d000)]
  0x00007f9580687000 JavaThread "C2 CompilerThread1" daemon [_thread_blocked, id=5145, stack(0x00007f956c18d000,0x00007f956c28e000)]
  0x00007f9580685000 JavaThread "C2 CompilerThread0" daemon [_thread_blocked, id=5144, stack(0x00007f956c28e000,0x00007f956c38f000)]
  0x00007f9580683000 JavaThread "Monitor Ctrl-Break" daemon [_thread_in_native, id=5143, stack(0x00007f956c38f000,0x00007f956c490000)]
  0x00007f9580185000 JavaThread "Signal Dispatcher" daemon [_thread_blocked, id=5139, stack(0x00007f956ccbd000,0x00007f956cdbe000)]
  0x00007f9580154000 JavaThread "Finalizer" daemon [_thread_blocked, id=5138, stack(0x00007f956d1c7000,0x00007f956d2c8000)]
  0x00007f958014f800 JavaThread "Reference Handler" daemon [_thread_blocked, id=5137, stack(0x00007f956d2c8000,0x00007f956d3c9000)]
  0x00007f9580011000 JavaThread "main" [_thread_blocked, id=5130, stack(0x00007f9586d7a000,0x00007f9586e7b000)]

Other Threads:
  0x00007f9580146000 VMThread [stack: 0x00007f956d3c9000,0x00007f956d4ca000] [id=5136]
  0x00007f9580773000 WatcherThread [stack: 0x00007f9567af3000,0x00007f9567bf4000] [id=5151]

VM state:not at safepoint (normal execution)

VM Mutex/Monitor currently owned by a thread: None

heap address: 0x0000000705e00000, size: 2978 MB, Compressed Oops mode: Zero based, Oop shift amount: 3
Narrow klass base: 0x0000000000000000, Narrow klass shift: 3
Compressed class space size: 1073741824 Address: 0x00000007c0000000

Heap:
 PSYoungGen      total 204800K, used 83835K [0x0000000781f80000, 0x000000078f380000, 0x00000007c0000000)
  eden space 194048K, 43% used [0x0000000781f80000,0x000000078715ed80,0x000000078dd00000)
  from space 10752K, 0% used [0x000000078e800000,0x000000078e800000,0x000000078f280000)
  to   space 11264K, 0% used [0x000000078dd00000,0x000000078dd00000,0x000000078e800000)
 ParOldGen       total 60928K, used 8099K [0x0000000705e00000, 0x0000000709980000, 0x0000000781f80000)
  object space 60928K, 13% used [0x0000000705e00000,0x00000007065e8dc8,0x0000000709980000)
 Metaspace       used 23780K, capacity 24998K, committed 25216K, reserved 1071104K
  class space    used 3162K, capacity 3445K, committed 3456K, reserved 1048576K

Card table byte_map: [0x00007f956fc25000,0x00007f95701f7000] byte_map_base: 0x00007f956c3f6000

Marking Bits: (ParMarkBitMap*) 0x00007f95860475a0
 Begin Bits: [0x00007f95522f0000, 0x00007f9555178000)
 End Bits:   [0x00007f9555178000, 0x00007f9558000000)

Polling page: 0x00007f9586e9b000

CodeCache: size=245760Kb used=5628Kb max_used=5628Kb free=240131Kb
 bounds [0x00007f95705b7000, 0x00007f9570b37000, 0x00007f957f5b7000]
 total_blobs=3151 nmethods=2758 adapters=307
 compilation: enabled

Compilation events (10 events):
Event: 12.136 Thread 0x00007f9580689000 nmethod 2765 0x00007f9570b33a90 code [0x00007f9570b33c00, 0x00007f9570b33d70]
Event: 12.136 Thread 0x00007f9580689000 2763       1       org.springframework.asm.Label::<init> (5 bytes)
Event: 12.136 Thread 0x00007f9580689000 nmethod 2763 0x00007f9570b33e50 code [0x00007f9570b33fa0, 0x00007f9570b340b0]
Event: 12.136 Thread 0x00007f9580689000 2762       1       org.springframework.cglib.core.ClassEmitter$1::getType (5 bytes)
Event: 12.136 Thread 0x00007f9580689000 nmethod 2762 0x00007f9570b34110 code [0x00007f9570b34260, 0x00007f9570b34370]
Event: 12.136 Thread 0x00007f9580689000 2766       1       org.springframework.cglib.core.ReflectUtils$6::getSignature (5 bytes)
Event: 12.136 Thread 0x00007f9580689000 nmethod 2766 0x00007f9570b343d0 code [0x00007f9570b34520, 0x00007f9570b34630]
Event: 12.136 Thread 0x00007f9580689000 2767       1       org.springframework.asm.Frame::push (59 bytes)
Event: 12.137 Thread 0x00007f9580689000 nmethod 2767 0x00007f9570b34690 code [0x00007f9570b34840, 0x00007f9570b34ac8]
Event: 12.137 Thread 0x00007f9580689000 2770       1       org.springframework.asm.SymbolTable::addType (81 bytes)

GC Heap History (10 events):
Event: 8.343 GC heap before
{Heap before GC invocations=3 (full 0):
 PSYoungGen      total 56320K, used 54749K [0x0000000781f80000, 0x0000000788d80000, 0x00000007c0000000)
  eden space 48640K, 100% used [0x0000000781f80000,0x0000000784f00000,0x0000000784f00000)
  from space 7680K, 79% used [0x0000000785680000,0x0000000785c775b8,0x0000000785e00000)
  to   space 7680K, 0% used [0x0000000784f00000,0x0000000784f00000,0x0000000785680000)
 ParOldGen       total 128512K, used 24K [0x0000000705e00000, 0x000000070db80000, 0x0000000781f80000)
  object space 128512K, 0% used [0x0000000705e00000,0x0000000705e06000,0x000000070db80000)
 Metaspace       used 14735K, capacity 15234K, committed 15488K, reserved 1062912K
  class space    used 1777K, capacity 1902K, committed 1920K, reserved 1048576K
Event: 8.352 GC heap after
Heap after GC invocations=3 (full 0):
 PSYoungGen      total 56320K, used 6826K [0x0000000781f80000, 0x0000000788d80000, 0x00000007c0000000)
  eden space 48640K, 0% used [0x0000000781f80000,0x0000000781f80000,0x0000000784f00000)
  from space 7680K, 88% used [0x0000000784f00000,0x00000007855aa9c8,0x0000000785680000)
  to   space 7680K, 0% used [0x0000000788600000,0x0000000788600000,0x0000000788d80000)
 ParOldGen       total 128512K, used 32K [0x0000000705e00000, 0x000000070db80000, 0x0000000781f80000)
  object space 128512K, 0% used [0x0000000705e00000,0x0000000705e08000,0x000000070db80000)
 Metaspace       used 14735K, capacity 15234K, committed 15488K, reserved 1062912K
  class space    used 1777K, capacity 1902K, committed 1920K, reserved 1048576K
}
Event: 9.405 GC heap before
{Heap before GC invocations=4 (full 0):
 PSYoungGen      total 56320K, used 55466K [0x0000000781f80000, 0x0000000788d80000, 0x00000007c0000000)
  eden space 48640K, 100% used [0x0000000781f80000,0x0000000784f00000,0x0000000784f00000)
  from space 7680K, 88% used [0x0000000784f00000,0x00000007855aa9c8,0x0000000785680000)
  to   space 7680K, 0% used [0x0000000788600000,0x0000000788600000,0x0000000788d80000)
 ParOldGen       total 128512K, used 32K [0x0000000705e00000, 0x000000070db80000, 0x0000000781f80000)
  object space 128512K, 0% used [0x0000000705e00000,0x0000000705e08000,0x000000070db80000)
 Metaspace       used 18493K, capacity 19212K, committed 19456K, reserved 1067008K
  class space    used 2345K, capacity 2521K, committed 2560K, reserved 1048576K
Event: 9.414 GC heap after
Heap after GC invocations=4 (full 0):
 PSYoungGen      total 104960K, used 7664K [0x0000000781f80000, 0x0000000788d80000, 0x00000007c0000000)
  eden space 97280K, 0% used [0x0000000781f80000,0x0000000781f80000,0x0000000787e80000)
  from space 7680K, 99% used [0x0000000788600000,0x0000000788d7c158,0x0000000788d80000)
  to   space 7680K, 0% used [0x0000000787e80000,0x0000000787e80000,0x0000000788600000)
 ParOldGen       total 128512K, used 497K [0x0000000705e00000, 0x000000070db80000, 0x0000000781f80000)
  object space 128512K, 0% used [0x0000000705e00000,0x0000000705e7c550,0x000000070db80000)
 Metaspace       used 18493K, capacity 19212K, committed 19456K, reserved 1067008K
  class space    used 2345K, capacity 2521K, committed 2560K, reserved 1048576K
}
Event: 10.509 GC heap before
{Heap before GC invocations=5 (full 0):
 PSYoungGen      total 104960K, used 104944K [0x0000000781f80000, 0x0000000788d80000, 0x00000007c0000000)
  eden space 97280K, 100% used [0x0000000781f80000,0x0000000787e80000,0x0000000787e80000)
  from space 7680K, 99% used [0x0000000788600000,0x0000000788d7c158,0x0000000788d80000)
  to   space 7680K, 0% used [0x0000000787e80000,0x0000000787e80000,0x0000000788600000)
 ParOldGen       total 128512K, used 497K [0x0000000705e00000, 0x000000070db80000, 0x0000000781f80000)
  object space 128512K, 0% used [0x0000000705e00000,0x0000000705e7c550,0x000000070db80000)
 Metaspace       used 20051K, capacity 20954K, committed 21248K, reserved 1067008K
  class space    used 2559K, capacity 2763K, committed 2816K, reserved 1048576K
Event: 10.518 GC heap after
Heap after GC invocations=5 (full 0):
 PSYoungGen      total 104960K, used 7665K [0x0000000781f80000, 0x000000078f280000, 0x00000007c0000000)
  eden space 97280K, 0% used [0x0000000781f80000,0x0000000781f80000,0x0000000787e80000)
  from space 7680K, 99% used [0x0000000787e80000,0x00000007885fc758,0x0000000788600000)
  to   space 10752K, 0% used [0x000000078e800000,0x000000078e800000,0x000000078f280000)
 ParOldGen       total 128512K, used 2501K [0x0000000705e00000, 0x000000070db80000, 0x0000000781f80000)
  object space 128512K, 1% used [0x0000000705e00000,0x0000000706071488,0x000000070db80000)
 Metaspace       used 20051K, capacity 20954K, committed 21248K, reserved 1067008K
  class space    used 2559K, capacity 2763K, committed 2816K, reserved 1048576K
}
Event: 10.795 GC heap before
{Heap before GC invocations=6 (full 0):
 PSYoungGen      total 104960K, used 42979K [0x0000000781f80000, 0x000000078f280000, 0x00000007c0000000)
  eden space 97280K, 36% used [0x0000000781f80000,0x00000007841fc690,0x0000000787e80000)
  from space 7680K, 99% used [0x0000000787e80000,0x00000007885fc758,0x0000000788600000)
  to   space 10752K, 0% used [0x000000078e800000,0x000000078e800000,0x000000078f280000)
 ParOldGen       total 128512K, used 2501K [0x0000000705e00000, 0x000000070db80000, 0x0000000781f80000)
  object space 128512K, 1% used [0x0000000705e00000,0x0000000706071488,0x000000070db80000)
 Metaspace       used 20362K, capacity 21238K, committed 21248K, reserved 1067008K
  class space    used 2610K, capacity 2809K, committed 2816K, reserved 1048576K
Event: 10.804 GC heap after
Heap after GC invocations=6 (full 0):
 PSYoungGen      total 204800K, used 8290K [0x0000000781f80000, 0x000000078f380000, 0x00000007c0000000)
  eden space 194048K, 0% used [0x0000000781f80000,0x0000000781f80000,0x000000078dd00000)
  from space 10752K, 77% used [0x000000078e800000,0x000000078f0188d0,0x000000078f280000)
  to   space 11264K, 0% used [0x000000078dd00000,0x000000078dd00000,0x000000078e800000)
 ParOldGen       total 128512K, used 2509K [0x0000000705e00000, 0x000000070db80000, 0x0000000781f80000)
  object space 128512K, 1% used [0x0000000705e00000,0x0000000706073488,0x000000070db80000)
 Metaspace       used 20362K, capacity 21238K, committed 21248K, reserved 1067008K
  class space    used 2610K, capacity 2809K, committed 2816K, reserved 1048576K
}
Event: 10.804 GC heap before
{Heap before GC invocations=7 (full 1):
 PSYoungGen      total 204800K, used 8290K [0x0000000781f80000, 0x000000078f380000, 0x00000007c0000000)
  eden space 194048K, 0% used [0x0000000781f80000,0x0000000781f80000,0x000000078dd00000)
  from space 10752K, 77% used [0x000000078e800000,0x000000078f0188d0,0x000000078f280000)
  to   space 11264K, 0% used [0x000000078dd00000,0x000000078dd00000,0x000000078e800000)
 ParOldGen       total 128512K, used 2509K [0x0000000705e00000, 0x000000070db80000, 0x0000000781f80000)
  object space 128512K, 1% used [0x0000000705e00000,0x0000000706073488,0x000000070db80000)
 Metaspace       used 20362K, capacity 21238K, committed 21248K, reserved 1067008K
  class space    used 2610K, capacity 2809K, committed 2816K, reserved 1048576K
Event: 10.848 GC heap after
Heap after GC invocations=7 (full 1):
 PSYoungGen      total 204800K, used 0K [0x0000000781f80000, 0x000000078f380000, 0x00000007c0000000)
  eden space 194048K, 0% used [0x0000000781f80000,0x0000000781f80000,0x000000078dd00000)
  from space 10752K, 0% used [0x000000078e800000,0x000000078e800000,0x000000078f280000)
  to   space 11264K, 0% used [0x000000078dd00000,0x000000078dd00000,0x000000078e800000)
 ParOldGen       total 60928K, used 8099K [0x0000000705e00000, 0x0000000709980000, 0x0000000781f80000)
  object space 60928K, 13% used [0x0000000705e00000,0x00000007065e8dc8,0x0000000709980000)
 Metaspace       used 20360K, capacity 21232K, committed 21248K, reserved 1067008K
  class space    used 2610K, capacity 2808K, committed 2816K, reserved 1048576K
}

Deoptimization events (0 events):
No events

Classes redefined (0 events):
No events

Internal exceptions (10 events):
Event: 11.862 Thread 0x00007f9510002800 Exception <a 'java/lang/ArrayIndexOutOfBoundsException'> (0x0000000785744f08) thrown at [/build/openjdk-8-uwNjBd/openjdk-8-8u252-b09/src/hotspot/src/share/vm/runtime/sharedRuntime.cpp, line 605]
Event: 11.862 Thread 0x00007f9510002800 Exception <a 'java/lang/ArrayIndexOutOfBoundsException'> (0x00000007857478c8) thrown at [/build/openjdk-8-uwNjBd/openjdk-8-8u252-b09/src/hotspot/src/share/vm/runtime/sharedRuntime.cpp, line 605]
Event: 11.862 Thread 0x00007f9510002800 Exception <a 'java/lang/ArrayIndexOutOfBoundsException'> (0x000000078574c168) thrown at [/build/openjdk-8-uwNjBd/openjdk-8-8u252-b09/src/hotspot/src/share/vm/runtime/sharedRuntime.cpp, line 605]
Event: 11.862 Thread 0x00007f9510002800 Exception <a 'java/lang/ArrayIndexOutOfBoundsException'> (0x000000078574d788) thrown at [/build/openjdk-8-uwNjBd/openjdk-8-8u252-b09/src/hotspot/src/share/vm/runtime/sharedRuntime.cpp, line 605]
Event: 11.896 Thread 0x00007f9510002800 Exception <a 'java/lang/ArrayIndexOutOfBoundsException'> (0x00000007857affb0) thrown at [/build/openjdk-8-uwNjBd/openjdk-8-8u252-b09/src/hotspot/src/share/vm/runtime/sharedRuntime.cpp, line 605]
Event: 11.921 Thread 0x00007f9524008000 Exception <a 'java/lang/reflect/InvocationTargetException'> (0x00000007826045f8) thrown at [/build/openjdk-8-uwNjBd/openjdk-8-8u252-b09/src/hotspot/src/share/vm/runtime/reflection.cpp, line 1092]
Event: 11.936 Thread 0x00007f9510002800 Exception <a 'java/lang/ArrayIndexOutOfBoundsException'> (0x0000000785bb3b70) thrown at [/build/openjdk-8-uwNjBd/openjdk-8-8u252-b09/src/hotspot/src/share/vm/runtime/sharedRuntime.cpp, line 605]
Event: 11.954 Thread 0x00007f9510002800 Exception <a 'java/lang/ArrayIndexOutOfBoundsException'> (0x0000000785dcb950) thrown at [/build/openjdk-8-uwNjBd/openjdk-8-8u252-b09/src/hotspot/src/share/vm/runtime/sharedRuntime.cpp, line 605]
Event: 11.967 Thread 0x00007f9510002800 Exception <a 'java/lang/ArrayIndexOutOfBoundsException'> (0x000000078601f3f8) thrown at [/build/openjdk-8-uwNjBd/openjdk-8-8u252-b09/src/hotspot/src/share/vm/runtime/sharedRuntime.cpp, line 605]
Event: 11.974 Thread 0x00007f9510002800 Exception <a 'java/lang/ArrayIndexOutOfBoundsException'> (0x00000007861414f8) thrown at [/build/openjdk-8-uwNjBd/openjdk-8-8u252-b09/src/hotspot/src/share/vm/runtime/sharedRuntime.cpp, line 605]

Events (10 events):
Event: 12.126 loading class org/springframework/cglib/core/ReflectUtils$7
Event: 12.126 loading class org/springframework/cglib/core/ReflectUtils$7 done
Event: 12.127 loading class org/springframework/cglib/core/ClassEmitter$2
Event: 12.127 loading class org/springframework/cglib/core/ClassEmitter$2 done
Event: 12.129 loading class org/springframework/cglib/proxy/MethodProxy
Event: 12.129 loading class org/springframework/cglib/proxy/MethodProxy done
Event: 12.130 loading class org/springframework/cglib/proxy/MethodProxy$CreateInfo
Event: 12.130 loading class org/springframework/cglib/proxy/MethodProxy$CreateInfo done
Event: 12.130 loading class org/springframework/cglib/proxy/Enhancer$EnhancerFactoryData
Event: 12.130 loading class org/springframework/cglib/proxy/Enhancer$EnhancerFactoryData done


Dynamic libraries:
705e00000-709980000 rw-p 00000000 00:00 0 
709980000-781f80000 ---p 00000000 00:00 0 
781f80000-78f380000 rw-p 00000000 00:00 0 
78f380000-7c0000000 ---p 00000000 00:00 0 
7c0000000-7c0360000 rw-p 00000000 00:00 0 
7c0360000-800000000 ---p 00000000 00:00 0 
55ef27d68000-55ef27d69000 r-xp 00000000 08:02 24643205                   /usr/lib/jvm/java-8-openjdk-amd64/jre/bin/java
55ef27f68000-55ef27f69000 r--p 00000000 08:02 24643205                   /usr/lib/jvm/java-8-openjdk-amd64/jre/bin/java
55ef27f69000-55ef27f6a000 rw-p 00001000 08:02 24643205                   /usr/lib/jvm/java-8-openjdk-amd64/jre/bin/java
55ef28330000-55ef28351000 rw-p 00000000 00:00 0                          [heap]
7f94f4000000-7f94f4073000 rw-p 00000000 00:00 0 
7f94f4073000-7f94f8000000 ---p 00000000 00:00 0 
7f94f8000000-7f94f8021000 rw-p 00000000 00:00 0 
7f94f8021000-7f94fc000000 ---p 00000000 00:00 0 
7f94fc000000-7f94fc14e000 rw-p 00000000 00:00 0 
7f94fc14e000-7f9500000000 ---p 00000000 00:00 0 
7f9500000000-7f9500021000 rw-p 00000000 00:00 0 
7f9500021000-7f9504000000 ---p 00000000 00:00 0 
7f9504000000-7f9504609000 rw-p 00000000 00:00 0 
7f9504609000-7f9508000000 ---p 00000000 00:00 0 
7f9508000000-7f9508021000 rw-p 00000000 00:00 0 
7f9508021000-7f950c000000 ---p 00000000 00:00 0 
7f950c000000-7f950c021000 rw-p 00000000 00:00 0 
7f950c021000-7f9510000000 ---p 00000000 00:00 0 
7f9510000000-7f9510021000 rw-p 00000000 00:00 0 
7f9510021000-7f9514000000 ---p 00000000 00:00 0 
7f9514000000-7f9514021000 rw-p 00000000 00:00 0 
7f9514021000-7f9518000000 ---p 00000000 00:00 0 
7f9518000000-7f9518021000 rw-p 00000000 00:00 0 
7f9518021000-7f951c000000 ---p 00000000 00:00 0 
7f951c000000-7f951c021000 rw-p 00000000 00:00 0 
7f951c021000-7f9520000000 ---p 00000000 00:00 0 
7f9520000000-7f9520021000 rw-p 00000000 00:00 0 
7f9520021000-7f9524000000 ---p 00000000 00:00 0 
7f9524000000-7f9524021000 rw-p 00000000 00:00 0 
7f9524021000-7f9528000000 ---p 00000000 00:00 0 
7f9528000000-7f9528021000 rw-p 00000000 00:00 0 
7f9528021000-7f952c000000 ---p 00000000 00:00 0 
7f952c000000-7f952c46c000 rw-p 00000000 00:00 0 
7f952c46c000-7f9530000000 ---p 00000000 00:00 0 
7f9530000000-7f9530021000 rw-p 00000000 00:00 0 
7f9530021000-7f9534000000 ---p 00000000 00:00 0 
7f9534000000-7f9534056000 rw-p 00000000 00:00 0 
7f9534056000-7f9538000000 ---p 00000000 00:00 0 
7f9538000000-7f9538021000 rw-p 00000000 00:00 0 
7f9538021000-7f953c000000 ---p 00000000 00:00 0 
7f953c000000-7f953c021000 rw-p 00000000 00:00 0 
7f953c021000-7f9540000000 ---p 00000000 00:00 0 
7f9540000000-7f9540021000 rw-p 00000000 00:00 0 
7f9540021000-7f9544000000 ---p 00000000 00:00 0 
7f9544000000-7f9544021000 rw-p 00000000 00:00 0 
7f9544021000-7f9548000000 ---p 00000000 00:00 0 
7f9548000000-7f9548021000 rw-p 00000000 00:00 0 
7f9548021000-7f954c000000 ---p 00000000 00:00 0 
7f954c000000-7f954c02b000 rw-p 00000000 00:00 0 
7f954c02b000-7f9550000000 ---p 00000000 00:00 0 
7f95522f0000-7f9558000000 rw-p 00000000 00:00 0 
7f9558000000-7f9558021000 rw-p 00000000 00:00 0 
7f9558021000-7f955c000000 ---p 00000000 00:00 0 
7f955c000000-7f955c021000 rw-p 00000000 00:00 0 
7f955c021000-7f9560000000 ---p 00000000 00:00 0 
7f9560000000-7f9560021000 rw-p 00000000 00:00 0 
7f9560021000-7f9564000000 ---p 00000000 00:00 0 
7f95660e7000-7f9566227000 rw-p 00000000 00:00 0 
7f9566227000-7f95662e7000 ---p 00000000 00:00 0 
7f95662e7000-7f95664e7000 rw-p 00000000 00:00 0 
7f95664e7000-7f95664ea000 ---p 00000000 00:00 0 
7f95664ea000-7f95667e8000 rw-p 00000000 00:00 0 
7f95667e8000-7f95669e8000 rw-p 00000000 00:00 0 
7f95669e8000-7f9566be8000 rw-p 00000000 00:00 0 
7f9566be8000-7f9566beb000 ---p 00000000 00:00 0 
7f9566beb000-7f9566ee9000 rw-p 00000000 00:00 0 
7f9566ee9000-7f9566eec000 ---p 00000000 00:00 0 
7f9566eec000-7f9566fea000 rw-p 00000000 00:00 0 
7f9566fea000-7f9566fed000 ---p 00000000 00:00 0 
7f9566fed000-7f95670eb000 rw-p 00000000 00:00 0 
7f95670eb000-7f95670ee000 ---p 00000000 00:00 0 
7f95670ee000-7f95671ec000 rw-p 00000000 00:00 0 
7f95671ec000-7f95671ef000 ---p 00000000 00:00 0 
7f95671ef000-7f95672ed000 rw-p 00000000 00:00 0 
7f95672ed000-7f95672f0000 ---p 00000000 00:00 0 
7f95672f0000-7f95673ee000 rw-p 00000000 00:00 0 
7f95673ee000-7f95673f1000 ---p 00000000 00:00 0 
7f95673f1000-7f95674ef000 rw-p 00000000 00:00 0 
7f95674ef000-7f95674f2000 ---p 00000000 00:00 0 
7f95674f2000-7f95675f0000 rw-p 00000000 00:00 0 
7f95675f0000-7f95675f3000 ---p 00000000 00:00 0 
7f95675f3000-7f95676f1000 rw-p 00000000 00:00 0 
7f95676f1000-7f95676f4000 ---p 00000000 00:00 0 
7f95676f4000-7f95679f2000 rw-p 00000000 00:00 0 
7f95679f2000-7f95679f5000 ---p 00000000 00:00 0 
7f95679f5000-7f9567af3000 rw-p 00000000 00:00 0 
7f9567af3000-7f9567af4000 ---p 00000000 00:00 0 
7f9567af4000-7f9567bf4000 rw-p 00000000 00:00 0 
7f9567bf4000-7f9567bf7000 ---p 00000000 00:00 0 
7f9567bf7000-7f9567cf5000 rw-p 00000000 00:00 0 
7f9567cf5000-7f9567cfe000 r-xp 00000000 08:02 24643150                   /usr/lib/jvm/java-8-openjdk-amd64/jre/lib/amd64/libmanagement.so
7f9567cfe000-7f9567efd000 ---p 00009000 08:02 24643150                   /usr/lib/jvm/java-8-openjdk-amd64/jre/lib/amd64/libmanagement.so
7f9567efd000-7f9567efe000 r--p 00008000 08:02 24643150                   /usr/lib/jvm/java-8-openjdk-amd64/jre/lib/amd64/libmanagement.so
7f9567efe000-7f9567eff000 rw-p 00009000 08:02 24643150                   /usr/lib/jvm/java-8-openjdk-amd64/jre/lib/amd64/libmanagement.so
7f9567eff000-7f9567f02000 ---p 00000000 00:00 0 
7f9567f02000-7f9568000000 rw-p 00000000 00:00 0 
7f9568000000-7f9568021000 rw-p 00000000 00:00 0 
7f9568021000-7f956c000000 ---p 00000000 00:00 0 
7f956c087000-7f956c08c000 r--s 000a7000 08:02 24643174                   /usr/lib/jvm/java-8-openjdk-amd64/jre/lib/jsse.jar
7f956c08c000-7f956c08f000 ---p 00000000 00:00 0 
7f956c08f000-7f956c18d000 rw-p 00000000 00:00 0 
7f956c18d000-7f956c190000 ---p 00000000 00:00 0 
7f956c190000-7f956c28e000 rw-p 00000000 00:00 0 
7f956c28e000-7f956c291000 ---p 00000000 00:00 0 
7f956c291000-7f956c38f000 rw-p 00000000 00:00 0 
7f956c38f000-7f956c392000 ---p 00000000 00:00 0 
7f956c392000-7f956c490000 rw-p 00000000 00:00 0 
7f956c490000-7f956c4a7000 r-xp 00000000 08:02 24643152                   /usr/lib/jvm/java-8-openjdk-amd64/jre/lib/amd64/libnet.so
7f956c4a7000-7f956c6a7000 ---p 00017000 08:02 24643152                   /usr/lib/jvm/java-8-openjdk-amd64/jre/lib/amd64/libnet.so
7f956c6a7000-7f956c6a8000 r--p 00017000 08:02 24643152                   /usr/lib/jvm/java-8-openjdk-amd64/jre/lib/amd64/libnet.so
7f956c6a8000-7f956c6a9000 rw-p 00018000 08:02 24643152                   /usr/lib/jvm/java-8-openjdk-amd64/jre/lib/amd64/libnet.so
7f956c6a9000-7f956c6bb000 r-xp 00000000 08:02 24643148                   /usr/lib/jvm/java-8-openjdk-amd64/jre/lib/amd64/libnio.so
7f956c6bb000-7f956c8ba000 ---p 00012000 08:02 24643148                   /usr/lib/jvm/java-8-openjdk-amd64/jre/lib/amd64/libnio.so
7f956c8ba000-7f956c8bb000 r--p 00011000 08:02 24643148                   /usr/lib/jvm/java-8-openjdk-amd64/jre/lib/amd64/libnio.so
7f956c8bb000-7f956c8bc000 rw-p 00012000 08:02 24643148                   /usr/lib/jvm/java-8-openjdk-amd64/jre/lib/amd64/libnio.so
7f956c8bc000-7f956c8bf000 r--s 0001c000 08:02 22557241                   /home/njenga/Downloads/idea-IU-201.7846.76/lib/idea_rt.jar
7f956c8bf000-7f956c8ce000 r--s 0007c000 08:02 1056824                    /home/njenga/.m2/repository/org/springframework/security/spring-security-web/5.3.3.RELEASE/spring-security-web-5.3.3.RELEASE.jar
7f956c8ce000-7f956c8db000 r--s 00060000 08:02 1056827                    /home/njenga/.m2/repository/org/springframework/security/spring-security-core/5.3.3.RELEASE/spring-security-core-5.3.3.RELEASE.jar
7f956c8db000-7f956c8dc000 r--s 00005000 08:02 3284240                    /home/njenga/.m2/repository/org/springframework/spring-jcl/5.2.8.RELEASE/spring-jcl-5.2.8.RELEASE.jar
7f956c8dc000-7f956c8f7000 r--s 00146000 08:02 3029473                    /home/njenga/.m2/repository/org/springframework/spring-core/5.2.8.RELEASE/spring-core-5.2.8.RELEASE.jar
7f956c8f7000-7f956c8f9000 r--s 0000a000 08:02 4722996                    /home/njenga/.m2/repository/jakarta/activation/jakarta.activation-api/1.2.2/jakarta.activation-api-1.2.2.jar
7f956c8f9000-7f956c8fd000 r--s 00019000 08:02 4722979                    /home/njenga/.m2/repository/jakarta/xml/bind/jakarta.xml.bind-api/2.3.3/jakarta.xml.bind-api-2.3.3.jar
7f956c8fd000-7f956c902000 r--s 00012000 08:02 4589591                    /home/njenga/.m2/repository/jakarta/validation/jakarta.validation-api/2.0.2/jakarta.validation-api-2.0.2.jar
7f956c902000-7f956c94d000 r--s 002ff000 08:02 5773763                    /home/njenga/.m2/repository/org/bouncycastle/bcprov-jdk15on/1.56/bcprov-jdk15on-1.56.jar
7f956c94d000-7f956c95e000 r--s 00097000 08:02 5773761                    /home/njenga/.m2/repository/org/bouncycastle/bcpkix-jdk15on/1.56/bcpkix-jdk15on-1.56.jar
7f956c95e000-7f956c960000 r--s 00008000 08:02 1184405                    /home/njenga/.m2/repository/org/springframework/security/spring-security-jwt/1.0.9.RELEASE/spring-security-jwt-1.0.9.RELEASE.jar
7f956c960000-7f956c964000 r--s 00035000 08:02 5511966                    /home/njenga/.m2/repository/org/codehaus/jackson/jackson-core-asl/1.9.13/jackson-core-asl-1.9.13.jar
7f956c964000-7f956c972000 r--s 000b1000 08:02 5382080                    /home/njenga/.m2/repository/org/codehaus/jackson/jackson-mapper-asl/1.9.13/jackson-mapper-asl-1.9.13.jar
7f956c972000-7f956c979000 r--s 0004e000 08:02 5249494                    /home/njenga/.m2/repository/commons-codec/commons-codec/1.14/commons-codec-1.14.jar
7f956c979000-7f956c98b000 r--s 000f7000 08:02 1056819                    /home/njenga/.m2/repository/org/springframework/security/spring-security-config/5.3.3.RELEASE/spring-security-config-5.3.3.RELEASE.jar
7f956c98b000-7f956c998000 r--s 0006c000 08:02 1058052                    /home/njenga/.m2/repository/org/springframework/security/oauth/spring-security-oauth2/2.3.4.RELEASE/spring-security-oauth2-2.3.4.RELEASE.jar
7f956c998000-7f956c99a000 r--s 0000c000 08:02 4589812                    /home/njenga/.m2/repository/javax/activation/javax.activation-api/1.2.0/javax.activation-api-1.2.0.jar
7f956c99a000-7f956c99e000 r--s 0001c000 08:02 4589799                    /home/njenga/.m2/repository/javax/xml/bind/jaxb-api/2.3.1/jaxb-api-2.3.1.jar
7f956c99e000-7f956c9b0000 r--s 000d9000 08:02 5382074                    /home/njenga/.m2/repository/com/sun/xml/bind/jaxb-impl/2.3.0.1/jaxb-impl-2.3.0.1.jar
7f956c9b0000-7f956c9b7000 r--s 00038000 08:02 5249623                    /home/njenga/.m2/repository/com/sun/xml/bind/jaxb-core/2.3.0.1/jaxb-core-2.3.0.1.jar
7f956c9b7000-7f956c9bb000 r--s 00052000 08:02 4722965                    /home/njenga/.m2/repository/com/fasterxml/jackson/core/jackson-core/2.11.1/jackson-core-2.11.1.jar
7f956c9bb000-7f956c9d0000 r--s 00146000 08:02 4722962                    /home/njenga/.m2/repository/com/fasterxml/jackson/core/jackson-databind/2.11.1/jackson-databind-2.11.1.jar
7f956c9d0000-7f956c9d3000 r--s 0000e000 08:02 4722971                    /home/njenga/.m2/repository/com/fasterxml/jackson/core/jackson-annotations/2.11.1/jackson-annotations-2.11.1.jar
7f956c9d3000-7f956c9d8000 r--s 00013000 08:02 1058050                    /home/njenga/.m2/repository/org/springframework/security/oauth/boot/spring-security-oauth2-autoconfigure/2.1.2.RELEASE/spring-security-oauth2-autoconfigure-2.1.2.RELEASE.jar
7f956c9d8000-7f956c9f0000 r--s 0019f000 08:02 4722985                    /home/njenga/.m2/repository/org/projectlombok/lombok/1.18.12/lombok-1.18.12.jar
7f956c9f0000-7f956c9f3000 r--s 0001a000 08:02 29901429                   /home/njenga/.m2/repository/org/springframework/boot/spring-boot-configuration-processor/2.3.2.RELEASE/spring-boot-configuration-processor-2.3.2.RELEASE.jar
7f956c9f3000-7f956ca1d000 r--s 0013e000 08:02 4590772                    /home/njenga/.m2/repository/org/springframework/boot/spring-boot-autoconfigure/2.3.2.RELEASE/spring-boot-autoconfigure-2.3.2.RELEASE.jar
7f956ca1d000-7f956ca36000 r--s 000f9000 08:02 2757950                    /home/njenga/.m2/repository/org/springframework/boot/spring-boot/2.3.2.RELEASE/spring-boot-2.3.2.RELEASE.jar
7f956ca36000-7f956ca3c000 r--s 00031000 08:02 4722983                    /home/njenga/.m2/repository/org/springframework/boot/spring-boot-devtools/2.3.2.RELEASE/spring-boot-devtools-2.3.2.RELEASE.jar
7f956ca3c000-7f956ca56000 r--s 0022d000 08:02 5249500                    /home/njenga/.m2/repository/mysql/mysql-connector-java/8.0.20/mysql-connector-java-8.0.20.jar
7f956ca56000-7f956ca58000 r--s 00006000 08:02 4589616                    /home/njenga/.m2/repository/org/latencyutils/LatencyUtils/2.0.3/LatencyUtils-2.0.3.jar
7f956ca58000-7f956ca5c000 r--s 00027000 08:02 5249524                    /home/njenga/.m2/repository/org/hdrhistogram/HdrHistogram/2.1.12/HdrHistogram-2.1.12.jar
7f956ca5c000-7f956ca67000 r--s 00084000 08:02 5249522                    /home/njenga/.m2/repository/io/micrometer/micrometer-core/1.5.3/micrometer-core-1.5.3.jar
7f956ca67000-7f956ca78000 r--s 00080000 08:02 5249520                    /home/njenga/.m2/repository/org/springframework/boot/spring-boot-actuator/2.3.2.RELEASE/spring-boot-actuator-2.3.2.RELEASE.jar
7f956ca78000-7f956ca89000 r--s 0006d000 08:02 5249518                    /home/njenga/.m2/repository/org/springframework/boot/spring-boot-actuator-autoconfigure/2.3.2.RELEASE/spring-boot-actuator-autoconfigure-2.3.2.RELEASE.jar
7f956ca89000-7f956ca8a000 r--s 00000000 08:02 4589574                    /home/njenga/.m2/repository/org/springframework/boot/spring-boot-starter-actuator/2.2.2.RELEASE/spring-boot-starter-actuator-2.2.2.RELEASE.jar
7f956ca8a000-7f956ca8f000 r--s 00040000 08:02 4331066                    /home/njenga/.m2/repository/org/springframework/spring-expression/5.2.8.RELEASE/spring-expression-5.2.8.RELEASE.jar
7f956ca8f000-7f956caa1000 r--s 000d8000 08:02 4722981                    /home/njenga/.m2/repository/org/springframework/spring-webmvc/5.2.8.RELEASE/spring-webmvc-5.2.8.RELEASE.jar
7f956caa1000-7f956cabd000 r--s 00144000 08:02 4722961                    /home/njenga/.m2/repository/org/springframework/spring-web/5.2.8.RELEASE/spring-web-5.2.8.RELEASE.jar
7f956cabd000-7f956cac3000 r--s 0003c000 08:02 4722978                    /home/njenga/.m2/repository/org/apache/tomcat/embed/tomcat-embed-websocket/9.0.37/tomcat-embed-websocket-9.0.37.jar
7f956cac3000-7f956cac8000 r--s 00036000 08:02 4589645                    /home/njenga/.m2/repository/org/glassfish/jakarta.el/3.0.3/jakarta.el-3.0.3.jar
7f956cac8000-7f956caf4000 r--s 0030f000 08:02 4722974                    /home/njenga/.m2/repository/org/apache/tomcat/embed/tomcat-embed-core/9.0.37/tomcat-embed-core-9.0.37.jar
7f956caf4000-7f956caf5000 r--s 00001000 08:02 4722963                    /home/njenga/.m2/repository/org/springframework/boot/spring-boot-starter-tomcat/2.3.2.RELEASE/spring-boot-starter-tomcat-2.3.2.RELEASE.jar
7f956caf5000-7f956caf7000 r--s 00001000 08:02 4722964                    /home/njenga/.m2/repository/com/fasterxml/jackson/module/jackson-module-parameter-names/2.11.1/jackson-module-parameter-names-2.11.1.jar
7f956caf7000-7f956cafb000 r--s 00018000 08:02 4722969                    /home/njenga/.m2/repository/com/fasterxml/jackson/datatype/jackson-datatype-jsr310/2.11.1/jackson-datatype-jsr310-2.11.1.jar
7f956cafb000-7f956cafd000 r--s 00007000 08:02 4722968                    /home/njenga/.m2/repository/com/fasterxml/jackson/datatype/jackson-datatype-jdk8/2.11.1/jackson-datatype-jdk8-2.11.1.jar
7f956cafd000-7f956cafe000 r--s 00001000 08:02 4722959                    /home/njenga/.m2/repository/org/springframework/boot/spring-boot-starter-json/2.3.2.RELEASE/spring-boot-starter-json-2.3.2.RELEASE.jar
7f956cafe000-7f956cb05000 r--s 00045000 08:02 4722864                    /home/njenga/.m2/repository/org/yaml/snakeyaml/1.26/snakeyaml-1.26.jar
7f956cb05000-7f956cb07000 r--s 00005000 08:02 4589603                    /home/njenga/.m2/repository/jakarta/annotation/jakarta.annotation-api/1.3.5/jakarta.annotation-api-1.3.5.jar
7f956cb07000-7f956cb09000 r--s 00000000 08:02 4589570                    /home/njenga/.m2/repository/org/slf4j/jul-to-slf4j/1.7.30/jul-to-slf4j-1.7.30.jar
7f956cb09000-7f956cb0f000 r--s 00042000 08:02 4722862                    /home/njenga/.m2/repository/org/apache/logging/log4j/log4j-api/2.13.3/log4j-api-2.13.3.jar
7f956cb0f000-7f956cb11000 r--s 00003000 08:02 4590780                    /home/njenga/.m2/repository/org/apache/logging/log4j/log4j-to-slf4j/2.13.3/log4j-to-slf4j-2.13.3.jar
7f956cb11000-7f956cb1c000 r--s 00069000 08:02 4589556                    /home/njenga/.m2/repository/ch/qos/logback/logback-core/1.2.3/logback-core-1.2.3.jar
7f956cb1c000-7f956cb22000 r--s 00041000 08:02 4589551                    /home/njenga/.m2/repository/ch/qos/logback/logback-classic/1.2.3/logback-classic-1.2.3.jar
7f956cb22000-7f956cb23000 r--s 00001000 08:02 4590778                    /home/njenga/.m2/repository/org/springframework/boot/spring-boot-starter-logging/2.3.2.RELEASE/spring-boot-starter-logging-2.3.2.RELEASE.jar
7f956cb23000-7f956cb24000 r--s 00001000 08:02 2500913                    /home/njenga/.m2/repository/org/springframework/boot/spring-boot-starter/2.3.2.RELEASE/spring-boot-starter-2.3.2.RELEASE.jar
7f956cb24000-7f956cb26000 r--s 0000a000 08:02 5381905                    /home/njenga/.m2/repository/org/springframework/spring-aspects/5.2.8.RELEASE/spring-aspects-5.2.8.RELEASE.jar
7f956cb26000-7f956cb28000 r--s 00009000 08:02 4589809                    /home/njenga/.m2/repository/org/slf4j/slf4j-api/1.7.30/slf4j-api-1.7.30.jar
7f956cb28000-7f956cb35000 r--s 0009c000 08:02 4069223                    /home/njenga/.m2/repository/org/springframework/spring-beans/5.2.8.RELEASE/spring-beans-5.2.8.RELEASE.jar
7f956cb35000-7f956cb3e000 r--s 00044000 08:02 4722866                    /home/njenga/.m2/repository/org/springframework/spring-tx/5.2.8.RELEASE/spring-tx-5.2.8.RELEASE.jar
7f956cb3e000-7f956cb59000 r--s 00111000 08:02 3547383                    /home/njenga/.m2/repository/org/springframework/spring-context/5.2.8.RELEASE/spring-context-5.2.8.RELEASE.jar
7f956cb59000-7f956cb5e000 r--s 0002d000 08:02 5249545                    /home/njenga/.m2/repository/org/springframework/spring-orm/5.2.8.RELEASE/spring-orm-5.2.8.RELEASE.jar
7f956cb5e000-7f956cb76000 r--s 00110000 08:02 4722868                    /home/njenga/.m2/repository/org/springframework/data/spring-data-commons/2.3.2.RELEASE/spring-data-commons-2.3.2.RELEASE.jar
7f956cb76000-7f956cb7e000 r--s 00052000 08:02 5249543                    /home/njenga/.m2/repository/org/springframework/data/spring-data-jpa/2.3.2.RELEASE/spring-data-jpa-2.3.2.RELEASE.jar
7f956cb7e000-7f956cb80000 r--s 0000f000 08:02 5381904                    /home/njenga/.m2/repository/com/sun/activation/jakarta.activation/1.2.2/jakarta.activation-1.2.2.jar
7f956cb80000-7f956cb82000 r--s 00006000 08:02 5381901                    /home/njenga/.m2/repository/com/sun/istack/istack-commons-runtime/3.0.11/istack-commons-runtime-3.0.11.jar
7f956cb82000-7f956cb84000 r--s 00010000 08:02 5381899                    /home/njenga/.m2/repository/org/glassfish/jaxb/txw2/2.3.3/txw2-2.3.3.jar
7f956cb84000-7f956cb99000 r--s 000e8000 08:02 5249573                    /home/njenga/.m2/repository/org/glassfish/jaxb/jaxb-runtime/2.3.3/jaxb-runtime-2.3.3.jar
7f956cb99000-7f956cb9c000 r--s 00010000 08:02 4589506                    /home/njenga/.m2/repository/org/hibernate/common/hibernate-commons-annotations/5.1.0.Final/hibernate-commons-annotations-5.1.0.Final.jar
7f956cb9c000-7f956cba1000 r--s 0004b000 08:02 5249571                    /home/njenga/.m2/repository/org/dom4j/dom4j/2.1.3/dom4j-2.1.3.jar
7f956cba1000-7f956cba3000 r--s 0000f000 08:02 4589596                    /home/njenga/.m2/repository/com/fasterxml/classmate/1.5.1/classmate-1.5.1.jar
7f956cba3000-7f956cba6000 r--s 0002d000 08:02 5119726                    /home/njenga/.m2/repository/org/jboss/jandex/2.1.3.Final/jandex-2.1.3.Final.jar
7f956cba6000-7f956cbab000 r--s 00068000 08:02 4589498                    /home/njenga/.m2/repository/antlr/antlr/2.7.7/antlr-2.7.7.jar
7f956cbab000-7f956cbf5000 r--s 00308000 08:02 4856647                    /home/njenga/.m2/repository/net/bytebuddy/byte-buddy/1.10.13/byte-buddy-1.10.13.jar
7f956cbf5000-7f956cbff000 r--s 000b4000 08:02 4589494                    /home/njenga/.m2/repository/org/javassist/javassist/3.24.0-GA/javassist-3.24.0-GA.jar
7f956cbff000-7f956cc01000 r--s 0000d000 08:02 4589595                    /home/njenga/.m2/repository/org/jboss/logging/jboss-logging/3.4.1.Final/jboss-logging-3.4.1.Final.jar
7f956cc01000-7f956cc88000 r--s 00670000 08:02 4987693                    /home/njenga/.m2/repository/org/hibernate/hibernate-core/5.4.18.Final/hibernate-core-5.4.18.Final.jar
7f956cc88000-7f956cc8e000 r--s 00023000 08:02 4589486                    /home/njenga/.m2/repository/jakarta/persistence/jakarta.persistence-api/2.2.3/jakarta.persistence-api-2.2.3.jar
7f956cc8e000-7f956cc97000 r--s 0005b000 08:02 5249547                    /home/njenga/.m2/repository/org/springframework/spring-jdbc/5.2.8.RELEASE/spring-jdbc-5.2.8.RELEASE.jar
7f956cc97000-7f956cc9b000 r--s 00023000 08:02 4856808                    /home/njenga/.m2/repository/com/zaxxer/HikariCP/3.4.5/HikariCP-3.4.5.jar
7f956cc9b000-7f956ccb4000 r--s 001dc000 08:02 4590788                    /home/njenga/.m2/repository/org/aspectj/aspectjweaver/1.9.6/aspectjweaver-1.9.6.jar
7f956ccb4000-7f956ccbd000 r--s 00052000 08:02 3807445                    /home/njenga/.m2/repository/org/springframework/spring-aop/5.2.8.RELEASE/spring-aop-5.2.8.RELEASE.jar
7f956ccbd000-7f956ccc0000 ---p 00000000 00:00 0 
7f956ccc0000-7f956cdbe000 rw-p 00000000 00:00 0 
7f956cdbe000-7f956d1c7000 r--p 00000000 08:02 21896633                   /usr/lib/locale/locale-archive
7f956d1c7000-7f956d1ca000 ---p 00000000 00:00 0 
7f956d1ca000-7f956d2c8000 rw-p 00000000 00:00 0 
7f956d2c8000-7f956d2cb000 ---p 00000000 00:00 0 
7f956d2cb000-7f956d3c9000 rw-p 00000000 00:00 0 
7f956d3c9000-7f956d3ca000 ---p 00000000 00:00 0 
7f956d3ca000-7f956e427000 rw-p 00000000 00:00 0 
7f956e427000-7f956e5f9000 r--s 03ca5000 08:02 24643171                   /usr/lib/jvm/java-8-openjdk-amd64/jre/lib/rt.jar
7f956e5f9000-7f956f440000 rw-p 00000000 00:00 0 
7f956f440000-7f956f441000 ---p 00000000 00:00 0 
7f956f441000-7f956f541000 rw-p 00000000 00:00 0 
7f956f541000-7f956f542000 ---p 00000000 00:00 0 
7f956f542000-7f956f642000 rw-p 00000000 00:00 0 
7f956f642000-7f956f643000 ---p 00000000 00:00 0 
7f956f643000-7f956f743000 rw-p 00000000 00:00 0 
7f956f743000-7f956f744000 ---p 00000000 00:00 0 
7f956f744000-7f956f862000 rw-p 00000000 00:00 0 
7f956f862000-7f956fc25000 ---p 00000000 00:00 0 
7f956fc25000-7f956fc43000 rw-p 00000000 00:00 0 
7f956fc43000-7f9570005000 ---p 00000000 00:00 0 
7f9570005000-7f9570070000 rw-p 00000000 00:00 0 
7f9570070000-7f95701f6000 ---p 00000000 00:00 0 
7f95701f6000-7f957020d000 rw-p 00000000 00:00 0 
7f957020d000-7f95705b7000 ---p 00000000 00:00 0 
7f95705b7000-7f9570b37000 rwxp 00000000 00:00 0 
7f9570b37000-7f957f5b7000 ---p 00000000 00:00 0 
7f957f5b7000-7f957f5bf000 r-xp 00000000 08:02 24643141                   /usr/lib/jvm/java-8-openjdk-amd64/jre/lib/amd64/libzip.so
7f957f5bf000-7f957f7be000 ---p 00008000 08:02 24643141                   /usr/lib/jvm/java-8-openjdk-amd64/jre/lib/amd64/libzip.so
7f957f7be000-7f957f7bf000 r--p 00007000 08:02 24643141                   /usr/lib/jvm/java-8-openjdk-amd64/jre/lib/amd64/libzip.so
7f957f7bf000-7f957f7c0000 rw-p 00008000 08:02 24643141                   /usr/lib/jvm/java-8-openjdk-amd64/jre/lib/amd64/libzip.so
7f957f7c0000-7f957f7cb000 r-xp 00000000 08:02 3546248                    /lib/x86_64-linux-gnu/libnss_files-2.23.so
7f957f7cb000-7f957f9ca000 ---p 0000b000 08:02 3546248                    /lib/x86_64-linux-gnu/libnss_files-2.23.so
7f957f9ca000-7f957f9cb000 r--p 0000a000 08:02 3546248                    /lib/x86_64-linux-gnu/libnss_files-2.23.so
7f957f9cb000-7f957f9cc000 rw-p 0000b000 08:02 3546248                    /lib/x86_64-linux-gnu/libnss_files-2.23.so
7f957f9cc000-7f957f9d2000 rw-p 00000000 00:00 0 
7f957f9d2000-7f957f9dd000 r-xp 00000000 08:02 3546252                    /lib/x86_64-linux-gnu/libnss_nis-2.23.so
7f957f9dd000-7f957fbdc000 ---p 0000b000 08:02 3546252                    /lib/x86_64-linux-gnu/libnss_nis-2.23.so
7f957fbdc000-7f957fbdd000 r--p 0000a000 08:02 3546252                    /lib/x86_64-linux-gnu/libnss_nis-2.23.so
7f957fbdd000-7f957fbde000 rw-p 0000b000 08:02 3546252                    /lib/x86_64-linux-gnu/libnss_nis-2.23.so
7f957fbde000-7f957fbf4000 r-xp 00000000 08:02 3546238                    /lib/x86_64-linux-gnu/libnsl-2.23.so
7f957fbf4000-7f957fdf3000 ---p 00016000 08:02 3546238                    /lib/x86_64-linux-gnu/libnsl-2.23.so
7f957fdf3000-7f957fdf4000 r--p 00015000 08:02 3546238                    /lib/x86_64-linux-gnu/libnsl-2.23.so
7f957fdf4000-7f957fdf5000 rw-p 00016000 08:02 3546238                    /lib/x86_64-linux-gnu/libnsl-2.23.so
7f957fdf5000-7f957fdf7000 rw-p 00000000 00:00 0 
7f957fdf7000-7f957fdff000 r-xp 00000000 08:02 3546250                    /lib/x86_64-linux-gnu/libnss_compat-2.23.so
7f957fdff000-7f957fffe000 ---p 00008000 08:02 3546250                    /lib/x86_64-linux-gnu/libnss_compat-2.23.so
7f957fffe000-7f957ffff000 r--p 00007000 08:02 3546250                    /lib/x86_64-linux-gnu/libnss_compat-2.23.so
7f957ffff000-7f9580000000 rw-p 00008000 08:02 3546250                    /lib/x86_64-linux-gnu/libnss_compat-2.23.so
7f9580000000-7f9580903000 rw-p 00000000 00:00 0 
7f9580903000-7f9584000000 ---p 00000000 00:00 0 
7f9584000000-7f9584001000 r--s 00001000 08:02 4722954                    /home/njenga/.m2/repository/org/springframework/boot/spring-boot-starter-web/2.3.2.RELEASE/spring-boot-starter-web-2.3.2.RELEASE.jar
7f9584001000-7f9584002000 r--s 00003000 08:02 4589489                    /home/njenga/.m2/repository/jakarta/transaction/jakarta.transaction-api/1.3.3/jakarta.transaction-api-1.3.3.jar
7f9584002000-7f9584003000 r--s 00001000 08:02 4723003                    /home/njenga/.m2/repository/org/springframework/boot/spring-boot-starter-jdbc/2.3.2.RELEASE/spring-boot-starter-jdbc-2.3.2.RELEASE.jar
7f9584003000-7f9584004000 r--s 00001000 08:02 2233427                    /home/njenga/.m2/repository/org/springframework/boot/spring-boot-starter-aop/2.3.2.RELEASE/spring-boot-starter-aop-2.3.2.RELEASE.jar
7f9584004000-7f9584017000 r--s 00346000 08:02 24643175                   /usr/lib/jvm/java-8-openjdk-amd64/jre/lib/resources.jar
7f9584017000-7f958401c000 r--s 000a7000 08:02 24643174                   /usr/lib/jvm/java-8-openjdk-amd64/jre/lib/jsse.jar
7f958401c000-7f958401e000 r--s 00016000 08:02 24643113                   /usr/lib/jvm/java-8-openjdk-amd64/jre/lib/jce.jar
7f958401e000-7f9584028000 r-xp 00000000 08:02 24643145                   /usr/lib/jvm/java-8-openjdk-amd64/jre/lib/amd64/libinstrument.so
7f9584028000-7f9584227000 ---p 0000a000 08:02 24643145                   /usr/lib/jvm/java-8-openjdk-amd64/jre/lib/amd64/libinstrument.so
7f9584227000-7f9584228000 r--p 00009000 08:02 24643145                   /usr/lib/jvm/java-8-openjdk-amd64/jre/lib/amd64/libinstrument.so
7f9584228000-7f9584229000 rw-p 0000a000 08:02 24643145                   /usr/lib/jvm/java-8-openjdk-amd64/jre/lib/amd64/libinstrument.so
7f9584229000-7f9584252000 r-xp 00000000 08:02 24643133                   /usr/lib/jvm/java-8-openjdk-amd64/jre/lib/amd64/libjava.so
7f9584252000-7f9584452000 ---p 00029000 08:02 24643133                   /usr/lib/jvm/java-8-openjdk-amd64/jre/lib/amd64/libjava.so
7f9584452000-7f9584453000 r--p 00029000 08:02 24643133                   /usr/lib/jvm/java-8-openjdk-amd64/jre/lib/amd64/libjava.so
7f9584453000-7f9584455000 rw-p 0002a000 08:02 24643133                   /usr/lib/jvm/java-8-openjdk-amd64/jre/lib/amd64/libjava.so
7f9584455000-7f9584464000 r-xp 00000000 08:02 24643155                   /usr/lib/jvm/java-8-openjdk-amd64/jre/lib/amd64/libverify.so
7f9584464000-7f9584663000 ---p 0000f000 08:02 24643155                   /usr/lib/jvm/java-8-openjdk-amd64/jre/lib/amd64/libverify.so
7f9584663000-7f9584665000 r--p 0000e000 08:02 24643155                   /usr/lib/jvm/java-8-openjdk-amd64/jre/lib/amd64/libverify.so
7f9584665000-7f9584666000 rw-p 00010000 08:02 24643155                   /usr/lib/jvm/java-8-openjdk-amd64/jre/lib/amd64/libverify.so
7f9584666000-7f958466d000 r-xp 00000000 08:02 3546255                    /lib/x86_64-linux-gnu/librt-2.23.so
7f958466d000-7f958486c000 ---p 00007000 08:02 3546255                    /lib/x86_64-linux-gnu/librt-2.23.so
7f958486c000-7f958486d000 r--p 00006000 08:02 3546255                    /lib/x86_64-linux-gnu/librt-2.23.so
7f958486d000-7f958486e000 rw-p 00007000 08:02 3546255                    /lib/x86_64-linux-gnu/librt-2.23.so
7f958486e000-7f9584884000 r-xp 00000000 08:02 3543525                    /lib/x86_64-linux-gnu/libgcc_s.so.1
7f9584884000-7f9584a83000 ---p 00016000 08:02 3543525                    /lib/x86_64-linux-gnu/libgcc_s.so.1
7f9584a83000-7f9584a84000 rw-p 00015000 08:02 3543525                    /lib/x86_64-linux-gnu/libgcc_s.so.1
7f9584a84000-7f9584b8c000 r-xp 00000000 08:02 3546239                    /lib/x86_64-linux-gnu/libm-2.23.so
7f9584b8c000-7f9584d8b000 ---p 00108000 08:02 3546239                    /lib/x86_64-linux-gnu/libm-2.23.so
7f9584d8b000-7f9584d8c000 r--p 00107000 08:02 3546239                    /lib/x86_64-linux-gnu/libm-2.23.so
7f9584d8c000-7f9584d8d000 rw-p 00108000 08:02 3546239                    /lib/x86_64-linux-gnu/libm-2.23.so
7f9584d8d000-7f9584eff000 r-xp 00000000 08:02 21890876                   /usr/lib/x86_64-linux-gnu/libstdc++.so.6.0.21
7f9584eff000-7f95850ff000 ---p 00172000 08:02 21890876                   /usr/lib/x86_64-linux-gnu/libstdc++.so.6.0.21
7f95850ff000-7f9585109000 r--p 00172000 08:02 21890876                   /usr/lib/x86_64-linux-gnu/libstdc++.so.6.0.21
7f9585109000-7f958510b000 rw-p 0017c000 08:02 21890876                   /usr/lib/x86_64-linux-gnu/libstdc++.so.6.0.21
7f958510b000-7f958510f000 rw-p 00000000 00:00 0 
7f958510f000-7f9585d77000 r-xp 00000000 08:02 24643135                   /usr/lib/jvm/java-8-openjdk-amd64/jre/lib/amd64/server/libjvm.so
7f9585d77000-7f9585f77000 ---p 00c68000 08:02 24643135                   /usr/lib/jvm/java-8-openjdk-amd64/jre/lib/amd64/server/libjvm.so
7f9585f77000-7f958600b000 r--p 00c68000 08:02 24643135                   /usr/lib/jvm/java-8-openjdk-amd64/jre/lib/amd64/server/libjvm.so
7f958600b000-7f9586034000 rw-p 00cfc000 08:02 24643135                   /usr/lib/jvm/java-8-openjdk-amd64/jre/lib/amd64/server/libjvm.so
7f9586034000-7f9586064000 rw-p 00000000 00:00 0 
7f9586064000-7f958607c000 r-xp 00000000 08:02 3546236                    /lib/x86_64-linux-gnu/libpthread-2.23.so
7f958607c000-7f958627b000 ---p 00018000 08:02 3546236                    /lib/x86_64-linux-gnu/libpthread-2.23.so
7f958627b000-7f958627c000 r--p 00017000 08:02 3546236                    /lib/x86_64-linux-gnu/libpthread-2.23.so
7f958627c000-7f958627d000 rw-p 00018000 08:02 3546236                    /lib/x86_64-linux-gnu/libpthread-2.23.so
7f958627d000-7f9586281000 rw-p 00000000 00:00 0 
7f9586281000-7f9586284000 r-xp 00000000 08:02 3546233                    /lib/x86_64-linux-gnu/libdl-2.23.so
7f9586284000-7f9586483000 ---p 00003000 08:02 3546233                    /lib/x86_64-linux-gnu/libdl-2.23.so
7f9586483000-7f9586484000 r--p 00002000 08:02 3546233                    /lib/x86_64-linux-gnu/libdl-2.23.so
7f9586484000-7f9586485000 rw-p 00003000 08:02 3546233                    /lib/x86_64-linux-gnu/libdl-2.23.so
7f9586485000-7f958649e000 r-xp 00000000 08:02 3543678                    /lib/x86_64-linux-gnu/libz.so.1.2.8
7f958649e000-7f958669d000 ---p 00019000 08:02 3543678                    /lib/x86_64-linux-gnu/libz.so.1.2.8
7f958669d000-7f958669e000 r--p 00018000 08:02 3543678                    /lib/x86_64-linux-gnu/libz.so.1.2.8
7f958669e000-7f958669f000 rw-p 00019000 08:02 3543678                    /lib/x86_64-linux-gnu/libz.so.1.2.8
7f958669f000-7f958685f000 r-xp 00000000 08:02 3546235                    /lib/x86_64-linux-gnu/libc-2.23.so
7f958685f000-7f9586a5f000 ---p 001c0000 08:02 3546235                    /lib/x86_64-linux-gnu/libc-2.23.so
7f9586a5f000-7f9586a63000 r--p 001c0000 08:02 3546235                    /lib/x86_64-linux-gnu/libc-2.23.so
7f9586a63000-7f9586a65000 rw-p 001c4000 08:02 3546235                    /lib/x86_64-linux-gnu/libc-2.23.so
7f9586a65000-7f9586a69000 rw-p 00000000 00:00 0 
7f9586a69000-7f9586a76000 r-xp 00000000 08:02 24643132                   /usr/lib/jvm/java-8-openjdk-amd64/jre/lib/amd64/jli/libjli.so
7f9586a76000-7f9586c76000 ---p 0000d000 08:02 24643132                   /usr/lib/jvm/java-8-openjdk-amd64/jre/lib/amd64/jli/libjli.so
7f9586c76000-7f9586c77000 r--p 0000d000 08:02 24643132                   /usr/lib/jvm/java-8-openjdk-amd64/jre/lib/amd64/jli/libjli.so
7f9586c77000-7f9586c78000 rw-p 0000e000 08:02 24643132                   /usr/lib/jvm/java-8-openjdk-amd64/jre/lib/amd64/jli/libjli.so
7f9586c78000-7f9586c9e000 r-xp 00000000 08:02 3546246                    /lib/x86_64-linux-gnu/ld-2.23.so
7f9586c9e000-7f9586c9f000 r--s 00001000 08:02 29106031                   /home/njenga/.m2/repository/org/springframework/boot/spring-boot-starter-data-jpa/2.3.2.RELEASE/spring-boot-starter-data-jpa-2.3.2.RELEASE.jar
7f9586c9f000-7f9586ca4000 r--s 002f9000 08:02 24643112                   /usr/lib/jvm/java-8-openjdk-amd64/jre/lib/charsets.jar
7f9586ca4000-7f9586cae000 r--s 00116000 08:02 24643191                   /usr/lib/jvm/java-8-openjdk-amd64/jre/lib/ext/localedata.jar
7f9586cae000-7f9586cc9000 r--s 001d6000 08:02 24643188                   /usr/lib/jvm/java-8-openjdk-amd64/jre/lib/ext/nashorn.jar
7f9586cc9000-7f9586ce4000 r--s 00394000 08:02 24643193                   /usr/lib/jvm/java-8-openjdk-amd64/jre/lib/ext/cldrdata.jar
7f9586ce4000-7f9586d7a000 rw-p 00000000 00:00 0 
7f9586d7a000-7f9586d7d000 ---p 00000000 00:00 0 
7f9586d7d000-7f9586e7f000 rw-p 00000000 00:00 0 
7f9586e7f000-7f9586e80000 r--s 00000000 08:02 24643170                   /usr/lib/jvm/java-8-openjdk-amd64/jre/lib/management-agent.jar
7f9586e80000-7f9586e82000 r--s 00001000 08:02 24643190                   /usr/lib/jvm/java-8-openjdk-amd64/jre/lib/ext/dnsns.jar
7f9586e82000-7f9586e88000 r--s 0003d000 08:02 24643187                   /usr/lib/jvm/java-8-openjdk-amd64/jre/lib/ext/sunjce_provider.jar
7f9586e88000-7f9586e8b000 r--s 0000f000 08:02 24643194                   /usr/lib/jvm/java-8-openjdk-amd64/jre/lib/ext/icedtea-sound.jar
7f9586e8b000-7f9586e8c000 r--s 0000a000 08:02 24643192                   /usr/lib/jvm/java-8-openjdk-amd64/jre/lib/ext/jaccess.jar
7f9586e8c000-7f9586e8d000 r--s 0000d000 08:02 24643189                   /usr/lib/jvm/java-8-openjdk-amd64/jre/lib/ext/sunec.jar
7f9586e8d000-7f9586e91000 r--s 0003a000 08:02 24643196                   /usr/lib/jvm/java-8-openjdk-amd64/jre/lib/ext/sunpkcs11.jar
7f9586e91000-7f9586e92000 r--s 00010000 08:02 24643195                   /usr/lib/jvm/java-8-openjdk-amd64/jre/lib/ext/zipfs.jar
7f9586e92000-7f9586e9a000 rw-s 00000000 08:02 10752220                   /tmp/hsperfdata_njenga/5128
7f9586e9a000-7f9586e9b000 rw-p 00000000 00:00 0 
7f9586e9b000-7f9586e9c000 r--p 00000000 00:00 0 
7f9586e9c000-7f9586e9d000 rw-p 00000000 00:00 0 
7f9586e9d000-7f9586e9e000 r--p 00025000 08:02 3546246                    /lib/x86_64-linux-gnu/ld-2.23.so
7f9586e9e000-7f9586e9f000 rw-p 00026000 08:02 3546246                    /lib/x86_64-linux-gnu/ld-2.23.so
7f9586e9f000-7f9586ea0000 rw-p 00000000 00:00 0 
7fffb597f000-7fffb59a3000 rw-p 00000000 00:00 0                          [stack]
7fffb59cd000-7fffb59cf000 r--p 00000000 00:00 0                          [vvar]
7fffb59cf000-7fffb59d1000 r-xp 00000000 00:00 0                          [vdso]
ffffffffff600000-ffffffffff601000 r-xp 00000000 00:00 0                  [vsyscall]

VM Arguments:
jvm_args: -XX:TieredStopAtLevel=1 -Xverify:none -Dspring.output.ansi.enabled=always -Dcom.sun.management.jmxremote -Dspring.jmx.enabled=true -Dspring.liveBeansView.mbeanDomain -Dspring.application.admin.enabled=true -javaagent:/home/njenga/Downloads/idea-IU-201.7846.76/lib/idea_rt.jar=40623:/home/njenga/Downloads/idea-IU-201.7846.76/bin -Dfile.encoding=UTF-8 
java_command: com.kisokolab.authserver.AuthserverApplication
java_class_path (initial): /usr/lib/jvm/java-1.8.0-openjdk-amd64/jre/lib/charsets.jar:/usr/lib/jvm/java-1.8.0-openjdk-amd64/jre/lib/ext/cldrdata.jar:/usr/lib/jvm/java-1.8.0-openjdk-amd64/jre/lib/ext/dnsns.jar:/usr/lib/jvm/java-1.8.0-openjdk-amd64/jre/lib/ext/icedtea-sound.jar:/usr/lib/jvm/java-1.8.0-openjdk-amd64/jre/lib/ext/jaccess.jar:/usr/lib/jvm/java-1.8.0-openjdk-amd64/jre/lib/ext/localedata.jar:/usr/lib/jvm/java-1.8.0-openjdk-amd64/jre/lib/ext/nashorn.jar:/usr/lib/jvm/java-1.8.0-openjdk-amd64/jre/lib/ext/sunec.jar:/usr/lib/jvm/java-1.8.0-openjdk-amd64/jre/lib/ext/sunjce_provider.jar:/usr/lib/jvm/java-1.8.0-openjdk-amd64/jre/lib/ext/sunpkcs11.jar:/usr/lib/jvm/java-1.8.0-openjdk-amd64/jre/lib/ext/zipfs.jar:/usr/lib/jvm/java-1.8.0-openjdk-amd64/jre/lib/jce.jar:/usr/lib/jvm/java-1.8.0-openjdk-amd64/jre/lib/jsse.jar:/usr/lib/jvm/java-1.8.0-openjdk-amd64/jre/lib/management-agent.jar:/usr/lib/jvm/java-1.8.0-openjdk-amd64/jre/lib/resources.jar:/usr/lib/jvm/java-1.8.0-openjdk-amd64/jre/lib/rt.jar:/home/njenga/Desktop/project/kisokolab/authserver/target/classes:/home/njenga/.m2/repository/org/springframework/boot/spring-boot-starter-data-jpa/2.3.2.RELEASE/spring-boot-starter-data-jpa-2.3.2.RELEASE.jar:/home/njenga/.m2/repository/org/springframework/boot/spring-boot-starter-aop/2.3.2.RELEASE/spring-boot-starter-aop-2.3.2.RELEASE.jar:/home/njenga/.m2/repository/org/springframework/spring-aop/5.2.8.RELEASE/spring-aop-5.2.8.RELEASE.jar:/home/njenga/.m2/repository/org/aspectj/aspectjweaver/1.9.6/aspectjweaver-1.9.6.jar:/home/njenga/.m2/repository/org/springframework/boot/spring-boot-starter-jdbc/2.3.2.RELEASE/spring-boot-starter-jdbc-2.3.2.RELEASE.jar:/home/njenga/.m2/repository/com/zaxxer/HikariCP/3.4.5/HikariCP-3.4.5.jar:/home/njenga/.m2/repository/org/springframework/spring-jdbc/5.2.8.RELEASE/spring-jdbc-5.2.8.RELEASE.jar:/home/njenga/.m2/repository/jakarta/transaction/jakarta.transaction-api/1.3.3/jakarta.transaction-api-1.3.3.jar:/home/njenga/.m2/repository/jakarta/pe
Launcher Type: SUN_STANDARD

Environment Variables:
JAVA_HOME=/usr/lib/jvm/jdk1.8.0_251
PATH=/home/njenga/bin:/home/njenga/.local/bin:/usr/local/sbin:/usr/local/bin:/usr/sbin:/usr/bin:/sbin:/bin:/usr/games:/usr/local/games
SHELL=/usr/bin/zsh
DISPLAY=:0

Signal Handlers:
SIGSEGV: [libjvm.so+0xa7bb00], sa_mask[0]=11111111011111111101111111111110, sa_flags=SA_RESTART|SA_SIGINFO
SIGBUS: [libjvm.so+0xa7bb00], sa_mask[0]=11111111011111111101111111111110, sa_flags=SA_RESTART|SA_SIGINFO
SIGFPE: [libjvm.so+0x8c3d50], sa_mask[0]=11111111011111111101111111111110, sa_flags=SA_RESTART|SA_SIGINFO
SIGPIPE: [libjvm.so+0x8c3d50], sa_mask[0]=11111111011111111101111111111110, sa_flags=SA_RESTART|SA_SIGINFO
SIGXFSZ: [libjvm.so+0x8c3d50], sa_mask[0]=11111111011111111101111111111110, sa_flags=SA_RESTART|SA_SIGINFO
SIGILL: [libjvm.so+0x8c3d50], sa_mask[0]=11111111011111111101111111111110, sa_flags=SA_RESTART|SA_SIGINFO
SIGUSR1: SIG_DFL, sa_mask[0]=00000000000000000000000000000000, sa_flags=none
SIGUSR2: [libjvm.so+0x8c3c00], sa_mask[0]=00100000000000000000000000000000, sa_flags=SA_RESTART|SA_SIGINFO
SIGHUP: [libjvm.so+0x8c4290], sa_mask[0]=11111111011111111101111111111110, sa_flags=SA_RESTART|SA_SIGINFO
SIGINT: [libjvm.so+0x8c4290], sa_mask[0]=11111111011111111101111111111110, sa_flags=SA_RESTART|SA_SIGINFO
SIGTERM: [libjvm.so+0x8c4290], sa_mask[0]=11111111011111111101111111111110, sa_flags=SA_RESTART|SA_SIGINFO
SIGQUIT: [libjvm.so+0x8c4290], sa_mask[0]=11111111011111111101111111111110, sa_flags=SA_RESTART|SA_SIGINFO


---------------  S Y S T E M  ---------------

OS:DISTRIB_ID=LinuxMint
DISTRIB_RELEASE=18.2
DISTRIB_CODENAME=sonya
DISTRIB_DESCRIPTION="Linux Mint 18.2 Sonya"

uname:Linux 4.8.0-53-generic #56~16.04.1-Ubuntu SMP Tue May 16 01:18:56 UTC 2017 x86_64
libc:glibc 2.23 NPTL 2.23 
rlimit: STACK 8192k, CORE 0k, NPROC 47183, NOFILE 65536, AS infinity
load average:4.93 5.58 3.34

/proc/meminfo:
MemTotal:       12192940 kB
MemFree:         3564588 kB
MemAvailable:    5934260 kB
Buffers:          144780 kB
Cached:          2613600 kB
SwapCached:            0 kB
Active:          6375780 kB
Inactive:        1891052 kB
Active(anon):    5509012 kB
Inactive(anon):   197056 kB
Active(file):     866768 kB
Inactive(file):  1693996 kB
Unevictable:          96 kB
Mlocked:              96 kB
SwapTotal:       4083708 kB
SwapFree:        4083708 kB
Dirty:              1972 kB
Writeback:             0 kB
AnonPages:       5435756 kB
Mapped:           806560 kB
Shmem:            197620 kB
Slab:             176032 kB
SReclaimable:      94956 kB
SUnreclaim:        81076 kB
KernelStack:       18784 kB
PageTables:        70044 kB
NFS_Unstable:          0 kB
Bounce:                0 kB
WritebackTmp:          0 kB
CommitLimit:    10180176 kB
Committed_AS:   13416940 kB
VmallocTotal:   34359738367 kB
VmallocUsed:           0 kB
VmallocChunk:          0 kB
HardwareCorrupted:     0 kB
AnonHugePages:   2336768 kB
ShmemHugePages:        0 kB
ShmemPmdMapped:        0 kB
CmaTotal:              0 kB
CmaFree:               0 kB
HugePages_Total:       0
HugePages_Free:        0
HugePages_Rsvd:        0
HugePages_Surp:        0
Hugepagesize:       2048 kB
DirectMap4k:      215808 kB
DirectMap2M:     7014400 kB
DirectMap1G:     6291456 kB

container (cgroup) information:
container_type: cgroupv1
cpu_cpuset_cpus: 0-3
cpu_memory_nodes: 0
active_processor_count: 4
cpu_quota: -1
cpu_period: 100000
cpu_shares: -1
memory_limit_in_bytes: -1
memory_and_swap_limit_in_bytes: -2
memory_soft_limit_in_bytes: -1
memory_usage_in_bytes: 4915908608
memory_max_usage_in_bytes: 4915908608


CPU:total 4 (initial active 4) (2 cores per cpu, 2 threads per core) family 6 model 69 stepping 1, cmov, cx8, fxsr, mmx, sse, sse2, sse3, ssse3, sse4.1, sse4.2, popcnt, avx, avx2, aes, clmul, erms, lzcnt, ht, tsc, tscinvbit, bmi1, bmi2

/proc/cpuinfo:
processor	: 0
vendor_id	: GenuineIntel
cpu family	: 6
model		: 69
model name	: Intel(R) Core(TM) i5-4210U CPU @ 1.70GHz
stepping	: 1
microcode	: 0x26
cpu MHz		: 2462.695
cache size	: 3072 KB
physical id	: 0
siblings	: 4
core id		: 0
cpu cores	: 2
apicid		: 0
initial apicid	: 0
fpu		: yes
fpu_exception	: yes
cpuid level	: 13
wp		: yes
flags		: fpu vme de pse tsc msr pae mce cx8 apic sep mtrr pge mca cmov pat pse36 clflush dts acpi mmx fxsr sse sse2 ss ht tm pbe syscall nx pdpe1gb rdtscp lm constant_tsc arch_perfmon pebs bts rep_good nopl xtopology nonstop_tsc aperfmperf eagerfpu pni pclmulqdq dtes64 monitor ds_cpl vmx est tm2 ssse3 sdbg fma cx16 xtpr pdcm pcid sse4_1 sse4_2 movbe popcnt tsc_deadline_timer aes xsave avx f16c rdrand lahf_lm abm epb tpr_shadow vnmi flexpriority ept vpid fsgsbase tsc_adjust bmi1 avx2 smep bmi2 erms invpcid xsaveopt dtherm ida arat pln pts
bugs		:
bogomips	: 4788.91
clflush size	: 64
cache_alignment	: 64
address sizes	: 39 bits physical, 48 bits virtual
power management:

processor	: 1
vendor_id	: GenuineIntel
cpu family	: 6
model		: 69
model name	: Intel(R) Core(TM) i5-4210U CPU @ 1.70GHz
stepping	: 1
microcode	: 0x26
cpu MHz		: 1711.376
cache size	: 3072 KB
physical id	: 0
siblings	: 4
core id		: 0
cpu cores	: 2
apicid		: 1
initial apicid	: 1
fpu		: yes
fpu_exception	: yes
cpuid level	: 13
wp		: yes
flags		: fpu vme de pse tsc msr pae mce cx8 apic sep mtrr pge mca cmov pat pse36 clflush dts acpi mmx fxsr sse sse2 ss ht tm pbe syscall nx pdpe1gb rdtscp lm constant_tsc arch_perfmon pebs bts rep_good nopl xtopology nonstop_tsc aperfmperf eagerfpu pni pclmulqdq dtes64 monitor ds_cpl vmx est tm2 ssse3 sdbg fma cx16 xtpr pdcm pcid sse4_1 sse4_2 movbe popcnt tsc_deadline_timer aes xsave avx f16c rdrand lahf_lm abm epb tpr_shadow vnmi flexpriority ept vpid fsgsbase tsc_adjust bmi1 avx2 smep bmi2 erms invpcid xsaveopt dtherm ida arat pln pts
bugs		:
bogomips	: 4788.91
clflush size	: 64
cache_alignment	: 64
address sizes	: 39 bits physical, 48 bits virtual
power management:

processor	: 2
vendor_id	: GenuineIntel
cpu family	: 6
model		: 69
model name	: Intel(R) Core(TM) i5-4210U CPU @ 1.70GHz
stepping	: 1
microcode	: 0x26
cpu MHz		: 1782.275
cache size	: 3072 KB
physical id	: 0
siblings	: 4
core id		: 1
cpu cores	: 2
apicid		: 2
initial apicid	: 2
fpu		: yes
fpu_exception	: yes
cpuid level	: 13
wp		: yes
flags		: fpu vme de pse tsc msr pae mce cx8 apic sep mtrr pge mca cmov pat pse36 clflush dts acpi mmx fxsr sse sse2 ss ht tm pbe syscall nx pdpe1gb rdtscp lm constant_tsc arch_perfmon pebs bts rep_good nopl xtopology nonstop_tsc aperfmperf eagerfpu pni pclmulqdq dtes64 monitor ds_cpl vmx est tm2 ssse3 sdbg fma cx16 xtpr pdcm pcid sse4_1 sse4_2 movbe popcnt tsc_deadline_timer aes xsave avx f16c rdrand lahf_lm abm epb tpr_shadow vnmi flexpriority ept vpid fsgsbase tsc_adjust bmi1 avx2 smep bmi2 erms invpcid xsaveopt dtherm ida arat pln pts
bugs		:
bogomips	: 4788.91
clflush size	: 64
cache_alignment	: 64
address sizes	: 39 bits physical, 48 bits virtual
power management:

processor	: 3
vendor_id	: GenuineIntel
cpu family	: 6
model		: 69
model name	: Intel(R) Core(TM) i5-4210U CPU @ 1.70GHz
stepping	: 1
microcode	: 0x26
cpu MHz		: 1746.240
cache size	: 3072 KB
physical id	: 0
siblings	: 4
core id		: 1
cpu cores	: 2
apicid		: 3
initial apicid	: 3
fpu		: yes
fpu_exception	: yes
cpuid level	: 13
wp		: yes
flags		: fpu vme de pse tsc msr pae mce cx8 apic sep mtrr pge mca cmov pat pse36 clflush dts acpi mmx fxsr sse sse2 ss ht tm pbe syscall nx pdpe1gb rdtscp lm constant_tsc arch_perfmon pebs bts rep_good nopl xtopology nonstop_tsc aperfmperf eagerfpu pni pclmulqdq dtes64 monitor ds_cpl vmx est tm2 ssse3 sdbg fma cx16 xtpr pdcm pcid sse4_1 sse4_2 movbe popcnt tsc_deadline_timer aes xsave avx f16c rdrand lahf_lm abm epb tpr_shadow vnmi flexpriority ept vpid fsgsbase tsc_adjust bmi1 avx2 smep bmi2 erms invpcid xsaveopt dtherm ida arat pln pts
bugs		:
bogomips	: 4788.91
clflush size	: 64
cache_alignment	: 64
address sizes	: 39 bits physical, 48 bits virtual
power management:



Memory: 4k page, physical 12192940k(3564588k free), swap 4083708k(4083708k free)

vm_info: OpenJDK 64-Bit Server VM (25.252-b09) for linux-amd64 JRE (1.8.0_252-8u252-b09-1~16.04-b09), built on Apr 15 2020 21:06:51 by "buildd" with gcc 5.4.0 20160609

time: Mon Aug 10 14:08:56 2020
timezone: EAT
elapsed time: 12 seconds (0d 0h 0m 12s)

